

================================================================
== Vitis HLS Report for 'StreamingMaxPool_Precision_Pipeline_VITIS_LOOP_158_6'
================================================================
* Date:           Thu Jun 19 12:15:19 2025

* Version:        2022.2 (Build 3670227 on Oct 13 2022)
* Project:        project_StreamingMaxPool_hls_1
* Solution:       sol1 (Vivado IP Flow Target)
* Product family: zynquplus
* Target device:  xczu7ev-ffvc1156-2-e


================================================================
== Performance Estimates
================================================================
+ Timing: 
    * Summary: 
    +--------+----------+----------+------------+
    |  Clock |  Target  | Estimated| Uncertainty|
    +--------+----------+----------+------------+
    |ap_clk  |  10.00 ns|  1.958 ns|     2.70 ns|
    +--------+----------+----------+------------+

+ Latency: 
    * Summary: 
    +---------+---------+-----------+-----------+-----+-----+---------+
    |  Latency (cycles) |   Latency (absolute)  |  Interval | Pipeline|
    |   min   |   max   |    min    |    max    | min | max |   Type  |
    +---------+---------+-----------+-----------+-----+-----+---------+
    |        4|        4|  40.000 ns|  40.000 ns|    4|    4|       no|
    +---------+---------+-----------+-----------+-----+-----+---------+

    + Detail: 
        * Instance: 
        N/A

        * Loop: 
        +--------------------+---------+---------+----------+-----------+-----------+------+----------+
        |                    |  Latency (cycles) | Iteration|  Initiation Interval  | Trip |          |
        |      Loop Name     |   min   |   max   |  Latency |  achieved |   target  | Count| Pipelined|
        +--------------------+---------+---------+----------+-----------+-----------+------+----------+
        |- VITIS_LOOP_158_6  |        2|        2|         1|          1|          1|     2|  yes(flp)|
        +--------------------+---------+---------+----------+-----------+-----------+------+----------+



================================================================
== Utilization Estimates
================================================================
* Summary: 
+-----------------+---------+------+--------+--------+-----+
|       Name      | BRAM_18K|  DSP |   FF   |   LUT  | URAM|
+-----------------+---------+------+--------+--------+-----+
|DSP              |        -|     -|       -|       -|    -|
|Expression       |        -|     -|       0|     979|    -|
|FIFO             |        -|     -|       -|       -|    -|
|Instance         |        -|     -|       -|       -|    -|
|Memory           |        -|     -|       -|       -|    -|
|Multiplexer      |        -|     -|       -|     936|    -|
|Register         |        -|     -|     404|       -|    -|
+-----------------+---------+------+--------+--------+-----+
|Total            |        0|     0|     404|    1915|    0|
+-----------------+---------+------+--------+--------+-----+
|Available        |      624|  1728|  460800|  230400|   96|
+-----------------+---------+------+--------+--------+-----+
|Utilization (%)  |        0|     0|      ~0|      ~0|    0|
+-----------------+---------+------+--------+--------+-----+

+ Detail: 
    * Instance: 
    N/A

    * DSP: 
    N/A

    * Memory: 
    N/A

    * FIFO: 
    N/A

    * Expression: 
    +----------------------------------+----------+----+---+----+------------+------------+
    |           Variable Name          | Operation| DSP| FF| LUT| Bitwidth P0| Bitwidth P1|
    +----------------------------------+----------+----+---+----+------------+------------+
    |kx_2_fu_1926_p2                   |         +|   0|  0|   9|           2|           1|
    |ap_condition_1593                 |       and|   0|  0|   2|           1|           1|
    |icmp_ln1035_10_fu_2336_p2         |      icmp|   0|  0|  11|           8|           8|
    |icmp_ln1035_11_fu_2361_p2         |      icmp|   0|  0|  11|           8|           8|
    |icmp_ln1035_12_fu_2386_p2         |      icmp|   0|  0|  11|           8|           8|
    |icmp_ln1035_13_fu_2411_p2         |      icmp|   0|  0|  11|           8|           8|
    |icmp_ln1035_14_fu_2436_p2         |      icmp|   0|  0|  11|           8|           8|
    |icmp_ln1035_15_fu_2461_p2         |      icmp|   0|  0|  11|           8|           8|
    |icmp_ln1035_16_fu_2486_p2         |      icmp|   0|  0|  11|           8|           8|
    |icmp_ln1035_17_fu_2511_p2         |      icmp|   0|  0|  11|           8|           8|
    |icmp_ln1035_18_fu_2536_p2         |      icmp|   0|  0|  11|           8|           8|
    |icmp_ln1035_19_fu_2561_p2         |      icmp|   0|  0|  11|           8|           8|
    |icmp_ln1035_1_fu_2111_p2          |      icmp|   0|  0|  11|           8|           8|
    |icmp_ln1035_20_fu_2586_p2         |      icmp|   0|  0|  11|           8|           8|
    |icmp_ln1035_21_fu_2611_p2         |      icmp|   0|  0|  11|           8|           8|
    |icmp_ln1035_22_fu_2636_p2         |      icmp|   0|  0|  11|           8|           8|
    |icmp_ln1035_23_fu_2661_p2         |      icmp|   0|  0|  11|           8|           8|
    |icmp_ln1035_24_fu_2686_p2         |      icmp|   0|  0|  11|           8|           8|
    |icmp_ln1035_25_fu_2711_p2         |      icmp|   0|  0|  11|           8|           8|
    |icmp_ln1035_26_fu_2736_p2         |      icmp|   0|  0|  11|           8|           8|
    |icmp_ln1035_27_fu_2761_p2         |      icmp|   0|  0|  11|           8|           8|
    |icmp_ln1035_28_fu_2786_p2         |      icmp|   0|  0|  11|           8|           8|
    |icmp_ln1035_29_fu_2811_p2         |      icmp|   0|  0|  11|           8|           8|
    |icmp_ln1035_2_fu_2136_p2          |      icmp|   0|  0|  11|           8|           8|
    |icmp_ln1035_30_fu_2836_p2         |      icmp|   0|  0|  11|           8|           8|
    |icmp_ln1035_31_fu_2861_p2         |      icmp|   0|  0|  11|           8|           8|
    |icmp_ln1035_32_fu_2886_p2         |      icmp|   0|  0|  11|           8|           8|
    |icmp_ln1035_33_fu_2911_p2         |      icmp|   0|  0|  11|           8|           8|
    |icmp_ln1035_34_fu_2936_p2         |      icmp|   0|  0|  11|           8|           8|
    |icmp_ln1035_35_fu_2961_p2         |      icmp|   0|  0|  11|           8|           8|
    |icmp_ln1035_36_fu_2986_p2         |      icmp|   0|  0|  11|           8|           8|
    |icmp_ln1035_37_fu_3011_p2         |      icmp|   0|  0|  11|           8|           8|
    |icmp_ln1035_38_fu_3036_p2         |      icmp|   0|  0|  11|           8|           8|
    |icmp_ln1035_39_fu_3061_p2         |      icmp|   0|  0|  11|           8|           8|
    |icmp_ln1035_3_fu_2161_p2          |      icmp|   0|  0|  11|           8|           8|
    |icmp_ln1035_40_fu_3086_p2         |      icmp|   0|  0|  11|           8|           8|
    |icmp_ln1035_41_fu_3111_p2         |      icmp|   0|  0|  11|           8|           8|
    |icmp_ln1035_42_fu_3136_p2         |      icmp|   0|  0|  11|           8|           8|
    |icmp_ln1035_43_fu_3161_p2         |      icmp|   0|  0|  11|           8|           8|
    |icmp_ln1035_44_fu_3186_p2         |      icmp|   0|  0|  11|           8|           8|
    |icmp_ln1035_45_fu_3211_p2         |      icmp|   0|  0|  11|           8|           8|
    |icmp_ln1035_46_fu_3236_p2         |      icmp|   0|  0|  11|           8|           8|
    |icmp_ln1035_47_fu_3261_p2         |      icmp|   0|  0|  11|           8|           8|
    |icmp_ln1035_48_fu_3286_p2         |      icmp|   0|  0|  11|           8|           8|
    |icmp_ln1035_49_fu_3311_p2         |      icmp|   0|  0|  11|           8|           8|
    |icmp_ln1035_4_fu_2186_p2          |      icmp|   0|  0|  11|           8|           8|
    |icmp_ln1035_5_fu_2211_p2          |      icmp|   0|  0|  11|           8|           8|
    |icmp_ln1035_6_fu_2236_p2          |      icmp|   0|  0|  11|           8|           8|
    |icmp_ln1035_7_fu_2261_p2          |      icmp|   0|  0|  11|           8|           8|
    |icmp_ln1035_8_fu_2286_p2          |      icmp|   0|  0|  11|           8|           8|
    |icmp_ln1035_9_fu_2311_p2          |      icmp|   0|  0|  11|           8|           8|
    |icmp_ln1035_fu_2086_p2            |      icmp|   0|  0|  11|           8|           8|
    |icmp_ln158_1_fu_3326_p2           |      icmp|   0|  0|   8|           2|           3|
    |icmp_ln158_fu_1920_p2             |      icmp|   0|  0|   8|           2|           3|
    |ap_block_state1_pp0_stage0_iter0  |        or|   0|  0|   2|           1|           1|
    |buf_V_10_d0                       |    select|   0|  0|   8|           1|           8|
    |buf_V_11_d0                       |    select|   0|  0|   8|           1|           8|
    |buf_V_12_d0                       |    select|   0|  0|   8|           1|           8|
    |buf_V_13_d0                       |    select|   0|  0|   8|           1|           8|
    |buf_V_14_d0                       |    select|   0|  0|   8|           1|           8|
    |buf_V_15_d0                       |    select|   0|  0|   8|           1|           8|
    |buf_V_16_d0                       |    select|   0|  0|   8|           1|           8|
    |buf_V_17_d0                       |    select|   0|  0|   8|           1|           8|
    |buf_V_18_d0                       |    select|   0|  0|   8|           1|           8|
    |buf_V_19_d0                       |    select|   0|  0|   8|           1|           8|
    |buf_V_1_d0                        |    select|   0|  0|   8|           1|           8|
    |buf_V_20_d0                       |    select|   0|  0|   8|           1|           8|
    |buf_V_21_d0                       |    select|   0|  0|   8|           1|           8|
    |buf_V_22_d0                       |    select|   0|  0|   8|           1|           8|
    |buf_V_23_d0                       |    select|   0|  0|   8|           1|           8|
    |buf_V_24_d0                       |    select|   0|  0|   8|           1|           8|
    |buf_V_25_d0                       |    select|   0|  0|   8|           1|           8|
    |buf_V_26_d0                       |    select|   0|  0|   8|           1|           8|
    |buf_V_27_d0                       |    select|   0|  0|   8|           1|           8|
    |buf_V_28_d0                       |    select|   0|  0|   8|           1|           8|
    |buf_V_29_d0                       |    select|   0|  0|   8|           1|           8|
    |buf_V_2_d0                        |    select|   0|  0|   8|           1|           8|
    |buf_V_30_d0                       |    select|   0|  0|   8|           1|           8|
    |buf_V_31_d0                       |    select|   0|  0|   8|           1|           8|
    |buf_V_32_d0                       |    select|   0|  0|   8|           1|           8|
    |buf_V_33_d0                       |    select|   0|  0|   8|           1|           8|
    |buf_V_34_d0                       |    select|   0|  0|   8|           1|           8|
    |buf_V_35_d0                       |    select|   0|  0|   8|           1|           8|
    |buf_V_36_d0                       |    select|   0|  0|   8|           1|           8|
    |buf_V_37_d0                       |    select|   0|  0|   8|           1|           8|
    |buf_V_38_d0                       |    select|   0|  0|   8|           1|           8|
    |buf_V_39_d0                       |    select|   0|  0|   8|           1|           8|
    |buf_V_3_d0                        |    select|   0|  0|   8|           1|           8|
    |buf_V_40_d0                       |    select|   0|  0|   8|           1|           8|
    |buf_V_41_d0                       |    select|   0|  0|   8|           1|           8|
    |buf_V_42_d0                       |    select|   0|  0|   8|           1|           8|
    |buf_V_43_d0                       |    select|   0|  0|   8|           1|           8|
    |buf_V_44_d0                       |    select|   0|  0|   8|           1|           8|
    |buf_V_45_d0                       |    select|   0|  0|   8|           1|           8|
    |buf_V_46_d0                       |    select|   0|  0|   8|           1|           8|
    |buf_V_47_d0                       |    select|   0|  0|   8|           1|           8|
    |buf_V_48_d0                       |    select|   0|  0|   8|           1|           8|
    |buf_V_49_d0                       |    select|   0|  0|   8|           1|           8|
    |buf_V_4_d0                        |    select|   0|  0|   8|           1|           8|
    |buf_V_5_d0                        |    select|   0|  0|   8|           1|           8|
    |buf_V_6_d0                        |    select|   0|  0|   8|           1|           8|
    |buf_V_7_d0                        |    select|   0|  0|   8|           1|           8|
    |buf_V_8_d0                        |    select|   0|  0|   8|           1|           8|
    |buf_V_9_d0                        |    select|   0|  0|   8|           1|           8|
    |buf_V_d0                          |    select|   0|  0|   8|           1|           8|
    +----------------------------------+----------+----+---+----+------------+------------+
    |Total                             |          |   0|  0| 979|         458|         809|
    +----------------------------------+----------+----+---+----+------------+------------+

    * Multiplexer: 
    +-----------------------------------+----+-----------+-----+-----------+
    |                Name               | LUT| Input Size| Bits| Total Bits|
    +-----------------------------------+----+-----------+-----+-----------+
    |ap_done_int                        |   9|          2|    1|          2|
    |ap_sig_allocacmp_kx_1              |   9|          2|    2|          4|
    |ap_sig_allocacmp_oldMax_V_10_load  |   9|          2|    8|         16|
    |ap_sig_allocacmp_oldMax_V_11_load  |   9|          2|    8|         16|
    |ap_sig_allocacmp_oldMax_V_12_load  |   9|          2|    8|         16|
    |ap_sig_allocacmp_oldMax_V_13_load  |   9|          2|    8|         16|
    |ap_sig_allocacmp_oldMax_V_14_load  |   9|          2|    8|         16|
    |ap_sig_allocacmp_oldMax_V_15_load  |   9|          2|    8|         16|
    |ap_sig_allocacmp_oldMax_V_16_load  |   9|          2|    8|         16|
    |ap_sig_allocacmp_oldMax_V_17_load  |   9|          2|    8|         16|
    |ap_sig_allocacmp_oldMax_V_18_load  |   9|          2|    8|         16|
    |ap_sig_allocacmp_oldMax_V_19_load  |   9|          2|    8|         16|
    |ap_sig_allocacmp_oldMax_V_1_load   |   9|          2|    8|         16|
    |ap_sig_allocacmp_oldMax_V_20_load  |   9|          2|    8|         16|
    |ap_sig_allocacmp_oldMax_V_21_load  |   9|          2|    8|         16|
    |ap_sig_allocacmp_oldMax_V_22_load  |   9|          2|    8|         16|
    |ap_sig_allocacmp_oldMax_V_23_load  |   9|          2|    8|         16|
    |ap_sig_allocacmp_oldMax_V_24_load  |   9|          2|    8|         16|
    |ap_sig_allocacmp_oldMax_V_25_load  |   9|          2|    8|         16|
    |ap_sig_allocacmp_oldMax_V_26_load  |   9|          2|    8|         16|
    |ap_sig_allocacmp_oldMax_V_27_load  |   9|          2|    8|         16|
    |ap_sig_allocacmp_oldMax_V_28_load  |   9|          2|    8|         16|
    |ap_sig_allocacmp_oldMax_V_29_load  |   9|          2|    8|         16|
    |ap_sig_allocacmp_oldMax_V_2_load   |   9|          2|    8|         16|
    |ap_sig_allocacmp_oldMax_V_30_load  |   9|          2|    8|         16|
    |ap_sig_allocacmp_oldMax_V_31_load  |   9|          2|    8|         16|
    |ap_sig_allocacmp_oldMax_V_32_load  |   9|          2|    8|         16|
    |ap_sig_allocacmp_oldMax_V_33_load  |   9|          2|    8|         16|
    |ap_sig_allocacmp_oldMax_V_34_load  |   9|          2|    8|         16|
    |ap_sig_allocacmp_oldMax_V_35_load  |   9|          2|    8|         16|
    |ap_sig_allocacmp_oldMax_V_36_load  |   9|          2|    8|         16|
    |ap_sig_allocacmp_oldMax_V_37_load  |   9|          2|    8|         16|
    |ap_sig_allocacmp_oldMax_V_38_load  |   9|          2|    8|         16|
    |ap_sig_allocacmp_oldMax_V_39_load  |   9|          2|    8|         16|
    |ap_sig_allocacmp_oldMax_V_3_load   |   9|          2|    8|         16|
    |ap_sig_allocacmp_oldMax_V_40_load  |   9|          2|    8|         16|
    |ap_sig_allocacmp_oldMax_V_41_load  |   9|          2|    8|         16|
    |ap_sig_allocacmp_oldMax_V_42_load  |   9|          2|    8|         16|
    |ap_sig_allocacmp_oldMax_V_43_load  |   9|          2|    8|         16|
    |ap_sig_allocacmp_oldMax_V_44_load  |   9|          2|    8|         16|
    |ap_sig_allocacmp_oldMax_V_45_load  |   9|          2|    8|         16|
    |ap_sig_allocacmp_oldMax_V_46_load  |   9|          2|    8|         16|
    |ap_sig_allocacmp_oldMax_V_47_load  |   9|          2|    8|         16|
    |ap_sig_allocacmp_oldMax_V_48_load  |   9|          2|    8|         16|
    |ap_sig_allocacmp_oldMax_V_49_load  |   9|          2|    8|         16|
    |ap_sig_allocacmp_oldMax_V_4_load   |   9|          2|    8|         16|
    |ap_sig_allocacmp_oldMax_V_5_load   |   9|          2|    8|         16|
    |ap_sig_allocacmp_oldMax_V_6_load   |   9|          2|    8|         16|
    |ap_sig_allocacmp_oldMax_V_7_load   |   9|          2|    8|         16|
    |ap_sig_allocacmp_oldMax_V_8_load   |   9|          2|    8|         16|
    |ap_sig_allocacmp_oldMax_V_9_load   |   9|          2|    8|         16|
    |ap_sig_allocacmp_oldMax_V_load     |   9|          2|    8|         16|
    |in0_V_TDATA_blk_n                  |   9|          2|    1|          2|
    |kx_fu_442                          |   9|          2|    2|          4|
    |oldMax_V_10_fu_486                 |   9|          2|    8|         16|
    |oldMax_V_11_fu_490                 |   9|          2|    8|         16|
    |oldMax_V_12_fu_494                 |   9|          2|    8|         16|
    |oldMax_V_13_fu_498                 |   9|          2|    8|         16|
    |oldMax_V_14_fu_502                 |   9|          2|    8|         16|
    |oldMax_V_15_fu_506                 |   9|          2|    8|         16|
    |oldMax_V_16_fu_510                 |   9|          2|    8|         16|
    |oldMax_V_17_fu_514                 |   9|          2|    8|         16|
    |oldMax_V_18_fu_518                 |   9|          2|    8|         16|
    |oldMax_V_19_fu_522                 |   9|          2|    8|         16|
    |oldMax_V_1_fu_450                  |   9|          2|    8|         16|
    |oldMax_V_20_fu_526                 |   9|          2|    8|         16|
    |oldMax_V_21_fu_530                 |   9|          2|    8|         16|
    |oldMax_V_22_fu_534                 |   9|          2|    8|         16|
    |oldMax_V_23_fu_538                 |   9|          2|    8|         16|
    |oldMax_V_24_fu_542                 |   9|          2|    8|         16|
    |oldMax_V_25_fu_546                 |   9|          2|    8|         16|
    |oldMax_V_26_fu_550                 |   9|          2|    8|         16|
    |oldMax_V_27_fu_554                 |   9|          2|    8|         16|
    |oldMax_V_28_fu_558                 |   9|          2|    8|         16|
    |oldMax_V_29_fu_562                 |   9|          2|    8|         16|
    |oldMax_V_2_fu_454                  |   9|          2|    8|         16|
    |oldMax_V_30_fu_566                 |   9|          2|    8|         16|
    |oldMax_V_31_fu_570                 |   9|          2|    8|         16|
    |oldMax_V_32_fu_574                 |   9|          2|    8|         16|
    |oldMax_V_33_fu_578                 |   9|          2|    8|         16|
    |oldMax_V_34_fu_582                 |   9|          2|    8|         16|
    |oldMax_V_35_fu_586                 |   9|          2|    8|         16|
    |oldMax_V_36_fu_590                 |   9|          2|    8|         16|
    |oldMax_V_37_fu_594                 |   9|          2|    8|         16|
    |oldMax_V_38_fu_598                 |   9|          2|    8|         16|
    |oldMax_V_39_fu_602                 |   9|          2|    8|         16|
    |oldMax_V_3_fu_458                  |   9|          2|    8|         16|
    |oldMax_V_40_fu_606                 |   9|          2|    8|         16|
    |oldMax_V_41_fu_610                 |   9|          2|    8|         16|
    |oldMax_V_42_fu_614                 |   9|          2|    8|         16|
    |oldMax_V_43_fu_618                 |   9|          2|    8|         16|
    |oldMax_V_44_fu_622                 |   9|          2|    8|         16|
    |oldMax_V_45_fu_626                 |   9|          2|    8|         16|
    |oldMax_V_46_fu_630                 |   9|          2|    8|         16|
    |oldMax_V_47_fu_634                 |   9|          2|    8|         16|
    |oldMax_V_48_fu_638                 |   9|          2|    8|         16|
    |oldMax_V_49_fu_642                 |   9|          2|    8|         16|
    |oldMax_V_4_fu_462                  |   9|          2|    8|         16|
    |oldMax_V_5_fu_466                  |   9|          2|    8|         16|
    |oldMax_V_6_fu_470                  |   9|          2|    8|         16|
    |oldMax_V_7_fu_474                  |   9|          2|    8|         16|
    |oldMax_V_8_fu_478                  |   9|          2|    8|         16|
    |oldMax_V_9_fu_482                  |   9|          2|    8|         16|
    |oldMax_V_fu_446                    |   9|          2|    8|         16|
    +-----------------------------------+----+-----------+-----+-----------+
    |Total                              | 936|        208|  806|       1612|
    +-----------------------------------+----+-----------+-----+-----------+

    * Register: 
    +--------------------+---+----+-----+-----------+
    |        Name        | FF| LUT| Bits| Const Bits|
    +--------------------+---+----+-----+-----------+
    |ap_CS_fsm           |  1|   0|    1|          0|
    |ap_done_reg         |  1|   0|    1|          0|
    |kx_fu_442           |  2|   0|    2|          0|
    |oldMax_V_10_fu_486  |  8|   0|    8|          0|
    |oldMax_V_11_fu_490  |  8|   0|    8|          0|
    |oldMax_V_12_fu_494  |  8|   0|    8|          0|
    |oldMax_V_13_fu_498  |  8|   0|    8|          0|
    |oldMax_V_14_fu_502  |  8|   0|    8|          0|
    |oldMax_V_15_fu_506  |  8|   0|    8|          0|
    |oldMax_V_16_fu_510  |  8|   0|    8|          0|
    |oldMax_V_17_fu_514  |  8|   0|    8|          0|
    |oldMax_V_18_fu_518  |  8|   0|    8|          0|
    |oldMax_V_19_fu_522  |  8|   0|    8|          0|
    |oldMax_V_1_fu_450   |  8|   0|    8|          0|
    |oldMax_V_20_fu_526  |  8|   0|    8|          0|
    |oldMax_V_21_fu_530  |  8|   0|    8|          0|
    |oldMax_V_22_fu_534  |  8|   0|    8|          0|
    |oldMax_V_23_fu_538  |  8|   0|    8|          0|
    |oldMax_V_24_fu_542  |  8|   0|    8|          0|
    |oldMax_V_25_fu_546  |  8|   0|    8|          0|
    |oldMax_V_26_fu_550  |  8|   0|    8|          0|
    |oldMax_V_27_fu_554  |  8|   0|    8|          0|
    |oldMax_V_28_fu_558  |  8|   0|    8|          0|
    |oldMax_V_29_fu_562  |  8|   0|    8|          0|
    |oldMax_V_2_fu_454   |  8|   0|    8|          0|
    |oldMax_V_30_fu_566  |  8|   0|    8|          0|
    |oldMax_V_31_fu_570  |  8|   0|    8|          0|
    |oldMax_V_32_fu_574  |  8|   0|    8|          0|
    |oldMax_V_33_fu_578  |  8|   0|    8|          0|
    |oldMax_V_34_fu_582  |  8|   0|    8|          0|
    |oldMax_V_35_fu_586  |  8|   0|    8|          0|
    |oldMax_V_36_fu_590  |  8|   0|    8|          0|
    |oldMax_V_37_fu_594  |  8|   0|    8|          0|
    |oldMax_V_38_fu_598  |  8|   0|    8|          0|
    |oldMax_V_39_fu_602  |  8|   0|    8|          0|
    |oldMax_V_3_fu_458   |  8|   0|    8|          0|
    |oldMax_V_40_fu_606  |  8|   0|    8|          0|
    |oldMax_V_41_fu_610  |  8|   0|    8|          0|
    |oldMax_V_42_fu_614  |  8|   0|    8|          0|
    |oldMax_V_43_fu_618  |  8|   0|    8|          0|
    |oldMax_V_44_fu_622  |  8|   0|    8|          0|
    |oldMax_V_45_fu_626  |  8|   0|    8|          0|
    |oldMax_V_46_fu_630  |  8|   0|    8|          0|
    |oldMax_V_47_fu_634  |  8|   0|    8|          0|
    |oldMax_V_48_fu_638  |  8|   0|    8|          0|
    |oldMax_V_49_fu_642  |  8|   0|    8|          0|
    |oldMax_V_4_fu_462   |  8|   0|    8|          0|
    |oldMax_V_5_fu_466   |  8|   0|    8|          0|
    |oldMax_V_6_fu_470   |  8|   0|    8|          0|
    |oldMax_V_7_fu_474   |  8|   0|    8|          0|
    |oldMax_V_8_fu_478   |  8|   0|    8|          0|
    |oldMax_V_9_fu_482   |  8|   0|    8|          0|
    |oldMax_V_fu_446     |  8|   0|    8|          0|
    +--------------------+---+----+-----+-----------+
    |Total               |404|   0|  404|          0|
    +--------------------+---+----+-----+-----------+



================================================================
== Interface
================================================================
* Summary: 
+-------------------+-----+-----+------------+------------------------------------------------------+--------------+
|     RTL Ports     | Dir | Bits|  Protocol  |                     Source Object                    |    C Type    |
+-------------------+-----+-----+------------+------------------------------------------------------+--------------+
|ap_clk             |   in|    1|  ap_ctrl_hs|  StreamingMaxPool_Precision_Pipeline_VITIS_LOOP_158_6|  return value|
|ap_rst             |   in|    1|  ap_ctrl_hs|  StreamingMaxPool_Precision_Pipeline_VITIS_LOOP_158_6|  return value|
|ap_start           |   in|    1|  ap_ctrl_hs|  StreamingMaxPool_Precision_Pipeline_VITIS_LOOP_158_6|  return value|
|ap_done            |  out|    1|  ap_ctrl_hs|  StreamingMaxPool_Precision_Pipeline_VITIS_LOOP_158_6|  return value|
|ap_idle            |  out|    1|  ap_ctrl_hs|  StreamingMaxPool_Precision_Pipeline_VITIS_LOOP_158_6|  return value|
|ap_ready           |  out|    1|  ap_ctrl_hs|  StreamingMaxPool_Precision_Pipeline_VITIS_LOOP_158_6|  return value|
|in0_V_TVALID       |   in|    1|        axis|                                                 in0_V|       pointer|
|in0_V_TDATA        |   in|  400|        axis|                                                 in0_V|       pointer|
|in0_V_TREADY       |  out|    1|        axis|                                                 in0_V|       pointer|
|buf_V_49_load_1    |   in|    8|     ap_none|                                       buf_V_49_load_1|        scalar|
|buf_V_48_load_1    |   in|    8|     ap_none|                                       buf_V_48_load_1|        scalar|
|buf_V_47_load_1    |   in|    8|     ap_none|                                       buf_V_47_load_1|        scalar|
|buf_V_46_load_1    |   in|    8|     ap_none|                                       buf_V_46_load_1|        scalar|
|buf_V_45_load_1    |   in|    8|     ap_none|                                       buf_V_45_load_1|        scalar|
|buf_V_44_load_1    |   in|    8|     ap_none|                                       buf_V_44_load_1|        scalar|
|buf_V_43_load_1    |   in|    8|     ap_none|                                       buf_V_43_load_1|        scalar|
|buf_V_42_load_1    |   in|    8|     ap_none|                                       buf_V_42_load_1|        scalar|
|buf_V_41_load_1    |   in|    8|     ap_none|                                       buf_V_41_load_1|        scalar|
|buf_V_40_load_1    |   in|    8|     ap_none|                                       buf_V_40_load_1|        scalar|
|buf_V_39_load_1    |   in|    8|     ap_none|                                       buf_V_39_load_1|        scalar|
|buf_V_38_load_1    |   in|    8|     ap_none|                                       buf_V_38_load_1|        scalar|
|buf_V_37_load_1    |   in|    8|     ap_none|                                       buf_V_37_load_1|        scalar|
|buf_V_36_load_1    |   in|    8|     ap_none|                                       buf_V_36_load_1|        scalar|
|buf_V_35_load_1    |   in|    8|     ap_none|                                       buf_V_35_load_1|        scalar|
|buf_V_34_load_1    |   in|    8|     ap_none|                                       buf_V_34_load_1|        scalar|
|buf_V_33_load_1    |   in|    8|     ap_none|                                       buf_V_33_load_1|        scalar|
|buf_V_32_load_1    |   in|    8|     ap_none|                                       buf_V_32_load_1|        scalar|
|buf_V_31_load_1    |   in|    8|     ap_none|                                       buf_V_31_load_1|        scalar|
|buf_V_30_load_1    |   in|    8|     ap_none|                                       buf_V_30_load_1|        scalar|
|buf_V_29_load_1    |   in|    8|     ap_none|                                       buf_V_29_load_1|        scalar|
|buf_V_28_load_1    |   in|    8|     ap_none|                                       buf_V_28_load_1|        scalar|
|buf_V_27_load_1    |   in|    8|     ap_none|                                       buf_V_27_load_1|        scalar|
|buf_V_26_load_1    |   in|    8|     ap_none|                                       buf_V_26_load_1|        scalar|
|buf_V_25_load_1    |   in|    8|     ap_none|                                       buf_V_25_load_1|        scalar|
|buf_V_24_load_1    |   in|    8|     ap_none|                                       buf_V_24_load_1|        scalar|
|buf_V_23_load_1    |   in|    8|     ap_none|                                       buf_V_23_load_1|        scalar|
|buf_V_22_load_1    |   in|    8|     ap_none|                                       buf_V_22_load_1|        scalar|
|buf_V_21_load_1    |   in|    8|     ap_none|                                       buf_V_21_load_1|        scalar|
|buf_V_20_load_1    |   in|    8|     ap_none|                                       buf_V_20_load_1|        scalar|
|buf_V_19_load_1    |   in|    8|     ap_none|                                       buf_V_19_load_1|        scalar|
|buf_V_18_load_1    |   in|    8|     ap_none|                                       buf_V_18_load_1|        scalar|
|buf_V_17_load_1    |   in|    8|     ap_none|                                       buf_V_17_load_1|        scalar|
|buf_V_16_load_1    |   in|    8|     ap_none|                                       buf_V_16_load_1|        scalar|
|buf_V_15_load_1    |   in|    8|     ap_none|                                       buf_V_15_load_1|        scalar|
|buf_V_14_load_1    |   in|    8|     ap_none|                                       buf_V_14_load_1|        scalar|
|buf_V_13_load_1    |   in|    8|     ap_none|                                       buf_V_13_load_1|        scalar|
|buf_V_12_load_1    |   in|    8|     ap_none|                                       buf_V_12_load_1|        scalar|
|buf_V_11_load_1    |   in|    8|     ap_none|                                       buf_V_11_load_1|        scalar|
|buf_V_10_load_1    |   in|    8|     ap_none|                                       buf_V_10_load_1|        scalar|
|buf_V_9_load_1     |   in|    8|     ap_none|                                        buf_V_9_load_1|        scalar|
|buf_V_8_load_1     |   in|    8|     ap_none|                                        buf_V_8_load_1|        scalar|
|buf_V_7_load_1     |   in|    8|     ap_none|                                        buf_V_7_load_1|        scalar|
|buf_V_6_load_1     |   in|    8|     ap_none|                                        buf_V_6_load_1|        scalar|
|buf_V_5_load_1     |   in|    8|     ap_none|                                        buf_V_5_load_1|        scalar|
|buf_V_4_load_1     |   in|    8|     ap_none|                                        buf_V_4_load_1|        scalar|
|buf_V_3_load_1     |   in|    8|     ap_none|                                        buf_V_3_load_1|        scalar|
|buf_V_2_load_1     |   in|    8|     ap_none|                                        buf_V_2_load_1|        scalar|
|buf_V_1_load_1     |   in|    8|     ap_none|                                        buf_V_1_load_1|        scalar|
|buf_V_load_1       |   in|    8|     ap_none|                                          buf_V_load_1|        scalar|
|buf_V_49_address0  |  out|    3|   ap_memory|                                              buf_V_49|         array|
|buf_V_49_ce0       |  out|    1|   ap_memory|                                              buf_V_49|         array|
|buf_V_49_we0       |  out|    1|   ap_memory|                                              buf_V_49|         array|
|buf_V_49_d0        |  out|    8|   ap_memory|                                              buf_V_49|         array|
|zext_ln156         |   in|    3|     ap_none|                                            zext_ln156|        scalar|
|buf_V_48_address0  |  out|    3|   ap_memory|                                              buf_V_48|         array|
|buf_V_48_ce0       |  out|    1|   ap_memory|                                              buf_V_48|         array|
|buf_V_48_we0       |  out|    1|   ap_memory|                                              buf_V_48|         array|
|buf_V_48_d0        |  out|    8|   ap_memory|                                              buf_V_48|         array|
|buf_V_47_address0  |  out|    3|   ap_memory|                                              buf_V_47|         array|
|buf_V_47_ce0       |  out|    1|   ap_memory|                                              buf_V_47|         array|
|buf_V_47_we0       |  out|    1|   ap_memory|                                              buf_V_47|         array|
|buf_V_47_d0        |  out|    8|   ap_memory|                                              buf_V_47|         array|
|buf_V_46_address0  |  out|    3|   ap_memory|                                              buf_V_46|         array|
|buf_V_46_ce0       |  out|    1|   ap_memory|                                              buf_V_46|         array|
|buf_V_46_we0       |  out|    1|   ap_memory|                                              buf_V_46|         array|
|buf_V_46_d0        |  out|    8|   ap_memory|                                              buf_V_46|         array|
|buf_V_45_address0  |  out|    3|   ap_memory|                                              buf_V_45|         array|
|buf_V_45_ce0       |  out|    1|   ap_memory|                                              buf_V_45|         array|
|buf_V_45_we0       |  out|    1|   ap_memory|                                              buf_V_45|         array|
|buf_V_45_d0        |  out|    8|   ap_memory|                                              buf_V_45|         array|
|buf_V_44_address0  |  out|    3|   ap_memory|                                              buf_V_44|         array|
|buf_V_44_ce0       |  out|    1|   ap_memory|                                              buf_V_44|         array|
|buf_V_44_we0       |  out|    1|   ap_memory|                                              buf_V_44|         array|
|buf_V_44_d0        |  out|    8|   ap_memory|                                              buf_V_44|         array|
|buf_V_43_address0  |  out|    3|   ap_memory|                                              buf_V_43|         array|
|buf_V_43_ce0       |  out|    1|   ap_memory|                                              buf_V_43|         array|
|buf_V_43_we0       |  out|    1|   ap_memory|                                              buf_V_43|         array|
|buf_V_43_d0        |  out|    8|   ap_memory|                                              buf_V_43|         array|
|buf_V_42_address0  |  out|    3|   ap_memory|                                              buf_V_42|         array|
|buf_V_42_ce0       |  out|    1|   ap_memory|                                              buf_V_42|         array|
|buf_V_42_we0       |  out|    1|   ap_memory|                                              buf_V_42|         array|
|buf_V_42_d0        |  out|    8|   ap_memory|                                              buf_V_42|         array|
|buf_V_41_address0  |  out|    3|   ap_memory|                                              buf_V_41|         array|
|buf_V_41_ce0       |  out|    1|   ap_memory|                                              buf_V_41|         array|
|buf_V_41_we0       |  out|    1|   ap_memory|                                              buf_V_41|         array|
|buf_V_41_d0        |  out|    8|   ap_memory|                                              buf_V_41|         array|
|buf_V_40_address0  |  out|    3|   ap_memory|                                              buf_V_40|         array|
|buf_V_40_ce0       |  out|    1|   ap_memory|                                              buf_V_40|         array|
|buf_V_40_we0       |  out|    1|   ap_memory|                                              buf_V_40|         array|
|buf_V_40_d0        |  out|    8|   ap_memory|                                              buf_V_40|         array|
|buf_V_39_address0  |  out|    3|   ap_memory|                                              buf_V_39|         array|
|buf_V_39_ce0       |  out|    1|   ap_memory|                                              buf_V_39|         array|
|buf_V_39_we0       |  out|    1|   ap_memory|                                              buf_V_39|         array|
|buf_V_39_d0        |  out|    8|   ap_memory|                                              buf_V_39|         array|
|buf_V_38_address0  |  out|    3|   ap_memory|                                              buf_V_38|         array|
|buf_V_38_ce0       |  out|    1|   ap_memory|                                              buf_V_38|         array|
|buf_V_38_we0       |  out|    1|   ap_memory|                                              buf_V_38|         array|
|buf_V_38_d0        |  out|    8|   ap_memory|                                              buf_V_38|         array|
|buf_V_37_address0  |  out|    3|   ap_memory|                                              buf_V_37|         array|
|buf_V_37_ce0       |  out|    1|   ap_memory|                                              buf_V_37|         array|
|buf_V_37_we0       |  out|    1|   ap_memory|                                              buf_V_37|         array|
|buf_V_37_d0        |  out|    8|   ap_memory|                                              buf_V_37|         array|
|buf_V_36_address0  |  out|    3|   ap_memory|                                              buf_V_36|         array|
|buf_V_36_ce0       |  out|    1|   ap_memory|                                              buf_V_36|         array|
|buf_V_36_we0       |  out|    1|   ap_memory|                                              buf_V_36|         array|
|buf_V_36_d0        |  out|    8|   ap_memory|                                              buf_V_36|         array|
|buf_V_35_address0  |  out|    3|   ap_memory|                                              buf_V_35|         array|
|buf_V_35_ce0       |  out|    1|   ap_memory|                                              buf_V_35|         array|
|buf_V_35_we0       |  out|    1|   ap_memory|                                              buf_V_35|         array|
|buf_V_35_d0        |  out|    8|   ap_memory|                                              buf_V_35|         array|
|buf_V_34_address0  |  out|    3|   ap_memory|                                              buf_V_34|         array|
|buf_V_34_ce0       |  out|    1|   ap_memory|                                              buf_V_34|         array|
|buf_V_34_we0       |  out|    1|   ap_memory|                                              buf_V_34|         array|
|buf_V_34_d0        |  out|    8|   ap_memory|                                              buf_V_34|         array|
|buf_V_33_address0  |  out|    3|   ap_memory|                                              buf_V_33|         array|
|buf_V_33_ce0       |  out|    1|   ap_memory|                                              buf_V_33|         array|
|buf_V_33_we0       |  out|    1|   ap_memory|                                              buf_V_33|         array|
|buf_V_33_d0        |  out|    8|   ap_memory|                                              buf_V_33|         array|
|buf_V_32_address0  |  out|    3|   ap_memory|                                              buf_V_32|         array|
|buf_V_32_ce0       |  out|    1|   ap_memory|                                              buf_V_32|         array|
|buf_V_32_we0       |  out|    1|   ap_memory|                                              buf_V_32|         array|
|buf_V_32_d0        |  out|    8|   ap_memory|                                              buf_V_32|         array|
|buf_V_31_address0  |  out|    3|   ap_memory|                                              buf_V_31|         array|
|buf_V_31_ce0       |  out|    1|   ap_memory|                                              buf_V_31|         array|
|buf_V_31_we0       |  out|    1|   ap_memory|                                              buf_V_31|         array|
|buf_V_31_d0        |  out|    8|   ap_memory|                                              buf_V_31|         array|
|buf_V_30_address0  |  out|    3|   ap_memory|                                              buf_V_30|         array|
|buf_V_30_ce0       |  out|    1|   ap_memory|                                              buf_V_30|         array|
|buf_V_30_we0       |  out|    1|   ap_memory|                                              buf_V_30|         array|
|buf_V_30_d0        |  out|    8|   ap_memory|                                              buf_V_30|         array|
|buf_V_29_address0  |  out|    3|   ap_memory|                                              buf_V_29|         array|
|buf_V_29_ce0       |  out|    1|   ap_memory|                                              buf_V_29|         array|
|buf_V_29_we0       |  out|    1|   ap_memory|                                              buf_V_29|         array|
|buf_V_29_d0        |  out|    8|   ap_memory|                                              buf_V_29|         array|
|buf_V_28_address0  |  out|    3|   ap_memory|                                              buf_V_28|         array|
|buf_V_28_ce0       |  out|    1|   ap_memory|                                              buf_V_28|         array|
|buf_V_28_we0       |  out|    1|   ap_memory|                                              buf_V_28|         array|
|buf_V_28_d0        |  out|    8|   ap_memory|                                              buf_V_28|         array|
|buf_V_27_address0  |  out|    3|   ap_memory|                                              buf_V_27|         array|
|buf_V_27_ce0       |  out|    1|   ap_memory|                                              buf_V_27|         array|
|buf_V_27_we0       |  out|    1|   ap_memory|                                              buf_V_27|         array|
|buf_V_27_d0        |  out|    8|   ap_memory|                                              buf_V_27|         array|
|buf_V_26_address0  |  out|    3|   ap_memory|                                              buf_V_26|         array|
|buf_V_26_ce0       |  out|    1|   ap_memory|                                              buf_V_26|         array|
|buf_V_26_we0       |  out|    1|   ap_memory|                                              buf_V_26|         array|
|buf_V_26_d0        |  out|    8|   ap_memory|                                              buf_V_26|         array|
|buf_V_25_address0  |  out|    3|   ap_memory|                                              buf_V_25|         array|
|buf_V_25_ce0       |  out|    1|   ap_memory|                                              buf_V_25|         array|
|buf_V_25_we0       |  out|    1|   ap_memory|                                              buf_V_25|         array|
|buf_V_25_d0        |  out|    8|   ap_memory|                                              buf_V_25|         array|
|buf_V_24_address0  |  out|    3|   ap_memory|                                              buf_V_24|         array|
|buf_V_24_ce0       |  out|    1|   ap_memory|                                              buf_V_24|         array|
|buf_V_24_we0       |  out|    1|   ap_memory|                                              buf_V_24|         array|
|buf_V_24_d0        |  out|    8|   ap_memory|                                              buf_V_24|         array|
|buf_V_23_address0  |  out|    3|   ap_memory|                                              buf_V_23|         array|
|buf_V_23_ce0       |  out|    1|   ap_memory|                                              buf_V_23|         array|
|buf_V_23_we0       |  out|    1|   ap_memory|                                              buf_V_23|         array|
|buf_V_23_d0        |  out|    8|   ap_memory|                                              buf_V_23|         array|
|buf_V_22_address0  |  out|    3|   ap_memory|                                              buf_V_22|         array|
|buf_V_22_ce0       |  out|    1|   ap_memory|                                              buf_V_22|         array|
|buf_V_22_we0       |  out|    1|   ap_memory|                                              buf_V_22|         array|
|buf_V_22_d0        |  out|    8|   ap_memory|                                              buf_V_22|         array|
|buf_V_21_address0  |  out|    3|   ap_memory|                                              buf_V_21|         array|
|buf_V_21_ce0       |  out|    1|   ap_memory|                                              buf_V_21|         array|
|buf_V_21_we0       |  out|    1|   ap_memory|                                              buf_V_21|         array|
|buf_V_21_d0        |  out|    8|   ap_memory|                                              buf_V_21|         array|
|buf_V_20_address0  |  out|    3|   ap_memory|                                              buf_V_20|         array|
|buf_V_20_ce0       |  out|    1|   ap_memory|                                              buf_V_20|         array|
|buf_V_20_we0       |  out|    1|   ap_memory|                                              buf_V_20|         array|
|buf_V_20_d0        |  out|    8|   ap_memory|                                              buf_V_20|         array|
|buf_V_19_address0  |  out|    3|   ap_memory|                                              buf_V_19|         array|
|buf_V_19_ce0       |  out|    1|   ap_memory|                                              buf_V_19|         array|
|buf_V_19_we0       |  out|    1|   ap_memory|                                              buf_V_19|         array|
|buf_V_19_d0        |  out|    8|   ap_memory|                                              buf_V_19|         array|
|buf_V_18_address0  |  out|    3|   ap_memory|                                              buf_V_18|         array|
|buf_V_18_ce0       |  out|    1|   ap_memory|                                              buf_V_18|         array|
|buf_V_18_we0       |  out|    1|   ap_memory|                                              buf_V_18|         array|
|buf_V_18_d0        |  out|    8|   ap_memory|                                              buf_V_18|         array|
|buf_V_17_address0  |  out|    3|   ap_memory|                                              buf_V_17|         array|
|buf_V_17_ce0       |  out|    1|   ap_memory|                                              buf_V_17|         array|
|buf_V_17_we0       |  out|    1|   ap_memory|                                              buf_V_17|         array|
|buf_V_17_d0        |  out|    8|   ap_memory|                                              buf_V_17|         array|
|buf_V_16_address0  |  out|    3|   ap_memory|                                              buf_V_16|         array|
|buf_V_16_ce0       |  out|    1|   ap_memory|                                              buf_V_16|         array|
|buf_V_16_we0       |  out|    1|   ap_memory|                                              buf_V_16|         array|
|buf_V_16_d0        |  out|    8|   ap_memory|                                              buf_V_16|         array|
|buf_V_15_address0  |  out|    3|   ap_memory|                                              buf_V_15|         array|
|buf_V_15_ce0       |  out|    1|   ap_memory|                                              buf_V_15|         array|
|buf_V_15_we0       |  out|    1|   ap_memory|                                              buf_V_15|         array|
|buf_V_15_d0        |  out|    8|   ap_memory|                                              buf_V_15|         array|
|buf_V_14_address0  |  out|    3|   ap_memory|                                              buf_V_14|         array|
|buf_V_14_ce0       |  out|    1|   ap_memory|                                              buf_V_14|         array|
|buf_V_14_we0       |  out|    1|   ap_memory|                                              buf_V_14|         array|
|buf_V_14_d0        |  out|    8|   ap_memory|                                              buf_V_14|         array|
|buf_V_13_address0  |  out|    3|   ap_memory|                                              buf_V_13|         array|
|buf_V_13_ce0       |  out|    1|   ap_memory|                                              buf_V_13|         array|
|buf_V_13_we0       |  out|    1|   ap_memory|                                              buf_V_13|         array|
|buf_V_13_d0        |  out|    8|   ap_memory|                                              buf_V_13|         array|
|buf_V_12_address0  |  out|    3|   ap_memory|                                              buf_V_12|         array|
|buf_V_12_ce0       |  out|    1|   ap_memory|                                              buf_V_12|         array|
|buf_V_12_we0       |  out|    1|   ap_memory|                                              buf_V_12|         array|
|buf_V_12_d0        |  out|    8|   ap_memory|                                              buf_V_12|         array|
|buf_V_11_address0  |  out|    3|   ap_memory|                                              buf_V_11|         array|
|buf_V_11_ce0       |  out|    1|   ap_memory|                                              buf_V_11|         array|
|buf_V_11_we0       |  out|    1|   ap_memory|                                              buf_V_11|         array|
|buf_V_11_d0        |  out|    8|   ap_memory|                                              buf_V_11|         array|
|buf_V_10_address0  |  out|    3|   ap_memory|                                              buf_V_10|         array|
|buf_V_10_ce0       |  out|    1|   ap_memory|                                              buf_V_10|         array|
|buf_V_10_we0       |  out|    1|   ap_memory|                                              buf_V_10|         array|
|buf_V_10_d0        |  out|    8|   ap_memory|                                              buf_V_10|         array|
|buf_V_9_address0   |  out|    3|   ap_memory|                                               buf_V_9|         array|
|buf_V_9_ce0        |  out|    1|   ap_memory|                                               buf_V_9|         array|
|buf_V_9_we0        |  out|    1|   ap_memory|                                               buf_V_9|         array|
|buf_V_9_d0         |  out|    8|   ap_memory|                                               buf_V_9|         array|
|buf_V_8_address0   |  out|    3|   ap_memory|                                               buf_V_8|         array|
|buf_V_8_ce0        |  out|    1|   ap_memory|                                               buf_V_8|         array|
|buf_V_8_we0        |  out|    1|   ap_memory|                                               buf_V_8|         array|
|buf_V_8_d0         |  out|    8|   ap_memory|                                               buf_V_8|         array|
|buf_V_7_address0   |  out|    3|   ap_memory|                                               buf_V_7|         array|
|buf_V_7_ce0        |  out|    1|   ap_memory|                                               buf_V_7|         array|
|buf_V_7_we0        |  out|    1|   ap_memory|                                               buf_V_7|         array|
|buf_V_7_d0         |  out|    8|   ap_memory|                                               buf_V_7|         array|
|buf_V_6_address0   |  out|    3|   ap_memory|                                               buf_V_6|         array|
|buf_V_6_ce0        |  out|    1|   ap_memory|                                               buf_V_6|         array|
|buf_V_6_we0        |  out|    1|   ap_memory|                                               buf_V_6|         array|
|buf_V_6_d0         |  out|    8|   ap_memory|                                               buf_V_6|         array|
|buf_V_5_address0   |  out|    3|   ap_memory|                                               buf_V_5|         array|
|buf_V_5_ce0        |  out|    1|   ap_memory|                                               buf_V_5|         array|
|buf_V_5_we0        |  out|    1|   ap_memory|                                               buf_V_5|         array|
|buf_V_5_d0         |  out|    8|   ap_memory|                                               buf_V_5|         array|
|buf_V_4_address0   |  out|    3|   ap_memory|                                               buf_V_4|         array|
|buf_V_4_ce0        |  out|    1|   ap_memory|                                               buf_V_4|         array|
|buf_V_4_we0        |  out|    1|   ap_memory|                                               buf_V_4|         array|
|buf_V_4_d0         |  out|    8|   ap_memory|                                               buf_V_4|         array|
|buf_V_3_address0   |  out|    3|   ap_memory|                                               buf_V_3|         array|
|buf_V_3_ce0        |  out|    1|   ap_memory|                                               buf_V_3|         array|
|buf_V_3_we0        |  out|    1|   ap_memory|                                               buf_V_3|         array|
|buf_V_3_d0         |  out|    8|   ap_memory|                                               buf_V_3|         array|
|buf_V_2_address0   |  out|    3|   ap_memory|                                               buf_V_2|         array|
|buf_V_2_ce0        |  out|    1|   ap_memory|                                               buf_V_2|         array|
|buf_V_2_we0        |  out|    1|   ap_memory|                                               buf_V_2|         array|
|buf_V_2_d0         |  out|    8|   ap_memory|                                               buf_V_2|         array|
|buf_V_1_address0   |  out|    3|   ap_memory|                                               buf_V_1|         array|
|buf_V_1_ce0        |  out|    1|   ap_memory|                                               buf_V_1|         array|
|buf_V_1_we0        |  out|    1|   ap_memory|                                               buf_V_1|         array|
|buf_V_1_d0         |  out|    8|   ap_memory|                                               buf_V_1|         array|
|buf_V_address0     |  out|    3|   ap_memory|                                                 buf_V|         array|
|buf_V_ce0          |  out|    1|   ap_memory|                                                 buf_V|         array|
|buf_V_we0          |  out|    1|   ap_memory|                                                 buf_V|         array|
|buf_V_d0           |  out|    8|   ap_memory|                                                 buf_V|         array|
+-------------------+-----+-----+------------+------------------------------------------------------+--------------+

