

================================================================
== Vitis HLS Report for 'StreamingMaxPool_Precision_14u_2u_50u_ap_uint_8_0_400_s'
================================================================
* Date:           Thu Jun 19 12:15:20 2025

* Version:        2022.2 (Build 3670227 on Oct 13 2022)
* Project:        project_StreamingMaxPool_hls_1
* Solution:       sol1 (Vivado IP Flow Target)
* Product family: zynquplus
* Target device:  xczu7ev-ffvc1156-2-e


================================================================
== Performance Estimates
================================================================
+ Timing: 
    * Summary: 
    +--------+----------+----------+------------+
    |  Clock |  Target  | Estimated| Uncertainty|
    +--------+----------+----------+------------+
    |ap_clk  |  10.00 ns|  2.346 ns|     2.70 ns|
    +--------+----------+----------+------------+

+ Latency: 
    * Summary: 
    +---------+---------+----------+----------+-----+-----+---------+
    |  Latency (cycles) |  Latency (absolute) |  Interval | Pipeline|
    |   min   |   max   |    min   |    max   | min | max |   Type  |
    +---------+---------+----------+----------+-----+-----+---------+
    |      879|      879|  8.790 us|  8.790 us|  879|  879|       no|
    +---------+---------+----------+----------+-----+-----+---------+

    + Detail: 
        * Instance: 
        +------------------------------------------------------------------+------------------------------------------------------+---------+---------+-----------+-----------+-----+-----+---------+
        |                                                                  |                                                      |  Latency (cycles) |   Latency (absolute)  |  Interval | Pipeline|
        |                             Instance                             |                        Module                        |   min   |   max   |    min    |    max    | min | max |   Type  |
        +------------------------------------------------------------------+------------------------------------------------------+---------+---------+-----------+-----------+-----+-----+---------+
        |grp_StreamingMaxPool_Precision_Pipeline_VITIS_LOOP_147_1_fu_882   |StreamingMaxPool_Precision_Pipeline_VITIS_LOOP_147_1  |        9|        9|  90.000 ns|  90.000 ns|    9|    9|       no|
        |grp_StreamingMaxPool_Precision_Pipeline_VITIS_LOOP_174_8_fu_986   |StreamingMaxPool_Precision_Pipeline_VITIS_LOOP_174_8  |        9|        9|  90.000 ns|  90.000 ns|    9|    9|       no|
        |grp_StreamingMaxPool_Precision_Pipeline_VITIS_LOOP_158_6_fu_1042  |StreamingMaxPool_Precision_Pipeline_VITIS_LOOP_158_6  |        4|        4|  40.000 ns|  40.000 ns|    4|    4|       no|
        +------------------------------------------------------------------+------------------------------------------------------+---------+---------+-----------+-----------+-----+-----+---------+

        * Loop: 
        +--------------------------------------+---------+---------+----------+-----------+-----------+------+----------+
        |                                      |  Latency (cycles) | Iteration|  Initiation Interval  | Trip |          |
        |               Loop Name              |   min   |   max   |  Latency |  achieved |   target  | Count| Pipelined|
        +--------------------------------------+---------+---------+----------+-----------+-----------+------+----------+
        |- VITIS_LOOP_154_3                    |      868|      868|       124|          -|          -|     7|        no|
        | + VITIS_LOOP_155_4_VITIS_LOOP_156_5  |      112|      112|         8|          -|          -|    14|        no|
        +--------------------------------------+---------+---------+----------+-----------+-----------+------+----------+



================================================================
== Utilization Estimates
================================================================
* Summary: 
+-----------------+---------+------+--------+--------+-----+
|       Name      | BRAM_18K|  DSP |   FF   |   LUT  | URAM|
+-----------------+---------+------+--------+--------+-----+
|DSP              |        -|     -|       -|       -|    -|
|Expression       |        -|     -|       0|      62|    -|
|FIFO             |        -|     -|       -|       -|    -|
|Instance         |        -|     -|     418|    2041|    -|
|Memory           |        0|     -|     400|      50|    0|
|Multiplexer      |        -|     -|       -|    4685|    -|
|Register         |        -|     -|     434|       -|    -|
+-----------------+---------+------+--------+--------+-----+
|Total            |        0|     0|    1252|    6838|    0|
+-----------------+---------+------+--------+--------+-----+
|Available        |      624|  1728|  460800|  230400|   96|
+-----------------+---------+------+--------+--------+-----+
|Utilization (%)  |        0|     0|      ~0|       2|    0|
+-----------------+---------+------+--------+--------+-----+

+ Detail: 
    * Instance: 
    +------------------------------------------------------------------+------------------------------------------------------+---------+----+-----+------+-----+
    |                             Instance                             |                        Module                        | BRAM_18K| DSP|  FF |  LUT | URAM|
    +------------------------------------------------------------------+------------------------------------------------------+---------+----+-----+------+-----+
    |grp_StreamingMaxPool_Precision_Pipeline_VITIS_LOOP_147_1_fu_882   |StreamingMaxPool_Precision_Pipeline_VITIS_LOOP_147_1  |        0|   0|    5|    45|    0|
    |grp_StreamingMaxPool_Precision_Pipeline_VITIS_LOOP_158_6_fu_1042  |StreamingMaxPool_Precision_Pipeline_VITIS_LOOP_158_6  |        0|   0|  404|  1915|    0|
    |grp_StreamingMaxPool_Precision_Pipeline_VITIS_LOOP_174_8_fu_986   |StreamingMaxPool_Precision_Pipeline_VITIS_LOOP_174_8  |        0|   0|    9|    81|    0|
    +------------------------------------------------------------------+------------------------------------------------------+---------+----+-----+------+-----+
    |Total                                                             |                                                      |        0|   0|  418|  2041|    0|
    +------------------------------------------------------------------+------------------------------------------------------+---------+----+-----+------+-----+

    * DSP: 
    N/A

    * Memory: 
    +------------+-----------------------------------------------------------------------------+---------+---+----+-----+------+-----+------+-------------+
    |   Memory   |                                    Module                                   | BRAM_18K| FF| LUT| URAM| Words| Bits| Banks| W*Bits*Banks|
    +------------+-----------------------------------------------------------------------------+---------+---+----+-----+------+-----+------+-------------+
    |buf_V_U     |StreamingMaxPool_Precision_14u_2u_50u_ap_uint_8_0_400_s_buf_V_RAM_AUTO_1R1W  |        0|  8|   1|    0|     7|    8|     1|           56|
    |buf_V_1_U   |StreamingMaxPool_Precision_14u_2u_50u_ap_uint_8_0_400_s_buf_V_RAM_AUTO_1R1W  |        0|  8|   1|    0|     7|    8|     1|           56|
    |buf_V_2_U   |StreamingMaxPool_Precision_14u_2u_50u_ap_uint_8_0_400_s_buf_V_RAM_AUTO_1R1W  |        0|  8|   1|    0|     7|    8|     1|           56|
    |buf_V_3_U   |StreamingMaxPool_Precision_14u_2u_50u_ap_uint_8_0_400_s_buf_V_RAM_AUTO_1R1W  |        0|  8|   1|    0|     7|    8|     1|           56|
    |buf_V_4_U   |StreamingMaxPool_Precision_14u_2u_50u_ap_uint_8_0_400_s_buf_V_RAM_AUTO_1R1W  |        0|  8|   1|    0|     7|    8|     1|           56|
    |buf_V_5_U   |StreamingMaxPool_Precision_14u_2u_50u_ap_uint_8_0_400_s_buf_V_RAM_AUTO_1R1W  |        0|  8|   1|    0|     7|    8|     1|           56|
    |buf_V_6_U   |StreamingMaxPool_Precision_14u_2u_50u_ap_uint_8_0_400_s_buf_V_RAM_AUTO_1R1W  |        0|  8|   1|    0|     7|    8|     1|           56|
    |buf_V_7_U   |StreamingMaxPool_Precision_14u_2u_50u_ap_uint_8_0_400_s_buf_V_RAM_AUTO_1R1W  |        0|  8|   1|    0|     7|    8|     1|           56|
    |buf_V_8_U   |StreamingMaxPool_Precision_14u_2u_50u_ap_uint_8_0_400_s_buf_V_RAM_AUTO_1R1W  |        0|  8|   1|    0|     7|    8|     1|           56|
    |buf_V_9_U   |StreamingMaxPool_Precision_14u_2u_50u_ap_uint_8_0_400_s_buf_V_RAM_AUTO_1R1W  |        0|  8|   1|    0|     7|    8|     1|           56|
    |buf_V_10_U  |StreamingMaxPool_Precision_14u_2u_50u_ap_uint_8_0_400_s_buf_V_RAM_AUTO_1R1W  |        0|  8|   1|    0|     7|    8|     1|           56|
    |buf_V_11_U  |StreamingMaxPool_Precision_14u_2u_50u_ap_uint_8_0_400_s_buf_V_RAM_AUTO_1R1W  |        0|  8|   1|    0|     7|    8|     1|           56|
    |buf_V_12_U  |StreamingMaxPool_Precision_14u_2u_50u_ap_uint_8_0_400_s_buf_V_RAM_AUTO_1R1W  |        0|  8|   1|    0|     7|    8|     1|           56|
    |buf_V_13_U  |StreamingMaxPool_Precision_14u_2u_50u_ap_uint_8_0_400_s_buf_V_RAM_AUTO_1R1W  |        0|  8|   1|    0|     7|    8|     1|           56|
    |buf_V_14_U  |StreamingMaxPool_Precision_14u_2u_50u_ap_uint_8_0_400_s_buf_V_RAM_AUTO_1R1W  |        0|  8|   1|    0|     7|    8|     1|           56|
    |buf_V_15_U  |StreamingMaxPool_Precision_14u_2u_50u_ap_uint_8_0_400_s_buf_V_RAM_AUTO_1R1W  |        0|  8|   1|    0|     7|    8|     1|           56|
    |buf_V_16_U  |StreamingMaxPool_Precision_14u_2u_50u_ap_uint_8_0_400_s_buf_V_RAM_AUTO_1R1W  |        0|  8|   1|    0|     7|    8|     1|           56|
    |buf_V_17_U  |StreamingMaxPool_Precision_14u_2u_50u_ap_uint_8_0_400_s_buf_V_RAM_AUTO_1R1W  |        0|  8|   1|    0|     7|    8|     1|           56|
    |buf_V_18_U  |StreamingMaxPool_Precision_14u_2u_50u_ap_uint_8_0_400_s_buf_V_RAM_AUTO_1R1W  |        0|  8|   1|    0|     7|    8|     1|           56|
    |buf_V_19_U  |StreamingMaxPool_Precision_14u_2u_50u_ap_uint_8_0_400_s_buf_V_RAM_AUTO_1R1W  |        0|  8|   1|    0|     7|    8|     1|           56|
    |buf_V_20_U  |StreamingMaxPool_Precision_14u_2u_50u_ap_uint_8_0_400_s_buf_V_RAM_AUTO_1R1W  |        0|  8|   1|    0|     7|    8|     1|           56|
    |buf_V_21_U  |StreamingMaxPool_Precision_14u_2u_50u_ap_uint_8_0_400_s_buf_V_RAM_AUTO_1R1W  |        0|  8|   1|    0|     7|    8|     1|           56|
    |buf_V_22_U  |StreamingMaxPool_Precision_14u_2u_50u_ap_uint_8_0_400_s_buf_V_RAM_AUTO_1R1W  |        0|  8|   1|    0|     7|    8|     1|           56|
    |buf_V_23_U  |StreamingMaxPool_Precision_14u_2u_50u_ap_uint_8_0_400_s_buf_V_RAM_AUTO_1R1W  |        0|  8|   1|    0|     7|    8|     1|           56|
    |buf_V_24_U  |StreamingMaxPool_Precision_14u_2u_50u_ap_uint_8_0_400_s_buf_V_RAM_AUTO_1R1W  |        0|  8|   1|    0|     7|    8|     1|           56|
    |buf_V_25_U  |StreamingMaxPool_Precision_14u_2u_50u_ap_uint_8_0_400_s_buf_V_RAM_AUTO_1R1W  |        0|  8|   1|    0|     7|    8|     1|           56|
    |buf_V_26_U  |StreamingMaxPool_Precision_14u_2u_50u_ap_uint_8_0_400_s_buf_V_RAM_AUTO_1R1W  |        0|  8|   1|    0|     7|    8|     1|           56|
    |buf_V_27_U  |StreamingMaxPool_Precision_14u_2u_50u_ap_uint_8_0_400_s_buf_V_RAM_AUTO_1R1W  |        0|  8|   1|    0|     7|    8|     1|           56|
    |buf_V_28_U  |StreamingMaxPool_Precision_14u_2u_50u_ap_uint_8_0_400_s_buf_V_RAM_AUTO_1R1W  |        0|  8|   1|    0|     7|    8|     1|           56|
    |buf_V_29_U  |StreamingMaxPool_Precision_14u_2u_50u_ap_uint_8_0_400_s_buf_V_RAM_AUTO_1R1W  |        0|  8|   1|    0|     7|    8|     1|           56|
    |buf_V_30_U  |StreamingMaxPool_Precision_14u_2u_50u_ap_uint_8_0_400_s_buf_V_RAM_AUTO_1R1W  |        0|  8|   1|    0|     7|    8|     1|           56|
    |buf_V_31_U  |StreamingMaxPool_Precision_14u_2u_50u_ap_uint_8_0_400_s_buf_V_RAM_AUTO_1R1W  |        0|  8|   1|    0|     7|    8|     1|           56|
    |buf_V_32_U  |StreamingMaxPool_Precision_14u_2u_50u_ap_uint_8_0_400_s_buf_V_RAM_AUTO_1R1W  |        0|  8|   1|    0|     7|    8|     1|           56|
    |buf_V_33_U  |StreamingMaxPool_Precision_14u_2u_50u_ap_uint_8_0_400_s_buf_V_RAM_AUTO_1R1W  |        0|  8|   1|    0|     7|    8|     1|           56|
    |buf_V_34_U  |StreamingMaxPool_Precision_14u_2u_50u_ap_uint_8_0_400_s_buf_V_RAM_AUTO_1R1W  |        0|  8|   1|    0|     7|    8|     1|           56|
    |buf_V_35_U  |StreamingMaxPool_Precision_14u_2u_50u_ap_uint_8_0_400_s_buf_V_RAM_AUTO_1R1W  |        0|  8|   1|    0|     7|    8|     1|           56|
    |buf_V_36_U  |StreamingMaxPool_Precision_14u_2u_50u_ap_uint_8_0_400_s_buf_V_RAM_AUTO_1R1W  |        0|  8|   1|    0|     7|    8|     1|           56|
    |buf_V_37_U  |StreamingMaxPool_Precision_14u_2u_50u_ap_uint_8_0_400_s_buf_V_RAM_AUTO_1R1W  |        0|  8|   1|    0|     7|    8|     1|           56|
    |buf_V_38_U  |StreamingMaxPool_Precision_14u_2u_50u_ap_uint_8_0_400_s_buf_V_RAM_AUTO_1R1W  |        0|  8|   1|    0|     7|    8|     1|           56|
    |buf_V_39_U  |StreamingMaxPool_Precision_14u_2u_50u_ap_uint_8_0_400_s_buf_V_RAM_AUTO_1R1W  |        0|  8|   1|    0|     7|    8|     1|           56|
    |buf_V_40_U  |StreamingMaxPool_Precision_14u_2u_50u_ap_uint_8_0_400_s_buf_V_RAM_AUTO_1R1W  |        0|  8|   1|    0|     7|    8|     1|           56|
    |buf_V_41_U  |StreamingMaxPool_Precision_14u_2u_50u_ap_uint_8_0_400_s_buf_V_RAM_AUTO_1R1W  |        0|  8|   1|    0|     7|    8|     1|           56|
    |buf_V_42_U  |StreamingMaxPool_Precision_14u_2u_50u_ap_uint_8_0_400_s_buf_V_RAM_AUTO_1R1W  |        0|  8|   1|    0|     7|    8|     1|           56|
    |buf_V_43_U  |StreamingMaxPool_Precision_14u_2u_50u_ap_uint_8_0_400_s_buf_V_RAM_AUTO_1R1W  |        0|  8|   1|    0|     7|    8|     1|           56|
    |buf_V_44_U  |StreamingMaxPool_Precision_14u_2u_50u_ap_uint_8_0_400_s_buf_V_RAM_AUTO_1R1W  |        0|  8|   1|    0|     7|    8|     1|           56|
    |buf_V_45_U  |StreamingMaxPool_Precision_14u_2u_50u_ap_uint_8_0_400_s_buf_V_RAM_AUTO_1R1W  |        0|  8|   1|    0|     7|    8|     1|           56|
    |buf_V_46_U  |StreamingMaxPool_Precision_14u_2u_50u_ap_uint_8_0_400_s_buf_V_RAM_AUTO_1R1W  |        0|  8|   1|    0|     7|    8|     1|           56|
    |buf_V_47_U  |StreamingMaxPool_Precision_14u_2u_50u_ap_uint_8_0_400_s_buf_V_RAM_AUTO_1R1W  |        0|  8|   1|    0|     7|    8|     1|           56|
    |buf_V_48_U  |StreamingMaxPool_Precision_14u_2u_50u_ap_uint_8_0_400_s_buf_V_RAM_AUTO_1R1W  |        0|  8|   1|    0|     7|    8|     1|           56|
    |buf_V_49_U  |StreamingMaxPool_Precision_14u_2u_50u_ap_uint_8_0_400_s_buf_V_RAM_AUTO_1R1W  |        0|  8|   1|    0|     7|    8|     1|           56|
    +------------+-----------------------------------------------------------------------------+---------+---+----+-----+------+-----+------+-------------+
    |Total       |                                                                             |        0|400|  50|    0|   350|  400|    50|         2800|
    +------------+-----------------------------------------------------------------------------+---------+---+----+-----+------+-----+------+-------------+

    * FIFO: 
    N/A

    * Expression: 
    +------------------------------------------------------------------------------+----------+----+---+----+------------+------------+
    |                                 Variable Name                                | Operation| DSP| FF| LUT| Bitwidth P0| Bitwidth P1|
    +------------------------------------------------------------------------------+----------+----+---+----+------------+------------+
    |add_ln155_fu_1175_p2                                                          |         +|   0|  0|  12|           4|           1|
    |add_ln156_fu_1249_p2                                                          |         +|   0|  0|  10|           3|           1|
    |yp_2_fu_1163_p2                                                               |         +|   0|  0|  10|           3|           1|
    |grp_StreamingMaxPool_Precision_Pipeline_VITIS_LOOP_174_8_fu_986_out_V_TREADY  |       and|   0|  0|   2|           1|           1|
    |icmp_ln154_fu_1157_p2                                                         |      icmp|   0|  0|   8|           3|           2|
    |icmp_ln155_fu_1169_p2                                                         |      icmp|   0|  0|   9|           4|           3|
    |icmp_ln156_fu_1181_p2                                                         |      icmp|   0|  0|   8|           3|           2|
    |select_ln155_fu_1187_p3                                                       |    select|   0|  0|   3|           1|           1|
    +------------------------------------------------------------------------------+----------+----+---+----+------------+------------+
    |Total                                                                         |          |   0|  0|  62|          22|          12|
    +------------------------------------------------------------------------------+----------+----+---+----+------------+------------+

    * Multiplexer: 
    +------------------------+----+-----------+-----+-----------+
    |          Name          | LUT| Input Size| Bits| Total Bits|
    +------------------------+----+-----------+-----+-----------+
    |ap_NS_fsm               |  49|          9|    1|          9|
    |buf_V_10_address0       |  26|          5|    3|         15|
    |buf_V_10_ce0            |  26|          5|    1|          5|
    |buf_V_10_d0             |  20|          4|    8|         32|
    |buf_V_10_we0            |  20|          4|    1|          4|
    |buf_V_11_address0       |  26|          5|    3|         15|
    |buf_V_11_ce0            |  26|          5|    1|          5|
    |buf_V_11_d0             |  20|          4|    8|         32|
    |buf_V_11_we0            |  20|          4|    1|          4|
    |buf_V_12_address0       |  26|          5|    3|         15|
    |buf_V_12_ce0            |  26|          5|    1|          5|
    |buf_V_12_d0             |  20|          4|    8|         32|
    |buf_V_12_we0            |  20|          4|    1|          4|
    |buf_V_13_address0       |  26|          5|    3|         15|
    |buf_V_13_ce0            |  26|          5|    1|          5|
    |buf_V_13_d0             |  20|          4|    8|         32|
    |buf_V_13_we0            |  20|          4|    1|          4|
    |buf_V_14_address0       |  26|          5|    3|         15|
    |buf_V_14_ce0            |  26|          5|    1|          5|
    |buf_V_14_d0             |  20|          4|    8|         32|
    |buf_V_14_we0            |  20|          4|    1|          4|
    |buf_V_15_address0       |  26|          5|    3|         15|
    |buf_V_15_ce0            |  26|          5|    1|          5|
    |buf_V_15_d0             |  20|          4|    8|         32|
    |buf_V_15_we0            |  20|          4|    1|          4|
    |buf_V_16_address0       |  26|          5|    3|         15|
    |buf_V_16_ce0            |  26|          5|    1|          5|
    |buf_V_16_d0             |  20|          4|    8|         32|
    |buf_V_16_we0            |  20|          4|    1|          4|
    |buf_V_17_address0       |  26|          5|    3|         15|
    |buf_V_17_ce0            |  26|          5|    1|          5|
    |buf_V_17_d0             |  20|          4|    8|         32|
    |buf_V_17_we0            |  20|          4|    1|          4|
    |buf_V_18_address0       |  26|          5|    3|         15|
    |buf_V_18_ce0            |  26|          5|    1|          5|
    |buf_V_18_d0             |  20|          4|    8|         32|
    |buf_V_18_we0            |  20|          4|    1|          4|
    |buf_V_19_address0       |  26|          5|    3|         15|
    |buf_V_19_ce0            |  26|          5|    1|          5|
    |buf_V_19_d0             |  20|          4|    8|         32|
    |buf_V_19_we0            |  20|          4|    1|          4|
    |buf_V_1_address0        |  26|          5|    3|         15|
    |buf_V_1_ce0             |  26|          5|    1|          5|
    |buf_V_1_d0              |  20|          4|    8|         32|
    |buf_V_1_we0             |  20|          4|    1|          4|
    |buf_V_20_address0       |  26|          5|    3|         15|
    |buf_V_20_ce0            |  26|          5|    1|          5|
    |buf_V_20_d0             |  20|          4|    8|         32|
    |buf_V_20_we0            |  20|          4|    1|          4|
    |buf_V_21_address0       |  26|          5|    3|         15|
    |buf_V_21_ce0            |  26|          5|    1|          5|
    |buf_V_21_d0             |  20|          4|    8|         32|
    |buf_V_21_we0            |  20|          4|    1|          4|
    |buf_V_22_address0       |  26|          5|    3|         15|
    |buf_V_22_ce0            |  26|          5|    1|          5|
    |buf_V_22_d0             |  20|          4|    8|         32|
    |buf_V_22_we0            |  20|          4|    1|          4|
    |buf_V_23_address0       |  26|          5|    3|         15|
    |buf_V_23_ce0            |  26|          5|    1|          5|
    |buf_V_23_d0             |  20|          4|    8|         32|
    |buf_V_23_we0            |  20|          4|    1|          4|
    |buf_V_24_address0       |  26|          5|    3|         15|
    |buf_V_24_ce0            |  26|          5|    1|          5|
    |buf_V_24_d0             |  20|          4|    8|         32|
    |buf_V_24_we0            |  20|          4|    1|          4|
    |buf_V_25_address0       |  26|          5|    3|         15|
    |buf_V_25_ce0            |  26|          5|    1|          5|
    |buf_V_25_d0             |  20|          4|    8|         32|
    |buf_V_25_we0            |  20|          4|    1|          4|
    |buf_V_26_address0       |  26|          5|    3|         15|
    |buf_V_26_ce0            |  26|          5|    1|          5|
    |buf_V_26_d0             |  20|          4|    8|         32|
    |buf_V_26_we0            |  20|          4|    1|          4|
    |buf_V_27_address0       |  26|          5|    3|         15|
    |buf_V_27_ce0            |  26|          5|    1|          5|
    |buf_V_27_d0             |  20|          4|    8|         32|
    |buf_V_27_we0            |  20|          4|    1|          4|
    |buf_V_28_address0       |  26|          5|    3|         15|
    |buf_V_28_ce0            |  26|          5|    1|          5|
    |buf_V_28_d0             |  20|          4|    8|         32|
    |buf_V_28_we0            |  20|          4|    1|          4|
    |buf_V_29_address0       |  26|          5|    3|         15|
    |buf_V_29_ce0            |  26|          5|    1|          5|
    |buf_V_29_d0             |  20|          4|    8|         32|
    |buf_V_29_we0            |  20|          4|    1|          4|
    |buf_V_2_address0        |  26|          5|    3|         15|
    |buf_V_2_ce0             |  26|          5|    1|          5|
    |buf_V_2_d0              |  20|          4|    8|         32|
    |buf_V_2_we0             |  20|          4|    1|          4|
    |buf_V_30_address0       |  26|          5|    3|         15|
    |buf_V_30_ce0            |  26|          5|    1|          5|
    |buf_V_30_d0             |  20|          4|    8|         32|
    |buf_V_30_we0            |  20|          4|    1|          4|
    |buf_V_31_address0       |  26|          5|    3|         15|
    |buf_V_31_ce0            |  26|          5|    1|          5|
    |buf_V_31_d0             |  20|          4|    8|         32|
    |buf_V_31_we0            |  20|          4|    1|          4|
    |buf_V_32_address0       |  26|          5|    3|         15|
    |buf_V_32_ce0            |  26|          5|    1|          5|
    |buf_V_32_d0             |  20|          4|    8|         32|
    |buf_V_32_we0            |  20|          4|    1|          4|
    |buf_V_33_address0       |  26|          5|    3|         15|
    |buf_V_33_ce0            |  26|          5|    1|          5|
    |buf_V_33_d0             |  20|          4|    8|         32|
    |buf_V_33_we0            |  20|          4|    1|          4|
    |buf_V_34_address0       |  26|          5|    3|         15|
    |buf_V_34_ce0            |  26|          5|    1|          5|
    |buf_V_34_d0             |  20|          4|    8|         32|
    |buf_V_34_we0            |  20|          4|    1|          4|
    |buf_V_35_address0       |  26|          5|    3|         15|
    |buf_V_35_ce0            |  26|          5|    1|          5|
    |buf_V_35_d0             |  20|          4|    8|         32|
    |buf_V_35_we0            |  20|          4|    1|          4|
    |buf_V_36_address0       |  26|          5|    3|         15|
    |buf_V_36_ce0            |  26|          5|    1|          5|
    |buf_V_36_d0             |  20|          4|    8|         32|
    |buf_V_36_we0            |  20|          4|    1|          4|
    |buf_V_37_address0       |  26|          5|    3|         15|
    |buf_V_37_ce0            |  26|          5|    1|          5|
    |buf_V_37_d0             |  20|          4|    8|         32|
    |buf_V_37_we0            |  20|          4|    1|          4|
    |buf_V_38_address0       |  26|          5|    3|         15|
    |buf_V_38_ce0            |  26|          5|    1|          5|
    |buf_V_38_d0             |  20|          4|    8|         32|
    |buf_V_38_we0            |  20|          4|    1|          4|
    |buf_V_39_address0       |  26|          5|    3|         15|
    |buf_V_39_ce0            |  26|          5|    1|          5|
    |buf_V_39_d0             |  20|          4|    8|         32|
    |buf_V_39_we0            |  20|          4|    1|          4|
    |buf_V_3_address0        |  26|          5|    3|         15|
    |buf_V_3_ce0             |  26|          5|    1|          5|
    |buf_V_3_d0              |  20|          4|    8|         32|
    |buf_V_3_we0             |  20|          4|    1|          4|
    |buf_V_40_address0       |  26|          5|    3|         15|
    |buf_V_40_ce0            |  26|          5|    1|          5|
    |buf_V_40_d0             |  20|          4|    8|         32|
    |buf_V_40_we0            |  20|          4|    1|          4|
    |buf_V_41_address0       |  26|          5|    3|         15|
    |buf_V_41_ce0            |  26|          5|    1|          5|
    |buf_V_41_d0             |  20|          4|    8|         32|
    |buf_V_41_we0            |  20|          4|    1|          4|
    |buf_V_42_address0       |  26|          5|    3|         15|
    |buf_V_42_ce0            |  26|          5|    1|          5|
    |buf_V_42_d0             |  20|          4|    8|         32|
    |buf_V_42_we0            |  20|          4|    1|          4|
    |buf_V_43_address0       |  26|          5|    3|         15|
    |buf_V_43_ce0            |  26|          5|    1|          5|
    |buf_V_43_d0             |  20|          4|    8|         32|
    |buf_V_43_we0            |  20|          4|    1|          4|
    |buf_V_44_address0       |  26|          5|    3|         15|
    |buf_V_44_ce0            |  26|          5|    1|          5|
    |buf_V_44_d0             |  20|          4|    8|         32|
    |buf_V_44_we0            |  20|          4|    1|          4|
    |buf_V_45_address0       |  26|          5|    3|         15|
    |buf_V_45_ce0            |  26|          5|    1|          5|
    |buf_V_45_d0             |  20|          4|    8|         32|
    |buf_V_45_we0            |  20|          4|    1|          4|
    |buf_V_46_address0       |  26|          5|    3|         15|
    |buf_V_46_ce0            |  26|          5|    1|          5|
    |buf_V_46_d0             |  20|          4|    8|         32|
    |buf_V_46_we0            |  20|          4|    1|          4|
    |buf_V_47_address0       |  26|          5|    3|         15|
    |buf_V_47_ce0            |  26|          5|    1|          5|
    |buf_V_47_d0             |  20|          4|    8|         32|
    |buf_V_47_we0            |  20|          4|    1|          4|
    |buf_V_48_address0       |  26|          5|    3|         15|
    |buf_V_48_ce0            |  26|          5|    1|          5|
    |buf_V_48_d0             |  20|          4|    8|         32|
    |buf_V_48_we0            |  20|          4|    1|          4|
    |buf_V_49_address0       |  26|          5|    3|         15|
    |buf_V_49_ce0            |  26|          5|    1|          5|
    |buf_V_49_d0             |  20|          4|    8|         32|
    |buf_V_49_we0            |  20|          4|    1|          4|
    |buf_V_4_address0        |  26|          5|    3|         15|
    |buf_V_4_ce0             |  26|          5|    1|          5|
    |buf_V_4_d0              |  20|          4|    8|         32|
    |buf_V_4_we0             |  20|          4|    1|          4|
    |buf_V_5_address0        |  26|          5|    3|         15|
    |buf_V_5_ce0             |  26|          5|    1|          5|
    |buf_V_5_d0              |  20|          4|    8|         32|
    |buf_V_5_we0             |  20|          4|    1|          4|
    |buf_V_6_address0        |  26|          5|    3|         15|
    |buf_V_6_ce0             |  26|          5|    1|          5|
    |buf_V_6_d0              |  20|          4|    8|         32|
    |buf_V_6_we0             |  20|          4|    1|          4|
    |buf_V_7_address0        |  26|          5|    3|         15|
    |buf_V_7_ce0             |  26|          5|    1|          5|
    |buf_V_7_d0              |  20|          4|    8|         32|
    |buf_V_7_we0             |  20|          4|    1|          4|
    |buf_V_8_address0        |  26|          5|    3|         15|
    |buf_V_8_ce0             |  26|          5|    1|          5|
    |buf_V_8_d0              |  20|          4|    8|         32|
    |buf_V_8_we0             |  20|          4|    1|          4|
    |buf_V_9_address0        |  26|          5|    3|         15|
    |buf_V_9_ce0             |  26|          5|    1|          5|
    |buf_V_9_d0              |  20|          4|    8|         32|
    |buf_V_9_we0             |  20|          4|    1|          4|
    |buf_V_address0          |  26|          5|    3|         15|
    |buf_V_ce0               |  26|          5|    1|          5|
    |buf_V_d0                |  20|          4|    8|         32|
    |buf_V_we0               |  20|          4|    1|          4|
    |in0_V_TREADY            |   9|          2|    1|          2|
    |indvar_flatten_reg_860  |   9|          2|    4|          8|
    |xp_reg_871              |   9|          2|    3|          6|
    |yp_fu_56                |   9|          2|    3|          6|
    +------------------------+----+-----------+-----+-----------+
    |Total                   |4685|        917|  662|       2831|
    +------------------------+----+-----------+-----+-----------+

    * Register: 
    +-------------------------------------------------------------------------------+---+----+-----+-----------+
    |                                      Name                                     | FF| LUT| Bits| Const Bits|
    +-------------------------------------------------------------------------------+---+----+-----+-----------+
    |add_ln155_reg_1277                                                             |  4|   0|    4|          0|
    |add_ln156_reg_1537                                                             |  3|   0|    3|          0|
    |ap_CS_fsm                                                                      |  8|   0|    8|          0|
    |buf_V_10_load_reg_1592                                                         |  8|   0|    8|          0|
    |buf_V_11_load_reg_1597                                                         |  8|   0|    8|          0|
    |buf_V_12_load_reg_1602                                                         |  8|   0|    8|          0|
    |buf_V_13_load_reg_1607                                                         |  8|   0|    8|          0|
    |buf_V_14_load_reg_1612                                                         |  8|   0|    8|          0|
    |buf_V_15_load_reg_1617                                                         |  8|   0|    8|          0|
    |buf_V_16_load_reg_1622                                                         |  8|   0|    8|          0|
    |buf_V_17_load_reg_1627                                                         |  8|   0|    8|          0|
    |buf_V_18_load_reg_1632                                                         |  8|   0|    8|          0|
    |buf_V_19_load_reg_1637                                                         |  8|   0|    8|          0|
    |buf_V_1_load_reg_1547                                                          |  8|   0|    8|          0|
    |buf_V_20_load_reg_1642                                                         |  8|   0|    8|          0|
    |buf_V_21_load_reg_1647                                                         |  8|   0|    8|          0|
    |buf_V_22_load_reg_1652                                                         |  8|   0|    8|          0|
    |buf_V_23_load_reg_1657                                                         |  8|   0|    8|          0|
    |buf_V_24_load_reg_1662                                                         |  8|   0|    8|          0|
    |buf_V_25_load_reg_1667                                                         |  8|   0|    8|          0|
    |buf_V_26_load_reg_1672                                                         |  8|   0|    8|          0|
    |buf_V_27_load_reg_1677                                                         |  8|   0|    8|          0|
    |buf_V_28_load_reg_1682                                                         |  8|   0|    8|          0|
    |buf_V_29_load_reg_1687                                                         |  8|   0|    8|          0|
    |buf_V_2_load_reg_1552                                                          |  8|   0|    8|          0|
    |buf_V_30_load_reg_1692                                                         |  8|   0|    8|          0|
    |buf_V_31_load_reg_1697                                                         |  8|   0|    8|          0|
    |buf_V_32_load_reg_1702                                                         |  8|   0|    8|          0|
    |buf_V_33_load_reg_1707                                                         |  8|   0|    8|          0|
    |buf_V_34_load_reg_1712                                                         |  8|   0|    8|          0|
    |buf_V_35_load_reg_1717                                                         |  8|   0|    8|          0|
    |buf_V_36_load_reg_1722                                                         |  8|   0|    8|          0|
    |buf_V_37_load_reg_1727                                                         |  8|   0|    8|          0|
    |buf_V_38_load_reg_1732                                                         |  8|   0|    8|          0|
    |buf_V_39_load_reg_1737                                                         |  8|   0|    8|          0|
    |buf_V_3_load_reg_1557                                                          |  8|   0|    8|          0|
    |buf_V_40_load_reg_1742                                                         |  8|   0|    8|          0|
    |buf_V_41_load_reg_1747                                                         |  8|   0|    8|          0|
    |buf_V_42_load_reg_1752                                                         |  8|   0|    8|          0|
    |buf_V_43_load_reg_1757                                                         |  8|   0|    8|          0|
    |buf_V_44_load_reg_1762                                                         |  8|   0|    8|          0|
    |buf_V_45_load_reg_1767                                                         |  8|   0|    8|          0|
    |buf_V_46_load_reg_1772                                                         |  8|   0|    8|          0|
    |buf_V_47_load_reg_1777                                                         |  8|   0|    8|          0|
    |buf_V_48_load_reg_1782                                                         |  8|   0|    8|          0|
    |buf_V_49_load_reg_1787                                                         |  8|   0|    8|          0|
    |buf_V_4_load_reg_1562                                                          |  8|   0|    8|          0|
    |buf_V_5_load_reg_1567                                                          |  8|   0|    8|          0|
    |buf_V_6_load_reg_1572                                                          |  8|   0|    8|          0|
    |buf_V_7_load_reg_1577                                                          |  8|   0|    8|          0|
    |buf_V_8_load_reg_1582                                                          |  8|   0|    8|          0|
    |buf_V_9_load_reg_1587                                                          |  8|   0|    8|          0|
    |buf_V_load_reg_1542                                                            |  8|   0|    8|          0|
    |grp_StreamingMaxPool_Precision_Pipeline_VITIS_LOOP_147_1_fu_882_ap_start_reg   |  1|   0|    1|          0|
    |grp_StreamingMaxPool_Precision_Pipeline_VITIS_LOOP_158_6_fu_1042_ap_start_reg  |  1|   0|    1|          0|
    |grp_StreamingMaxPool_Precision_Pipeline_VITIS_LOOP_174_8_fu_986_ap_start_reg   |  1|   0|    1|          0|
    |indvar_flatten_reg_860                                                         |  4|   0|    4|          0|
    |select_ln155_reg_1282                                                          |  3|   0|    3|          0|
    |xp_reg_871                                                                     |  3|   0|    3|          0|
    |yp_2_reg_1269                                                                  |  3|   0|    3|          0|
    |yp_fu_56                                                                       |  3|   0|    3|          0|
    +-------------------------------------------------------------------------------+---+----+-----+-----------+
    |Total                                                                          |434|   0|  434|          0|
    +-------------------------------------------------------------------------------+---+----+-----+-----------+



================================================================
== Interface
================================================================
* Summary: 
+--------------+-----+-----+------------+--------------------------------------------------------------+--------------+
|   RTL Ports  | Dir | Bits|  Protocol  |                         Source Object                        |    C Type    |
+--------------+-----+-----+------------+--------------------------------------------------------------+--------------+
|ap_clk        |   in|    1|  ap_ctrl_hs|  StreamingMaxPool_Precision<14u, 2u, 50u, ap_uint<8>, 0, 400>|  return value|
|ap_rst        |   in|    1|  ap_ctrl_hs|  StreamingMaxPool_Precision<14u, 2u, 50u, ap_uint<8>, 0, 400>|  return value|
|ap_start      |   in|    1|  ap_ctrl_hs|  StreamingMaxPool_Precision<14u, 2u, 50u, ap_uint<8>, 0, 400>|  return value|
|ap_done       |  out|    1|  ap_ctrl_hs|  StreamingMaxPool_Precision<14u, 2u, 50u, ap_uint<8>, 0, 400>|  return value|
|ap_idle       |  out|    1|  ap_ctrl_hs|  StreamingMaxPool_Precision<14u, 2u, 50u, ap_uint<8>, 0, 400>|  return value|
|ap_ready      |  out|    1|  ap_ctrl_hs|  StreamingMaxPool_Precision<14u, 2u, 50u, ap_uint<8>, 0, 400>|  return value|
|in0_V_TDATA   |   in|  400|        axis|                                                         in0_V|       pointer|
|in0_V_TVALID  |   in|    1|        axis|                                                         in0_V|       pointer|
|in0_V_TREADY  |  out|    1|        axis|                                                         in0_V|       pointer|
|out_V_TDATA   |  out|  400|        axis|                                                         out_V|       pointer|
|out_V_TVALID  |  out|    1|        axis|                                                         out_V|       pointer|
|out_V_TREADY  |   in|    1|        axis|                                                         out_V|       pointer|
+--------------+-----+-----+------------+--------------------------------------------------------------+--------------+

