Thu Jun 19 12:41:22 2025: Running xcd server. This server was built by gradle.
Thu Jun 19 12:41:22 2025: Server was asked to start on port: '39253'
Thu Jun 19 12:41:22 2025: Server is using token UUID: 'aae9c3b1-eb72-43b0-8333-cd784b387c48'
Thu Jun 19 12:41:22 2025: SESSION_MGR: creating session with session uuid: '6d04a3e9-ade5-4ab9-8d63-1f78fcd2ec76' and name 'default'
Thu Jun 19 12:41:22 2025: Attempting to start server on port '39253'
Thu Jun 19 12:41:22 2025: XCD main fifo: created main fifo '/tmp/xcdmainaae9c3b1-eb72-43b0-8333-cd784b387c48', fd read = 12
Thu Jun 19 12:41:22 2025: Running Dispatch Server
Thu Jun 19 12:41:22 2025: Version 2.2.0
Thu Jun 19 12:41:31 2025: Dispatch Server: Accepted socket connection from client
Thu Jun 19 12:41:31 2025: Starting Socket connection
Thu Jun 19 12:41:31 2025: EXCHANGE_TOKEN received, server token: aae9c3b1-eb72-43b0-8333-cd784b387c48, passed token: aae9c3b1-eb72-43b0-8333-cd784b387c48
Thu Jun 19 12:41:31 2025: SESSION_MGR: creating session with session uuid: 'be16ae21-cf3a-45a0-bf7c-134793c24e1c' and name 'vitis_hls'
Thu Jun 19 12:41:31 2025: KERNEL_SVC: creating session with uuid: 'be16ae21-cf3a-45a0-bf7c-134793c24e1c' and name 'vitis_hls'
Thu Jun 19 12:41:31 2025: GUIDANCE_SMGR: creating guidance session with uuid: 'be16ae21-cf3a-45a0-bf7c-134793c24e1c' and name 'vitis_hls'
Thu Jun 19 12:41:55 2025: STOP_SERVER received, server token: aae9c3b1-eb72-43b0-8333-cd784b387c48, passed token: aae9c3b1-eb72-43b0-8333-cd784b387c48
Thu Jun 19 12:41:55 2025: Socket received request to stop server.
Thu Jun 19 12:41:55 2025: Dispatch Server: do_await_stop
Thu Jun 19 12:41:55 2025: Dispatch Server: stopping mainFifo_
Thu Jun 19 12:41:55 2025: XCD main fifo: Stopping
Thu Jun 19 12:41:55 2025: XCD main fifo: do_read error code: Operation canceled
Thu Jun 19 12:41:55 2025: XCD main fifo: bytes_transferred: 0
Thu Jun 19 12:41:55 2025: SERVER: destructor for server bound to port 39253
Thu Jun 19 12:41:55 2025: XCD main fifo: Good unlink of /tmp/xcdmainaae9c3b1-eb72-43b0-8333-cd784b387c48
Thu Jun 19 12:41:55 2025: Server exiting with status 0.
Thu Jun 19 12:41:55 2025: Closing log file.
