Thu Jun 19 12:15:03 2025: Running xcd server. This server was built by gradle.
Thu Jun 19 12:15:03 2025: Server was asked to start on port: '33475'
Thu Jun 19 12:15:03 2025: Server is using token UUID: 'a560e44b-4b96-4319-bde9-d7a416515201'
Thu Jun 19 12:15:03 2025: SESSION_MGR: creating session with session uuid: '6d04a3e9-ade5-4ab9-8d63-1f78fcd2ec76' and name 'default'
Thu Jun 19 12:15:03 2025: Attempting to start server on port '33475'
Thu Jun 19 12:15:03 2025: XCD main fifo: created main fifo '/tmp/xcdmaina560e44b-4b96-4319-bde9-d7a416515201', fd read = 12
Thu Jun 19 12:15:03 2025: Running Dispatch Server
Thu Jun 19 12:15:03 2025: Version 2.2.0
Thu Jun 19 12:15:12 2025: Dispatch Server: Accepted socket connection from client
Thu Jun 19 12:15:12 2025: Starting Socket connection
Thu Jun 19 12:15:12 2025: EXCHANGE_TOKEN received, server token: a560e44b-4b96-4319-bde9-d7a416515201, passed token: a560e44b-4b96-4319-bde9-d7a416515201
Thu Jun 19 12:15:12 2025: SESSION_MGR: creating session with session uuid: 'a79f9fa9-9d71-439f-9ee7-2d61edbd6678' and name 'vitis_hls'
Thu Jun 19 12:15:12 2025: KERNEL_SVC: creating session with uuid: 'a79f9fa9-9d71-439f-9ee7-2d61edbd6678' and name 'vitis_hls'
Thu Jun 19 12:15:12 2025: GUIDANCE_SMGR: creating guidance session with uuid: 'a79f9fa9-9d71-439f-9ee7-2d61edbd6678' and name 'vitis_hls'
Thu Jun 19 12:23:16 2025: Dispatch Server: do_await_stop
Thu Jun 19 12:23:16 2025: Dispatch Server: stopping mainFifo_
Thu Jun 19 12:23:16 2025: XCD main fifo: Stopping
Thu Jun 19 12:23:16 2025: XCD main fifo: do_read error code: Operation canceled
Thu Jun 19 12:23:16 2025: XCD main fifo: bytes_transferred: 0
Thu Jun 19 12:23:16 2025: SERVER: destructor for server bound to port 33475
Thu Jun 19 12:23:16 2025: XCD main fifo: Good unlink of /tmp/xcdmaina560e44b-4b96-4319-bde9-d7a416515201
Thu Jun 19 12:23:16 2025: Server exiting with status 0.
Thu Jun 19 12:23:16 2025: Closing log file.
