

================================================================
== Vitis HLS Report for 'StreamingMaxPool_hls_0'
================================================================
* Date:           Thu Jun 19 12:15:19 2025

* Version:        2022.2 (Build 3670227 on Oct 13 2022)
* Project:        project_StreamingMaxPool_hls_0
* Solution:       sol1 (Vivado IP Flow Target)
* Product family: zynquplus
* Target device:  xczu7ev-ffvc1156-2-e


================================================================
== Performance Estimates
================================================================
+ Timing: 
    * Summary: 
    +--------+----------+----------+------------+
    |  Clock |  Target  | Estimated| Uncertainty|
    +--------+----------+----------+------------+
    |ap_clk  |  10.00 ns|  2.346 ns|     2.70 ns|
    +--------+----------+----------+------------+

+ Latency: 
    * Summary: 
    +---------+---------+-----------+-----------+------+------+---------+
    |  Latency (cycles) |   Latency (absolute)  |   Interval  | Pipeline|
    |   min   |   max   |    min    |    max    |  min |  max |   Type  |
    +---------+---------+-----------+-----------+------+------+---------+
    |     3423|     3423|  34.230 us|  34.230 us|  3424|  3424|       no|
    +---------+---------+-----------+-----------+------+------+---------+

    + Detail: 
        * Instance: 
        +-------------------------------------------------------------------+---------------------------------------------------------+---------+---------+-----------+-----------+------+------+---------+
        |                                                                   |                                                         |  Latency (cycles) |   Latency (absolute)  |   Interval  | Pipeline|
        |                              Instance                             |                          Module                         |   min   |   max   |    min    |    max    |  min |  max |   Type  |
        +-------------------------------------------------------------------+---------------------------------------------------------+---------+---------+-----------+-----------+------+------+---------+
        |grp_StreamingMaxPool_Precision_28u_2u_20u_ap_uint_8_0_160_s_fu_28  |StreamingMaxPool_Precision_28u_2u_20u_ap_uint_8_0_160_s  |     3420|     3420|  34.200 us|  34.200 us|  3420|  3420|       no|
        +-------------------------------------------------------------------+---------------------------------------------------------+---------+---------+-----------+-----------+------+------+---------+

        * Loop: 
        N/A



================================================================
== Utilization Estimates
================================================================
* Summary: 
+-----------------+---------+------+--------+--------+-----+
|       Name      | BRAM_18K|  DSP |   FF   |   LUT  | URAM|
+-----------------+---------+------+--------+--------+-----+
|DSP              |        -|     -|       -|       -|    -|
|Expression       |        -|     -|       0|       2|    -|
|FIFO             |        -|     -|       -|       -|    -|
|Instance         |        0|     -|     541|    2971|    0|
|Memory           |        -|     -|       -|       -|    -|
|Multiplexer      |        -|     -|       -|      35|    -|
|Register         |        -|     -|       5|       -|    -|
+-----------------+---------+------+--------+--------+-----+
|Total            |        0|     0|     546|    3008|    0|
+-----------------+---------+------+--------+--------+-----+
|Available        |      624|  1728|  460800|  230400|   96|
+-----------------+---------+------+--------+--------+-----+
|Utilization (%)  |        0|     0|      ~0|       1|    0|
+-----------------+---------+------+--------+--------+-----+

+ Detail: 
    * Instance: 
    +-------------------------------------------------------------------+---------------------------------------------------------+---------+----+-----+------+-----+
    |                              Instance                             |                          Module                         | BRAM_18K| DSP|  FF |  LUT | URAM|
    +-------------------------------------------------------------------+---------------------------------------------------------+---------+----+-----+------+-----+
    |grp_StreamingMaxPool_Precision_28u_2u_20u_ap_uint_8_0_160_s_fu_28  |StreamingMaxPool_Precision_28u_2u_20u_ap_uint_8_0_160_s  |        0|   0|  541|  2971|    0|
    +-------------------------------------------------------------------+---------------------------------------------------------+---------+----+-----+------+-----+
    |Total                                                              |                                                         |        0|   0|  541|  2971|    0|
    +-------------------------------------------------------------------+---------------------------------------------------------+---------+----+-----+------+-----+

    * DSP: 
    N/A

    * Memory: 
    N/A

    * FIFO: 
    N/A

    * Expression: 
    +--------------------------------------------------------------------------------+----------+----+---+----+------------+------------+
    |                                  Variable Name                                 | Operation| DSP| FF| LUT| Bitwidth P0| Bitwidth P1|
    +--------------------------------------------------------------------------------+----------+----+---+----+------------+------------+
    |grp_StreamingMaxPool_Precision_28u_2u_20u_ap_uint_8_0_160_s_fu_28_out_V_TREADY  |       and|   0|  0|   2|           1|           1|
    +--------------------------------------------------------------------------------+----------+----+---+----+------------+------------+
    |Total                                                                           |          |   0|  0|   2|           1|           1|
    +--------------------------------------------------------------------------------+----------+----+---+----+------------+------------+

    * Multiplexer: 
    +---------------------------+----+-----------+-----+-----------+
    |            Name           | LUT| Input Size| Bits| Total Bits|
    +---------------------------+----+-----------+-----+-----------+
    |ap_NS_fsm                  |  26|          5|    1|          5|
    |in0_V_TREADY_int_regslice  |   9|          2|    1|          2|
    +---------------------------+----+-----------+-----+-----------+
    |Total                      |  35|          7|    2|          7|
    +---------------------------+----+-----------+-----+-----------+

    * Register: 
    +--------------------------------------------------------------------------------+---+----+-----+-----------+
    |                                      Name                                      | FF| LUT| Bits| Const Bits|
    +--------------------------------------------------------------------------------+---+----+-----+-----------+
    |ap_CS_fsm                                                                       |  4|   0|    4|          0|
    |grp_StreamingMaxPool_Precision_28u_2u_20u_ap_uint_8_0_160_s_fu_28_ap_start_reg  |  1|   0|    1|          0|
    +--------------------------------------------------------------------------------+---+----+-----+-----------+
    |Total                                                                           |  5|   0|    5|          0|
    +--------------------------------------------------------------------------------+---+----+-----+-----------+



================================================================
== Interface
================================================================
* Summary: 
+--------------+-----+-----+--------------+------------------------+--------------+
|   RTL Ports  | Dir | Bits|   Protocol   |      Source Object     |    C Type    |
+--------------+-----+-----+--------------+------------------------+--------------+
|ap_clk        |   in|    1|  ap_ctrl_none|  StreamingMaxPool_hls_0|  return value|
|ap_rst_n      |   in|    1|  ap_ctrl_none|  StreamingMaxPool_hls_0|  return value|
|in0_V_TDATA   |   in|  160|          axis|                   in0_V|       pointer|
|in0_V_TVALID  |   in|    1|          axis|                   in0_V|       pointer|
|in0_V_TREADY  |  out|    1|          axis|                   in0_V|       pointer|
|out_V_TDATA   |  out|  160|          axis|                   out_V|       pointer|
|out_V_TVALID  |  out|    1|          axis|                   out_V|       pointer|
|out_V_TREADY  |   in|    1|          axis|                   out_V|       pointer|
+--------------+-----+-----+--------------+------------------------+--------------+

