

================================================================
== Vitis HLS Report for 'StreamingMaxPool_Precision_14u_2u_50u_ap_uint_8_0_400_s'
================================================================
* Date:           Thu Jun 19 12:41:38 2025

* Version:        2022.2 (Build 3670227 on Oct 13 2022)
* Project:        project_StreamingMaxPool_hls_1
* Solution:       sol1 (Vivado IP Flow Target)
* Product family: zynquplus
* Target device:  xczu7ev-ffvc1156-2-e


================================================================
== Performance Estimates
================================================================
+ Timing: 
    * Summary: 
    +--------+----------+----------+------------+
    |  Clock |  Target  | Estimated| Uncertainty|
    +--------+----------+----------+------------+
    |ap_clk  |  10.00 ns|  2.346 ns|     2.70 ns|
    +--------+----------+----------+------------+

+ Latency: 
    * Summary: 
    +---------+---------+----------+----------+-----+-----+---------+
    |  Latency (cycles) |  Latency (absolute) |  Interval | Pipeline|
    |   min   |   max   |    min   |    max   | min | max |   Type  |
    +---------+---------+----------+----------+-----+-----+---------+
    |      879|      879|  8.790 us|  8.790 us|  879|  879|       no|
    +---------+---------+----------+----------+-----+-----+---------+

    + Detail: 
        * Instance: 
        N/A

        * Loop: 
        +--------------------------------------+---------+---------+----------+-----------+-----------+------+----------+
        |                                      |  Latency (cycles) | Iteration|  Initiation Interval  | Trip |          |
        |               Loop Name              |   min   |   max   |  Latency |  achieved |   target  | Count| Pipelined|
        +--------------------------------------+---------+---------+----------+-----------+-----------+------+----------+
        |- VITIS_LOOP_154_3                    |      868|      868|       124|          -|          -|     7|        no|
        | + VITIS_LOOP_155_4_VITIS_LOOP_156_5  |      112|      112|         8|          -|          -|    14|        no|
        +--------------------------------------+---------+---------+----------+-----------+-----------+------+----------+

============================================================
+ Verbose Summary: Synthesis Manager
============================================================
InlineROM: 1
ExposeGlobal: 0
============================================================
+ Verbose Summary: CDFG Model
============================================================
IsTopModel: 0
ResetActiveHigh: 1
IsCombinational: 0
IsDatapathOnly: 0
HasWiredReturn: 1
HasMFsm: 0
HasVarLatency: 1
IsPipeline: 0
IsRtlPipelined: 0
IsInstanceOverlapped: 0
IsDontTouch: 0
HasImplIP: 0
IsGatedGlobalClock: 0


============================================================
+ Verbose Summary: Schedule
============================================================
* Number of FSM states : 8
* Pipeline : 0
* Dataflow Pipeline: 0

* FSM state transitions: 
1 --> 2 
2 --> 3 
3 --> 4 
4 --> 5 8 
5 --> 6 
6 --> 7 
7 --> 4 
8 --> 3 

* FSM state operations: 

State 1 <SV = 0> <Delay = 0.42>
ST_1 : Operation 9 [1/1] (0.00ns)   --->   "%yp = alloca i32 1"   --->   Operation 9 'alloca' 'yp' <Predicate = true> <Delay = 0.00>
ST_1 : Operation 10 [1/1] (0.00ns)   --->   "%buf_V = alloca i64 1" [/home/changhong/prj/finn/deps/finn-hlslib/maxpool.h:145]   --->   Operation 10 'alloca' 'buf_V' <Predicate = true> <Delay = 0.00> <CoreInst = "RAM">   --->   Core 83 'RAM' <Latency = 1> <II = 1> <Delay = 0.67> <Storage> <Opcode : 'load' 'store'> <Ports = 2> <Width = 8> <Depth = 7> <RAM>
ST_1 : Operation 11 [1/1] (0.00ns)   --->   "%buf_V_1 = alloca i64 1" [/home/changhong/prj/finn/deps/finn-hlslib/maxpool.h:145]   --->   Operation 11 'alloca' 'buf_V_1' <Predicate = true> <Delay = 0.00> <CoreInst = "RAM">   --->   Core 83 'RAM' <Latency = 1> <II = 1> <Delay = 0.67> <Storage> <Opcode : 'load' 'store'> <Ports = 2> <Width = 8> <Depth = 7> <RAM>
ST_1 : Operation 12 [1/1] (0.00ns)   --->   "%buf_V_2 = alloca i64 1" [/home/changhong/prj/finn/deps/finn-hlslib/maxpool.h:145]   --->   Operation 12 'alloca' 'buf_V_2' <Predicate = true> <Delay = 0.00> <CoreInst = "RAM">   --->   Core 83 'RAM' <Latency = 1> <II = 1> <Delay = 0.67> <Storage> <Opcode : 'load' 'store'> <Ports = 2> <Width = 8> <Depth = 7> <RAM>
ST_1 : Operation 13 [1/1] (0.00ns)   --->   "%buf_V_3 = alloca i64 1" [/home/changhong/prj/finn/deps/finn-hlslib/maxpool.h:145]   --->   Operation 13 'alloca' 'buf_V_3' <Predicate = true> <Delay = 0.00> <CoreInst = "RAM">   --->   Core 83 'RAM' <Latency = 1> <II = 1> <Delay = 0.67> <Storage> <Opcode : 'load' 'store'> <Ports = 2> <Width = 8> <Depth = 7> <RAM>
ST_1 : Operation 14 [1/1] (0.00ns)   --->   "%buf_V_4 = alloca i64 1" [/home/changhong/prj/finn/deps/finn-hlslib/maxpool.h:145]   --->   Operation 14 'alloca' 'buf_V_4' <Predicate = true> <Delay = 0.00> <CoreInst = "RAM">   --->   Core 83 'RAM' <Latency = 1> <II = 1> <Delay = 0.67> <Storage> <Opcode : 'load' 'store'> <Ports = 2> <Width = 8> <Depth = 7> <RAM>
ST_1 : Operation 15 [1/1] (0.00ns)   --->   "%buf_V_5 = alloca i64 1" [/home/changhong/prj/finn/deps/finn-hlslib/maxpool.h:145]   --->   Operation 15 'alloca' 'buf_V_5' <Predicate = true> <Delay = 0.00> <CoreInst = "RAM">   --->   Core 83 'RAM' <Latency = 1> <II = 1> <Delay = 0.67> <Storage> <Opcode : 'load' 'store'> <Ports = 2> <Width = 8> <Depth = 7> <RAM>
ST_1 : Operation 16 [1/1] (0.00ns)   --->   "%buf_V_6 = alloca i64 1" [/home/changhong/prj/finn/deps/finn-hlslib/maxpool.h:145]   --->   Operation 16 'alloca' 'buf_V_6' <Predicate = true> <Delay = 0.00> <CoreInst = "RAM">   --->   Core 83 'RAM' <Latency = 1> <II = 1> <Delay = 0.67> <Storage> <Opcode : 'load' 'store'> <Ports = 2> <Width = 8> <Depth = 7> <RAM>
ST_1 : Operation 17 [1/1] (0.00ns)   --->   "%buf_V_7 = alloca i64 1" [/home/changhong/prj/finn/deps/finn-hlslib/maxpool.h:145]   --->   Operation 17 'alloca' 'buf_V_7' <Predicate = true> <Delay = 0.00> <CoreInst = "RAM">   --->   Core 83 'RAM' <Latency = 1> <II = 1> <Delay = 0.67> <Storage> <Opcode : 'load' 'store'> <Ports = 2> <Width = 8> <Depth = 7> <RAM>
ST_1 : Operation 18 [1/1] (0.00ns)   --->   "%buf_V_8 = alloca i64 1" [/home/changhong/prj/finn/deps/finn-hlslib/maxpool.h:145]   --->   Operation 18 'alloca' 'buf_V_8' <Predicate = true> <Delay = 0.00> <CoreInst = "RAM">   --->   Core 83 'RAM' <Latency = 1> <II = 1> <Delay = 0.67> <Storage> <Opcode : 'load' 'store'> <Ports = 2> <Width = 8> <Depth = 7> <RAM>
ST_1 : Operation 19 [1/1] (0.00ns)   --->   "%buf_V_9 = alloca i64 1" [/home/changhong/prj/finn/deps/finn-hlslib/maxpool.h:145]   --->   Operation 19 'alloca' 'buf_V_9' <Predicate = true> <Delay = 0.00> <CoreInst = "RAM">   --->   Core 83 'RAM' <Latency = 1> <II = 1> <Delay = 0.67> <Storage> <Opcode : 'load' 'store'> <Ports = 2> <Width = 8> <Depth = 7> <RAM>
ST_1 : Operation 20 [1/1] (0.00ns)   --->   "%buf_V_10 = alloca i64 1" [/home/changhong/prj/finn/deps/finn-hlslib/maxpool.h:145]   --->   Operation 20 'alloca' 'buf_V_10' <Predicate = true> <Delay = 0.00> <CoreInst = "RAM">   --->   Core 83 'RAM' <Latency = 1> <II = 1> <Delay = 0.67> <Storage> <Opcode : 'load' 'store'> <Ports = 2> <Width = 8> <Depth = 7> <RAM>
ST_1 : Operation 21 [1/1] (0.00ns)   --->   "%buf_V_11 = alloca i64 1" [/home/changhong/prj/finn/deps/finn-hlslib/maxpool.h:145]   --->   Operation 21 'alloca' 'buf_V_11' <Predicate = true> <Delay = 0.00> <CoreInst = "RAM">   --->   Core 83 'RAM' <Latency = 1> <II = 1> <Delay = 0.67> <Storage> <Opcode : 'load' 'store'> <Ports = 2> <Width = 8> <Depth = 7> <RAM>
ST_1 : Operation 22 [1/1] (0.00ns)   --->   "%buf_V_12 = alloca i64 1" [/home/changhong/prj/finn/deps/finn-hlslib/maxpool.h:145]   --->   Operation 22 'alloca' 'buf_V_12' <Predicate = true> <Delay = 0.00> <CoreInst = "RAM">   --->   Core 83 'RAM' <Latency = 1> <II = 1> <Delay = 0.67> <Storage> <Opcode : 'load' 'store'> <Ports = 2> <Width = 8> <Depth = 7> <RAM>
ST_1 : Operation 23 [1/1] (0.00ns)   --->   "%buf_V_13 = alloca i64 1" [/home/changhong/prj/finn/deps/finn-hlslib/maxpool.h:145]   --->   Operation 23 'alloca' 'buf_V_13' <Predicate = true> <Delay = 0.00> <CoreInst = "RAM">   --->   Core 83 'RAM' <Latency = 1> <II = 1> <Delay = 0.67> <Storage> <Opcode : 'load' 'store'> <Ports = 2> <Width = 8> <Depth = 7> <RAM>
ST_1 : Operation 24 [1/1] (0.00ns)   --->   "%buf_V_14 = alloca i64 1" [/home/changhong/prj/finn/deps/finn-hlslib/maxpool.h:145]   --->   Operation 24 'alloca' 'buf_V_14' <Predicate = true> <Delay = 0.00> <CoreInst = "RAM">   --->   Core 83 'RAM' <Latency = 1> <II = 1> <Delay = 0.67> <Storage> <Opcode : 'load' 'store'> <Ports = 2> <Width = 8> <Depth = 7> <RAM>
ST_1 : Operation 25 [1/1] (0.00ns)   --->   "%buf_V_15 = alloca i64 1" [/home/changhong/prj/finn/deps/finn-hlslib/maxpool.h:145]   --->   Operation 25 'alloca' 'buf_V_15' <Predicate = true> <Delay = 0.00> <CoreInst = "RAM">   --->   Core 83 'RAM' <Latency = 1> <II = 1> <Delay = 0.67> <Storage> <Opcode : 'load' 'store'> <Ports = 2> <Width = 8> <Depth = 7> <RAM>
ST_1 : Operation 26 [1/1] (0.00ns)   --->   "%buf_V_16 = alloca i64 1" [/home/changhong/prj/finn/deps/finn-hlslib/maxpool.h:145]   --->   Operation 26 'alloca' 'buf_V_16' <Predicate = true> <Delay = 0.00> <CoreInst = "RAM">   --->   Core 83 'RAM' <Latency = 1> <II = 1> <Delay = 0.67> <Storage> <Opcode : 'load' 'store'> <Ports = 2> <Width = 8> <Depth = 7> <RAM>
ST_1 : Operation 27 [1/1] (0.00ns)   --->   "%buf_V_17 = alloca i64 1" [/home/changhong/prj/finn/deps/finn-hlslib/maxpool.h:145]   --->   Operation 27 'alloca' 'buf_V_17' <Predicate = true> <Delay = 0.00> <CoreInst = "RAM">   --->   Core 83 'RAM' <Latency = 1> <II = 1> <Delay = 0.67> <Storage> <Opcode : 'load' 'store'> <Ports = 2> <Width = 8> <Depth = 7> <RAM>
ST_1 : Operation 28 [1/1] (0.00ns)   --->   "%buf_V_18 = alloca i64 1" [/home/changhong/prj/finn/deps/finn-hlslib/maxpool.h:145]   --->   Operation 28 'alloca' 'buf_V_18' <Predicate = true> <Delay = 0.00> <CoreInst = "RAM">   --->   Core 83 'RAM' <Latency = 1> <II = 1> <Delay = 0.67> <Storage> <Opcode : 'load' 'store'> <Ports = 2> <Width = 8> <Depth = 7> <RAM>
ST_1 : Operation 29 [1/1] (0.00ns)   --->   "%buf_V_19 = alloca i64 1" [/home/changhong/prj/finn/deps/finn-hlslib/maxpool.h:145]   --->   Operation 29 'alloca' 'buf_V_19' <Predicate = true> <Delay = 0.00> <CoreInst = "RAM">   --->   Core 83 'RAM' <Latency = 1> <II = 1> <Delay = 0.67> <Storage> <Opcode : 'load' 'store'> <Ports = 2> <Width = 8> <Depth = 7> <RAM>
ST_1 : Operation 30 [1/1] (0.00ns)   --->   "%buf_V_20 = alloca i64 1" [/home/changhong/prj/finn/deps/finn-hlslib/maxpool.h:145]   --->   Operation 30 'alloca' 'buf_V_20' <Predicate = true> <Delay = 0.00> <CoreInst = "RAM">   --->   Core 83 'RAM' <Latency = 1> <II = 1> <Delay = 0.67> <Storage> <Opcode : 'load' 'store'> <Ports = 2> <Width = 8> <Depth = 7> <RAM>
ST_1 : Operation 31 [1/1] (0.00ns)   --->   "%buf_V_21 = alloca i64 1" [/home/changhong/prj/finn/deps/finn-hlslib/maxpool.h:145]   --->   Operation 31 'alloca' 'buf_V_21' <Predicate = true> <Delay = 0.00> <CoreInst = "RAM">   --->   Core 83 'RAM' <Latency = 1> <II = 1> <Delay = 0.67> <Storage> <Opcode : 'load' 'store'> <Ports = 2> <Width = 8> <Depth = 7> <RAM>
ST_1 : Operation 32 [1/1] (0.00ns)   --->   "%buf_V_22 = alloca i64 1" [/home/changhong/prj/finn/deps/finn-hlslib/maxpool.h:145]   --->   Operation 32 'alloca' 'buf_V_22' <Predicate = true> <Delay = 0.00> <CoreInst = "RAM">   --->   Core 83 'RAM' <Latency = 1> <II = 1> <Delay = 0.67> <Storage> <Opcode : 'load' 'store'> <Ports = 2> <Width = 8> <Depth = 7> <RAM>
ST_1 : Operation 33 [1/1] (0.00ns)   --->   "%buf_V_23 = alloca i64 1" [/home/changhong/prj/finn/deps/finn-hlslib/maxpool.h:145]   --->   Operation 33 'alloca' 'buf_V_23' <Predicate = true> <Delay = 0.00> <CoreInst = "RAM">   --->   Core 83 'RAM' <Latency = 1> <II = 1> <Delay = 0.67> <Storage> <Opcode : 'load' 'store'> <Ports = 2> <Width = 8> <Depth = 7> <RAM>
ST_1 : Operation 34 [1/1] (0.00ns)   --->   "%buf_V_24 = alloca i64 1" [/home/changhong/prj/finn/deps/finn-hlslib/maxpool.h:145]   --->   Operation 34 'alloca' 'buf_V_24' <Predicate = true> <Delay = 0.00> <CoreInst = "RAM">   --->   Core 83 'RAM' <Latency = 1> <II = 1> <Delay = 0.67> <Storage> <Opcode : 'load' 'store'> <Ports = 2> <Width = 8> <Depth = 7> <RAM>
ST_1 : Operation 35 [1/1] (0.00ns)   --->   "%buf_V_25 = alloca i64 1" [/home/changhong/prj/finn/deps/finn-hlslib/maxpool.h:145]   --->   Operation 35 'alloca' 'buf_V_25' <Predicate = true> <Delay = 0.00> <CoreInst = "RAM">   --->   Core 83 'RAM' <Latency = 1> <II = 1> <Delay = 0.67> <Storage> <Opcode : 'load' 'store'> <Ports = 2> <Width = 8> <Depth = 7> <RAM>
ST_1 : Operation 36 [1/1] (0.00ns)   --->   "%buf_V_26 = alloca i64 1" [/home/changhong/prj/finn/deps/finn-hlslib/maxpool.h:145]   --->   Operation 36 'alloca' 'buf_V_26' <Predicate = true> <Delay = 0.00> <CoreInst = "RAM">   --->   Core 83 'RAM' <Latency = 1> <II = 1> <Delay = 0.67> <Storage> <Opcode : 'load' 'store'> <Ports = 2> <Width = 8> <Depth = 7> <RAM>
ST_1 : Operation 37 [1/1] (0.00ns)   --->   "%buf_V_27 = alloca i64 1" [/home/changhong/prj/finn/deps/finn-hlslib/maxpool.h:145]   --->   Operation 37 'alloca' 'buf_V_27' <Predicate = true> <Delay = 0.00> <CoreInst = "RAM">   --->   Core 83 'RAM' <Latency = 1> <II = 1> <Delay = 0.67> <Storage> <Opcode : 'load' 'store'> <Ports = 2> <Width = 8> <Depth = 7> <RAM>
ST_1 : Operation 38 [1/1] (0.00ns)   --->   "%buf_V_28 = alloca i64 1" [/home/changhong/prj/finn/deps/finn-hlslib/maxpool.h:145]   --->   Operation 38 'alloca' 'buf_V_28' <Predicate = true> <Delay = 0.00> <CoreInst = "RAM">   --->   Core 83 'RAM' <Latency = 1> <II = 1> <Delay = 0.67> <Storage> <Opcode : 'load' 'store'> <Ports = 2> <Width = 8> <Depth = 7> <RAM>
ST_1 : Operation 39 [1/1] (0.00ns)   --->   "%buf_V_29 = alloca i64 1" [/home/changhong/prj/finn/deps/finn-hlslib/maxpool.h:145]   --->   Operation 39 'alloca' 'buf_V_29' <Predicate = true> <Delay = 0.00> <CoreInst = "RAM">   --->   Core 83 'RAM' <Latency = 1> <II = 1> <Delay = 0.67> <Storage> <Opcode : 'load' 'store'> <Ports = 2> <Width = 8> <Depth = 7> <RAM>
ST_1 : Operation 40 [1/1] (0.00ns)   --->   "%buf_V_30 = alloca i64 1" [/home/changhong/prj/finn/deps/finn-hlslib/maxpool.h:145]   --->   Operation 40 'alloca' 'buf_V_30' <Predicate = true> <Delay = 0.00> <CoreInst = "RAM">   --->   Core 83 'RAM' <Latency = 1> <II = 1> <Delay = 0.67> <Storage> <Opcode : 'load' 'store'> <Ports = 2> <Width = 8> <Depth = 7> <RAM>
ST_1 : Operation 41 [1/1] (0.00ns)   --->   "%buf_V_31 = alloca i64 1" [/home/changhong/prj/finn/deps/finn-hlslib/maxpool.h:145]   --->   Operation 41 'alloca' 'buf_V_31' <Predicate = true> <Delay = 0.00> <CoreInst = "RAM">   --->   Core 83 'RAM' <Latency = 1> <II = 1> <Delay = 0.67> <Storage> <Opcode : 'load' 'store'> <Ports = 2> <Width = 8> <Depth = 7> <RAM>
ST_1 : Operation 42 [1/1] (0.00ns)   --->   "%buf_V_32 = alloca i64 1" [/home/changhong/prj/finn/deps/finn-hlslib/maxpool.h:145]   --->   Operation 42 'alloca' 'buf_V_32' <Predicate = true> <Delay = 0.00> <CoreInst = "RAM">   --->   Core 83 'RAM' <Latency = 1> <II = 1> <Delay = 0.67> <Storage> <Opcode : 'load' 'store'> <Ports = 2> <Width = 8> <Depth = 7> <RAM>
ST_1 : Operation 43 [1/1] (0.00ns)   --->   "%buf_V_33 = alloca i64 1" [/home/changhong/prj/finn/deps/finn-hlslib/maxpool.h:145]   --->   Operation 43 'alloca' 'buf_V_33' <Predicate = true> <Delay = 0.00> <CoreInst = "RAM">   --->   Core 83 'RAM' <Latency = 1> <II = 1> <Delay = 0.67> <Storage> <Opcode : 'load' 'store'> <Ports = 2> <Width = 8> <Depth = 7> <RAM>
ST_1 : Operation 44 [1/1] (0.00ns)   --->   "%buf_V_34 = alloca i64 1" [/home/changhong/prj/finn/deps/finn-hlslib/maxpool.h:145]   --->   Operation 44 'alloca' 'buf_V_34' <Predicate = true> <Delay = 0.00> <CoreInst = "RAM">   --->   Core 83 'RAM' <Latency = 1> <II = 1> <Delay = 0.67> <Storage> <Opcode : 'load' 'store'> <Ports = 2> <Width = 8> <Depth = 7> <RAM>
ST_1 : Operation 45 [1/1] (0.00ns)   --->   "%buf_V_35 = alloca i64 1" [/home/changhong/prj/finn/deps/finn-hlslib/maxpool.h:145]   --->   Operation 45 'alloca' 'buf_V_35' <Predicate = true> <Delay = 0.00> <CoreInst = "RAM">   --->   Core 83 'RAM' <Latency = 1> <II = 1> <Delay = 0.67> <Storage> <Opcode : 'load' 'store'> <Ports = 2> <Width = 8> <Depth = 7> <RAM>
ST_1 : Operation 46 [1/1] (0.00ns)   --->   "%buf_V_36 = alloca i64 1" [/home/changhong/prj/finn/deps/finn-hlslib/maxpool.h:145]   --->   Operation 46 'alloca' 'buf_V_36' <Predicate = true> <Delay = 0.00> <CoreInst = "RAM">   --->   Core 83 'RAM' <Latency = 1> <II = 1> <Delay = 0.67> <Storage> <Opcode : 'load' 'store'> <Ports = 2> <Width = 8> <Depth = 7> <RAM>
ST_1 : Operation 47 [1/1] (0.00ns)   --->   "%buf_V_37 = alloca i64 1" [/home/changhong/prj/finn/deps/finn-hlslib/maxpool.h:145]   --->   Operation 47 'alloca' 'buf_V_37' <Predicate = true> <Delay = 0.00> <CoreInst = "RAM">   --->   Core 83 'RAM' <Latency = 1> <II = 1> <Delay = 0.67> <Storage> <Opcode : 'load' 'store'> <Ports = 2> <Width = 8> <Depth = 7> <RAM>
ST_1 : Operation 48 [1/1] (0.00ns)   --->   "%buf_V_38 = alloca i64 1" [/home/changhong/prj/finn/deps/finn-hlslib/maxpool.h:145]   --->   Operation 48 'alloca' 'buf_V_38' <Predicate = true> <Delay = 0.00> <CoreInst = "RAM">   --->   Core 83 'RAM' <Latency = 1> <II = 1> <Delay = 0.67> <Storage> <Opcode : 'load' 'store'> <Ports = 2> <Width = 8> <Depth = 7> <RAM>
ST_1 : Operation 49 [1/1] (0.00ns)   --->   "%buf_V_39 = alloca i64 1" [/home/changhong/prj/finn/deps/finn-hlslib/maxpool.h:145]   --->   Operation 49 'alloca' 'buf_V_39' <Predicate = true> <Delay = 0.00> <CoreInst = "RAM">   --->   Core 83 'RAM' <Latency = 1> <II = 1> <Delay = 0.67> <Storage> <Opcode : 'load' 'store'> <Ports = 2> <Width = 8> <Depth = 7> <RAM>
ST_1 : Operation 50 [1/1] (0.00ns)   --->   "%buf_V_40 = alloca i64 1" [/home/changhong/prj/finn/deps/finn-hlslib/maxpool.h:145]   --->   Operation 50 'alloca' 'buf_V_40' <Predicate = true> <Delay = 0.00> <CoreInst = "RAM">   --->   Core 83 'RAM' <Latency = 1> <II = 1> <Delay = 0.67> <Storage> <Opcode : 'load' 'store'> <Ports = 2> <Width = 8> <Depth = 7> <RAM>
ST_1 : Operation 51 [1/1] (0.00ns)   --->   "%buf_V_41 = alloca i64 1" [/home/changhong/prj/finn/deps/finn-hlslib/maxpool.h:145]   --->   Operation 51 'alloca' 'buf_V_41' <Predicate = true> <Delay = 0.00> <CoreInst = "RAM">   --->   Core 83 'RAM' <Latency = 1> <II = 1> <Delay = 0.67> <Storage> <Opcode : 'load' 'store'> <Ports = 2> <Width = 8> <Depth = 7> <RAM>
ST_1 : Operation 52 [1/1] (0.00ns)   --->   "%buf_V_42 = alloca i64 1" [/home/changhong/prj/finn/deps/finn-hlslib/maxpool.h:145]   --->   Operation 52 'alloca' 'buf_V_42' <Predicate = true> <Delay = 0.00> <CoreInst = "RAM">   --->   Core 83 'RAM' <Latency = 1> <II = 1> <Delay = 0.67> <Storage> <Opcode : 'load' 'store'> <Ports = 2> <Width = 8> <Depth = 7> <RAM>
ST_1 : Operation 53 [1/1] (0.00ns)   --->   "%buf_V_43 = alloca i64 1" [/home/changhong/prj/finn/deps/finn-hlslib/maxpool.h:145]   --->   Operation 53 'alloca' 'buf_V_43' <Predicate = true> <Delay = 0.00> <CoreInst = "RAM">   --->   Core 83 'RAM' <Latency = 1> <II = 1> <Delay = 0.67> <Storage> <Opcode : 'load' 'store'> <Ports = 2> <Width = 8> <Depth = 7> <RAM>
ST_1 : Operation 54 [1/1] (0.00ns)   --->   "%buf_V_44 = alloca i64 1" [/home/changhong/prj/finn/deps/finn-hlslib/maxpool.h:145]   --->   Operation 54 'alloca' 'buf_V_44' <Predicate = true> <Delay = 0.00> <CoreInst = "RAM">   --->   Core 83 'RAM' <Latency = 1> <II = 1> <Delay = 0.67> <Storage> <Opcode : 'load' 'store'> <Ports = 2> <Width = 8> <Depth = 7> <RAM>
ST_1 : Operation 55 [1/1] (0.00ns)   --->   "%buf_V_45 = alloca i64 1" [/home/changhong/prj/finn/deps/finn-hlslib/maxpool.h:145]   --->   Operation 55 'alloca' 'buf_V_45' <Predicate = true> <Delay = 0.00> <CoreInst = "RAM">   --->   Core 83 'RAM' <Latency = 1> <II = 1> <Delay = 0.67> <Storage> <Opcode : 'load' 'store'> <Ports = 2> <Width = 8> <Depth = 7> <RAM>
ST_1 : Operation 56 [1/1] (0.00ns)   --->   "%buf_V_46 = alloca i64 1" [/home/changhong/prj/finn/deps/finn-hlslib/maxpool.h:145]   --->   Operation 56 'alloca' 'buf_V_46' <Predicate = true> <Delay = 0.00> <CoreInst = "RAM">   --->   Core 83 'RAM' <Latency = 1> <II = 1> <Delay = 0.67> <Storage> <Opcode : 'load' 'store'> <Ports = 2> <Width = 8> <Depth = 7> <RAM>
ST_1 : Operation 57 [1/1] (0.00ns)   --->   "%buf_V_47 = alloca i64 1" [/home/changhong/prj/finn/deps/finn-hlslib/maxpool.h:145]   --->   Operation 57 'alloca' 'buf_V_47' <Predicate = true> <Delay = 0.00> <CoreInst = "RAM">   --->   Core 83 'RAM' <Latency = 1> <II = 1> <Delay = 0.67> <Storage> <Opcode : 'load' 'store'> <Ports = 2> <Width = 8> <Depth = 7> <RAM>
ST_1 : Operation 58 [1/1] (0.00ns)   --->   "%buf_V_48 = alloca i64 1" [/home/changhong/prj/finn/deps/finn-hlslib/maxpool.h:145]   --->   Operation 58 'alloca' 'buf_V_48' <Predicate = true> <Delay = 0.00> <CoreInst = "RAM">   --->   Core 83 'RAM' <Latency = 1> <II = 1> <Delay = 0.67> <Storage> <Opcode : 'load' 'store'> <Ports = 2> <Width = 8> <Depth = 7> <RAM>
ST_1 : Operation 59 [1/1] (0.00ns)   --->   "%buf_V_49 = alloca i64 1" [/home/changhong/prj/finn/deps/finn-hlslib/maxpool.h:145]   --->   Operation 59 'alloca' 'buf_V_49' <Predicate = true> <Delay = 0.00> <CoreInst = "RAM">   --->   Core 83 'RAM' <Latency = 1> <II = 1> <Delay = 0.67> <Storage> <Opcode : 'load' 'store'> <Ports = 2> <Width = 8> <Depth = 7> <RAM>
ST_1 : Operation 60 [2/2] (0.00ns)   --->   "%call_ln0 = call void @StreamingMaxPool_Precision_Pipeline_VITIS_LOOP_147_1, i8 %buf_V, i8 %buf_V_1, i8 %buf_V_2, i8 %buf_V_3, i8 %buf_V_4, i8 %buf_V_5, i8 %buf_V_6, i8 %buf_V_7, i8 %buf_V_8, i8 %buf_V_9, i8 %buf_V_10, i8 %buf_V_11, i8 %buf_V_12, i8 %buf_V_13, i8 %buf_V_14, i8 %buf_V_15, i8 %buf_V_16, i8 %buf_V_17, i8 %buf_V_18, i8 %buf_V_19, i8 %buf_V_20, i8 %buf_V_21, i8 %buf_V_22, i8 %buf_V_23, i8 %buf_V_24, i8 %buf_V_25, i8 %buf_V_26, i8 %buf_V_27, i8 %buf_V_28, i8 %buf_V_29, i8 %buf_V_30, i8 %buf_V_31, i8 %buf_V_32, i8 %buf_V_33, i8 %buf_V_34, i8 %buf_V_35, i8 %buf_V_36, i8 %buf_V_37, i8 %buf_V_38, i8 %buf_V_39, i8 %buf_V_40, i8 %buf_V_41, i8 %buf_V_42, i8 %buf_V_43, i8 %buf_V_44, i8 %buf_V_45, i8 %buf_V_46, i8 %buf_V_47, i8 %buf_V_48, i8 %buf_V_49"   --->   Operation 60 'call' 'call_ln0' <Predicate = true> <Delay = 0.00> <CoreType = "Generic">   --->   Core 0 '' <Latency = 0> <II = 1> <Delay = 1.00> <Generic> <Opcode : >
ST_1 : Operation 61 [1/1] (0.42ns)   --->   "%store_ln154 = store i3 0, i3 %yp" [/home/changhong/prj/finn/deps/finn-hlslib/maxpool.h:154]   --->   Operation 61 'store' 'store_ln154' <Predicate = true> <Delay = 0.42>

State 2 <SV = 1> <Delay = 0.00>
ST_2 : Operation 62 [1/1] (0.00ns)   --->   "%specinterface_ln0 = specinterface void @_ssdm_op_SpecInterface, i400 %out_V, void @empty, i32 0, i32 0, void @empty_0, i32 0, i32 0, void @empty_1, void @empty_1, void @empty_1, i32 0, i32 0, i32 0, i32 0, void @empty_1, void @empty_1, i32 4294967295, i32 0"   --->   Operation 62 'specinterface' 'specinterface_ln0' <Predicate = true> <Delay = 0.00>
ST_2 : Operation 63 [1/1] (0.00ns)   --->   "%specinterface_ln0 = specinterface void @_ssdm_op_SpecInterface, i400 %in0_V, void @empty, i32 0, i32 0, void @empty_0, i32 0, i32 0, void @empty_1, void @empty_1, void @empty_1, i32 0, i32 0, i32 0, i32 0, void @empty_1, void @empty_1, i32 4294967295, i32 0"   --->   Operation 63 'specinterface' 'specinterface_ln0' <Predicate = true> <Delay = 0.00>
ST_2 : Operation 64 [1/2] (0.00ns)   --->   "%call_ln0 = call void @StreamingMaxPool_Precision_Pipeline_VITIS_LOOP_147_1, i8 %buf_V, i8 %buf_V_1, i8 %buf_V_2, i8 %buf_V_3, i8 %buf_V_4, i8 %buf_V_5, i8 %buf_V_6, i8 %buf_V_7, i8 %buf_V_8, i8 %buf_V_9, i8 %buf_V_10, i8 %buf_V_11, i8 %buf_V_12, i8 %buf_V_13, i8 %buf_V_14, i8 %buf_V_15, i8 %buf_V_16, i8 %buf_V_17, i8 %buf_V_18, i8 %buf_V_19, i8 %buf_V_20, i8 %buf_V_21, i8 %buf_V_22, i8 %buf_V_23, i8 %buf_V_24, i8 %buf_V_25, i8 %buf_V_26, i8 %buf_V_27, i8 %buf_V_28, i8 %buf_V_29, i8 %buf_V_30, i8 %buf_V_31, i8 %buf_V_32, i8 %buf_V_33, i8 %buf_V_34, i8 %buf_V_35, i8 %buf_V_36, i8 %buf_V_37, i8 %buf_V_38, i8 %buf_V_39, i8 %buf_V_40, i8 %buf_V_41, i8 %buf_V_42, i8 %buf_V_43, i8 %buf_V_44, i8 %buf_V_45, i8 %buf_V_46, i8 %buf_V_47, i8 %buf_V_48, i8 %buf_V_49"   --->   Operation 64 'call' 'call_ln0' <Predicate = true> <Delay = 0.00> <CoreType = "Generic">   --->   Core 0 '' <Latency = 0> <II = 1> <Delay = 1.00> <Generic> <Opcode : >
ST_2 : Operation 65 [1/1] (0.00ns)   --->   "%br_ln154 = br void %VITIS_LOOP_155_4" [/home/changhong/prj/finn/deps/finn-hlslib/maxpool.h:154]   --->   Operation 65 'br' 'br_ln154' <Predicate = true> <Delay = 0.00>

State 3 <SV = 2> <Delay = 0.67>
ST_3 : Operation 66 [1/1] (0.00ns)   --->   "%yp_1 = load i3 %yp" [/home/changhong/prj/finn/deps/finn-hlslib/maxpool.h:154]   --->   Operation 66 'load' 'yp_1' <Predicate = true> <Delay = 0.00>
ST_3 : Operation 67 [1/1] (0.58ns)   --->   "%icmp_ln154 = icmp_eq  i3 %yp_1, i3 7" [/home/changhong/prj/finn/deps/finn-hlslib/maxpool.h:154]   --->   Operation 67 'icmp' 'icmp_ln154' <Predicate = true> <Delay = 0.58> <CoreInst = "Cmp">   --->   Core 9 'Cmp' <Latency = 0> <II = 1> <Delay = 0.58> <FuncUnit> <Opcode : 'icmp'> <InPorts = 2> <OutPorts = 1>
ST_3 : Operation 68 [1/1] (0.00ns)   --->   "%empty = speclooptripcount i32 @_ssdm_op_SpecLoopTripCount, i64 7, i64 7, i64 7"   --->   Operation 68 'speclooptripcount' 'empty' <Predicate = true> <Delay = 0.00>
ST_3 : Operation 69 [1/1] (0.67ns)   --->   "%yp_2 = add i3 %yp_1, i3 1" [/home/changhong/prj/finn/deps/finn-hlslib/maxpool.h:154]   --->   Operation 69 'add' 'yp_2' <Predicate = true> <Delay = 0.67> <CoreInst = "Adder">   --->   Core 1 'Adder' <Latency = 0> <II = 1> <Delay = 0.67> <FuncUnit> <Opcode : 'add' 'sub'> <InPorts = 2> <OutPorts = 1>
ST_3 : Operation 70 [1/1] (0.00ns)   --->   "%br_ln154 = br i1 %icmp_ln154, void %VITIS_LOOP_155_4.split, void %for.end95" [/home/changhong/prj/finn/deps/finn-hlslib/maxpool.h:154]   --->   Operation 70 'br' 'br_ln154' <Predicate = true> <Delay = 0.00>
ST_3 : Operation 71 [1/1] (0.00ns)   --->   "%specloopname_ln154 = specloopname void @_ssdm_op_SpecLoopName, void @empty_7" [/home/changhong/prj/finn/deps/finn-hlslib/maxpool.h:154]   --->   Operation 71 'specloopname' 'specloopname_ln154' <Predicate = (!icmp_ln154)> <Delay = 0.00>
ST_3 : Operation 72 [1/1] (0.42ns)   --->   "%br_ln155 = br void %VITIS_LOOP_158_6" [/home/changhong/prj/finn/deps/finn-hlslib/maxpool.h:155]   --->   Operation 72 'br' 'br_ln155' <Predicate = (!icmp_ln154)> <Delay = 0.42>
ST_3 : Operation 73 [1/1] (0.00ns)   --->   "%ret_ln186 = ret" [/home/changhong/prj/finn/deps/finn-hlslib/maxpool.h:186]   --->   Operation 73 'ret' 'ret_ln186' <Predicate = (icmp_ln154)> <Delay = 0.00>

State 4 <SV = 3> <Delay = 1.46>
ST_4 : Operation 74 [1/1] (0.00ns)   --->   "%indvar_flatten = phi i4 0, void %VITIS_LOOP_155_4.split, i4 %add_ln155, void %for.inc59" [/home/changhong/prj/finn/deps/finn-hlslib/maxpool.h:155]   --->   Operation 74 'phi' 'indvar_flatten' <Predicate = true> <Delay = 0.00>
ST_4 : Operation 75 [1/1] (0.00ns)   --->   "%xp = phi i3 0, void %VITIS_LOOP_155_4.split, i3 %add_ln156, void %for.inc59" [/home/changhong/prj/finn/deps/finn-hlslib/maxpool.h:156]   --->   Operation 75 'phi' 'xp' <Predicate = true> <Delay = 0.00>
ST_4 : Operation 76 [1/1] (0.72ns)   --->   "%icmp_ln155 = icmp_eq  i4 %indvar_flatten, i4 14" [/home/changhong/prj/finn/deps/finn-hlslib/maxpool.h:155]   --->   Operation 76 'icmp' 'icmp_ln155' <Predicate = true> <Delay = 0.72> <CoreInst = "Cmp">   --->   Core 9 'Cmp' <Latency = 0> <II = 1> <Delay = 0.72> <FuncUnit> <Opcode : 'icmp'> <InPorts = 2> <OutPorts = 1>
ST_4 : Operation 77 [1/1] (0.79ns)   --->   "%add_ln155 = add i4 %indvar_flatten, i4 1" [/home/changhong/prj/finn/deps/finn-hlslib/maxpool.h:155]   --->   Operation 77 'add' 'add_ln155' <Predicate = true> <Delay = 0.79> <CoreInst = "Adder">   --->   Core 1 'Adder' <Latency = 0> <II = 1> <Delay = 0.79> <FuncUnit> <Opcode : 'add' 'sub'> <InPorts = 2> <OutPorts = 1>
ST_4 : Operation 78 [1/1] (0.00ns)   --->   "%br_ln155 = br i1 %icmp_ln155, void %for.inc59, void %for.inc87.preheader" [/home/changhong/prj/finn/deps/finn-hlslib/maxpool.h:155]   --->   Operation 78 'br' 'br_ln155' <Predicate = true> <Delay = 0.00>
ST_4 : Operation 79 [1/1] (0.58ns)   --->   "%icmp_ln156 = icmp_eq  i3 %xp, i3 7" [/home/changhong/prj/finn/deps/finn-hlslib/maxpool.h:156]   --->   Operation 79 'icmp' 'icmp_ln156' <Predicate = (!icmp_ln155)> <Delay = 0.58> <CoreInst = "Cmp">   --->   Core 9 'Cmp' <Latency = 0> <II = 1> <Delay = 0.58> <FuncUnit> <Opcode : 'icmp'> <InPorts = 2> <OutPorts = 1>
ST_4 : Operation 80 [1/1] (0.20ns)   --->   "%select_ln155 = select i1 %icmp_ln156, i3 0, i3 %xp" [/home/changhong/prj/finn/deps/finn-hlslib/maxpool.h:155]   --->   Operation 80 'select' 'select_ln155' <Predicate = (!icmp_ln155)> <Delay = 0.20> <CoreInst = "Sel">   --->   Core 73 'Sel' <Latency = 0> <II = 1> <Delay = 0.20> <FuncUnit> <Opcode : 'select'> <InPorts = 3> <OutPorts = 1>
ST_4 : Operation 81 [1/1] (0.00ns)   --->   "%zext_ln156 = zext i3 %select_ln155" [/home/changhong/prj/finn/deps/finn-hlslib/maxpool.h:156]   --->   Operation 81 'zext' 'zext_ln156' <Predicate = (!icmp_ln155)> <Delay = 0.00>
ST_4 : Operation 82 [1/1] (0.00ns)   --->   "%buf_V_addr = getelementptr i8 %buf_V, i64 0, i64 %zext_ln156" [/home/changhong/prj/finn/deps/finn-hlslib/maxpool.h:156]   --->   Operation 82 'getelementptr' 'buf_V_addr' <Predicate = (!icmp_ln155)> <Delay = 0.00>
ST_4 : Operation 83 [1/1] (0.00ns)   --->   "%buf_V_1_addr = getelementptr i8 %buf_V_1, i64 0, i64 %zext_ln156" [/home/changhong/prj/finn/deps/finn-hlslib/maxpool.h:156]   --->   Operation 83 'getelementptr' 'buf_V_1_addr' <Predicate = (!icmp_ln155)> <Delay = 0.00>
ST_4 : Operation 84 [1/1] (0.00ns)   --->   "%buf_V_2_addr = getelementptr i8 %buf_V_2, i64 0, i64 %zext_ln156" [/home/changhong/prj/finn/deps/finn-hlslib/maxpool.h:156]   --->   Operation 84 'getelementptr' 'buf_V_2_addr' <Predicate = (!icmp_ln155)> <Delay = 0.00>
ST_4 : Operation 85 [1/1] (0.00ns)   --->   "%buf_V_3_addr = getelementptr i8 %buf_V_3, i64 0, i64 %zext_ln156" [/home/changhong/prj/finn/deps/finn-hlslib/maxpool.h:156]   --->   Operation 85 'getelementptr' 'buf_V_3_addr' <Predicate = (!icmp_ln155)> <Delay = 0.00>
ST_4 : Operation 86 [1/1] (0.00ns)   --->   "%buf_V_4_addr = getelementptr i8 %buf_V_4, i64 0, i64 %zext_ln156" [/home/changhong/prj/finn/deps/finn-hlslib/maxpool.h:156]   --->   Operation 86 'getelementptr' 'buf_V_4_addr' <Predicate = (!icmp_ln155)> <Delay = 0.00>
ST_4 : Operation 87 [1/1] (0.00ns)   --->   "%buf_V_5_addr = getelementptr i8 %buf_V_5, i64 0, i64 %zext_ln156" [/home/changhong/prj/finn/deps/finn-hlslib/maxpool.h:156]   --->   Operation 87 'getelementptr' 'buf_V_5_addr' <Predicate = (!icmp_ln155)> <Delay = 0.00>
ST_4 : Operation 88 [1/1] (0.00ns)   --->   "%buf_V_6_addr = getelementptr i8 %buf_V_6, i64 0, i64 %zext_ln156" [/home/changhong/prj/finn/deps/finn-hlslib/maxpool.h:156]   --->   Operation 88 'getelementptr' 'buf_V_6_addr' <Predicate = (!icmp_ln155)> <Delay = 0.00>
ST_4 : Operation 89 [1/1] (0.00ns)   --->   "%buf_V_7_addr = getelementptr i8 %buf_V_7, i64 0, i64 %zext_ln156" [/home/changhong/prj/finn/deps/finn-hlslib/maxpool.h:156]   --->   Operation 89 'getelementptr' 'buf_V_7_addr' <Predicate = (!icmp_ln155)> <Delay = 0.00>
ST_4 : Operation 90 [1/1] (0.00ns)   --->   "%buf_V_8_addr = getelementptr i8 %buf_V_8, i64 0, i64 %zext_ln156" [/home/changhong/prj/finn/deps/finn-hlslib/maxpool.h:156]   --->   Operation 90 'getelementptr' 'buf_V_8_addr' <Predicate = (!icmp_ln155)> <Delay = 0.00>
ST_4 : Operation 91 [1/1] (0.00ns)   --->   "%buf_V_9_addr = getelementptr i8 %buf_V_9, i64 0, i64 %zext_ln156" [/home/changhong/prj/finn/deps/finn-hlslib/maxpool.h:156]   --->   Operation 91 'getelementptr' 'buf_V_9_addr' <Predicate = (!icmp_ln155)> <Delay = 0.00>
ST_4 : Operation 92 [1/1] (0.00ns)   --->   "%buf_V_10_addr = getelementptr i8 %buf_V_10, i64 0, i64 %zext_ln156" [/home/changhong/prj/finn/deps/finn-hlslib/maxpool.h:156]   --->   Operation 92 'getelementptr' 'buf_V_10_addr' <Predicate = (!icmp_ln155)> <Delay = 0.00>
ST_4 : Operation 93 [1/1] (0.00ns)   --->   "%buf_V_11_addr = getelementptr i8 %buf_V_11, i64 0, i64 %zext_ln156" [/home/changhong/prj/finn/deps/finn-hlslib/maxpool.h:156]   --->   Operation 93 'getelementptr' 'buf_V_11_addr' <Predicate = (!icmp_ln155)> <Delay = 0.00>
ST_4 : Operation 94 [1/1] (0.00ns)   --->   "%buf_V_12_addr = getelementptr i8 %buf_V_12, i64 0, i64 %zext_ln156" [/home/changhong/prj/finn/deps/finn-hlslib/maxpool.h:156]   --->   Operation 94 'getelementptr' 'buf_V_12_addr' <Predicate = (!icmp_ln155)> <Delay = 0.00>
ST_4 : Operation 95 [1/1] (0.00ns)   --->   "%buf_V_13_addr = getelementptr i8 %buf_V_13, i64 0, i64 %zext_ln156" [/home/changhong/prj/finn/deps/finn-hlslib/maxpool.h:156]   --->   Operation 95 'getelementptr' 'buf_V_13_addr' <Predicate = (!icmp_ln155)> <Delay = 0.00>
ST_4 : Operation 96 [1/1] (0.00ns)   --->   "%buf_V_14_addr = getelementptr i8 %buf_V_14, i64 0, i64 %zext_ln156" [/home/changhong/prj/finn/deps/finn-hlslib/maxpool.h:156]   --->   Operation 96 'getelementptr' 'buf_V_14_addr' <Predicate = (!icmp_ln155)> <Delay = 0.00>
ST_4 : Operation 97 [1/1] (0.00ns)   --->   "%buf_V_15_addr = getelementptr i8 %buf_V_15, i64 0, i64 %zext_ln156" [/home/changhong/prj/finn/deps/finn-hlslib/maxpool.h:156]   --->   Operation 97 'getelementptr' 'buf_V_15_addr' <Predicate = (!icmp_ln155)> <Delay = 0.00>
ST_4 : Operation 98 [1/1] (0.00ns)   --->   "%buf_V_16_addr = getelementptr i8 %buf_V_16, i64 0, i64 %zext_ln156" [/home/changhong/prj/finn/deps/finn-hlslib/maxpool.h:156]   --->   Operation 98 'getelementptr' 'buf_V_16_addr' <Predicate = (!icmp_ln155)> <Delay = 0.00>
ST_4 : Operation 99 [1/1] (0.00ns)   --->   "%buf_V_17_addr = getelementptr i8 %buf_V_17, i64 0, i64 %zext_ln156" [/home/changhong/prj/finn/deps/finn-hlslib/maxpool.h:156]   --->   Operation 99 'getelementptr' 'buf_V_17_addr' <Predicate = (!icmp_ln155)> <Delay = 0.00>
ST_4 : Operation 100 [1/1] (0.00ns)   --->   "%buf_V_18_addr = getelementptr i8 %buf_V_18, i64 0, i64 %zext_ln156" [/home/changhong/prj/finn/deps/finn-hlslib/maxpool.h:156]   --->   Operation 100 'getelementptr' 'buf_V_18_addr' <Predicate = (!icmp_ln155)> <Delay = 0.00>
ST_4 : Operation 101 [1/1] (0.00ns)   --->   "%buf_V_19_addr = getelementptr i8 %buf_V_19, i64 0, i64 %zext_ln156" [/home/changhong/prj/finn/deps/finn-hlslib/maxpool.h:156]   --->   Operation 101 'getelementptr' 'buf_V_19_addr' <Predicate = (!icmp_ln155)> <Delay = 0.00>
ST_4 : Operation 102 [1/1] (0.00ns)   --->   "%buf_V_20_addr = getelementptr i8 %buf_V_20, i64 0, i64 %zext_ln156" [/home/changhong/prj/finn/deps/finn-hlslib/maxpool.h:156]   --->   Operation 102 'getelementptr' 'buf_V_20_addr' <Predicate = (!icmp_ln155)> <Delay = 0.00>
ST_4 : Operation 103 [1/1] (0.00ns)   --->   "%buf_V_21_addr = getelementptr i8 %buf_V_21, i64 0, i64 %zext_ln156" [/home/changhong/prj/finn/deps/finn-hlslib/maxpool.h:156]   --->   Operation 103 'getelementptr' 'buf_V_21_addr' <Predicate = (!icmp_ln155)> <Delay = 0.00>
ST_4 : Operation 104 [1/1] (0.00ns)   --->   "%buf_V_22_addr = getelementptr i8 %buf_V_22, i64 0, i64 %zext_ln156" [/home/changhong/prj/finn/deps/finn-hlslib/maxpool.h:156]   --->   Operation 104 'getelementptr' 'buf_V_22_addr' <Predicate = (!icmp_ln155)> <Delay = 0.00>
ST_4 : Operation 105 [1/1] (0.00ns)   --->   "%buf_V_23_addr = getelementptr i8 %buf_V_23, i64 0, i64 %zext_ln156" [/home/changhong/prj/finn/deps/finn-hlslib/maxpool.h:156]   --->   Operation 105 'getelementptr' 'buf_V_23_addr' <Predicate = (!icmp_ln155)> <Delay = 0.00>
ST_4 : Operation 106 [1/1] (0.00ns)   --->   "%buf_V_24_addr = getelementptr i8 %buf_V_24, i64 0, i64 %zext_ln156" [/home/changhong/prj/finn/deps/finn-hlslib/maxpool.h:156]   --->   Operation 106 'getelementptr' 'buf_V_24_addr' <Predicate = (!icmp_ln155)> <Delay = 0.00>
ST_4 : Operation 107 [1/1] (0.00ns)   --->   "%buf_V_25_addr = getelementptr i8 %buf_V_25, i64 0, i64 %zext_ln156" [/home/changhong/prj/finn/deps/finn-hlslib/maxpool.h:156]   --->   Operation 107 'getelementptr' 'buf_V_25_addr' <Predicate = (!icmp_ln155)> <Delay = 0.00>
ST_4 : Operation 108 [1/1] (0.00ns)   --->   "%buf_V_26_addr = getelementptr i8 %buf_V_26, i64 0, i64 %zext_ln156" [/home/changhong/prj/finn/deps/finn-hlslib/maxpool.h:156]   --->   Operation 108 'getelementptr' 'buf_V_26_addr' <Predicate = (!icmp_ln155)> <Delay = 0.00>
ST_4 : Operation 109 [1/1] (0.00ns)   --->   "%buf_V_27_addr = getelementptr i8 %buf_V_27, i64 0, i64 %zext_ln156" [/home/changhong/prj/finn/deps/finn-hlslib/maxpool.h:156]   --->   Operation 109 'getelementptr' 'buf_V_27_addr' <Predicate = (!icmp_ln155)> <Delay = 0.00>
ST_4 : Operation 110 [1/1] (0.00ns)   --->   "%buf_V_28_addr = getelementptr i8 %buf_V_28, i64 0, i64 %zext_ln156" [/home/changhong/prj/finn/deps/finn-hlslib/maxpool.h:156]   --->   Operation 110 'getelementptr' 'buf_V_28_addr' <Predicate = (!icmp_ln155)> <Delay = 0.00>
ST_4 : Operation 111 [1/1] (0.00ns)   --->   "%buf_V_29_addr = getelementptr i8 %buf_V_29, i64 0, i64 %zext_ln156" [/home/changhong/prj/finn/deps/finn-hlslib/maxpool.h:156]   --->   Operation 111 'getelementptr' 'buf_V_29_addr' <Predicate = (!icmp_ln155)> <Delay = 0.00>
ST_4 : Operation 112 [1/1] (0.00ns)   --->   "%buf_V_30_addr = getelementptr i8 %buf_V_30, i64 0, i64 %zext_ln156" [/home/changhong/prj/finn/deps/finn-hlslib/maxpool.h:156]   --->   Operation 112 'getelementptr' 'buf_V_30_addr' <Predicate = (!icmp_ln155)> <Delay = 0.00>
ST_4 : Operation 113 [1/1] (0.00ns)   --->   "%buf_V_31_addr = getelementptr i8 %buf_V_31, i64 0, i64 %zext_ln156" [/home/changhong/prj/finn/deps/finn-hlslib/maxpool.h:156]   --->   Operation 113 'getelementptr' 'buf_V_31_addr' <Predicate = (!icmp_ln155)> <Delay = 0.00>
ST_4 : Operation 114 [1/1] (0.00ns)   --->   "%buf_V_32_addr = getelementptr i8 %buf_V_32, i64 0, i64 %zext_ln156" [/home/changhong/prj/finn/deps/finn-hlslib/maxpool.h:156]   --->   Operation 114 'getelementptr' 'buf_V_32_addr' <Predicate = (!icmp_ln155)> <Delay = 0.00>
ST_4 : Operation 115 [1/1] (0.00ns)   --->   "%buf_V_33_addr = getelementptr i8 %buf_V_33, i64 0, i64 %zext_ln156" [/home/changhong/prj/finn/deps/finn-hlslib/maxpool.h:156]   --->   Operation 115 'getelementptr' 'buf_V_33_addr' <Predicate = (!icmp_ln155)> <Delay = 0.00>
ST_4 : Operation 116 [1/1] (0.00ns)   --->   "%buf_V_34_addr = getelementptr i8 %buf_V_34, i64 0, i64 %zext_ln156" [/home/changhong/prj/finn/deps/finn-hlslib/maxpool.h:156]   --->   Operation 116 'getelementptr' 'buf_V_34_addr' <Predicate = (!icmp_ln155)> <Delay = 0.00>
ST_4 : Operation 117 [1/1] (0.00ns)   --->   "%buf_V_35_addr = getelementptr i8 %buf_V_35, i64 0, i64 %zext_ln156" [/home/changhong/prj/finn/deps/finn-hlslib/maxpool.h:156]   --->   Operation 117 'getelementptr' 'buf_V_35_addr' <Predicate = (!icmp_ln155)> <Delay = 0.00>
ST_4 : Operation 118 [1/1] (0.00ns)   --->   "%buf_V_36_addr = getelementptr i8 %buf_V_36, i64 0, i64 %zext_ln156" [/home/changhong/prj/finn/deps/finn-hlslib/maxpool.h:156]   --->   Operation 118 'getelementptr' 'buf_V_36_addr' <Predicate = (!icmp_ln155)> <Delay = 0.00>
ST_4 : Operation 119 [1/1] (0.00ns)   --->   "%buf_V_37_addr = getelementptr i8 %buf_V_37, i64 0, i64 %zext_ln156" [/home/changhong/prj/finn/deps/finn-hlslib/maxpool.h:156]   --->   Operation 119 'getelementptr' 'buf_V_37_addr' <Predicate = (!icmp_ln155)> <Delay = 0.00>
ST_4 : Operation 120 [1/1] (0.00ns)   --->   "%buf_V_38_addr = getelementptr i8 %buf_V_38, i64 0, i64 %zext_ln156" [/home/changhong/prj/finn/deps/finn-hlslib/maxpool.h:156]   --->   Operation 120 'getelementptr' 'buf_V_38_addr' <Predicate = (!icmp_ln155)> <Delay = 0.00>
ST_4 : Operation 121 [1/1] (0.00ns)   --->   "%buf_V_39_addr = getelementptr i8 %buf_V_39, i64 0, i64 %zext_ln156" [/home/changhong/prj/finn/deps/finn-hlslib/maxpool.h:156]   --->   Operation 121 'getelementptr' 'buf_V_39_addr' <Predicate = (!icmp_ln155)> <Delay = 0.00>
ST_4 : Operation 122 [1/1] (0.00ns)   --->   "%buf_V_40_addr = getelementptr i8 %buf_V_40, i64 0, i64 %zext_ln156" [/home/changhong/prj/finn/deps/finn-hlslib/maxpool.h:156]   --->   Operation 122 'getelementptr' 'buf_V_40_addr' <Predicate = (!icmp_ln155)> <Delay = 0.00>
ST_4 : Operation 123 [1/1] (0.00ns)   --->   "%buf_V_41_addr = getelementptr i8 %buf_V_41, i64 0, i64 %zext_ln156" [/home/changhong/prj/finn/deps/finn-hlslib/maxpool.h:156]   --->   Operation 123 'getelementptr' 'buf_V_41_addr' <Predicate = (!icmp_ln155)> <Delay = 0.00>
ST_4 : Operation 124 [1/1] (0.00ns)   --->   "%buf_V_42_addr = getelementptr i8 %buf_V_42, i64 0, i64 %zext_ln156" [/home/changhong/prj/finn/deps/finn-hlslib/maxpool.h:156]   --->   Operation 124 'getelementptr' 'buf_V_42_addr' <Predicate = (!icmp_ln155)> <Delay = 0.00>
ST_4 : Operation 125 [1/1] (0.00ns)   --->   "%buf_V_43_addr = getelementptr i8 %buf_V_43, i64 0, i64 %zext_ln156" [/home/changhong/prj/finn/deps/finn-hlslib/maxpool.h:156]   --->   Operation 125 'getelementptr' 'buf_V_43_addr' <Predicate = (!icmp_ln155)> <Delay = 0.00>
ST_4 : Operation 126 [1/1] (0.00ns)   --->   "%buf_V_44_addr = getelementptr i8 %buf_V_44, i64 0, i64 %zext_ln156" [/home/changhong/prj/finn/deps/finn-hlslib/maxpool.h:156]   --->   Operation 126 'getelementptr' 'buf_V_44_addr' <Predicate = (!icmp_ln155)> <Delay = 0.00>
ST_4 : Operation 127 [1/1] (0.00ns)   --->   "%buf_V_45_addr = getelementptr i8 %buf_V_45, i64 0, i64 %zext_ln156" [/home/changhong/prj/finn/deps/finn-hlslib/maxpool.h:156]   --->   Operation 127 'getelementptr' 'buf_V_45_addr' <Predicate = (!icmp_ln155)> <Delay = 0.00>
ST_4 : Operation 128 [1/1] (0.00ns)   --->   "%buf_V_46_addr = getelementptr i8 %buf_V_46, i64 0, i64 %zext_ln156" [/home/changhong/prj/finn/deps/finn-hlslib/maxpool.h:156]   --->   Operation 128 'getelementptr' 'buf_V_46_addr' <Predicate = (!icmp_ln155)> <Delay = 0.00>
ST_4 : Operation 129 [1/1] (0.00ns)   --->   "%buf_V_47_addr = getelementptr i8 %buf_V_47, i64 0, i64 %zext_ln156" [/home/changhong/prj/finn/deps/finn-hlslib/maxpool.h:156]   --->   Operation 129 'getelementptr' 'buf_V_47_addr' <Predicate = (!icmp_ln155)> <Delay = 0.00>
ST_4 : Operation 130 [1/1] (0.00ns)   --->   "%buf_V_48_addr = getelementptr i8 %buf_V_48, i64 0, i64 %zext_ln156" [/home/changhong/prj/finn/deps/finn-hlslib/maxpool.h:156]   --->   Operation 130 'getelementptr' 'buf_V_48_addr' <Predicate = (!icmp_ln155)> <Delay = 0.00>
ST_4 : Operation 131 [1/1] (0.00ns)   --->   "%buf_V_49_addr = getelementptr i8 %buf_V_49, i64 0, i64 %zext_ln156" [/home/changhong/prj/finn/deps/finn-hlslib/maxpool.h:156]   --->   Operation 131 'getelementptr' 'buf_V_49_addr' <Predicate = (!icmp_ln155)> <Delay = 0.00>
ST_4 : Operation 132 [2/2] (0.67ns)   --->   "%buf_V_load = load i3 %buf_V_addr" [/home/changhong/prj/finn/deps/finn-hlslib/maxpool.h:168]   --->   Operation 132 'load' 'buf_V_load' <Predicate = (!icmp_ln155)> <Delay = 0.67> <CoreInst = "RAM">   --->   Core 83 'RAM' <Latency = 1> <II = 1> <Delay = 0.67> <Storage> <Opcode : 'load' 'store'> <Ports = 2> <Width = 8> <Depth = 7> <RAM>
ST_4 : Operation 133 [2/2] (0.67ns)   --->   "%buf_V_1_load = load i3 %buf_V_1_addr" [/home/changhong/prj/finn/deps/finn-hlslib/maxpool.h:168]   --->   Operation 133 'load' 'buf_V_1_load' <Predicate = (!icmp_ln155)> <Delay = 0.67> <CoreInst = "RAM">   --->   Core 83 'RAM' <Latency = 1> <II = 1> <Delay = 0.67> <Storage> <Opcode : 'load' 'store'> <Ports = 2> <Width = 8> <Depth = 7> <RAM>
ST_4 : Operation 134 [2/2] (0.67ns)   --->   "%buf_V_2_load = load i3 %buf_V_2_addr" [/home/changhong/prj/finn/deps/finn-hlslib/maxpool.h:168]   --->   Operation 134 'load' 'buf_V_2_load' <Predicate = (!icmp_ln155)> <Delay = 0.67> <CoreInst = "RAM">   --->   Core 83 'RAM' <Latency = 1> <II = 1> <Delay = 0.67> <Storage> <Opcode : 'load' 'store'> <Ports = 2> <Width = 8> <Depth = 7> <RAM>
ST_4 : Operation 135 [2/2] (0.67ns)   --->   "%buf_V_3_load = load i3 %buf_V_3_addr" [/home/changhong/prj/finn/deps/finn-hlslib/maxpool.h:168]   --->   Operation 135 'load' 'buf_V_3_load' <Predicate = (!icmp_ln155)> <Delay = 0.67> <CoreInst = "RAM">   --->   Core 83 'RAM' <Latency = 1> <II = 1> <Delay = 0.67> <Storage> <Opcode : 'load' 'store'> <Ports = 2> <Width = 8> <Depth = 7> <RAM>
ST_4 : Operation 136 [2/2] (0.67ns)   --->   "%buf_V_4_load = load i3 %buf_V_4_addr" [/home/changhong/prj/finn/deps/finn-hlslib/maxpool.h:168]   --->   Operation 136 'load' 'buf_V_4_load' <Predicate = (!icmp_ln155)> <Delay = 0.67> <CoreInst = "RAM">   --->   Core 83 'RAM' <Latency = 1> <II = 1> <Delay = 0.67> <Storage> <Opcode : 'load' 'store'> <Ports = 2> <Width = 8> <Depth = 7> <RAM>
ST_4 : Operation 137 [2/2] (0.67ns)   --->   "%buf_V_5_load = load i3 %buf_V_5_addr" [/home/changhong/prj/finn/deps/finn-hlslib/maxpool.h:168]   --->   Operation 137 'load' 'buf_V_5_load' <Predicate = (!icmp_ln155)> <Delay = 0.67> <CoreInst = "RAM">   --->   Core 83 'RAM' <Latency = 1> <II = 1> <Delay = 0.67> <Storage> <Opcode : 'load' 'store'> <Ports = 2> <Width = 8> <Depth = 7> <RAM>
ST_4 : Operation 138 [2/2] (0.67ns)   --->   "%buf_V_6_load = load i3 %buf_V_6_addr" [/home/changhong/prj/finn/deps/finn-hlslib/maxpool.h:168]   --->   Operation 138 'load' 'buf_V_6_load' <Predicate = (!icmp_ln155)> <Delay = 0.67> <CoreInst = "RAM">   --->   Core 83 'RAM' <Latency = 1> <II = 1> <Delay = 0.67> <Storage> <Opcode : 'load' 'store'> <Ports = 2> <Width = 8> <Depth = 7> <RAM>
ST_4 : Operation 139 [2/2] (0.67ns)   --->   "%buf_V_7_load = load i3 %buf_V_7_addr" [/home/changhong/prj/finn/deps/finn-hlslib/maxpool.h:168]   --->   Operation 139 'load' 'buf_V_7_load' <Predicate = (!icmp_ln155)> <Delay = 0.67> <CoreInst = "RAM">   --->   Core 83 'RAM' <Latency = 1> <II = 1> <Delay = 0.67> <Storage> <Opcode : 'load' 'store'> <Ports = 2> <Width = 8> <Depth = 7> <RAM>
ST_4 : Operation 140 [2/2] (0.67ns)   --->   "%buf_V_8_load = load i3 %buf_V_8_addr" [/home/changhong/prj/finn/deps/finn-hlslib/maxpool.h:168]   --->   Operation 140 'load' 'buf_V_8_load' <Predicate = (!icmp_ln155)> <Delay = 0.67> <CoreInst = "RAM">   --->   Core 83 'RAM' <Latency = 1> <II = 1> <Delay = 0.67> <Storage> <Opcode : 'load' 'store'> <Ports = 2> <Width = 8> <Depth = 7> <RAM>
ST_4 : Operation 141 [2/2] (0.67ns)   --->   "%buf_V_9_load = load i3 %buf_V_9_addr" [/home/changhong/prj/finn/deps/finn-hlslib/maxpool.h:168]   --->   Operation 141 'load' 'buf_V_9_load' <Predicate = (!icmp_ln155)> <Delay = 0.67> <CoreInst = "RAM">   --->   Core 83 'RAM' <Latency = 1> <II = 1> <Delay = 0.67> <Storage> <Opcode : 'load' 'store'> <Ports = 2> <Width = 8> <Depth = 7> <RAM>
ST_4 : Operation 142 [2/2] (0.67ns)   --->   "%buf_V_10_load = load i3 %buf_V_10_addr" [/home/changhong/prj/finn/deps/finn-hlslib/maxpool.h:168]   --->   Operation 142 'load' 'buf_V_10_load' <Predicate = (!icmp_ln155)> <Delay = 0.67> <CoreInst = "RAM">   --->   Core 83 'RAM' <Latency = 1> <II = 1> <Delay = 0.67> <Storage> <Opcode : 'load' 'store'> <Ports = 2> <Width = 8> <Depth = 7> <RAM>
ST_4 : Operation 143 [2/2] (0.67ns)   --->   "%buf_V_11_load = load i3 %buf_V_11_addr" [/home/changhong/prj/finn/deps/finn-hlslib/maxpool.h:168]   --->   Operation 143 'load' 'buf_V_11_load' <Predicate = (!icmp_ln155)> <Delay = 0.67> <CoreInst = "RAM">   --->   Core 83 'RAM' <Latency = 1> <II = 1> <Delay = 0.67> <Storage> <Opcode : 'load' 'store'> <Ports = 2> <Width = 8> <Depth = 7> <RAM>
ST_4 : Operation 144 [2/2] (0.67ns)   --->   "%buf_V_12_load = load i3 %buf_V_12_addr" [/home/changhong/prj/finn/deps/finn-hlslib/maxpool.h:168]   --->   Operation 144 'load' 'buf_V_12_load' <Predicate = (!icmp_ln155)> <Delay = 0.67> <CoreInst = "RAM">   --->   Core 83 'RAM' <Latency = 1> <II = 1> <Delay = 0.67> <Storage> <Opcode : 'load' 'store'> <Ports = 2> <Width = 8> <Depth = 7> <RAM>
ST_4 : Operation 145 [2/2] (0.67ns)   --->   "%buf_V_13_load = load i3 %buf_V_13_addr" [/home/changhong/prj/finn/deps/finn-hlslib/maxpool.h:168]   --->   Operation 145 'load' 'buf_V_13_load' <Predicate = (!icmp_ln155)> <Delay = 0.67> <CoreInst = "RAM">   --->   Core 83 'RAM' <Latency = 1> <II = 1> <Delay = 0.67> <Storage> <Opcode : 'load' 'store'> <Ports = 2> <Width = 8> <Depth = 7> <RAM>
ST_4 : Operation 146 [2/2] (0.67ns)   --->   "%buf_V_14_load = load i3 %buf_V_14_addr" [/home/changhong/prj/finn/deps/finn-hlslib/maxpool.h:168]   --->   Operation 146 'load' 'buf_V_14_load' <Predicate = (!icmp_ln155)> <Delay = 0.67> <CoreInst = "RAM">   --->   Core 83 'RAM' <Latency = 1> <II = 1> <Delay = 0.67> <Storage> <Opcode : 'load' 'store'> <Ports = 2> <Width = 8> <Depth = 7> <RAM>
ST_4 : Operation 147 [2/2] (0.67ns)   --->   "%buf_V_15_load = load i3 %buf_V_15_addr" [/home/changhong/prj/finn/deps/finn-hlslib/maxpool.h:168]   --->   Operation 147 'load' 'buf_V_15_load' <Predicate = (!icmp_ln155)> <Delay = 0.67> <CoreInst = "RAM">   --->   Core 83 'RAM' <Latency = 1> <II = 1> <Delay = 0.67> <Storage> <Opcode : 'load' 'store'> <Ports = 2> <Width = 8> <Depth = 7> <RAM>
ST_4 : Operation 148 [2/2] (0.67ns)   --->   "%buf_V_16_load = load i3 %buf_V_16_addr" [/home/changhong/prj/finn/deps/finn-hlslib/maxpool.h:168]   --->   Operation 148 'load' 'buf_V_16_load' <Predicate = (!icmp_ln155)> <Delay = 0.67> <CoreInst = "RAM">   --->   Core 83 'RAM' <Latency = 1> <II = 1> <Delay = 0.67> <Storage> <Opcode : 'load' 'store'> <Ports = 2> <Width = 8> <Depth = 7> <RAM>
ST_4 : Operation 149 [2/2] (0.67ns)   --->   "%buf_V_17_load = load i3 %buf_V_17_addr" [/home/changhong/prj/finn/deps/finn-hlslib/maxpool.h:168]   --->   Operation 149 'load' 'buf_V_17_load' <Predicate = (!icmp_ln155)> <Delay = 0.67> <CoreInst = "RAM">   --->   Core 83 'RAM' <Latency = 1> <II = 1> <Delay = 0.67> <Storage> <Opcode : 'load' 'store'> <Ports = 2> <Width = 8> <Depth = 7> <RAM>
ST_4 : Operation 150 [2/2] (0.67ns)   --->   "%buf_V_18_load = load i3 %buf_V_18_addr" [/home/changhong/prj/finn/deps/finn-hlslib/maxpool.h:168]   --->   Operation 150 'load' 'buf_V_18_load' <Predicate = (!icmp_ln155)> <Delay = 0.67> <CoreInst = "RAM">   --->   Core 83 'RAM' <Latency = 1> <II = 1> <Delay = 0.67> <Storage> <Opcode : 'load' 'store'> <Ports = 2> <Width = 8> <Depth = 7> <RAM>
ST_4 : Operation 151 [2/2] (0.67ns)   --->   "%buf_V_19_load = load i3 %buf_V_19_addr" [/home/changhong/prj/finn/deps/finn-hlslib/maxpool.h:168]   --->   Operation 151 'load' 'buf_V_19_load' <Predicate = (!icmp_ln155)> <Delay = 0.67> <CoreInst = "RAM">   --->   Core 83 'RAM' <Latency = 1> <II = 1> <Delay = 0.67> <Storage> <Opcode : 'load' 'store'> <Ports = 2> <Width = 8> <Depth = 7> <RAM>
ST_4 : Operation 152 [2/2] (0.67ns)   --->   "%buf_V_20_load = load i3 %buf_V_20_addr" [/home/changhong/prj/finn/deps/finn-hlslib/maxpool.h:168]   --->   Operation 152 'load' 'buf_V_20_load' <Predicate = (!icmp_ln155)> <Delay = 0.67> <CoreInst = "RAM">   --->   Core 83 'RAM' <Latency = 1> <II = 1> <Delay = 0.67> <Storage> <Opcode : 'load' 'store'> <Ports = 2> <Width = 8> <Depth = 7> <RAM>
ST_4 : Operation 153 [2/2] (0.67ns)   --->   "%buf_V_21_load = load i3 %buf_V_21_addr" [/home/changhong/prj/finn/deps/finn-hlslib/maxpool.h:168]   --->   Operation 153 'load' 'buf_V_21_load' <Predicate = (!icmp_ln155)> <Delay = 0.67> <CoreInst = "RAM">   --->   Core 83 'RAM' <Latency = 1> <II = 1> <Delay = 0.67> <Storage> <Opcode : 'load' 'store'> <Ports = 2> <Width = 8> <Depth = 7> <RAM>
ST_4 : Operation 154 [2/2] (0.67ns)   --->   "%buf_V_22_load = load i3 %buf_V_22_addr" [/home/changhong/prj/finn/deps/finn-hlslib/maxpool.h:168]   --->   Operation 154 'load' 'buf_V_22_load' <Predicate = (!icmp_ln155)> <Delay = 0.67> <CoreInst = "RAM">   --->   Core 83 'RAM' <Latency = 1> <II = 1> <Delay = 0.67> <Storage> <Opcode : 'load' 'store'> <Ports = 2> <Width = 8> <Depth = 7> <RAM>
ST_4 : Operation 155 [2/2] (0.67ns)   --->   "%buf_V_23_load = load i3 %buf_V_23_addr" [/home/changhong/prj/finn/deps/finn-hlslib/maxpool.h:168]   --->   Operation 155 'load' 'buf_V_23_load' <Predicate = (!icmp_ln155)> <Delay = 0.67> <CoreInst = "RAM">   --->   Core 83 'RAM' <Latency = 1> <II = 1> <Delay = 0.67> <Storage> <Opcode : 'load' 'store'> <Ports = 2> <Width = 8> <Depth = 7> <RAM>
ST_4 : Operation 156 [2/2] (0.67ns)   --->   "%buf_V_24_load = load i3 %buf_V_24_addr" [/home/changhong/prj/finn/deps/finn-hlslib/maxpool.h:168]   --->   Operation 156 'load' 'buf_V_24_load' <Predicate = (!icmp_ln155)> <Delay = 0.67> <CoreInst = "RAM">   --->   Core 83 'RAM' <Latency = 1> <II = 1> <Delay = 0.67> <Storage> <Opcode : 'load' 'store'> <Ports = 2> <Width = 8> <Depth = 7> <RAM>
ST_4 : Operation 157 [2/2] (0.67ns)   --->   "%buf_V_25_load = load i3 %buf_V_25_addr" [/home/changhong/prj/finn/deps/finn-hlslib/maxpool.h:168]   --->   Operation 157 'load' 'buf_V_25_load' <Predicate = (!icmp_ln155)> <Delay = 0.67> <CoreInst = "RAM">   --->   Core 83 'RAM' <Latency = 1> <II = 1> <Delay = 0.67> <Storage> <Opcode : 'load' 'store'> <Ports = 2> <Width = 8> <Depth = 7> <RAM>
ST_4 : Operation 158 [2/2] (0.67ns)   --->   "%buf_V_26_load = load i3 %buf_V_26_addr" [/home/changhong/prj/finn/deps/finn-hlslib/maxpool.h:168]   --->   Operation 158 'load' 'buf_V_26_load' <Predicate = (!icmp_ln155)> <Delay = 0.67> <CoreInst = "RAM">   --->   Core 83 'RAM' <Latency = 1> <II = 1> <Delay = 0.67> <Storage> <Opcode : 'load' 'store'> <Ports = 2> <Width = 8> <Depth = 7> <RAM>
ST_4 : Operation 159 [2/2] (0.67ns)   --->   "%buf_V_27_load = load i3 %buf_V_27_addr" [/home/changhong/prj/finn/deps/finn-hlslib/maxpool.h:168]   --->   Operation 159 'load' 'buf_V_27_load' <Predicate = (!icmp_ln155)> <Delay = 0.67> <CoreInst = "RAM">   --->   Core 83 'RAM' <Latency = 1> <II = 1> <Delay = 0.67> <Storage> <Opcode : 'load' 'store'> <Ports = 2> <Width = 8> <Depth = 7> <RAM>
ST_4 : Operation 160 [2/2] (0.67ns)   --->   "%buf_V_28_load = load i3 %buf_V_28_addr" [/home/changhong/prj/finn/deps/finn-hlslib/maxpool.h:168]   --->   Operation 160 'load' 'buf_V_28_load' <Predicate = (!icmp_ln155)> <Delay = 0.67> <CoreInst = "RAM">   --->   Core 83 'RAM' <Latency = 1> <II = 1> <Delay = 0.67> <Storage> <Opcode : 'load' 'store'> <Ports = 2> <Width = 8> <Depth = 7> <RAM>
ST_4 : Operation 161 [2/2] (0.67ns)   --->   "%buf_V_29_load = load i3 %buf_V_29_addr" [/home/changhong/prj/finn/deps/finn-hlslib/maxpool.h:168]   --->   Operation 161 'load' 'buf_V_29_load' <Predicate = (!icmp_ln155)> <Delay = 0.67> <CoreInst = "RAM">   --->   Core 83 'RAM' <Latency = 1> <II = 1> <Delay = 0.67> <Storage> <Opcode : 'load' 'store'> <Ports = 2> <Width = 8> <Depth = 7> <RAM>
ST_4 : Operation 162 [2/2] (0.67ns)   --->   "%buf_V_30_load = load i3 %buf_V_30_addr" [/home/changhong/prj/finn/deps/finn-hlslib/maxpool.h:168]   --->   Operation 162 'load' 'buf_V_30_load' <Predicate = (!icmp_ln155)> <Delay = 0.67> <CoreInst = "RAM">   --->   Core 83 'RAM' <Latency = 1> <II = 1> <Delay = 0.67> <Storage> <Opcode : 'load' 'store'> <Ports = 2> <Width = 8> <Depth = 7> <RAM>
ST_4 : Operation 163 [2/2] (0.67ns)   --->   "%buf_V_31_load = load i3 %buf_V_31_addr" [/home/changhong/prj/finn/deps/finn-hlslib/maxpool.h:168]   --->   Operation 163 'load' 'buf_V_31_load' <Predicate = (!icmp_ln155)> <Delay = 0.67> <CoreInst = "RAM">   --->   Core 83 'RAM' <Latency = 1> <II = 1> <Delay = 0.67> <Storage> <Opcode : 'load' 'store'> <Ports = 2> <Width = 8> <Depth = 7> <RAM>
ST_4 : Operation 164 [2/2] (0.67ns)   --->   "%buf_V_32_load = load i3 %buf_V_32_addr" [/home/changhong/prj/finn/deps/finn-hlslib/maxpool.h:168]   --->   Operation 164 'load' 'buf_V_32_load' <Predicate = (!icmp_ln155)> <Delay = 0.67> <CoreInst = "RAM">   --->   Core 83 'RAM' <Latency = 1> <II = 1> <Delay = 0.67> <Storage> <Opcode : 'load' 'store'> <Ports = 2> <Width = 8> <Depth = 7> <RAM>
ST_4 : Operation 165 [2/2] (0.67ns)   --->   "%buf_V_33_load = load i3 %buf_V_33_addr" [/home/changhong/prj/finn/deps/finn-hlslib/maxpool.h:168]   --->   Operation 165 'load' 'buf_V_33_load' <Predicate = (!icmp_ln155)> <Delay = 0.67> <CoreInst = "RAM">   --->   Core 83 'RAM' <Latency = 1> <II = 1> <Delay = 0.67> <Storage> <Opcode : 'load' 'store'> <Ports = 2> <Width = 8> <Depth = 7> <RAM>
ST_4 : Operation 166 [2/2] (0.67ns)   --->   "%buf_V_34_load = load i3 %buf_V_34_addr" [/home/changhong/prj/finn/deps/finn-hlslib/maxpool.h:168]   --->   Operation 166 'load' 'buf_V_34_load' <Predicate = (!icmp_ln155)> <Delay = 0.67> <CoreInst = "RAM">   --->   Core 83 'RAM' <Latency = 1> <II = 1> <Delay = 0.67> <Storage> <Opcode : 'load' 'store'> <Ports = 2> <Width = 8> <Depth = 7> <RAM>
ST_4 : Operation 167 [2/2] (0.67ns)   --->   "%buf_V_35_load = load i3 %buf_V_35_addr" [/home/changhong/prj/finn/deps/finn-hlslib/maxpool.h:168]   --->   Operation 167 'load' 'buf_V_35_load' <Predicate = (!icmp_ln155)> <Delay = 0.67> <CoreInst = "RAM">   --->   Core 83 'RAM' <Latency = 1> <II = 1> <Delay = 0.67> <Storage> <Opcode : 'load' 'store'> <Ports = 2> <Width = 8> <Depth = 7> <RAM>
ST_4 : Operation 168 [2/2] (0.67ns)   --->   "%buf_V_36_load = load i3 %buf_V_36_addr" [/home/changhong/prj/finn/deps/finn-hlslib/maxpool.h:168]   --->   Operation 168 'load' 'buf_V_36_load' <Predicate = (!icmp_ln155)> <Delay = 0.67> <CoreInst = "RAM">   --->   Core 83 'RAM' <Latency = 1> <II = 1> <Delay = 0.67> <Storage> <Opcode : 'load' 'store'> <Ports = 2> <Width = 8> <Depth = 7> <RAM>
ST_4 : Operation 169 [2/2] (0.67ns)   --->   "%buf_V_37_load = load i3 %buf_V_37_addr" [/home/changhong/prj/finn/deps/finn-hlslib/maxpool.h:168]   --->   Operation 169 'load' 'buf_V_37_load' <Predicate = (!icmp_ln155)> <Delay = 0.67> <CoreInst = "RAM">   --->   Core 83 'RAM' <Latency = 1> <II = 1> <Delay = 0.67> <Storage> <Opcode : 'load' 'store'> <Ports = 2> <Width = 8> <Depth = 7> <RAM>
ST_4 : Operation 170 [2/2] (0.67ns)   --->   "%buf_V_38_load = load i3 %buf_V_38_addr" [/home/changhong/prj/finn/deps/finn-hlslib/maxpool.h:168]   --->   Operation 170 'load' 'buf_V_38_load' <Predicate = (!icmp_ln155)> <Delay = 0.67> <CoreInst = "RAM">   --->   Core 83 'RAM' <Latency = 1> <II = 1> <Delay = 0.67> <Storage> <Opcode : 'load' 'store'> <Ports = 2> <Width = 8> <Depth = 7> <RAM>
ST_4 : Operation 171 [2/2] (0.67ns)   --->   "%buf_V_39_load = load i3 %buf_V_39_addr" [/home/changhong/prj/finn/deps/finn-hlslib/maxpool.h:168]   --->   Operation 171 'load' 'buf_V_39_load' <Predicate = (!icmp_ln155)> <Delay = 0.67> <CoreInst = "RAM">   --->   Core 83 'RAM' <Latency = 1> <II = 1> <Delay = 0.67> <Storage> <Opcode : 'load' 'store'> <Ports = 2> <Width = 8> <Depth = 7> <RAM>
ST_4 : Operation 172 [2/2] (0.67ns)   --->   "%buf_V_40_load = load i3 %buf_V_40_addr" [/home/changhong/prj/finn/deps/finn-hlslib/maxpool.h:168]   --->   Operation 172 'load' 'buf_V_40_load' <Predicate = (!icmp_ln155)> <Delay = 0.67> <CoreInst = "RAM">   --->   Core 83 'RAM' <Latency = 1> <II = 1> <Delay = 0.67> <Storage> <Opcode : 'load' 'store'> <Ports = 2> <Width = 8> <Depth = 7> <RAM>
ST_4 : Operation 173 [2/2] (0.67ns)   --->   "%buf_V_41_load = load i3 %buf_V_41_addr" [/home/changhong/prj/finn/deps/finn-hlslib/maxpool.h:168]   --->   Operation 173 'load' 'buf_V_41_load' <Predicate = (!icmp_ln155)> <Delay = 0.67> <CoreInst = "RAM">   --->   Core 83 'RAM' <Latency = 1> <II = 1> <Delay = 0.67> <Storage> <Opcode : 'load' 'store'> <Ports = 2> <Width = 8> <Depth = 7> <RAM>
ST_4 : Operation 174 [2/2] (0.67ns)   --->   "%buf_V_42_load = load i3 %buf_V_42_addr" [/home/changhong/prj/finn/deps/finn-hlslib/maxpool.h:168]   --->   Operation 174 'load' 'buf_V_42_load' <Predicate = (!icmp_ln155)> <Delay = 0.67> <CoreInst = "RAM">   --->   Core 83 'RAM' <Latency = 1> <II = 1> <Delay = 0.67> <Storage> <Opcode : 'load' 'store'> <Ports = 2> <Width = 8> <Depth = 7> <RAM>
ST_4 : Operation 175 [2/2] (0.67ns)   --->   "%buf_V_43_load = load i3 %buf_V_43_addr" [/home/changhong/prj/finn/deps/finn-hlslib/maxpool.h:168]   --->   Operation 175 'load' 'buf_V_43_load' <Predicate = (!icmp_ln155)> <Delay = 0.67> <CoreInst = "RAM">   --->   Core 83 'RAM' <Latency = 1> <II = 1> <Delay = 0.67> <Storage> <Opcode : 'load' 'store'> <Ports = 2> <Width = 8> <Depth = 7> <RAM>
ST_4 : Operation 176 [2/2] (0.67ns)   --->   "%buf_V_44_load = load i3 %buf_V_44_addr" [/home/changhong/prj/finn/deps/finn-hlslib/maxpool.h:168]   --->   Operation 176 'load' 'buf_V_44_load' <Predicate = (!icmp_ln155)> <Delay = 0.67> <CoreInst = "RAM">   --->   Core 83 'RAM' <Latency = 1> <II = 1> <Delay = 0.67> <Storage> <Opcode : 'load' 'store'> <Ports = 2> <Width = 8> <Depth = 7> <RAM>
ST_4 : Operation 177 [2/2] (0.67ns)   --->   "%buf_V_45_load = load i3 %buf_V_45_addr" [/home/changhong/prj/finn/deps/finn-hlslib/maxpool.h:168]   --->   Operation 177 'load' 'buf_V_45_load' <Predicate = (!icmp_ln155)> <Delay = 0.67> <CoreInst = "RAM">   --->   Core 83 'RAM' <Latency = 1> <II = 1> <Delay = 0.67> <Storage> <Opcode : 'load' 'store'> <Ports = 2> <Width = 8> <Depth = 7> <RAM>
ST_4 : Operation 178 [2/2] (0.67ns)   --->   "%buf_V_46_load = load i3 %buf_V_46_addr" [/home/changhong/prj/finn/deps/finn-hlslib/maxpool.h:168]   --->   Operation 178 'load' 'buf_V_46_load' <Predicate = (!icmp_ln155)> <Delay = 0.67> <CoreInst = "RAM">   --->   Core 83 'RAM' <Latency = 1> <II = 1> <Delay = 0.67> <Storage> <Opcode : 'load' 'store'> <Ports = 2> <Width = 8> <Depth = 7> <RAM>
ST_4 : Operation 179 [2/2] (0.67ns)   --->   "%buf_V_47_load = load i3 %buf_V_47_addr" [/home/changhong/prj/finn/deps/finn-hlslib/maxpool.h:168]   --->   Operation 179 'load' 'buf_V_47_load' <Predicate = (!icmp_ln155)> <Delay = 0.67> <CoreInst = "RAM">   --->   Core 83 'RAM' <Latency = 1> <II = 1> <Delay = 0.67> <Storage> <Opcode : 'load' 'store'> <Ports = 2> <Width = 8> <Depth = 7> <RAM>
ST_4 : Operation 180 [2/2] (0.67ns)   --->   "%buf_V_48_load = load i3 %buf_V_48_addr" [/home/changhong/prj/finn/deps/finn-hlslib/maxpool.h:168]   --->   Operation 180 'load' 'buf_V_48_load' <Predicate = (!icmp_ln155)> <Delay = 0.67> <CoreInst = "RAM">   --->   Core 83 'RAM' <Latency = 1> <II = 1> <Delay = 0.67> <Storage> <Opcode : 'load' 'store'> <Ports = 2> <Width = 8> <Depth = 7> <RAM>
ST_4 : Operation 181 [2/2] (0.67ns)   --->   "%buf_V_49_load = load i3 %buf_V_49_addr" [/home/changhong/prj/finn/deps/finn-hlslib/maxpool.h:168]   --->   Operation 181 'load' 'buf_V_49_load' <Predicate = (!icmp_ln155)> <Delay = 0.67> <CoreInst = "RAM">   --->   Core 83 'RAM' <Latency = 1> <II = 1> <Delay = 0.67> <Storage> <Opcode : 'load' 'store'> <Ports = 2> <Width = 8> <Depth = 7> <RAM>
ST_4 : Operation 182 [1/1] (0.00ns)   --->   "%empty_212 = wait i32 @_ssdm_op_Wait"   --->   Operation 182 'wait' 'empty_212' <Predicate = (!icmp_ln155)> <Delay = 0.00>
ST_4 : Operation 183 [1/1] (0.67ns)   --->   "%add_ln156 = add i3 %select_ln155, i3 1" [/home/changhong/prj/finn/deps/finn-hlslib/maxpool.h:156]   --->   Operation 183 'add' 'add_ln156' <Predicate = (!icmp_ln155)> <Delay = 0.67> <CoreInst = "Adder">   --->   Core 1 'Adder' <Latency = 0> <II = 1> <Delay = 0.67> <FuncUnit> <Opcode : 'add' 'sub'> <InPorts = 2> <OutPorts = 1>
ST_4 : Operation 184 [1/1] (0.00ns)   --->   "%empty_210 = wait i32 @_ssdm_op_Wait"   --->   Operation 184 'wait' 'empty_210' <Predicate = (icmp_ln155)> <Delay = 0.00>
ST_4 : Operation 185 [2/2] (0.00ns)   --->   "%call_ln0 = call void @StreamingMaxPool_Precision_Pipeline_VITIS_LOOP_174_8, i8 %buf_V, i8 %buf_V_1, i8 %buf_V_2, i8 %buf_V_3, i8 %buf_V_4, i8 %buf_V_5, i8 %buf_V_6, i8 %buf_V_7, i8 %buf_V_8, i8 %buf_V_9, i8 %buf_V_10, i8 %buf_V_11, i8 %buf_V_12, i8 %buf_V_13, i8 %buf_V_14, i8 %buf_V_15, i8 %buf_V_16, i8 %buf_V_17, i8 %buf_V_18, i8 %buf_V_19, i8 %buf_V_20, i8 %buf_V_21, i8 %buf_V_22, i8 %buf_V_23, i8 %buf_V_24, i8 %buf_V_25, i8 %buf_V_26, i8 %buf_V_27, i8 %buf_V_28, i8 %buf_V_29, i8 %buf_V_30, i8 %buf_V_31, i8 %buf_V_32, i8 %buf_V_33, i8 %buf_V_34, i8 %buf_V_35, i8 %buf_V_36, i8 %buf_V_37, i8 %buf_V_38, i8 %buf_V_39, i8 %buf_V_40, i8 %buf_V_41, i8 %buf_V_42, i8 %buf_V_43, i8 %buf_V_44, i8 %buf_V_45, i8 %buf_V_46, i8 %buf_V_47, i8 %buf_V_48, i8 %buf_V_49, i400 %out_V"   --->   Operation 185 'call' 'call_ln0' <Predicate = (icmp_ln155)> <Delay = 0.00> <CoreType = "Generic">   --->   Core 0 '' <Latency = 0> <II = 1> <Delay = 1.00> <Generic> <Opcode : >
ST_4 : Operation 186 [1/1] (0.42ns)   --->   "%store_ln154 = store i3 %yp_2, i3 %yp" [/home/changhong/prj/finn/deps/finn-hlslib/maxpool.h:154]   --->   Operation 186 'store' 'store_ln154' <Predicate = (icmp_ln155)> <Delay = 0.42>

State 5 <SV = 4> <Delay = 0.67>
ST_5 : Operation 187 [1/2] (0.67ns)   --->   "%buf_V_load = load i3 %buf_V_addr" [/home/changhong/prj/finn/deps/finn-hlslib/maxpool.h:168]   --->   Operation 187 'load' 'buf_V_load' <Predicate = true> <Delay = 0.67> <CoreInst = "RAM">   --->   Core 83 'RAM' <Latency = 1> <II = 1> <Delay = 0.67> <Storage> <Opcode : 'load' 'store'> <Ports = 2> <Width = 8> <Depth = 7> <RAM>
ST_5 : Operation 188 [1/2] (0.67ns)   --->   "%buf_V_1_load = load i3 %buf_V_1_addr" [/home/changhong/prj/finn/deps/finn-hlslib/maxpool.h:168]   --->   Operation 188 'load' 'buf_V_1_load' <Predicate = true> <Delay = 0.67> <CoreInst = "RAM">   --->   Core 83 'RAM' <Latency = 1> <II = 1> <Delay = 0.67> <Storage> <Opcode : 'load' 'store'> <Ports = 2> <Width = 8> <Depth = 7> <RAM>
ST_5 : Operation 189 [1/2] (0.67ns)   --->   "%buf_V_2_load = load i3 %buf_V_2_addr" [/home/changhong/prj/finn/deps/finn-hlslib/maxpool.h:168]   --->   Operation 189 'load' 'buf_V_2_load' <Predicate = true> <Delay = 0.67> <CoreInst = "RAM">   --->   Core 83 'RAM' <Latency = 1> <II = 1> <Delay = 0.67> <Storage> <Opcode : 'load' 'store'> <Ports = 2> <Width = 8> <Depth = 7> <RAM>
ST_5 : Operation 190 [1/2] (0.67ns)   --->   "%buf_V_3_load = load i3 %buf_V_3_addr" [/home/changhong/prj/finn/deps/finn-hlslib/maxpool.h:168]   --->   Operation 190 'load' 'buf_V_3_load' <Predicate = true> <Delay = 0.67> <CoreInst = "RAM">   --->   Core 83 'RAM' <Latency = 1> <II = 1> <Delay = 0.67> <Storage> <Opcode : 'load' 'store'> <Ports = 2> <Width = 8> <Depth = 7> <RAM>
ST_5 : Operation 191 [1/2] (0.67ns)   --->   "%buf_V_4_load = load i3 %buf_V_4_addr" [/home/changhong/prj/finn/deps/finn-hlslib/maxpool.h:168]   --->   Operation 191 'load' 'buf_V_4_load' <Predicate = true> <Delay = 0.67> <CoreInst = "RAM">   --->   Core 83 'RAM' <Latency = 1> <II = 1> <Delay = 0.67> <Storage> <Opcode : 'load' 'store'> <Ports = 2> <Width = 8> <Depth = 7> <RAM>
ST_5 : Operation 192 [1/2] (0.67ns)   --->   "%buf_V_5_load = load i3 %buf_V_5_addr" [/home/changhong/prj/finn/deps/finn-hlslib/maxpool.h:168]   --->   Operation 192 'load' 'buf_V_5_load' <Predicate = true> <Delay = 0.67> <CoreInst = "RAM">   --->   Core 83 'RAM' <Latency = 1> <II = 1> <Delay = 0.67> <Storage> <Opcode : 'load' 'store'> <Ports = 2> <Width = 8> <Depth = 7> <RAM>
ST_5 : Operation 193 [1/2] (0.67ns)   --->   "%buf_V_6_load = load i3 %buf_V_6_addr" [/home/changhong/prj/finn/deps/finn-hlslib/maxpool.h:168]   --->   Operation 193 'load' 'buf_V_6_load' <Predicate = true> <Delay = 0.67> <CoreInst = "RAM">   --->   Core 83 'RAM' <Latency = 1> <II = 1> <Delay = 0.67> <Storage> <Opcode : 'load' 'store'> <Ports = 2> <Width = 8> <Depth = 7> <RAM>
ST_5 : Operation 194 [1/2] (0.67ns)   --->   "%buf_V_7_load = load i3 %buf_V_7_addr" [/home/changhong/prj/finn/deps/finn-hlslib/maxpool.h:168]   --->   Operation 194 'load' 'buf_V_7_load' <Predicate = true> <Delay = 0.67> <CoreInst = "RAM">   --->   Core 83 'RAM' <Latency = 1> <II = 1> <Delay = 0.67> <Storage> <Opcode : 'load' 'store'> <Ports = 2> <Width = 8> <Depth = 7> <RAM>
ST_5 : Operation 195 [1/2] (0.67ns)   --->   "%buf_V_8_load = load i3 %buf_V_8_addr" [/home/changhong/prj/finn/deps/finn-hlslib/maxpool.h:168]   --->   Operation 195 'load' 'buf_V_8_load' <Predicate = true> <Delay = 0.67> <CoreInst = "RAM">   --->   Core 83 'RAM' <Latency = 1> <II = 1> <Delay = 0.67> <Storage> <Opcode : 'load' 'store'> <Ports = 2> <Width = 8> <Depth = 7> <RAM>
ST_5 : Operation 196 [1/2] (0.67ns)   --->   "%buf_V_9_load = load i3 %buf_V_9_addr" [/home/changhong/prj/finn/deps/finn-hlslib/maxpool.h:168]   --->   Operation 196 'load' 'buf_V_9_load' <Predicate = true> <Delay = 0.67> <CoreInst = "RAM">   --->   Core 83 'RAM' <Latency = 1> <II = 1> <Delay = 0.67> <Storage> <Opcode : 'load' 'store'> <Ports = 2> <Width = 8> <Depth = 7> <RAM>
ST_5 : Operation 197 [1/2] (0.67ns)   --->   "%buf_V_10_load = load i3 %buf_V_10_addr" [/home/changhong/prj/finn/deps/finn-hlslib/maxpool.h:168]   --->   Operation 197 'load' 'buf_V_10_load' <Predicate = true> <Delay = 0.67> <CoreInst = "RAM">   --->   Core 83 'RAM' <Latency = 1> <II = 1> <Delay = 0.67> <Storage> <Opcode : 'load' 'store'> <Ports = 2> <Width = 8> <Depth = 7> <RAM>
ST_5 : Operation 198 [1/2] (0.67ns)   --->   "%buf_V_11_load = load i3 %buf_V_11_addr" [/home/changhong/prj/finn/deps/finn-hlslib/maxpool.h:168]   --->   Operation 198 'load' 'buf_V_11_load' <Predicate = true> <Delay = 0.67> <CoreInst = "RAM">   --->   Core 83 'RAM' <Latency = 1> <II = 1> <Delay = 0.67> <Storage> <Opcode : 'load' 'store'> <Ports = 2> <Width = 8> <Depth = 7> <RAM>
ST_5 : Operation 199 [1/2] (0.67ns)   --->   "%buf_V_12_load = load i3 %buf_V_12_addr" [/home/changhong/prj/finn/deps/finn-hlslib/maxpool.h:168]   --->   Operation 199 'load' 'buf_V_12_load' <Predicate = true> <Delay = 0.67> <CoreInst = "RAM">   --->   Core 83 'RAM' <Latency = 1> <II = 1> <Delay = 0.67> <Storage> <Opcode : 'load' 'store'> <Ports = 2> <Width = 8> <Depth = 7> <RAM>
ST_5 : Operation 200 [1/2] (0.67ns)   --->   "%buf_V_13_load = load i3 %buf_V_13_addr" [/home/changhong/prj/finn/deps/finn-hlslib/maxpool.h:168]   --->   Operation 200 'load' 'buf_V_13_load' <Predicate = true> <Delay = 0.67> <CoreInst = "RAM">   --->   Core 83 'RAM' <Latency = 1> <II = 1> <Delay = 0.67> <Storage> <Opcode : 'load' 'store'> <Ports = 2> <Width = 8> <Depth = 7> <RAM>
ST_5 : Operation 201 [1/2] (0.67ns)   --->   "%buf_V_14_load = load i3 %buf_V_14_addr" [/home/changhong/prj/finn/deps/finn-hlslib/maxpool.h:168]   --->   Operation 201 'load' 'buf_V_14_load' <Predicate = true> <Delay = 0.67> <CoreInst = "RAM">   --->   Core 83 'RAM' <Latency = 1> <II = 1> <Delay = 0.67> <Storage> <Opcode : 'load' 'store'> <Ports = 2> <Width = 8> <Depth = 7> <RAM>
ST_5 : Operation 202 [1/2] (0.67ns)   --->   "%buf_V_15_load = load i3 %buf_V_15_addr" [/home/changhong/prj/finn/deps/finn-hlslib/maxpool.h:168]   --->   Operation 202 'load' 'buf_V_15_load' <Predicate = true> <Delay = 0.67> <CoreInst = "RAM">   --->   Core 83 'RAM' <Latency = 1> <II = 1> <Delay = 0.67> <Storage> <Opcode : 'load' 'store'> <Ports = 2> <Width = 8> <Depth = 7> <RAM>
ST_5 : Operation 203 [1/2] (0.67ns)   --->   "%buf_V_16_load = load i3 %buf_V_16_addr" [/home/changhong/prj/finn/deps/finn-hlslib/maxpool.h:168]   --->   Operation 203 'load' 'buf_V_16_load' <Predicate = true> <Delay = 0.67> <CoreInst = "RAM">   --->   Core 83 'RAM' <Latency = 1> <II = 1> <Delay = 0.67> <Storage> <Opcode : 'load' 'store'> <Ports = 2> <Width = 8> <Depth = 7> <RAM>
ST_5 : Operation 204 [1/2] (0.67ns)   --->   "%buf_V_17_load = load i3 %buf_V_17_addr" [/home/changhong/prj/finn/deps/finn-hlslib/maxpool.h:168]   --->   Operation 204 'load' 'buf_V_17_load' <Predicate = true> <Delay = 0.67> <CoreInst = "RAM">   --->   Core 83 'RAM' <Latency = 1> <II = 1> <Delay = 0.67> <Storage> <Opcode : 'load' 'store'> <Ports = 2> <Width = 8> <Depth = 7> <RAM>
ST_5 : Operation 205 [1/2] (0.67ns)   --->   "%buf_V_18_load = load i3 %buf_V_18_addr" [/home/changhong/prj/finn/deps/finn-hlslib/maxpool.h:168]   --->   Operation 205 'load' 'buf_V_18_load' <Predicate = true> <Delay = 0.67> <CoreInst = "RAM">   --->   Core 83 'RAM' <Latency = 1> <II = 1> <Delay = 0.67> <Storage> <Opcode : 'load' 'store'> <Ports = 2> <Width = 8> <Depth = 7> <RAM>
ST_5 : Operation 206 [1/2] (0.67ns)   --->   "%buf_V_19_load = load i3 %buf_V_19_addr" [/home/changhong/prj/finn/deps/finn-hlslib/maxpool.h:168]   --->   Operation 206 'load' 'buf_V_19_load' <Predicate = true> <Delay = 0.67> <CoreInst = "RAM">   --->   Core 83 'RAM' <Latency = 1> <II = 1> <Delay = 0.67> <Storage> <Opcode : 'load' 'store'> <Ports = 2> <Width = 8> <Depth = 7> <RAM>
ST_5 : Operation 207 [1/2] (0.67ns)   --->   "%buf_V_20_load = load i3 %buf_V_20_addr" [/home/changhong/prj/finn/deps/finn-hlslib/maxpool.h:168]   --->   Operation 207 'load' 'buf_V_20_load' <Predicate = true> <Delay = 0.67> <CoreInst = "RAM">   --->   Core 83 'RAM' <Latency = 1> <II = 1> <Delay = 0.67> <Storage> <Opcode : 'load' 'store'> <Ports = 2> <Width = 8> <Depth = 7> <RAM>
ST_5 : Operation 208 [1/2] (0.67ns)   --->   "%buf_V_21_load = load i3 %buf_V_21_addr" [/home/changhong/prj/finn/deps/finn-hlslib/maxpool.h:168]   --->   Operation 208 'load' 'buf_V_21_load' <Predicate = true> <Delay = 0.67> <CoreInst = "RAM">   --->   Core 83 'RAM' <Latency = 1> <II = 1> <Delay = 0.67> <Storage> <Opcode : 'load' 'store'> <Ports = 2> <Width = 8> <Depth = 7> <RAM>
ST_5 : Operation 209 [1/2] (0.67ns)   --->   "%buf_V_22_load = load i3 %buf_V_22_addr" [/home/changhong/prj/finn/deps/finn-hlslib/maxpool.h:168]   --->   Operation 209 'load' 'buf_V_22_load' <Predicate = true> <Delay = 0.67> <CoreInst = "RAM">   --->   Core 83 'RAM' <Latency = 1> <II = 1> <Delay = 0.67> <Storage> <Opcode : 'load' 'store'> <Ports = 2> <Width = 8> <Depth = 7> <RAM>
ST_5 : Operation 210 [1/2] (0.67ns)   --->   "%buf_V_23_load = load i3 %buf_V_23_addr" [/home/changhong/prj/finn/deps/finn-hlslib/maxpool.h:168]   --->   Operation 210 'load' 'buf_V_23_load' <Predicate = true> <Delay = 0.67> <CoreInst = "RAM">   --->   Core 83 'RAM' <Latency = 1> <II = 1> <Delay = 0.67> <Storage> <Opcode : 'load' 'store'> <Ports = 2> <Width = 8> <Depth = 7> <RAM>
ST_5 : Operation 211 [1/2] (0.67ns)   --->   "%buf_V_24_load = load i3 %buf_V_24_addr" [/home/changhong/prj/finn/deps/finn-hlslib/maxpool.h:168]   --->   Operation 211 'load' 'buf_V_24_load' <Predicate = true> <Delay = 0.67> <CoreInst = "RAM">   --->   Core 83 'RAM' <Latency = 1> <II = 1> <Delay = 0.67> <Storage> <Opcode : 'load' 'store'> <Ports = 2> <Width = 8> <Depth = 7> <RAM>
ST_5 : Operation 212 [1/2] (0.67ns)   --->   "%buf_V_25_load = load i3 %buf_V_25_addr" [/home/changhong/prj/finn/deps/finn-hlslib/maxpool.h:168]   --->   Operation 212 'load' 'buf_V_25_load' <Predicate = true> <Delay = 0.67> <CoreInst = "RAM">   --->   Core 83 'RAM' <Latency = 1> <II = 1> <Delay = 0.67> <Storage> <Opcode : 'load' 'store'> <Ports = 2> <Width = 8> <Depth = 7> <RAM>
ST_5 : Operation 213 [1/2] (0.67ns)   --->   "%buf_V_26_load = load i3 %buf_V_26_addr" [/home/changhong/prj/finn/deps/finn-hlslib/maxpool.h:168]   --->   Operation 213 'load' 'buf_V_26_load' <Predicate = true> <Delay = 0.67> <CoreInst = "RAM">   --->   Core 83 'RAM' <Latency = 1> <II = 1> <Delay = 0.67> <Storage> <Opcode : 'load' 'store'> <Ports = 2> <Width = 8> <Depth = 7> <RAM>
ST_5 : Operation 214 [1/2] (0.67ns)   --->   "%buf_V_27_load = load i3 %buf_V_27_addr" [/home/changhong/prj/finn/deps/finn-hlslib/maxpool.h:168]   --->   Operation 214 'load' 'buf_V_27_load' <Predicate = true> <Delay = 0.67> <CoreInst = "RAM">   --->   Core 83 'RAM' <Latency = 1> <II = 1> <Delay = 0.67> <Storage> <Opcode : 'load' 'store'> <Ports = 2> <Width = 8> <Depth = 7> <RAM>
ST_5 : Operation 215 [1/2] (0.67ns)   --->   "%buf_V_28_load = load i3 %buf_V_28_addr" [/home/changhong/prj/finn/deps/finn-hlslib/maxpool.h:168]   --->   Operation 215 'load' 'buf_V_28_load' <Predicate = true> <Delay = 0.67> <CoreInst = "RAM">   --->   Core 83 'RAM' <Latency = 1> <II = 1> <Delay = 0.67> <Storage> <Opcode : 'load' 'store'> <Ports = 2> <Width = 8> <Depth = 7> <RAM>
ST_5 : Operation 216 [1/2] (0.67ns)   --->   "%buf_V_29_load = load i3 %buf_V_29_addr" [/home/changhong/prj/finn/deps/finn-hlslib/maxpool.h:168]   --->   Operation 216 'load' 'buf_V_29_load' <Predicate = true> <Delay = 0.67> <CoreInst = "RAM">   --->   Core 83 'RAM' <Latency = 1> <II = 1> <Delay = 0.67> <Storage> <Opcode : 'load' 'store'> <Ports = 2> <Width = 8> <Depth = 7> <RAM>
ST_5 : Operation 217 [1/2] (0.67ns)   --->   "%buf_V_30_load = load i3 %buf_V_30_addr" [/home/changhong/prj/finn/deps/finn-hlslib/maxpool.h:168]   --->   Operation 217 'load' 'buf_V_30_load' <Predicate = true> <Delay = 0.67> <CoreInst = "RAM">   --->   Core 83 'RAM' <Latency = 1> <II = 1> <Delay = 0.67> <Storage> <Opcode : 'load' 'store'> <Ports = 2> <Width = 8> <Depth = 7> <RAM>
ST_5 : Operation 218 [1/2] (0.67ns)   --->   "%buf_V_31_load = load i3 %buf_V_31_addr" [/home/changhong/prj/finn/deps/finn-hlslib/maxpool.h:168]   --->   Operation 218 'load' 'buf_V_31_load' <Predicate = true> <Delay = 0.67> <CoreInst = "RAM">   --->   Core 83 'RAM' <Latency = 1> <II = 1> <Delay = 0.67> <Storage> <Opcode : 'load' 'store'> <Ports = 2> <Width = 8> <Depth = 7> <RAM>
ST_5 : Operation 219 [1/2] (0.67ns)   --->   "%buf_V_32_load = load i3 %buf_V_32_addr" [/home/changhong/prj/finn/deps/finn-hlslib/maxpool.h:168]   --->   Operation 219 'load' 'buf_V_32_load' <Predicate = true> <Delay = 0.67> <CoreInst = "RAM">   --->   Core 83 'RAM' <Latency = 1> <II = 1> <Delay = 0.67> <Storage> <Opcode : 'load' 'store'> <Ports = 2> <Width = 8> <Depth = 7> <RAM>
ST_5 : Operation 220 [1/2] (0.67ns)   --->   "%buf_V_33_load = load i3 %buf_V_33_addr" [/home/changhong/prj/finn/deps/finn-hlslib/maxpool.h:168]   --->   Operation 220 'load' 'buf_V_33_load' <Predicate = true> <Delay = 0.67> <CoreInst = "RAM">   --->   Core 83 'RAM' <Latency = 1> <II = 1> <Delay = 0.67> <Storage> <Opcode : 'load' 'store'> <Ports = 2> <Width = 8> <Depth = 7> <RAM>
ST_5 : Operation 221 [1/2] (0.67ns)   --->   "%buf_V_34_load = load i3 %buf_V_34_addr" [/home/changhong/prj/finn/deps/finn-hlslib/maxpool.h:168]   --->   Operation 221 'load' 'buf_V_34_load' <Predicate = true> <Delay = 0.67> <CoreInst = "RAM">   --->   Core 83 'RAM' <Latency = 1> <II = 1> <Delay = 0.67> <Storage> <Opcode : 'load' 'store'> <Ports = 2> <Width = 8> <Depth = 7> <RAM>
ST_5 : Operation 222 [1/2] (0.67ns)   --->   "%buf_V_35_load = load i3 %buf_V_35_addr" [/home/changhong/prj/finn/deps/finn-hlslib/maxpool.h:168]   --->   Operation 222 'load' 'buf_V_35_load' <Predicate = true> <Delay = 0.67> <CoreInst = "RAM">   --->   Core 83 'RAM' <Latency = 1> <II = 1> <Delay = 0.67> <Storage> <Opcode : 'load' 'store'> <Ports = 2> <Width = 8> <Depth = 7> <RAM>
ST_5 : Operation 223 [1/2] (0.67ns)   --->   "%buf_V_36_load = load i3 %buf_V_36_addr" [/home/changhong/prj/finn/deps/finn-hlslib/maxpool.h:168]   --->   Operation 223 'load' 'buf_V_36_load' <Predicate = true> <Delay = 0.67> <CoreInst = "RAM">   --->   Core 83 'RAM' <Latency = 1> <II = 1> <Delay = 0.67> <Storage> <Opcode : 'load' 'store'> <Ports = 2> <Width = 8> <Depth = 7> <RAM>
ST_5 : Operation 224 [1/2] (0.67ns)   --->   "%buf_V_37_load = load i3 %buf_V_37_addr" [/home/changhong/prj/finn/deps/finn-hlslib/maxpool.h:168]   --->   Operation 224 'load' 'buf_V_37_load' <Predicate = true> <Delay = 0.67> <CoreInst = "RAM">   --->   Core 83 'RAM' <Latency = 1> <II = 1> <Delay = 0.67> <Storage> <Opcode : 'load' 'store'> <Ports = 2> <Width = 8> <Depth = 7> <RAM>
ST_5 : Operation 225 [1/2] (0.67ns)   --->   "%buf_V_38_load = load i3 %buf_V_38_addr" [/home/changhong/prj/finn/deps/finn-hlslib/maxpool.h:168]   --->   Operation 225 'load' 'buf_V_38_load' <Predicate = true> <Delay = 0.67> <CoreInst = "RAM">   --->   Core 83 'RAM' <Latency = 1> <II = 1> <Delay = 0.67> <Storage> <Opcode : 'load' 'store'> <Ports = 2> <Width = 8> <Depth = 7> <RAM>
ST_5 : Operation 226 [1/2] (0.67ns)   --->   "%buf_V_39_load = load i3 %buf_V_39_addr" [/home/changhong/prj/finn/deps/finn-hlslib/maxpool.h:168]   --->   Operation 226 'load' 'buf_V_39_load' <Predicate = true> <Delay = 0.67> <CoreInst = "RAM">   --->   Core 83 'RAM' <Latency = 1> <II = 1> <Delay = 0.67> <Storage> <Opcode : 'load' 'store'> <Ports = 2> <Width = 8> <Depth = 7> <RAM>
ST_5 : Operation 227 [1/2] (0.67ns)   --->   "%buf_V_40_load = load i3 %buf_V_40_addr" [/home/changhong/prj/finn/deps/finn-hlslib/maxpool.h:168]   --->   Operation 227 'load' 'buf_V_40_load' <Predicate = true> <Delay = 0.67> <CoreInst = "RAM">   --->   Core 83 'RAM' <Latency = 1> <II = 1> <Delay = 0.67> <Storage> <Opcode : 'load' 'store'> <Ports = 2> <Width = 8> <Depth = 7> <RAM>
ST_5 : Operation 228 [1/2] (0.67ns)   --->   "%buf_V_41_load = load i3 %buf_V_41_addr" [/home/changhong/prj/finn/deps/finn-hlslib/maxpool.h:168]   --->   Operation 228 'load' 'buf_V_41_load' <Predicate = true> <Delay = 0.67> <CoreInst = "RAM">   --->   Core 83 'RAM' <Latency = 1> <II = 1> <Delay = 0.67> <Storage> <Opcode : 'load' 'store'> <Ports = 2> <Width = 8> <Depth = 7> <RAM>
ST_5 : Operation 229 [1/2] (0.67ns)   --->   "%buf_V_42_load = load i3 %buf_V_42_addr" [/home/changhong/prj/finn/deps/finn-hlslib/maxpool.h:168]   --->   Operation 229 'load' 'buf_V_42_load' <Predicate = true> <Delay = 0.67> <CoreInst = "RAM">   --->   Core 83 'RAM' <Latency = 1> <II = 1> <Delay = 0.67> <Storage> <Opcode : 'load' 'store'> <Ports = 2> <Width = 8> <Depth = 7> <RAM>
ST_5 : Operation 230 [1/2] (0.67ns)   --->   "%buf_V_43_load = load i3 %buf_V_43_addr" [/home/changhong/prj/finn/deps/finn-hlslib/maxpool.h:168]   --->   Operation 230 'load' 'buf_V_43_load' <Predicate = true> <Delay = 0.67> <CoreInst = "RAM">   --->   Core 83 'RAM' <Latency = 1> <II = 1> <Delay = 0.67> <Storage> <Opcode : 'load' 'store'> <Ports = 2> <Width = 8> <Depth = 7> <RAM>
ST_5 : Operation 231 [1/2] (0.67ns)   --->   "%buf_V_44_load = load i3 %buf_V_44_addr" [/home/changhong/prj/finn/deps/finn-hlslib/maxpool.h:168]   --->   Operation 231 'load' 'buf_V_44_load' <Predicate = true> <Delay = 0.67> <CoreInst = "RAM">   --->   Core 83 'RAM' <Latency = 1> <II = 1> <Delay = 0.67> <Storage> <Opcode : 'load' 'store'> <Ports = 2> <Width = 8> <Depth = 7> <RAM>
ST_5 : Operation 232 [1/2] (0.67ns)   --->   "%buf_V_45_load = load i3 %buf_V_45_addr" [/home/changhong/prj/finn/deps/finn-hlslib/maxpool.h:168]   --->   Operation 232 'load' 'buf_V_45_load' <Predicate = true> <Delay = 0.67> <CoreInst = "RAM">   --->   Core 83 'RAM' <Latency = 1> <II = 1> <Delay = 0.67> <Storage> <Opcode : 'load' 'store'> <Ports = 2> <Width = 8> <Depth = 7> <RAM>
ST_5 : Operation 233 [1/2] (0.67ns)   --->   "%buf_V_46_load = load i3 %buf_V_46_addr" [/home/changhong/prj/finn/deps/finn-hlslib/maxpool.h:168]   --->   Operation 233 'load' 'buf_V_46_load' <Predicate = true> <Delay = 0.67> <CoreInst = "RAM">   --->   Core 83 'RAM' <Latency = 1> <II = 1> <Delay = 0.67> <Storage> <Opcode : 'load' 'store'> <Ports = 2> <Width = 8> <Depth = 7> <RAM>
ST_5 : Operation 234 [1/2] (0.67ns)   --->   "%buf_V_47_load = load i3 %buf_V_47_addr" [/home/changhong/prj/finn/deps/finn-hlslib/maxpool.h:168]   --->   Operation 234 'load' 'buf_V_47_load' <Predicate = true> <Delay = 0.67> <CoreInst = "RAM">   --->   Core 83 'RAM' <Latency = 1> <II = 1> <Delay = 0.67> <Storage> <Opcode : 'load' 'store'> <Ports = 2> <Width = 8> <Depth = 7> <RAM>
ST_5 : Operation 235 [1/2] (0.67ns)   --->   "%buf_V_48_load = load i3 %buf_V_48_addr" [/home/changhong/prj/finn/deps/finn-hlslib/maxpool.h:168]   --->   Operation 235 'load' 'buf_V_48_load' <Predicate = true> <Delay = 0.67> <CoreInst = "RAM">   --->   Core 83 'RAM' <Latency = 1> <II = 1> <Delay = 0.67> <Storage> <Opcode : 'load' 'store'> <Ports = 2> <Width = 8> <Depth = 7> <RAM>
ST_5 : Operation 236 [1/2] (0.67ns)   --->   "%buf_V_49_load = load i3 %buf_V_49_addr" [/home/changhong/prj/finn/deps/finn-hlslib/maxpool.h:168]   --->   Operation 236 'load' 'buf_V_49_load' <Predicate = true> <Delay = 0.67> <CoreInst = "RAM">   --->   Core 83 'RAM' <Latency = 1> <II = 1> <Delay = 0.67> <Storage> <Opcode : 'load' 'store'> <Ports = 2> <Width = 8> <Depth = 7> <RAM>

State 6 <SV = 5> <Delay = 2.34>
ST_6 : Operation 237 [2/2] (2.34ns)   --->   "%call_ln168 = call void @StreamingMaxPool_Precision_Pipeline_VITIS_LOOP_158_6, i8 %buf_V_49_load, i8 %buf_V_48_load, i8 %buf_V_47_load, i8 %buf_V_46_load, i8 %buf_V_45_load, i8 %buf_V_44_load, i8 %buf_V_43_load, i8 %buf_V_42_load, i8 %buf_V_41_load, i8 %buf_V_40_load, i8 %buf_V_39_load, i8 %buf_V_38_load, i8 %buf_V_37_load, i8 %buf_V_36_load, i8 %buf_V_35_load, i8 %buf_V_34_load, i8 %buf_V_33_load, i8 %buf_V_32_load, i8 %buf_V_31_load, i8 %buf_V_30_load, i8 %buf_V_29_load, i8 %buf_V_28_load, i8 %buf_V_27_load, i8 %buf_V_26_load, i8 %buf_V_25_load, i8 %buf_V_24_load, i8 %buf_V_23_load, i8 %buf_V_22_load, i8 %buf_V_21_load, i8 %buf_V_20_load, i8 %buf_V_19_load, i8 %buf_V_18_load, i8 %buf_V_17_load, i8 %buf_V_16_load, i8 %buf_V_15_load, i8 %buf_V_14_load, i8 %buf_V_13_load, i8 %buf_V_12_load, i8 %buf_V_11_load, i8 %buf_V_10_load, i8 %buf_V_9_load, i8 %buf_V_8_load, i8 %buf_V_7_load, i8 %buf_V_6_load, i8 %buf_V_5_load, i8 %buf_V_4_load, i8 %buf_V_3_load, i8 %buf_V_2_load, i8 %buf_V_1_load, i8 %buf_V_load, i8 %buf_V_49, i3 %select_ln155, i8 %buf_V_48, i8 %buf_V_47, i8 %buf_V_46, i8 %buf_V_45, i8 %buf_V_44, i8 %buf_V_43, i8 %buf_V_42, i8 %buf_V_41, i8 %buf_V_40, i8 %buf_V_39, i8 %buf_V_38, i8 %buf_V_37, i8 %buf_V_36, i8 %buf_V_35, i8 %buf_V_34, i8 %buf_V_33, i8 %buf_V_32, i8 %buf_V_31, i8 %buf_V_30, i8 %buf_V_29, i8 %buf_V_28, i8 %buf_V_27, i8 %buf_V_26, i8 %buf_V_25, i8 %buf_V_24, i8 %buf_V_23, i8 %buf_V_22, i8 %buf_V_21, i8 %buf_V_20, i8 %buf_V_19, i8 %buf_V_18, i8 %buf_V_17, i8 %buf_V_16, i8 %buf_V_15, i8 %buf_V_14, i8 %buf_V_13, i8 %buf_V_12, i8 %buf_V_11, i8 %buf_V_10, i8 %buf_V_9, i8 %buf_V_8, i8 %buf_V_7, i8 %buf_V_6, i8 %buf_V_5, i8 %buf_V_4, i8 %buf_V_3, i8 %buf_V_2, i8 %buf_V_1, i8 %buf_V, i400 %in0_V" [/home/changhong/prj/finn/deps/finn-hlslib/maxpool.h:168]   --->   Operation 237 'call' 'call_ln168' <Predicate = true> <Delay = 2.34> <CoreType = "Generic">   --->   Core 0 '' <Latency = 0> <II = 1> <Delay = 1.00> <Generic> <Opcode : >

State 7 <SV = 6> <Delay = 0.00>
ST_7 : Operation 238 [1/1] (0.00ns)   --->   "%specloopname_ln0 = specloopname void @_ssdm_op_SpecLoopName, void @VITIS_LOOP_155_4_VITIS_LOOP_156_5_str"   --->   Operation 238 'specloopname' 'specloopname_ln0' <Predicate = true> <Delay = 0.00>
ST_7 : Operation 239 [1/1] (0.00ns)   --->   "%empty_211 = speclooptripcount i32 @_ssdm_op_SpecLoopTripCount, i64 14, i64 14, i64 14"   --->   Operation 239 'speclooptripcount' 'empty_211' <Predicate = true> <Delay = 0.00>
ST_7 : Operation 240 [1/1] (0.00ns)   --->   "%specloopname_ln156 = specloopname void @_ssdm_op_SpecLoopName, void @empty_5" [/home/changhong/prj/finn/deps/finn-hlslib/maxpool.h:156]   --->   Operation 240 'specloopname' 'specloopname_ln156' <Predicate = true> <Delay = 0.00>
ST_7 : Operation 241 [1/2] (0.00ns)   --->   "%call_ln168 = call void @StreamingMaxPool_Precision_Pipeline_VITIS_LOOP_158_6, i8 %buf_V_49_load, i8 %buf_V_48_load, i8 %buf_V_47_load, i8 %buf_V_46_load, i8 %buf_V_45_load, i8 %buf_V_44_load, i8 %buf_V_43_load, i8 %buf_V_42_load, i8 %buf_V_41_load, i8 %buf_V_40_load, i8 %buf_V_39_load, i8 %buf_V_38_load, i8 %buf_V_37_load, i8 %buf_V_36_load, i8 %buf_V_35_load, i8 %buf_V_34_load, i8 %buf_V_33_load, i8 %buf_V_32_load, i8 %buf_V_31_load, i8 %buf_V_30_load, i8 %buf_V_29_load, i8 %buf_V_28_load, i8 %buf_V_27_load, i8 %buf_V_26_load, i8 %buf_V_25_load, i8 %buf_V_24_load, i8 %buf_V_23_load, i8 %buf_V_22_load, i8 %buf_V_21_load, i8 %buf_V_20_load, i8 %buf_V_19_load, i8 %buf_V_18_load, i8 %buf_V_17_load, i8 %buf_V_16_load, i8 %buf_V_15_load, i8 %buf_V_14_load, i8 %buf_V_13_load, i8 %buf_V_12_load, i8 %buf_V_11_load, i8 %buf_V_10_load, i8 %buf_V_9_load, i8 %buf_V_8_load, i8 %buf_V_7_load, i8 %buf_V_6_load, i8 %buf_V_5_load, i8 %buf_V_4_load, i8 %buf_V_3_load, i8 %buf_V_2_load, i8 %buf_V_1_load, i8 %buf_V_load, i8 %buf_V_49, i3 %select_ln155, i8 %buf_V_48, i8 %buf_V_47, i8 %buf_V_46, i8 %buf_V_45, i8 %buf_V_44, i8 %buf_V_43, i8 %buf_V_42, i8 %buf_V_41, i8 %buf_V_40, i8 %buf_V_39, i8 %buf_V_38, i8 %buf_V_37, i8 %buf_V_36, i8 %buf_V_35, i8 %buf_V_34, i8 %buf_V_33, i8 %buf_V_32, i8 %buf_V_31, i8 %buf_V_30, i8 %buf_V_29, i8 %buf_V_28, i8 %buf_V_27, i8 %buf_V_26, i8 %buf_V_25, i8 %buf_V_24, i8 %buf_V_23, i8 %buf_V_22, i8 %buf_V_21, i8 %buf_V_20, i8 %buf_V_19, i8 %buf_V_18, i8 %buf_V_17, i8 %buf_V_16, i8 %buf_V_15, i8 %buf_V_14, i8 %buf_V_13, i8 %buf_V_12, i8 %buf_V_11, i8 %buf_V_10, i8 %buf_V_9, i8 %buf_V_8, i8 %buf_V_7, i8 %buf_V_6, i8 %buf_V_5, i8 %buf_V_4, i8 %buf_V_3, i8 %buf_V_2, i8 %buf_V_1, i8 %buf_V, i400 %in0_V" [/home/changhong/prj/finn/deps/finn-hlslib/maxpool.h:168]   --->   Operation 241 'call' 'call_ln168' <Predicate = true> <Delay = 0.00> <CoreType = "Generic">   --->   Core 0 '' <Latency = 0> <II = 1> <Delay = 1.00> <Generic> <Opcode : >
ST_7 : Operation 242 [1/1] (0.00ns)   --->   "%br_ln156 = br void %VITIS_LOOP_158_6" [/home/changhong/prj/finn/deps/finn-hlslib/maxpool.h:156]   --->   Operation 242 'br' 'br_ln156' <Predicate = true> <Delay = 0.00>

State 8 <SV = 4> <Delay = 0.67>
ST_8 : Operation 243 [1/2] (0.67ns)   --->   "%call_ln0 = call void @StreamingMaxPool_Precision_Pipeline_VITIS_LOOP_174_8, i8 %buf_V, i8 %buf_V_1, i8 %buf_V_2, i8 %buf_V_3, i8 %buf_V_4, i8 %buf_V_5, i8 %buf_V_6, i8 %buf_V_7, i8 %buf_V_8, i8 %buf_V_9, i8 %buf_V_10, i8 %buf_V_11, i8 %buf_V_12, i8 %buf_V_13, i8 %buf_V_14, i8 %buf_V_15, i8 %buf_V_16, i8 %buf_V_17, i8 %buf_V_18, i8 %buf_V_19, i8 %buf_V_20, i8 %buf_V_21, i8 %buf_V_22, i8 %buf_V_23, i8 %buf_V_24, i8 %buf_V_25, i8 %buf_V_26, i8 %buf_V_27, i8 %buf_V_28, i8 %buf_V_29, i8 %buf_V_30, i8 %buf_V_31, i8 %buf_V_32, i8 %buf_V_33, i8 %buf_V_34, i8 %buf_V_35, i8 %buf_V_36, i8 %buf_V_37, i8 %buf_V_38, i8 %buf_V_39, i8 %buf_V_40, i8 %buf_V_41, i8 %buf_V_42, i8 %buf_V_43, i8 %buf_V_44, i8 %buf_V_45, i8 %buf_V_46, i8 %buf_V_47, i8 %buf_V_48, i8 %buf_V_49, i400 %out_V"   --->   Operation 243 'call' 'call_ln0' <Predicate = true> <Delay = 0.67> <CoreType = "Generic">   --->   Core 0 '' <Latency = 0> <II = 1> <Delay = 1.00> <Generic> <Opcode : >
ST_8 : Operation 244 [1/1] (0.00ns)   --->   "%br_ln154 = br void %VITIS_LOOP_155_4" [/home/changhong/prj/finn/deps/finn-hlslib/maxpool.h:154]   --->   Operation 244 'br' 'br_ln154' <Predicate = true> <Delay = 0.00>


============================================================
+ Verbose Summary: Timing violations
============================================================
Target clock period: 10ns, clock uncertainty: 2.7ns.

 <State 1>: 0.427ns
The critical path consists of the following:
	'alloca' operation ('yp') [3]  (0 ns)
	'store' operation ('store_ln154', /home/changhong/prj/finn/deps/finn-hlslib/maxpool.h:154) of constant 0 on local variable 'yp' [57]  (0.427 ns)

 <State 2>: 0ns
The critical path consists of the following:

 <State 3>: 0.673ns
The critical path consists of the following:
	'load' operation ('yp', /home/changhong/prj/finn/deps/finn-hlslib/maxpool.h:154) on local variable 'yp' [60]  (0 ns)
	'add' operation ('yp', /home/changhong/prj/finn/deps/finn-hlslib/maxpool.h:154) [63]  (0.673 ns)

 <State 4>: 1.47ns
The critical path consists of the following:
	'phi' operation ('xp', /home/changhong/prj/finn/deps/finn-hlslib/maxpool.h:156) with incoming values : ('add_ln156', /home/changhong/prj/finn/deps/finn-hlslib/maxpool.h:156) [70]  (0 ns)
	'icmp' operation ('icmp_ln156', /home/changhong/prj/finn/deps/finn-hlslib/maxpool.h:156) [77]  (0.584 ns)
	'select' operation ('select_ln155', /home/changhong/prj/finn/deps/finn-hlslib/maxpool.h:155) [78]  (0.208 ns)
	'getelementptr' operation ('buf_V_addr', /home/changhong/prj/finn/deps/finn-hlslib/maxpool.h:156) [81]  (0 ns)
	'load' operation ('buf_V_load', /home/changhong/prj/finn/deps/finn-hlslib/maxpool.h:168) on array 'buf.V', /home/changhong/prj/finn/deps/finn-hlslib/maxpool.h:145 [131]  (0.677 ns)

 <State 5>: 0.677ns
The critical path consists of the following:
	'load' operation ('buf_V_load', /home/changhong/prj/finn/deps/finn-hlslib/maxpool.h:168) on array 'buf.V', /home/changhong/prj/finn/deps/finn-hlslib/maxpool.h:145 [131]  (0.677 ns)

 <State 6>: 2.35ns
The critical path consists of the following:
	'call' operation ('call_ln168', /home/changhong/prj/finn/deps/finn-hlslib/maxpool.h:168) to 'StreamingMaxPool_Precision_Pipeline_VITIS_LOOP_158_6' [182]  (2.35 ns)

 <State 7>: 0ns
The critical path consists of the following:

 <State 8>: 0.677ns
The critical path consists of the following:
	'call' operation ('call_ln0') to 'StreamingMaxPool_Precision_Pipeline_VITIS_LOOP_174_8' [187]  (0.677 ns)


============================================================
+ Verbose Summary: Binding
============================================================
N/A
* FSMD analyzer results:
  - Output states:
 - Input state : 
  - Chain level:
	State 1
	State 2
	State 3
	State 4
	State 5
	State 6
	State 7
	State 8


============================================================
+ Verbose Summary: Datapath Resource usage 
============================================================
N/A
