

================================================================
== Vitis HLS Report for 'StreamingMaxPool_Precision_Pipeline_VITIS_LOOP_174_8'
================================================================
* Date:           Thu Jun 19 12:41:37 2025

* Version:        2022.2 (Build 3670227 on Oct 13 2022)
* Project:        project_StreamingMaxPool_hls_0
* Solution:       sol1 (Vivado IP Flow Target)
* Product family: zynquplus
* Target device:  xczu7ev-ffvc1156-2-e


================================================================
== Performance Estimates
================================================================
+ Timing: 
    * Summary: 
    +--------+----------+----------+------------+
    |  Clock |  Target  | Estimated| Uncertainty|
    +--------+----------+----------+------------+
    |ap_clk  |  10.00 ns|  1.398 ns|     2.70 ns|
    +--------+----------+----------+------------+

+ Latency: 
    * Summary: 
    +---------+---------+----------+----------+-----+-----+---------+
    |  Latency (cycles) |  Latency (absolute) |  Interval | Pipeline|
    |   min   |   max   |    min   |    max   | min | max |   Type  |
    +---------+---------+----------+----------+-----+-----+---------+
    |       16|       16|  0.160 us|  0.160 us|   16|   16|       no|
    +---------+---------+----------+----------+-----+-----+---------+

    + Detail: 
        * Instance: 
        N/A

        * Loop: 
        +--------------------+---------+---------+----------+-----------+-----------+------+----------+
        |                    |  Latency (cycles) | Iteration|  Initiation Interval  | Trip |          |
        |      Loop Name     |   min   |   max   |  Latency |  achieved |   target  | Count| Pipelined|
        +--------------------+---------+---------+----------+-----------+-----------+------+----------+
        |- VITIS_LOOP_174_8  |       14|       14|         2|          1|          1|    14|  yes(flp)|
        +--------------------+---------+---------+----------+-----------+-----------+------+----------+

============================================================
+ Verbose Summary: Synthesis Manager
============================================================
InlineROM: 1
ExposeGlobal: 0
============================================================
+ Verbose Summary: CDFG Model
============================================================
IsTopModel: 0
ResetActiveHigh: 1
IsCombinational: 0
IsDatapathOnly: 0
HasWiredReturn: 1
HasMFsm: 1
HasVarLatency: 1
IsPipeline: 0
IsRtlPipelined: 0
IsInstanceOverlapped: 0
IsDontTouch: 0
HasImplIP: 0
IsGatedGlobalClock: 0

+ Individual pipeline summary: 
  * Pipeline-0: initiation interval (II) = 1, depth = 2


============================================================
+ Verbose Summary: Schedule
============================================================
* Number of FSM states : 2
* Pipeline : 1
  Pipeline-0 : II = 1, D = 2, States = { 1 2 }
* Dataflow Pipeline: 0

* FSM state transitions: 
1 --> 2 
2 --> 

* FSM state operations: 

State 1 <SV = 0> <Delay = 1.39>
ST_1 : Operation 5 [1/1] (0.00ns)   --->   "%outpix = alloca i32 1"   --->   Operation 5 'alloca' 'outpix' <Predicate = true> <Delay = 0.00>
ST_1 : Operation 6 [1/1] (0.00ns)   --->   "%specinterface_ln0 = specinterface void @_ssdm_op_SpecInterface, i160 %out_V, void @empty, i32 0, i32 0, void @empty_0, i32 0, i32 0, void @empty_1, void @empty_1, void @empty_1, i32 0, i32 0, i32 0, i32 0, void @empty_1, void @empty_1, i32 4294967295, i32 0"   --->   Operation 6 'specinterface' 'specinterface_ln0' <Predicate = true> <Delay = 0.00>
ST_1 : Operation 7 [1/1] (0.42ns)   --->   "%store_ln0 = store i4 0, i4 %outpix"   --->   Operation 7 'store' 'store_ln0' <Predicate = true> <Delay = 0.42>
ST_1 : Operation 8 [1/1] (0.00ns)   --->   "%br_ln0 = br void %for.inc87"   --->   Operation 8 'br' 'br_ln0' <Predicate = true> <Delay = 0.00>
ST_1 : Operation 9 [1/1] (0.00ns)   --->   "%outpix_1 = load i4 %outpix" [/home/changhong/prj/finn/deps/finn-hlslib/maxpool.h:174]   --->   Operation 9 'load' 'outpix_1' <Predicate = true> <Delay = 0.00>
ST_1 : Operation 10 [1/1] (0.00ns)   --->   "%specpipeline_ln0 = specpipeline void @_ssdm_op_SpecPipeline, i32 4294967295, i32 0, i32 1, i32 0, void @p_str"   --->   Operation 10 'specpipeline' 'specpipeline_ln0' <Predicate = true> <Delay = 0.00>
ST_1 : Operation 11 [1/1] (0.72ns)   --->   "%icmp_ln174 = icmp_eq  i4 %outpix_1, i4 14" [/home/changhong/prj/finn/deps/finn-hlslib/maxpool.h:174]   --->   Operation 11 'icmp' 'icmp_ln174' <Predicate = true> <Delay = 0.72> <CoreInst = "Cmp">   --->   Core 9 'Cmp' <Latency = 0> <II = 1> <Delay = 0.72> <FuncUnit> <Opcode : 'icmp'> <InPorts = 2> <OutPorts = 1>
ST_1 : Operation 12 [1/1] (0.00ns)   --->   "%empty = speclooptripcount i32 @_ssdm_op_SpecLoopTripCount, i64 14, i64 14, i64 14"   --->   Operation 12 'speclooptripcount' 'empty' <Predicate = true> <Delay = 0.00>
ST_1 : Operation 13 [1/1] (0.79ns)   --->   "%add_ln174 = add i4 %outpix_1, i4 1" [/home/changhong/prj/finn/deps/finn-hlslib/maxpool.h:174]   --->   Operation 13 'add' 'add_ln174' <Predicate = true> <Delay = 0.79> <CoreInst = "Adder">   --->   Core 1 'Adder' <Latency = 0> <II = 1> <Delay = 0.79> <FuncUnit> <Opcode : 'add' 'sub'> <InPorts = 2> <OutPorts = 1>
ST_1 : Operation 14 [1/1] (0.00ns)   --->   "%br_ln174 = br i1 %icmp_ln174, void %for.inc87.split, void %for.inc93.exitStub" [/home/changhong/prj/finn/deps/finn-hlslib/maxpool.h:174]   --->   Operation 14 'br' 'br_ln174' <Predicate = true> <Delay = 0.00>
ST_1 : Operation 15 [1/1] (0.00ns)   --->   "%outpix_cast = zext i4 %outpix_1" [/home/changhong/prj/finn/deps/finn-hlslib/maxpool.h:174]   --->   Operation 15 'zext' 'outpix_cast' <Predicate = (!icmp_ln174)> <Delay = 0.00>
ST_1 : Operation 16 [1/1] (0.00ns)   --->   "%buf_V_addr = getelementptr i8 %buf_V, i64 0, i64 %outpix_cast"   --->   Operation 16 'getelementptr' 'buf_V_addr' <Predicate = (!icmp_ln174)> <Delay = 0.00>
ST_1 : Operation 17 [2/2] (0.67ns)   --->   "%buf_V_load = load i4 %buf_V_addr"   --->   Operation 17 'load' 'buf_V_load' <Predicate = (!icmp_ln174)> <Delay = 0.67> <CoreInst = "RAM">   --->   Core 83 'RAM' <Latency = 1> <II = 1> <Delay = 0.67> <Storage> <Opcode : 'load' 'store'> <Ports = 2> <Width = 8> <Depth = 14> <RAM>
ST_1 : Operation 18 [1/1] (0.67ns)   --->   "%store_ln181 = store i8 0, i4 %buf_V_addr" [/home/changhong/prj/finn/deps/finn-hlslib/maxpool.h:181]   --->   Operation 18 'store' 'store_ln181' <Predicate = (!icmp_ln174)> <Delay = 0.67> <CoreInst = "RAM">   --->   Core 83 'RAM' <Latency = 1> <II = 1> <Delay = 0.67> <Storage> <Opcode : 'load' 'store'> <Ports = 2> <Width = 8> <Depth = 14> <RAM>
ST_1 : Operation 19 [1/1] (0.00ns)   --->   "%buf_V_1_addr = getelementptr i8 %buf_V_1, i64 0, i64 %outpix_cast"   --->   Operation 19 'getelementptr' 'buf_V_1_addr' <Predicate = (!icmp_ln174)> <Delay = 0.00>
ST_1 : Operation 20 [2/2] (0.67ns)   --->   "%buf_V_1_load = load i4 %buf_V_1_addr"   --->   Operation 20 'load' 'buf_V_1_load' <Predicate = (!icmp_ln174)> <Delay = 0.67> <CoreInst = "RAM">   --->   Core 83 'RAM' <Latency = 1> <II = 1> <Delay = 0.67> <Storage> <Opcode : 'load' 'store'> <Ports = 2> <Width = 8> <Depth = 14> <RAM>
ST_1 : Operation 21 [1/1] (0.67ns)   --->   "%store_ln181 = store i8 0, i4 %buf_V_1_addr" [/home/changhong/prj/finn/deps/finn-hlslib/maxpool.h:181]   --->   Operation 21 'store' 'store_ln181' <Predicate = (!icmp_ln174)> <Delay = 0.67> <CoreInst = "RAM">   --->   Core 83 'RAM' <Latency = 1> <II = 1> <Delay = 0.67> <Storage> <Opcode : 'load' 'store'> <Ports = 2> <Width = 8> <Depth = 14> <RAM>
ST_1 : Operation 22 [1/1] (0.00ns)   --->   "%buf_V_2_addr = getelementptr i8 %buf_V_2, i64 0, i64 %outpix_cast"   --->   Operation 22 'getelementptr' 'buf_V_2_addr' <Predicate = (!icmp_ln174)> <Delay = 0.00>
ST_1 : Operation 23 [2/2] (0.67ns)   --->   "%buf_V_2_load = load i4 %buf_V_2_addr"   --->   Operation 23 'load' 'buf_V_2_load' <Predicate = (!icmp_ln174)> <Delay = 0.67> <CoreInst = "RAM">   --->   Core 83 'RAM' <Latency = 1> <II = 1> <Delay = 0.67> <Storage> <Opcode : 'load' 'store'> <Ports = 2> <Width = 8> <Depth = 14> <RAM>
ST_1 : Operation 24 [1/1] (0.67ns)   --->   "%store_ln181 = store i8 0, i4 %buf_V_2_addr" [/home/changhong/prj/finn/deps/finn-hlslib/maxpool.h:181]   --->   Operation 24 'store' 'store_ln181' <Predicate = (!icmp_ln174)> <Delay = 0.67> <CoreInst = "RAM">   --->   Core 83 'RAM' <Latency = 1> <II = 1> <Delay = 0.67> <Storage> <Opcode : 'load' 'store'> <Ports = 2> <Width = 8> <Depth = 14> <RAM>
ST_1 : Operation 25 [1/1] (0.00ns)   --->   "%buf_V_3_addr = getelementptr i8 %buf_V_3, i64 0, i64 %outpix_cast"   --->   Operation 25 'getelementptr' 'buf_V_3_addr' <Predicate = (!icmp_ln174)> <Delay = 0.00>
ST_1 : Operation 26 [2/2] (0.67ns)   --->   "%buf_V_3_load = load i4 %buf_V_3_addr"   --->   Operation 26 'load' 'buf_V_3_load' <Predicate = (!icmp_ln174)> <Delay = 0.67> <CoreInst = "RAM">   --->   Core 83 'RAM' <Latency = 1> <II = 1> <Delay = 0.67> <Storage> <Opcode : 'load' 'store'> <Ports = 2> <Width = 8> <Depth = 14> <RAM>
ST_1 : Operation 27 [1/1] (0.67ns)   --->   "%store_ln181 = store i8 0, i4 %buf_V_3_addr" [/home/changhong/prj/finn/deps/finn-hlslib/maxpool.h:181]   --->   Operation 27 'store' 'store_ln181' <Predicate = (!icmp_ln174)> <Delay = 0.67> <CoreInst = "RAM">   --->   Core 83 'RAM' <Latency = 1> <II = 1> <Delay = 0.67> <Storage> <Opcode : 'load' 'store'> <Ports = 2> <Width = 8> <Depth = 14> <RAM>
ST_1 : Operation 28 [1/1] (0.00ns)   --->   "%buf_V_4_addr = getelementptr i8 %buf_V_4, i64 0, i64 %outpix_cast"   --->   Operation 28 'getelementptr' 'buf_V_4_addr' <Predicate = (!icmp_ln174)> <Delay = 0.00>
ST_1 : Operation 29 [2/2] (0.67ns)   --->   "%buf_V_4_load = load i4 %buf_V_4_addr"   --->   Operation 29 'load' 'buf_V_4_load' <Predicate = (!icmp_ln174)> <Delay = 0.67> <CoreInst = "RAM">   --->   Core 83 'RAM' <Latency = 1> <II = 1> <Delay = 0.67> <Storage> <Opcode : 'load' 'store'> <Ports = 2> <Width = 8> <Depth = 14> <RAM>
ST_1 : Operation 30 [1/1] (0.67ns)   --->   "%store_ln181 = store i8 0, i4 %buf_V_4_addr" [/home/changhong/prj/finn/deps/finn-hlslib/maxpool.h:181]   --->   Operation 30 'store' 'store_ln181' <Predicate = (!icmp_ln174)> <Delay = 0.67> <CoreInst = "RAM">   --->   Core 83 'RAM' <Latency = 1> <II = 1> <Delay = 0.67> <Storage> <Opcode : 'load' 'store'> <Ports = 2> <Width = 8> <Depth = 14> <RAM>
ST_1 : Operation 31 [1/1] (0.00ns)   --->   "%buf_V_5_addr = getelementptr i8 %buf_V_5, i64 0, i64 %outpix_cast"   --->   Operation 31 'getelementptr' 'buf_V_5_addr' <Predicate = (!icmp_ln174)> <Delay = 0.00>
ST_1 : Operation 32 [2/2] (0.67ns)   --->   "%buf_V_5_load = load i4 %buf_V_5_addr"   --->   Operation 32 'load' 'buf_V_5_load' <Predicate = (!icmp_ln174)> <Delay = 0.67> <CoreInst = "RAM">   --->   Core 83 'RAM' <Latency = 1> <II = 1> <Delay = 0.67> <Storage> <Opcode : 'load' 'store'> <Ports = 2> <Width = 8> <Depth = 14> <RAM>
ST_1 : Operation 33 [1/1] (0.67ns)   --->   "%store_ln181 = store i8 0, i4 %buf_V_5_addr" [/home/changhong/prj/finn/deps/finn-hlslib/maxpool.h:181]   --->   Operation 33 'store' 'store_ln181' <Predicate = (!icmp_ln174)> <Delay = 0.67> <CoreInst = "RAM">   --->   Core 83 'RAM' <Latency = 1> <II = 1> <Delay = 0.67> <Storage> <Opcode : 'load' 'store'> <Ports = 2> <Width = 8> <Depth = 14> <RAM>
ST_1 : Operation 34 [1/1] (0.00ns)   --->   "%buf_V_6_addr = getelementptr i8 %buf_V_6, i64 0, i64 %outpix_cast"   --->   Operation 34 'getelementptr' 'buf_V_6_addr' <Predicate = (!icmp_ln174)> <Delay = 0.00>
ST_1 : Operation 35 [2/2] (0.67ns)   --->   "%buf_V_6_load = load i4 %buf_V_6_addr"   --->   Operation 35 'load' 'buf_V_6_load' <Predicate = (!icmp_ln174)> <Delay = 0.67> <CoreInst = "RAM">   --->   Core 83 'RAM' <Latency = 1> <II = 1> <Delay = 0.67> <Storage> <Opcode : 'load' 'store'> <Ports = 2> <Width = 8> <Depth = 14> <RAM>
ST_1 : Operation 36 [1/1] (0.67ns)   --->   "%store_ln181 = store i8 0, i4 %buf_V_6_addr" [/home/changhong/prj/finn/deps/finn-hlslib/maxpool.h:181]   --->   Operation 36 'store' 'store_ln181' <Predicate = (!icmp_ln174)> <Delay = 0.67> <CoreInst = "RAM">   --->   Core 83 'RAM' <Latency = 1> <II = 1> <Delay = 0.67> <Storage> <Opcode : 'load' 'store'> <Ports = 2> <Width = 8> <Depth = 14> <RAM>
ST_1 : Operation 37 [1/1] (0.00ns)   --->   "%buf_V_7_addr = getelementptr i8 %buf_V_7, i64 0, i64 %outpix_cast"   --->   Operation 37 'getelementptr' 'buf_V_7_addr' <Predicate = (!icmp_ln174)> <Delay = 0.00>
ST_1 : Operation 38 [2/2] (0.67ns)   --->   "%buf_V_7_load = load i4 %buf_V_7_addr"   --->   Operation 38 'load' 'buf_V_7_load' <Predicate = (!icmp_ln174)> <Delay = 0.67> <CoreInst = "RAM">   --->   Core 83 'RAM' <Latency = 1> <II = 1> <Delay = 0.67> <Storage> <Opcode : 'load' 'store'> <Ports = 2> <Width = 8> <Depth = 14> <RAM>
ST_1 : Operation 39 [1/1] (0.67ns)   --->   "%store_ln181 = store i8 0, i4 %buf_V_7_addr" [/home/changhong/prj/finn/deps/finn-hlslib/maxpool.h:181]   --->   Operation 39 'store' 'store_ln181' <Predicate = (!icmp_ln174)> <Delay = 0.67> <CoreInst = "RAM">   --->   Core 83 'RAM' <Latency = 1> <II = 1> <Delay = 0.67> <Storage> <Opcode : 'load' 'store'> <Ports = 2> <Width = 8> <Depth = 14> <RAM>
ST_1 : Operation 40 [1/1] (0.00ns)   --->   "%buf_V_8_addr = getelementptr i8 %buf_V_8, i64 0, i64 %outpix_cast"   --->   Operation 40 'getelementptr' 'buf_V_8_addr' <Predicate = (!icmp_ln174)> <Delay = 0.00>
ST_1 : Operation 41 [2/2] (0.67ns)   --->   "%buf_V_8_load = load i4 %buf_V_8_addr"   --->   Operation 41 'load' 'buf_V_8_load' <Predicate = (!icmp_ln174)> <Delay = 0.67> <CoreInst = "RAM">   --->   Core 83 'RAM' <Latency = 1> <II = 1> <Delay = 0.67> <Storage> <Opcode : 'load' 'store'> <Ports = 2> <Width = 8> <Depth = 14> <RAM>
ST_1 : Operation 42 [1/1] (0.67ns)   --->   "%store_ln181 = store i8 0, i4 %buf_V_8_addr" [/home/changhong/prj/finn/deps/finn-hlslib/maxpool.h:181]   --->   Operation 42 'store' 'store_ln181' <Predicate = (!icmp_ln174)> <Delay = 0.67> <CoreInst = "RAM">   --->   Core 83 'RAM' <Latency = 1> <II = 1> <Delay = 0.67> <Storage> <Opcode : 'load' 'store'> <Ports = 2> <Width = 8> <Depth = 14> <RAM>
ST_1 : Operation 43 [1/1] (0.00ns)   --->   "%buf_V_9_addr = getelementptr i8 %buf_V_9, i64 0, i64 %outpix_cast"   --->   Operation 43 'getelementptr' 'buf_V_9_addr' <Predicate = (!icmp_ln174)> <Delay = 0.00>
ST_1 : Operation 44 [2/2] (0.67ns)   --->   "%buf_V_9_load = load i4 %buf_V_9_addr"   --->   Operation 44 'load' 'buf_V_9_load' <Predicate = (!icmp_ln174)> <Delay = 0.67> <CoreInst = "RAM">   --->   Core 83 'RAM' <Latency = 1> <II = 1> <Delay = 0.67> <Storage> <Opcode : 'load' 'store'> <Ports = 2> <Width = 8> <Depth = 14> <RAM>
ST_1 : Operation 45 [1/1] (0.67ns)   --->   "%store_ln181 = store i8 0, i4 %buf_V_9_addr" [/home/changhong/prj/finn/deps/finn-hlslib/maxpool.h:181]   --->   Operation 45 'store' 'store_ln181' <Predicate = (!icmp_ln174)> <Delay = 0.67> <CoreInst = "RAM">   --->   Core 83 'RAM' <Latency = 1> <II = 1> <Delay = 0.67> <Storage> <Opcode : 'load' 'store'> <Ports = 2> <Width = 8> <Depth = 14> <RAM>
ST_1 : Operation 46 [1/1] (0.00ns)   --->   "%buf_V_10_addr = getelementptr i8 %buf_V_10, i64 0, i64 %outpix_cast"   --->   Operation 46 'getelementptr' 'buf_V_10_addr' <Predicate = (!icmp_ln174)> <Delay = 0.00>
ST_1 : Operation 47 [2/2] (0.67ns)   --->   "%buf_V_10_load = load i4 %buf_V_10_addr"   --->   Operation 47 'load' 'buf_V_10_load' <Predicate = (!icmp_ln174)> <Delay = 0.67> <CoreInst = "RAM">   --->   Core 83 'RAM' <Latency = 1> <II = 1> <Delay = 0.67> <Storage> <Opcode : 'load' 'store'> <Ports = 2> <Width = 8> <Depth = 14> <RAM>
ST_1 : Operation 48 [1/1] (0.67ns)   --->   "%store_ln181 = store i8 0, i4 %buf_V_10_addr" [/home/changhong/prj/finn/deps/finn-hlslib/maxpool.h:181]   --->   Operation 48 'store' 'store_ln181' <Predicate = (!icmp_ln174)> <Delay = 0.67> <CoreInst = "RAM">   --->   Core 83 'RAM' <Latency = 1> <II = 1> <Delay = 0.67> <Storage> <Opcode : 'load' 'store'> <Ports = 2> <Width = 8> <Depth = 14> <RAM>
ST_1 : Operation 49 [1/1] (0.00ns)   --->   "%buf_V_11_addr = getelementptr i8 %buf_V_11, i64 0, i64 %outpix_cast"   --->   Operation 49 'getelementptr' 'buf_V_11_addr' <Predicate = (!icmp_ln174)> <Delay = 0.00>
ST_1 : Operation 50 [2/2] (0.67ns)   --->   "%buf_V_11_load = load i4 %buf_V_11_addr"   --->   Operation 50 'load' 'buf_V_11_load' <Predicate = (!icmp_ln174)> <Delay = 0.67> <CoreInst = "RAM">   --->   Core 83 'RAM' <Latency = 1> <II = 1> <Delay = 0.67> <Storage> <Opcode : 'load' 'store'> <Ports = 2> <Width = 8> <Depth = 14> <RAM>
ST_1 : Operation 51 [1/1] (0.67ns)   --->   "%store_ln181 = store i8 0, i4 %buf_V_11_addr" [/home/changhong/prj/finn/deps/finn-hlslib/maxpool.h:181]   --->   Operation 51 'store' 'store_ln181' <Predicate = (!icmp_ln174)> <Delay = 0.67> <CoreInst = "RAM">   --->   Core 83 'RAM' <Latency = 1> <II = 1> <Delay = 0.67> <Storage> <Opcode : 'load' 'store'> <Ports = 2> <Width = 8> <Depth = 14> <RAM>
ST_1 : Operation 52 [1/1] (0.00ns)   --->   "%buf_V_12_addr = getelementptr i8 %buf_V_12, i64 0, i64 %outpix_cast"   --->   Operation 52 'getelementptr' 'buf_V_12_addr' <Predicate = (!icmp_ln174)> <Delay = 0.00>
ST_1 : Operation 53 [2/2] (0.67ns)   --->   "%buf_V_12_load = load i4 %buf_V_12_addr"   --->   Operation 53 'load' 'buf_V_12_load' <Predicate = (!icmp_ln174)> <Delay = 0.67> <CoreInst = "RAM">   --->   Core 83 'RAM' <Latency = 1> <II = 1> <Delay = 0.67> <Storage> <Opcode : 'load' 'store'> <Ports = 2> <Width = 8> <Depth = 14> <RAM>
ST_1 : Operation 54 [1/1] (0.67ns)   --->   "%store_ln181 = store i8 0, i4 %buf_V_12_addr" [/home/changhong/prj/finn/deps/finn-hlslib/maxpool.h:181]   --->   Operation 54 'store' 'store_ln181' <Predicate = (!icmp_ln174)> <Delay = 0.67> <CoreInst = "RAM">   --->   Core 83 'RAM' <Latency = 1> <II = 1> <Delay = 0.67> <Storage> <Opcode : 'load' 'store'> <Ports = 2> <Width = 8> <Depth = 14> <RAM>
ST_1 : Operation 55 [1/1] (0.00ns)   --->   "%buf_V_13_addr = getelementptr i8 %buf_V_13, i64 0, i64 %outpix_cast"   --->   Operation 55 'getelementptr' 'buf_V_13_addr' <Predicate = (!icmp_ln174)> <Delay = 0.00>
ST_1 : Operation 56 [2/2] (0.67ns)   --->   "%buf_V_13_load = load i4 %buf_V_13_addr"   --->   Operation 56 'load' 'buf_V_13_load' <Predicate = (!icmp_ln174)> <Delay = 0.67> <CoreInst = "RAM">   --->   Core 83 'RAM' <Latency = 1> <II = 1> <Delay = 0.67> <Storage> <Opcode : 'load' 'store'> <Ports = 2> <Width = 8> <Depth = 14> <RAM>
ST_1 : Operation 57 [1/1] (0.67ns)   --->   "%store_ln181 = store i8 0, i4 %buf_V_13_addr" [/home/changhong/prj/finn/deps/finn-hlslib/maxpool.h:181]   --->   Operation 57 'store' 'store_ln181' <Predicate = (!icmp_ln174)> <Delay = 0.67> <CoreInst = "RAM">   --->   Core 83 'RAM' <Latency = 1> <II = 1> <Delay = 0.67> <Storage> <Opcode : 'load' 'store'> <Ports = 2> <Width = 8> <Depth = 14> <RAM>
ST_1 : Operation 58 [1/1] (0.00ns)   --->   "%buf_V_14_addr = getelementptr i8 %buf_V_14, i64 0, i64 %outpix_cast"   --->   Operation 58 'getelementptr' 'buf_V_14_addr' <Predicate = (!icmp_ln174)> <Delay = 0.00>
ST_1 : Operation 59 [2/2] (0.67ns)   --->   "%buf_V_14_load = load i4 %buf_V_14_addr"   --->   Operation 59 'load' 'buf_V_14_load' <Predicate = (!icmp_ln174)> <Delay = 0.67> <CoreInst = "RAM">   --->   Core 83 'RAM' <Latency = 1> <II = 1> <Delay = 0.67> <Storage> <Opcode : 'load' 'store'> <Ports = 2> <Width = 8> <Depth = 14> <RAM>
ST_1 : Operation 60 [1/1] (0.67ns)   --->   "%store_ln181 = store i8 0, i4 %buf_V_14_addr" [/home/changhong/prj/finn/deps/finn-hlslib/maxpool.h:181]   --->   Operation 60 'store' 'store_ln181' <Predicate = (!icmp_ln174)> <Delay = 0.67> <CoreInst = "RAM">   --->   Core 83 'RAM' <Latency = 1> <II = 1> <Delay = 0.67> <Storage> <Opcode : 'load' 'store'> <Ports = 2> <Width = 8> <Depth = 14> <RAM>
ST_1 : Operation 61 [1/1] (0.00ns)   --->   "%buf_V_15_addr = getelementptr i8 %buf_V_15, i64 0, i64 %outpix_cast"   --->   Operation 61 'getelementptr' 'buf_V_15_addr' <Predicate = (!icmp_ln174)> <Delay = 0.00>
ST_1 : Operation 62 [2/2] (0.67ns)   --->   "%buf_V_15_load = load i4 %buf_V_15_addr"   --->   Operation 62 'load' 'buf_V_15_load' <Predicate = (!icmp_ln174)> <Delay = 0.67> <CoreInst = "RAM">   --->   Core 83 'RAM' <Latency = 1> <II = 1> <Delay = 0.67> <Storage> <Opcode : 'load' 'store'> <Ports = 2> <Width = 8> <Depth = 14> <RAM>
ST_1 : Operation 63 [1/1] (0.67ns)   --->   "%store_ln181 = store i8 0, i4 %buf_V_15_addr" [/home/changhong/prj/finn/deps/finn-hlslib/maxpool.h:181]   --->   Operation 63 'store' 'store_ln181' <Predicate = (!icmp_ln174)> <Delay = 0.67> <CoreInst = "RAM">   --->   Core 83 'RAM' <Latency = 1> <II = 1> <Delay = 0.67> <Storage> <Opcode : 'load' 'store'> <Ports = 2> <Width = 8> <Depth = 14> <RAM>
ST_1 : Operation 64 [1/1] (0.00ns)   --->   "%buf_V_16_addr = getelementptr i8 %buf_V_16, i64 0, i64 %outpix_cast"   --->   Operation 64 'getelementptr' 'buf_V_16_addr' <Predicate = (!icmp_ln174)> <Delay = 0.00>
ST_1 : Operation 65 [2/2] (0.67ns)   --->   "%buf_V_16_load = load i4 %buf_V_16_addr"   --->   Operation 65 'load' 'buf_V_16_load' <Predicate = (!icmp_ln174)> <Delay = 0.67> <CoreInst = "RAM">   --->   Core 83 'RAM' <Latency = 1> <II = 1> <Delay = 0.67> <Storage> <Opcode : 'load' 'store'> <Ports = 2> <Width = 8> <Depth = 14> <RAM>
ST_1 : Operation 66 [1/1] (0.67ns)   --->   "%store_ln181 = store i8 0, i4 %buf_V_16_addr" [/home/changhong/prj/finn/deps/finn-hlslib/maxpool.h:181]   --->   Operation 66 'store' 'store_ln181' <Predicate = (!icmp_ln174)> <Delay = 0.67> <CoreInst = "RAM">   --->   Core 83 'RAM' <Latency = 1> <II = 1> <Delay = 0.67> <Storage> <Opcode : 'load' 'store'> <Ports = 2> <Width = 8> <Depth = 14> <RAM>
ST_1 : Operation 67 [1/1] (0.00ns)   --->   "%buf_V_17_addr = getelementptr i8 %buf_V_17, i64 0, i64 %outpix_cast"   --->   Operation 67 'getelementptr' 'buf_V_17_addr' <Predicate = (!icmp_ln174)> <Delay = 0.00>
ST_1 : Operation 68 [2/2] (0.67ns)   --->   "%buf_V_17_load = load i4 %buf_V_17_addr"   --->   Operation 68 'load' 'buf_V_17_load' <Predicate = (!icmp_ln174)> <Delay = 0.67> <CoreInst = "RAM">   --->   Core 83 'RAM' <Latency = 1> <II = 1> <Delay = 0.67> <Storage> <Opcode : 'load' 'store'> <Ports = 2> <Width = 8> <Depth = 14> <RAM>
ST_1 : Operation 69 [1/1] (0.67ns)   --->   "%store_ln181 = store i8 0, i4 %buf_V_17_addr" [/home/changhong/prj/finn/deps/finn-hlslib/maxpool.h:181]   --->   Operation 69 'store' 'store_ln181' <Predicate = (!icmp_ln174)> <Delay = 0.67> <CoreInst = "RAM">   --->   Core 83 'RAM' <Latency = 1> <II = 1> <Delay = 0.67> <Storage> <Opcode : 'load' 'store'> <Ports = 2> <Width = 8> <Depth = 14> <RAM>
ST_1 : Operation 70 [1/1] (0.00ns)   --->   "%buf_V_18_addr = getelementptr i8 %buf_V_18, i64 0, i64 %outpix_cast"   --->   Operation 70 'getelementptr' 'buf_V_18_addr' <Predicate = (!icmp_ln174)> <Delay = 0.00>
ST_1 : Operation 71 [2/2] (0.67ns)   --->   "%buf_V_18_load = load i4 %buf_V_18_addr"   --->   Operation 71 'load' 'buf_V_18_load' <Predicate = (!icmp_ln174)> <Delay = 0.67> <CoreInst = "RAM">   --->   Core 83 'RAM' <Latency = 1> <II = 1> <Delay = 0.67> <Storage> <Opcode : 'load' 'store'> <Ports = 2> <Width = 8> <Depth = 14> <RAM>
ST_1 : Operation 72 [1/1] (0.67ns)   --->   "%store_ln181 = store i8 0, i4 %buf_V_18_addr" [/home/changhong/prj/finn/deps/finn-hlslib/maxpool.h:181]   --->   Operation 72 'store' 'store_ln181' <Predicate = (!icmp_ln174)> <Delay = 0.67> <CoreInst = "RAM">   --->   Core 83 'RAM' <Latency = 1> <II = 1> <Delay = 0.67> <Storage> <Opcode : 'load' 'store'> <Ports = 2> <Width = 8> <Depth = 14> <RAM>
ST_1 : Operation 73 [1/1] (0.00ns)   --->   "%buf_V_19_addr = getelementptr i8 %buf_V_19, i64 0, i64 %outpix_cast"   --->   Operation 73 'getelementptr' 'buf_V_19_addr' <Predicate = (!icmp_ln174)> <Delay = 0.00>
ST_1 : Operation 74 [2/2] (0.67ns)   --->   "%buf_V_19_load = load i4 %buf_V_19_addr"   --->   Operation 74 'load' 'buf_V_19_load' <Predicate = (!icmp_ln174)> <Delay = 0.67> <CoreInst = "RAM">   --->   Core 83 'RAM' <Latency = 1> <II = 1> <Delay = 0.67> <Storage> <Opcode : 'load' 'store'> <Ports = 2> <Width = 8> <Depth = 14> <RAM>
ST_1 : Operation 75 [1/1] (0.67ns)   --->   "%store_ln181 = store i8 0, i4 %buf_V_19_addr" [/home/changhong/prj/finn/deps/finn-hlslib/maxpool.h:181]   --->   Operation 75 'store' 'store_ln181' <Predicate = (!icmp_ln174)> <Delay = 0.67> <CoreInst = "RAM">   --->   Core 83 'RAM' <Latency = 1> <II = 1> <Delay = 0.67> <Storage> <Opcode : 'load' 'store'> <Ports = 2> <Width = 8> <Depth = 14> <RAM>
ST_1 : Operation 76 [1/1] (0.42ns)   --->   "%store_ln174 = store i4 %add_ln174, i4 %outpix" [/home/changhong/prj/finn/deps/finn-hlslib/maxpool.h:174]   --->   Operation 76 'store' 'store_ln174' <Predicate = (!icmp_ln174)> <Delay = 0.42>

State 2 <SV = 1> <Delay = 0.67>
ST_2 : Operation 77 [1/1] (0.00ns)   --->   "%specloopname_ln174 = specloopname void @_ssdm_op_SpecLoopName, void @empty_6" [/home/changhong/prj/finn/deps/finn-hlslib/maxpool.h:174]   --->   Operation 77 'specloopname' 'specloopname_ln174' <Predicate = (!icmp_ln174)> <Delay = 0.00>
ST_2 : Operation 78 [1/2] (0.67ns)   --->   "%buf_V_load = load i4 %buf_V_addr"   --->   Operation 78 'load' 'buf_V_load' <Predicate = (!icmp_ln174)> <Delay = 0.67> <CoreInst = "RAM">   --->   Core 83 'RAM' <Latency = 1> <II = 1> <Delay = 0.67> <Storage> <Opcode : 'load' 'store'> <Ports = 2> <Width = 8> <Depth = 14> <RAM>
ST_2 : Operation 79 [1/2] (0.67ns)   --->   "%buf_V_1_load = load i4 %buf_V_1_addr"   --->   Operation 79 'load' 'buf_V_1_load' <Predicate = (!icmp_ln174)> <Delay = 0.67> <CoreInst = "RAM">   --->   Core 83 'RAM' <Latency = 1> <II = 1> <Delay = 0.67> <Storage> <Opcode : 'load' 'store'> <Ports = 2> <Width = 8> <Depth = 14> <RAM>
ST_2 : Operation 80 [1/2] (0.67ns)   --->   "%buf_V_2_load = load i4 %buf_V_2_addr"   --->   Operation 80 'load' 'buf_V_2_load' <Predicate = (!icmp_ln174)> <Delay = 0.67> <CoreInst = "RAM">   --->   Core 83 'RAM' <Latency = 1> <II = 1> <Delay = 0.67> <Storage> <Opcode : 'load' 'store'> <Ports = 2> <Width = 8> <Depth = 14> <RAM>
ST_2 : Operation 81 [1/2] (0.67ns)   --->   "%buf_V_3_load = load i4 %buf_V_3_addr"   --->   Operation 81 'load' 'buf_V_3_load' <Predicate = (!icmp_ln174)> <Delay = 0.67> <CoreInst = "RAM">   --->   Core 83 'RAM' <Latency = 1> <II = 1> <Delay = 0.67> <Storage> <Opcode : 'load' 'store'> <Ports = 2> <Width = 8> <Depth = 14> <RAM>
ST_2 : Operation 82 [1/2] (0.67ns)   --->   "%buf_V_4_load = load i4 %buf_V_4_addr"   --->   Operation 82 'load' 'buf_V_4_load' <Predicate = (!icmp_ln174)> <Delay = 0.67> <CoreInst = "RAM">   --->   Core 83 'RAM' <Latency = 1> <II = 1> <Delay = 0.67> <Storage> <Opcode : 'load' 'store'> <Ports = 2> <Width = 8> <Depth = 14> <RAM>
ST_2 : Operation 83 [1/2] (0.67ns)   --->   "%buf_V_5_load = load i4 %buf_V_5_addr"   --->   Operation 83 'load' 'buf_V_5_load' <Predicate = (!icmp_ln174)> <Delay = 0.67> <CoreInst = "RAM">   --->   Core 83 'RAM' <Latency = 1> <II = 1> <Delay = 0.67> <Storage> <Opcode : 'load' 'store'> <Ports = 2> <Width = 8> <Depth = 14> <RAM>
ST_2 : Operation 84 [1/2] (0.67ns)   --->   "%buf_V_6_load = load i4 %buf_V_6_addr"   --->   Operation 84 'load' 'buf_V_6_load' <Predicate = (!icmp_ln174)> <Delay = 0.67> <CoreInst = "RAM">   --->   Core 83 'RAM' <Latency = 1> <II = 1> <Delay = 0.67> <Storage> <Opcode : 'load' 'store'> <Ports = 2> <Width = 8> <Depth = 14> <RAM>
ST_2 : Operation 85 [1/2] (0.67ns)   --->   "%buf_V_7_load = load i4 %buf_V_7_addr"   --->   Operation 85 'load' 'buf_V_7_load' <Predicate = (!icmp_ln174)> <Delay = 0.67> <CoreInst = "RAM">   --->   Core 83 'RAM' <Latency = 1> <II = 1> <Delay = 0.67> <Storage> <Opcode : 'load' 'store'> <Ports = 2> <Width = 8> <Depth = 14> <RAM>
ST_2 : Operation 86 [1/2] (0.67ns)   --->   "%buf_V_8_load = load i4 %buf_V_8_addr"   --->   Operation 86 'load' 'buf_V_8_load' <Predicate = (!icmp_ln174)> <Delay = 0.67> <CoreInst = "RAM">   --->   Core 83 'RAM' <Latency = 1> <II = 1> <Delay = 0.67> <Storage> <Opcode : 'load' 'store'> <Ports = 2> <Width = 8> <Depth = 14> <RAM>
ST_2 : Operation 87 [1/2] (0.67ns)   --->   "%buf_V_9_load = load i4 %buf_V_9_addr"   --->   Operation 87 'load' 'buf_V_9_load' <Predicate = (!icmp_ln174)> <Delay = 0.67> <CoreInst = "RAM">   --->   Core 83 'RAM' <Latency = 1> <II = 1> <Delay = 0.67> <Storage> <Opcode : 'load' 'store'> <Ports = 2> <Width = 8> <Depth = 14> <RAM>
ST_2 : Operation 88 [1/2] (0.67ns)   --->   "%buf_V_10_load = load i4 %buf_V_10_addr"   --->   Operation 88 'load' 'buf_V_10_load' <Predicate = (!icmp_ln174)> <Delay = 0.67> <CoreInst = "RAM">   --->   Core 83 'RAM' <Latency = 1> <II = 1> <Delay = 0.67> <Storage> <Opcode : 'load' 'store'> <Ports = 2> <Width = 8> <Depth = 14> <RAM>
ST_2 : Operation 89 [1/2] (0.67ns)   --->   "%buf_V_11_load = load i4 %buf_V_11_addr"   --->   Operation 89 'load' 'buf_V_11_load' <Predicate = (!icmp_ln174)> <Delay = 0.67> <CoreInst = "RAM">   --->   Core 83 'RAM' <Latency = 1> <II = 1> <Delay = 0.67> <Storage> <Opcode : 'load' 'store'> <Ports = 2> <Width = 8> <Depth = 14> <RAM>
ST_2 : Operation 90 [1/2] (0.67ns)   --->   "%buf_V_12_load = load i4 %buf_V_12_addr"   --->   Operation 90 'load' 'buf_V_12_load' <Predicate = (!icmp_ln174)> <Delay = 0.67> <CoreInst = "RAM">   --->   Core 83 'RAM' <Latency = 1> <II = 1> <Delay = 0.67> <Storage> <Opcode : 'load' 'store'> <Ports = 2> <Width = 8> <Depth = 14> <RAM>
ST_2 : Operation 91 [1/2] (0.67ns)   --->   "%buf_V_13_load = load i4 %buf_V_13_addr"   --->   Operation 91 'load' 'buf_V_13_load' <Predicate = (!icmp_ln174)> <Delay = 0.67> <CoreInst = "RAM">   --->   Core 83 'RAM' <Latency = 1> <II = 1> <Delay = 0.67> <Storage> <Opcode : 'load' 'store'> <Ports = 2> <Width = 8> <Depth = 14> <RAM>
ST_2 : Operation 92 [1/2] (0.67ns)   --->   "%buf_V_14_load = load i4 %buf_V_14_addr"   --->   Operation 92 'load' 'buf_V_14_load' <Predicate = (!icmp_ln174)> <Delay = 0.67> <CoreInst = "RAM">   --->   Core 83 'RAM' <Latency = 1> <II = 1> <Delay = 0.67> <Storage> <Opcode : 'load' 'store'> <Ports = 2> <Width = 8> <Depth = 14> <RAM>
ST_2 : Operation 93 [1/2] (0.67ns)   --->   "%buf_V_15_load = load i4 %buf_V_15_addr"   --->   Operation 93 'load' 'buf_V_15_load' <Predicate = (!icmp_ln174)> <Delay = 0.67> <CoreInst = "RAM">   --->   Core 83 'RAM' <Latency = 1> <II = 1> <Delay = 0.67> <Storage> <Opcode : 'load' 'store'> <Ports = 2> <Width = 8> <Depth = 14> <RAM>
ST_2 : Operation 94 [1/2] (0.67ns)   --->   "%buf_V_16_load = load i4 %buf_V_16_addr"   --->   Operation 94 'load' 'buf_V_16_load' <Predicate = (!icmp_ln174)> <Delay = 0.67> <CoreInst = "RAM">   --->   Core 83 'RAM' <Latency = 1> <II = 1> <Delay = 0.67> <Storage> <Opcode : 'load' 'store'> <Ports = 2> <Width = 8> <Depth = 14> <RAM>
ST_2 : Operation 95 [1/2] (0.67ns)   --->   "%buf_V_17_load = load i4 %buf_V_17_addr"   --->   Operation 95 'load' 'buf_V_17_load' <Predicate = (!icmp_ln174)> <Delay = 0.67> <CoreInst = "RAM">   --->   Core 83 'RAM' <Latency = 1> <II = 1> <Delay = 0.67> <Storage> <Opcode : 'load' 'store'> <Ports = 2> <Width = 8> <Depth = 14> <RAM>
ST_2 : Operation 96 [1/2] (0.67ns)   --->   "%buf_V_18_load = load i4 %buf_V_18_addr"   --->   Operation 96 'load' 'buf_V_18_load' <Predicate = (!icmp_ln174)> <Delay = 0.67> <CoreInst = "RAM">   --->   Core 83 'RAM' <Latency = 1> <II = 1> <Delay = 0.67> <Storage> <Opcode : 'load' 'store'> <Ports = 2> <Width = 8> <Depth = 14> <RAM>
ST_2 : Operation 97 [1/2] (0.67ns)   --->   "%buf_V_19_load = load i4 %buf_V_19_addr"   --->   Operation 97 'load' 'buf_V_19_load' <Predicate = (!icmp_ln174)> <Delay = 0.67> <CoreInst = "RAM">   --->   Core 83 'RAM' <Latency = 1> <II = 1> <Delay = 0.67> <Storage> <Opcode : 'load' 'store'> <Ports = 2> <Width = 8> <Depth = 14> <RAM>
ST_2 : Operation 98 [1/1] (0.00ns)   --->   "%p_Result_s = bitconcatenate i160 @_ssdm_op_BitConcatenate.i160.i8.i8.i8.i8.i8.i8.i8.i8.i8.i8.i8.i8.i8.i8.i8.i8.i8.i8.i8.i8, i8 %buf_V_19_load, i8 %buf_V_18_load, i8 %buf_V_17_load, i8 %buf_V_16_load, i8 %buf_V_15_load, i8 %buf_V_14_load, i8 %buf_V_13_load, i8 %buf_V_12_load, i8 %buf_V_11_load, i8 %buf_V_10_load, i8 %buf_V_9_load, i8 %buf_V_8_load, i8 %buf_V_7_load, i8 %buf_V_6_load, i8 %buf_V_5_load, i8 %buf_V_4_load, i8 %buf_V_3_load, i8 %buf_V_2_load, i8 %buf_V_1_load, i8 %buf_V_load"   --->   Operation 98 'bitconcatenate' 'p_Result_s' <Predicate = (!icmp_ln174)> <Delay = 0.00>
ST_2 : Operation 99 [1/1] (0.00ns)   --->   "%write_ln183 = write void @_ssdm_op_Write.axis.volatile.i160P128A, i160 %out_V, i160 %p_Result_s" [/home/changhong/prj/finn/deps/finn-hlslib/maxpool.h:183]   --->   Operation 99 'write' 'write_ln183' <Predicate = (!icmp_ln174)> <Delay = 0.00> <CoreInst = "axis">   --->   Core 123 'axis' <Latency = 0> <II = 1> <Delay = 1.00> <Adapter> <Opcode : >
ST_2 : Operation 100 [1/1] (0.00ns)   --->   "%br_ln174 = br void %for.inc87" [/home/changhong/prj/finn/deps/finn-hlslib/maxpool.h:174]   --->   Operation 100 'br' 'br_ln174' <Predicate = (!icmp_ln174)> <Delay = 0.00>
ST_2 : Operation 101 [1/1] (0.00ns)   --->   "%ret_ln0 = ret"   --->   Operation 101 'ret' 'ret_ln0' <Predicate = (icmp_ln174)> <Delay = 0.00>


============================================================
+ Verbose Summary: Binding
============================================================
STG Binding: 
---------------- STG Properties BEGIN ----------------
- Is combinational: 0
- Is one-state seq: 0
- Is datapath-only: 0
- Is pipelined: 0
- Is top level: 0
Port [ Return ] is wired: 1; IO mode=ap_ctrl_hs:ce=0
Port [ buf_V]:  wired=1; compound=1; hidden=0; nouse=0; global=0; static=0; extern=0; dir=2; type=1; pingpong=0; private_global=0; MemPort=[23]; IO mode=ap_memory:ce=0
Port [ buf_V_1]:  wired=1; compound=1; hidden=0; nouse=0; global=0; static=0; extern=0; dir=2; type=1; pingpong=0; private_global=0; MemPort=[23]; IO mode=ap_memory:ce=0
Port [ buf_V_2]:  wired=1; compound=1; hidden=0; nouse=0; global=0; static=0; extern=0; dir=2; type=1; pingpong=0; private_global=0; MemPort=[23]; IO mode=ap_memory:ce=0
Port [ buf_V_3]:  wired=1; compound=1; hidden=0; nouse=0; global=0; static=0; extern=0; dir=2; type=1; pingpong=0; private_global=0; MemPort=[23]; IO mode=ap_memory:ce=0
Port [ buf_V_4]:  wired=1; compound=1; hidden=0; nouse=0; global=0; static=0; extern=0; dir=2; type=1; pingpong=0; private_global=0; MemPort=[23]; IO mode=ap_memory:ce=0
Port [ buf_V_5]:  wired=1; compound=1; hidden=0; nouse=0; global=0; static=0; extern=0; dir=2; type=1; pingpong=0; private_global=0; MemPort=[23]; IO mode=ap_memory:ce=0
Port [ buf_V_6]:  wired=1; compound=1; hidden=0; nouse=0; global=0; static=0; extern=0; dir=2; type=1; pingpong=0; private_global=0; MemPort=[23]; IO mode=ap_memory:ce=0
Port [ buf_V_7]:  wired=1; compound=1; hidden=0; nouse=0; global=0; static=0; extern=0; dir=2; type=1; pingpong=0; private_global=0; MemPort=[23]; IO mode=ap_memory:ce=0
Port [ buf_V_8]:  wired=1; compound=1; hidden=0; nouse=0; global=0; static=0; extern=0; dir=2; type=1; pingpong=0; private_global=0; MemPort=[23]; IO mode=ap_memory:ce=0
Port [ buf_V_9]:  wired=1; compound=1; hidden=0; nouse=0; global=0; static=0; extern=0; dir=2; type=1; pingpong=0; private_global=0; MemPort=[23]; IO mode=ap_memory:ce=0
Port [ buf_V_10]:  wired=1; compound=1; hidden=0; nouse=0; global=0; static=0; extern=0; dir=2; type=1; pingpong=0; private_global=0; MemPort=[23]; IO mode=ap_memory:ce=0
Port [ buf_V_11]:  wired=1; compound=1; hidden=0; nouse=0; global=0; static=0; extern=0; dir=2; type=1; pingpong=0; private_global=0; MemPort=[23]; IO mode=ap_memory:ce=0
Port [ buf_V_12]:  wired=1; compound=1; hidden=0; nouse=0; global=0; static=0; extern=0; dir=2; type=1; pingpong=0; private_global=0; MemPort=[23]; IO mode=ap_memory:ce=0
Port [ buf_V_13]:  wired=1; compound=1; hidden=0; nouse=0; global=0; static=0; extern=0; dir=2; type=1; pingpong=0; private_global=0; MemPort=[23]; IO mode=ap_memory:ce=0
Port [ buf_V_14]:  wired=1; compound=1; hidden=0; nouse=0; global=0; static=0; extern=0; dir=2; type=1; pingpong=0; private_global=0; MemPort=[23]; IO mode=ap_memory:ce=0
Port [ buf_V_15]:  wired=1; compound=1; hidden=0; nouse=0; global=0; static=0; extern=0; dir=2; type=1; pingpong=0; private_global=0; MemPort=[23]; IO mode=ap_memory:ce=0
Port [ buf_V_16]:  wired=1; compound=1; hidden=0; nouse=0; global=0; static=0; extern=0; dir=2; type=1; pingpong=0; private_global=0; MemPort=[23]; IO mode=ap_memory:ce=0
Port [ buf_V_17]:  wired=1; compound=1; hidden=0; nouse=0; global=0; static=0; extern=0; dir=2; type=1; pingpong=0; private_global=0; MemPort=[23]; IO mode=ap_memory:ce=0
Port [ buf_V_18]:  wired=1; compound=1; hidden=0; nouse=0; global=0; static=0; extern=0; dir=2; type=1; pingpong=0; private_global=0; MemPort=[23]; IO mode=ap_memory:ce=0
Port [ buf_V_19]:  wired=1; compound=1; hidden=0; nouse=0; global=0; static=0; extern=0; dir=2; type=1; pingpong=0; private_global=0; MemPort=[23]; IO mode=ap_memory:ce=0
Port [ out_V]:  wired=1; compound=1; hidden=0; nouse=0; global=0; static=0; extern=0; dir=1; type=0; pingpong=0; private_global=0; IO mode=axis:ce=0
---------------- STG Properties END ------------------

---------------- Datapath Model BEGIN ----------------

<LifeTime>
<method=bitvector/>
outpix             (alloca           ) [ 010]
specinterface_ln0  (specinterface    ) [ 000]
store_ln0          (store            ) [ 000]
br_ln0             (br               ) [ 000]
outpix_1           (load             ) [ 000]
specpipeline_ln0   (specpipeline     ) [ 000]
icmp_ln174         (icmp             ) [ 011]
empty              (speclooptripcount) [ 000]
add_ln174          (add              ) [ 000]
br_ln174           (br               ) [ 000]
outpix_cast        (zext             ) [ 000]
buf_V_addr         (getelementptr    ) [ 011]
store_ln181        (store            ) [ 000]
buf_V_1_addr       (getelementptr    ) [ 011]
store_ln181        (store            ) [ 000]
buf_V_2_addr       (getelementptr    ) [ 011]
store_ln181        (store            ) [ 000]
buf_V_3_addr       (getelementptr    ) [ 011]
store_ln181        (store            ) [ 000]
buf_V_4_addr       (getelementptr    ) [ 011]
store_ln181        (store            ) [ 000]
buf_V_5_addr       (getelementptr    ) [ 011]
store_ln181        (store            ) [ 000]
buf_V_6_addr       (getelementptr    ) [ 011]
store_ln181        (store            ) [ 000]
buf_V_7_addr       (getelementptr    ) [ 011]
store_ln181        (store            ) [ 000]
buf_V_8_addr       (getelementptr    ) [ 011]
store_ln181        (store            ) [ 000]
buf_V_9_addr       (getelementptr    ) [ 011]
store_ln181        (store            ) [ 000]
buf_V_10_addr      (getelementptr    ) [ 011]
store_ln181        (store            ) [ 000]
buf_V_11_addr      (getelementptr    ) [ 011]
store_ln181        (store            ) [ 000]
buf_V_12_addr      (getelementptr    ) [ 011]
store_ln181        (store            ) [ 000]
buf_V_13_addr      (getelementptr    ) [ 011]
store_ln181        (store            ) [ 000]
buf_V_14_addr      (getelementptr    ) [ 011]
store_ln181        (store            ) [ 000]
buf_V_15_addr      (getelementptr    ) [ 011]
store_ln181        (store            ) [ 000]
buf_V_16_addr      (getelementptr    ) [ 011]
store_ln181        (store            ) [ 000]
buf_V_17_addr      (getelementptr    ) [ 011]
store_ln181        (store            ) [ 000]
buf_V_18_addr      (getelementptr    ) [ 011]
store_ln181        (store            ) [ 000]
buf_V_19_addr      (getelementptr    ) [ 011]
store_ln181        (store            ) [ 000]
store_ln174        (store            ) [ 000]
specloopname_ln174 (specloopname     ) [ 000]
buf_V_load         (load             ) [ 000]
buf_V_1_load       (load             ) [ 000]
buf_V_2_load       (load             ) [ 000]
buf_V_3_load       (load             ) [ 000]
buf_V_4_load       (load             ) [ 000]
buf_V_5_load       (load             ) [ 000]
buf_V_6_load       (load             ) [ 000]
buf_V_7_load       (load             ) [ 000]
buf_V_8_load       (load             ) [ 000]
buf_V_9_load       (load             ) [ 000]
buf_V_10_load      (load             ) [ 000]
buf_V_11_load      (load             ) [ 000]
buf_V_12_load      (load             ) [ 000]
buf_V_13_load      (load             ) [ 000]
buf_V_14_load      (load             ) [ 000]
buf_V_15_load      (load             ) [ 000]
buf_V_16_load      (load             ) [ 000]
buf_V_17_load      (load             ) [ 000]
buf_V_18_load      (load             ) [ 000]
buf_V_19_load      (load             ) [ 000]
p_Result_s         (bitconcatenate   ) [ 000]
write_ln183        (write            ) [ 000]
br_ln174           (br               ) [ 000]
ret_ln0            (ret              ) [ 000]
</LifeTime>

<model>

<comp_list>
<comp id="0" class="1000" name="buf_V">
<pin_list>
<pin id="1" dir="1" index="0" bw="1" slack="0"/>
</pin_list>
<bind>
<StgValue><ssdm name="buf_V"/><MemPortTyVec>2 3 </MemPortTyVec>
</StgValue>
</bind>
</comp>

<comp id="2" class="1000" name="buf_V_1">
<pin_list>
<pin id="3" dir="1" index="0" bw="1" slack="0"/>
</pin_list>
<bind>
<StgValue><ssdm name="buf_V_1"/><MemPortTyVec>2 3 </MemPortTyVec>
</StgValue>
</bind>
</comp>

<comp id="4" class="1000" name="buf_V_2">
<pin_list>
<pin id="5" dir="1" index="0" bw="1" slack="0"/>
</pin_list>
<bind>
<StgValue><ssdm name="buf_V_2"/><MemPortTyVec>2 3 </MemPortTyVec>
</StgValue>
</bind>
</comp>

<comp id="6" class="1000" name="buf_V_3">
<pin_list>
<pin id="7" dir="1" index="0" bw="1" slack="0"/>
</pin_list>
<bind>
<StgValue><ssdm name="buf_V_3"/><MemPortTyVec>2 3 </MemPortTyVec>
</StgValue>
</bind>
</comp>

<comp id="8" class="1000" name="buf_V_4">
<pin_list>
<pin id="9" dir="1" index="0" bw="1" slack="0"/>
</pin_list>
<bind>
<StgValue><ssdm name="buf_V_4"/><MemPortTyVec>2 3 </MemPortTyVec>
</StgValue>
</bind>
</comp>

<comp id="10" class="1000" name="buf_V_5">
<pin_list>
<pin id="11" dir="1" index="0" bw="1" slack="0"/>
</pin_list>
<bind>
<StgValue><ssdm name="buf_V_5"/><MemPortTyVec>2 3 </MemPortTyVec>
</StgValue>
</bind>
</comp>

<comp id="12" class="1000" name="buf_V_6">
<pin_list>
<pin id="13" dir="1" index="0" bw="1" slack="0"/>
</pin_list>
<bind>
<StgValue><ssdm name="buf_V_6"/><MemPortTyVec>2 3 </MemPortTyVec>
</StgValue>
</bind>
</comp>

<comp id="14" class="1000" name="buf_V_7">
<pin_list>
<pin id="15" dir="1" index="0" bw="1" slack="0"/>
</pin_list>
<bind>
<StgValue><ssdm name="buf_V_7"/><MemPortTyVec>2 3 </MemPortTyVec>
</StgValue>
</bind>
</comp>

<comp id="16" class="1000" name="buf_V_8">
<pin_list>
<pin id="17" dir="1" index="0" bw="1" slack="0"/>
</pin_list>
<bind>
<StgValue><ssdm name="buf_V_8"/><MemPortTyVec>2 3 </MemPortTyVec>
</StgValue>
</bind>
</comp>

<comp id="18" class="1000" name="buf_V_9">
<pin_list>
<pin id="19" dir="1" index="0" bw="1" slack="0"/>
</pin_list>
<bind>
<StgValue><ssdm name="buf_V_9"/><MemPortTyVec>2 3 </MemPortTyVec>
</StgValue>
</bind>
</comp>

<comp id="20" class="1000" name="buf_V_10">
<pin_list>
<pin id="21" dir="1" index="0" bw="1" slack="0"/>
</pin_list>
<bind>
<StgValue><ssdm name="buf_V_10"/><MemPortTyVec>2 3 </MemPortTyVec>
</StgValue>
</bind>
</comp>

<comp id="22" class="1000" name="buf_V_11">
<pin_list>
<pin id="23" dir="1" index="0" bw="1" slack="0"/>
</pin_list>
<bind>
<StgValue><ssdm name="buf_V_11"/><MemPortTyVec>2 3 </MemPortTyVec>
</StgValue>
</bind>
</comp>

<comp id="24" class="1000" name="buf_V_12">
<pin_list>
<pin id="25" dir="1" index="0" bw="1" slack="0"/>
</pin_list>
<bind>
<StgValue><ssdm name="buf_V_12"/><MemPortTyVec>2 3 </MemPortTyVec>
</StgValue>
</bind>
</comp>

<comp id="26" class="1000" name="buf_V_13">
<pin_list>
<pin id="27" dir="1" index="0" bw="1" slack="0"/>
</pin_list>
<bind>
<StgValue><ssdm name="buf_V_13"/><MemPortTyVec>2 3 </MemPortTyVec>
</StgValue>
</bind>
</comp>

<comp id="28" class="1000" name="buf_V_14">
<pin_list>
<pin id="29" dir="1" index="0" bw="1" slack="0"/>
</pin_list>
<bind>
<StgValue><ssdm name="buf_V_14"/><MemPortTyVec>2 3 </MemPortTyVec>
</StgValue>
</bind>
</comp>

<comp id="30" class="1000" name="buf_V_15">
<pin_list>
<pin id="31" dir="1" index="0" bw="1" slack="0"/>
</pin_list>
<bind>
<StgValue><ssdm name="buf_V_15"/><MemPortTyVec>2 3 </MemPortTyVec>
</StgValue>
</bind>
</comp>

<comp id="32" class="1000" name="buf_V_16">
<pin_list>
<pin id="33" dir="1" index="0" bw="1" slack="0"/>
</pin_list>
<bind>
<StgValue><ssdm name="buf_V_16"/><MemPortTyVec>2 3 </MemPortTyVec>
</StgValue>
</bind>
</comp>

<comp id="34" class="1000" name="buf_V_17">
<pin_list>
<pin id="35" dir="1" index="0" bw="1" slack="0"/>
</pin_list>
<bind>
<StgValue><ssdm name="buf_V_17"/><MemPortTyVec>2 3 </MemPortTyVec>
</StgValue>
</bind>
</comp>

<comp id="36" class="1000" name="buf_V_18">
<pin_list>
<pin id="37" dir="1" index="0" bw="1" slack="0"/>
</pin_list>
<bind>
<StgValue><ssdm name="buf_V_18"/><MemPortTyVec>2 3 </MemPortTyVec>
</StgValue>
</bind>
</comp>

<comp id="38" class="1000" name="buf_V_19">
<pin_list>
<pin id="39" dir="1" index="0" bw="1" slack="0"/>
</pin_list>
<bind>
<StgValue><ssdm name="buf_V_19"/><MemPortTyVec>2 3 </MemPortTyVec>
</StgValue>
</bind>
</comp>

<comp id="40" class="1000" name="out_V">
<pin_list>
<pin id="41" dir="1" index="0" bw="1" slack="0"/>
</pin_list>
<bind>
<StgValue><ssdm name="out_V"/></StgValue>
</bind>
</comp>

<comp id="42" class="1001" name="const_42">
<pin_list>
<pin id="43" dir="1" index="0" bw="1" slack="0"/>
</pin_list>
<bind>
<StgValue><ssdm name=""/></StgValue>
</bind>
</comp>

<comp id="44" class="1001" name="const_44">
<pin_list>
<pin id="45" dir="1" index="0" bw="1" slack="2147483647"/>
</pin_list>
<bind>
<StgValue><ssdm name="_ssdm_op_SpecInterface"/></StgValue>
</bind>
</comp>

<comp id="46" class="1001" name="const_46">
<pin_list>
<pin id="47" dir="1" index="0" bw="1" slack="2147483647"/>
</pin_list>
<bind>
<StgValue><ssdm name="empty"/></StgValue>
</bind>
</comp>

<comp id="48" class="1001" name="const_48">
<pin_list>
<pin id="49" dir="1" index="0" bw="1" slack="2147483647"/>
</pin_list>
<bind>
<StgValue><ssdm name=""/></StgValue>
</bind>
</comp>

<comp id="50" class="1001" name="const_50">
<pin_list>
<pin id="51" dir="1" index="0" bw="1" slack="2147483647"/>
</pin_list>
<bind>
<StgValue><ssdm name="empty_0"/></StgValue>
</bind>
</comp>

<comp id="52" class="1001" name="const_52">
<pin_list>
<pin id="53" dir="1" index="0" bw="1" slack="2147483647"/>
</pin_list>
<bind>
<StgValue><ssdm name="empty_1"/></StgValue>
</bind>
</comp>

<comp id="54" class="1001" name="const_54">
<pin_list>
<pin id="55" dir="1" index="0" bw="1" slack="2147483647"/>
</pin_list>
<bind>
<StgValue><ssdm name=""/></StgValue>
</bind>
</comp>

<comp id="56" class="1001" name="const_56">
<pin_list>
<pin id="57" dir="1" index="0" bw="1" slack="0"/>
</pin_list>
<bind>
<StgValue><ssdm name=""/></StgValue>
</bind>
</comp>

<comp id="58" class="1001" name="const_58">
<pin_list>
<pin id="59" dir="1" index="0" bw="1" slack="2147483647"/>
</pin_list>
<bind>
<StgValue><ssdm name="_ssdm_op_SpecPipeline"/></StgValue>
</bind>
</comp>

<comp id="60" class="1001" name="const_60">
<pin_list>
<pin id="61" dir="1" index="0" bw="1" slack="2147483647"/>
</pin_list>
<bind>
<StgValue><ssdm name="p_str"/></StgValue>
</bind>
</comp>

<comp id="62" class="1001" name="const_62">
<pin_list>
<pin id="63" dir="1" index="0" bw="1" slack="0"/>
</pin_list>
<bind>
<StgValue><ssdm name=""/></StgValue>
</bind>
</comp>

<comp id="64" class="1001" name="const_64">
<pin_list>
<pin id="65" dir="1" index="0" bw="1" slack="2147483647"/>
</pin_list>
<bind>
<StgValue><ssdm name="_ssdm_op_SpecLoopTripCount"/></StgValue>
</bind>
</comp>

<comp id="66" class="1001" name="const_66">
<pin_list>
<pin id="67" dir="1" index="0" bw="1" slack="2147483647"/>
</pin_list>
<bind>
<StgValue><ssdm name=""/></StgValue>
</bind>
</comp>

<comp id="68" class="1001" name="const_68">
<pin_list>
<pin id="69" dir="1" index="0" bw="1" slack="0"/>
</pin_list>
<bind>
<StgValue><ssdm name=""/></StgValue>
</bind>
</comp>

<comp id="70" class="1001" name="const_70">
<pin_list>
<pin id="71" dir="1" index="0" bw="1" slack="0"/>
</pin_list>
<bind>
<StgValue><ssdm name=""/></StgValue>
</bind>
</comp>

<comp id="72" class="1001" name="const_72">
<pin_list>
<pin id="73" dir="1" index="0" bw="1" slack="0"/>
</pin_list>
<bind>
<StgValue><ssdm name=""/></StgValue>
</bind>
</comp>

<comp id="74" class="1001" name="const_74">
<pin_list>
<pin id="75" dir="1" index="0" bw="1" slack="2147483647"/>
</pin_list>
<bind>
<StgValue><ssdm name="_ssdm_op_SpecLoopName"/></StgValue>
</bind>
</comp>

<comp id="76" class="1001" name="const_76">
<pin_list>
<pin id="77" dir="1" index="0" bw="1" slack="2147483647"/>
</pin_list>
<bind>
<StgValue><ssdm name="empty_6"/></StgValue>
</bind>
</comp>

<comp id="78" class="1001" name="const_78">
<pin_list>
<pin id="79" dir="1" index="0" bw="1" slack="0"/>
</pin_list>
<bind>
<StgValue><ssdm name="_ssdm_op_BitConcatenate.i160.i8.i8.i8.i8.i8.i8.i8.i8.i8.i8.i8.i8.i8.i8.i8.i8.i8.i8.i8.i8"/></StgValue>
</bind>
</comp>

<comp id="80" class="1001" name="const_80">
<pin_list>
<pin id="81" dir="1" index="0" bw="1" slack="0"/>
</pin_list>
<bind>
<StgValue><ssdm name="_ssdm_op_Write.axis.volatile.i160P128A"/></StgValue>
</bind>
</comp>

<comp id="82" class="1004" name="outpix_fu_82">
<pin_list>
<pin id="83" dir="0" index="0" bw="1" slack="0"/>
<pin id="84" dir="1" index="1" bw="4" slack="0"/>
</pin_list>
<bind>
<opcode="alloca(26) " fcode="alloca"/>
<opset="outpix/1 "/>
</bind>
</comp>

<comp id="86" class="1004" name="write_ln183_write_fu_86">
<pin_list>
<pin id="87" dir="0" index="0" bw="0" slack="0"/>
<pin id="88" dir="0" index="1" bw="160" slack="0"/>
<pin id="89" dir="0" index="2" bw="160" slack="0"/>
<pin id="90" dir="1" index="3" bw="0" slack="2147483647"/>
</pin_list>
<bind>
<opcode="write(1151) " fcode="write"/>
<opset="write_ln183/2 "/>
</bind>
</comp>

<comp id="93" class="1004" name="buf_V_addr_gep_fu_93">
<pin_list>
<pin id="94" dir="0" index="0" bw="8" slack="0"/>
<pin id="95" dir="0" index="1" bw="1" slack="0"/>
<pin id="96" dir="0" index="2" bw="4" slack="0"/>
<pin id="97" dir="1" index="3" bw="4" slack="0"/>
</pin_list>
<bind>
<opcode="getelementptr(29) " fcode="getelementptr"/>
<opset="buf_V_addr/1 "/>
</bind>
</comp>

<comp id="100" class="1004" name="grp_access_fu_100">
<pin_list>
<pin id="101" dir="0" index="0" bw="4" slack="0"/>
<pin id="102" dir="0" index="1" bw="8" slack="0"/>
<pin id="103" dir="0" index="2" bw="0" slack="2147483647"/>
<pin id="104" dir="1" index="3" bw="8" slack="0"/>
</pin_list>
<bind>
<opcode="load(27) store(28) " fcode="store"/>
<opset="buf_V_load/1 store_ln181/1 "/>
</bind>
</comp>

<comp id="107" class="1004" name="buf_V_1_addr_gep_fu_107">
<pin_list>
<pin id="108" dir="0" index="0" bw="8" slack="0"/>
<pin id="109" dir="0" index="1" bw="1" slack="0"/>
<pin id="110" dir="0" index="2" bw="4" slack="0"/>
<pin id="111" dir="1" index="3" bw="4" slack="0"/>
</pin_list>
<bind>
<opcode="getelementptr(29) " fcode="getelementptr"/>
<opset="buf_V_1_addr/1 "/>
</bind>
</comp>

<comp id="114" class="1004" name="grp_access_fu_114">
<pin_list>
<pin id="115" dir="0" index="0" bw="4" slack="0"/>
<pin id="116" dir="0" index="1" bw="8" slack="0"/>
<pin id="117" dir="0" index="2" bw="0" slack="2147483647"/>
<pin id="118" dir="1" index="3" bw="8" slack="0"/>
</pin_list>
<bind>
<opcode="load(27) store(28) " fcode="store"/>
<opset="buf_V_1_load/1 store_ln181/1 "/>
</bind>
</comp>

<comp id="121" class="1004" name="buf_V_2_addr_gep_fu_121">
<pin_list>
<pin id="122" dir="0" index="0" bw="8" slack="0"/>
<pin id="123" dir="0" index="1" bw="1" slack="0"/>
<pin id="124" dir="0" index="2" bw="4" slack="0"/>
<pin id="125" dir="1" index="3" bw="4" slack="0"/>
</pin_list>
<bind>
<opcode="getelementptr(29) " fcode="getelementptr"/>
<opset="buf_V_2_addr/1 "/>
</bind>
</comp>

<comp id="128" class="1004" name="grp_access_fu_128">
<pin_list>
<pin id="129" dir="0" index="0" bw="4" slack="0"/>
<pin id="130" dir="0" index="1" bw="8" slack="0"/>
<pin id="131" dir="0" index="2" bw="0" slack="2147483647"/>
<pin id="132" dir="1" index="3" bw="8" slack="0"/>
</pin_list>
<bind>
<opcode="load(27) store(28) " fcode="store"/>
<opset="buf_V_2_load/1 store_ln181/1 "/>
</bind>
</comp>

<comp id="135" class="1004" name="buf_V_3_addr_gep_fu_135">
<pin_list>
<pin id="136" dir="0" index="0" bw="8" slack="0"/>
<pin id="137" dir="0" index="1" bw="1" slack="0"/>
<pin id="138" dir="0" index="2" bw="4" slack="0"/>
<pin id="139" dir="1" index="3" bw="4" slack="0"/>
</pin_list>
<bind>
<opcode="getelementptr(29) " fcode="getelementptr"/>
<opset="buf_V_3_addr/1 "/>
</bind>
</comp>

<comp id="142" class="1004" name="grp_access_fu_142">
<pin_list>
<pin id="143" dir="0" index="0" bw="4" slack="0"/>
<pin id="144" dir="0" index="1" bw="8" slack="0"/>
<pin id="145" dir="0" index="2" bw="0" slack="2147483647"/>
<pin id="146" dir="1" index="3" bw="8" slack="0"/>
</pin_list>
<bind>
<opcode="load(27) store(28) " fcode="store"/>
<opset="buf_V_3_load/1 store_ln181/1 "/>
</bind>
</comp>

<comp id="149" class="1004" name="buf_V_4_addr_gep_fu_149">
<pin_list>
<pin id="150" dir="0" index="0" bw="8" slack="0"/>
<pin id="151" dir="0" index="1" bw="1" slack="0"/>
<pin id="152" dir="0" index="2" bw="4" slack="0"/>
<pin id="153" dir="1" index="3" bw="4" slack="0"/>
</pin_list>
<bind>
<opcode="getelementptr(29) " fcode="getelementptr"/>
<opset="buf_V_4_addr/1 "/>
</bind>
</comp>

<comp id="156" class="1004" name="grp_access_fu_156">
<pin_list>
<pin id="157" dir="0" index="0" bw="4" slack="0"/>
<pin id="158" dir="0" index="1" bw="8" slack="0"/>
<pin id="159" dir="0" index="2" bw="0" slack="2147483647"/>
<pin id="160" dir="1" index="3" bw="8" slack="0"/>
</pin_list>
<bind>
<opcode="load(27) store(28) " fcode="store"/>
<opset="buf_V_4_load/1 store_ln181/1 "/>
</bind>
</comp>

<comp id="163" class="1004" name="buf_V_5_addr_gep_fu_163">
<pin_list>
<pin id="164" dir="0" index="0" bw="8" slack="0"/>
<pin id="165" dir="0" index="1" bw="1" slack="0"/>
<pin id="166" dir="0" index="2" bw="4" slack="0"/>
<pin id="167" dir="1" index="3" bw="4" slack="0"/>
</pin_list>
<bind>
<opcode="getelementptr(29) " fcode="getelementptr"/>
<opset="buf_V_5_addr/1 "/>
</bind>
</comp>

<comp id="170" class="1004" name="grp_access_fu_170">
<pin_list>
<pin id="171" dir="0" index="0" bw="4" slack="0"/>
<pin id="172" dir="0" index="1" bw="8" slack="0"/>
<pin id="173" dir="0" index="2" bw="0" slack="2147483647"/>
<pin id="174" dir="1" index="3" bw="8" slack="0"/>
</pin_list>
<bind>
<opcode="load(27) store(28) " fcode="store"/>
<opset="buf_V_5_load/1 store_ln181/1 "/>
</bind>
</comp>

<comp id="177" class="1004" name="buf_V_6_addr_gep_fu_177">
<pin_list>
<pin id="178" dir="0" index="0" bw="8" slack="0"/>
<pin id="179" dir="0" index="1" bw="1" slack="0"/>
<pin id="180" dir="0" index="2" bw="4" slack="0"/>
<pin id="181" dir="1" index="3" bw="4" slack="0"/>
</pin_list>
<bind>
<opcode="getelementptr(29) " fcode="getelementptr"/>
<opset="buf_V_6_addr/1 "/>
</bind>
</comp>

<comp id="184" class="1004" name="grp_access_fu_184">
<pin_list>
<pin id="185" dir="0" index="0" bw="4" slack="0"/>
<pin id="186" dir="0" index="1" bw="8" slack="0"/>
<pin id="187" dir="0" index="2" bw="0" slack="2147483647"/>
<pin id="188" dir="1" index="3" bw="8" slack="0"/>
</pin_list>
<bind>
<opcode="load(27) store(28) " fcode="store"/>
<opset="buf_V_6_load/1 store_ln181/1 "/>
</bind>
</comp>

<comp id="191" class="1004" name="buf_V_7_addr_gep_fu_191">
<pin_list>
<pin id="192" dir="0" index="0" bw="8" slack="0"/>
<pin id="193" dir="0" index="1" bw="1" slack="0"/>
<pin id="194" dir="0" index="2" bw="4" slack="0"/>
<pin id="195" dir="1" index="3" bw="4" slack="0"/>
</pin_list>
<bind>
<opcode="getelementptr(29) " fcode="getelementptr"/>
<opset="buf_V_7_addr/1 "/>
</bind>
</comp>

<comp id="198" class="1004" name="grp_access_fu_198">
<pin_list>
<pin id="199" dir="0" index="0" bw="4" slack="0"/>
<pin id="200" dir="0" index="1" bw="8" slack="0"/>
<pin id="201" dir="0" index="2" bw="0" slack="2147483647"/>
<pin id="202" dir="1" index="3" bw="8" slack="0"/>
</pin_list>
<bind>
<opcode="load(27) store(28) " fcode="store"/>
<opset="buf_V_7_load/1 store_ln181/1 "/>
</bind>
</comp>

<comp id="205" class="1004" name="buf_V_8_addr_gep_fu_205">
<pin_list>
<pin id="206" dir="0" index="0" bw="8" slack="0"/>
<pin id="207" dir="0" index="1" bw="1" slack="0"/>
<pin id="208" dir="0" index="2" bw="4" slack="0"/>
<pin id="209" dir="1" index="3" bw="4" slack="0"/>
</pin_list>
<bind>
<opcode="getelementptr(29) " fcode="getelementptr"/>
<opset="buf_V_8_addr/1 "/>
</bind>
</comp>

<comp id="212" class="1004" name="grp_access_fu_212">
<pin_list>
<pin id="213" dir="0" index="0" bw="4" slack="0"/>
<pin id="214" dir="0" index="1" bw="8" slack="0"/>
<pin id="215" dir="0" index="2" bw="0" slack="2147483647"/>
<pin id="216" dir="1" index="3" bw="8" slack="0"/>
</pin_list>
<bind>
<opcode="load(27) store(28) " fcode="store"/>
<opset="buf_V_8_load/1 store_ln181/1 "/>
</bind>
</comp>

<comp id="219" class="1004" name="buf_V_9_addr_gep_fu_219">
<pin_list>
<pin id="220" dir="0" index="0" bw="8" slack="0"/>
<pin id="221" dir="0" index="1" bw="1" slack="0"/>
<pin id="222" dir="0" index="2" bw="4" slack="0"/>
<pin id="223" dir="1" index="3" bw="4" slack="0"/>
</pin_list>
<bind>
<opcode="getelementptr(29) " fcode="getelementptr"/>
<opset="buf_V_9_addr/1 "/>
</bind>
</comp>

<comp id="226" class="1004" name="grp_access_fu_226">
<pin_list>
<pin id="227" dir="0" index="0" bw="4" slack="0"/>
<pin id="228" dir="0" index="1" bw="8" slack="0"/>
<pin id="229" dir="0" index="2" bw="0" slack="2147483647"/>
<pin id="230" dir="1" index="3" bw="8" slack="0"/>
</pin_list>
<bind>
<opcode="load(27) store(28) " fcode="store"/>
<opset="buf_V_9_load/1 store_ln181/1 "/>
</bind>
</comp>

<comp id="233" class="1004" name="buf_V_10_addr_gep_fu_233">
<pin_list>
<pin id="234" dir="0" index="0" bw="8" slack="0"/>
<pin id="235" dir="0" index="1" bw="1" slack="0"/>
<pin id="236" dir="0" index="2" bw="4" slack="0"/>
<pin id="237" dir="1" index="3" bw="4" slack="0"/>
</pin_list>
<bind>
<opcode="getelementptr(29) " fcode="getelementptr"/>
<opset="buf_V_10_addr/1 "/>
</bind>
</comp>

<comp id="240" class="1004" name="grp_access_fu_240">
<pin_list>
<pin id="241" dir="0" index="0" bw="4" slack="0"/>
<pin id="242" dir="0" index="1" bw="8" slack="0"/>
<pin id="243" dir="0" index="2" bw="0" slack="2147483647"/>
<pin id="244" dir="1" index="3" bw="8" slack="0"/>
</pin_list>
<bind>
<opcode="load(27) store(28) " fcode="store"/>
<opset="buf_V_10_load/1 store_ln181/1 "/>
</bind>
</comp>

<comp id="247" class="1004" name="buf_V_11_addr_gep_fu_247">
<pin_list>
<pin id="248" dir="0" index="0" bw="8" slack="0"/>
<pin id="249" dir="0" index="1" bw="1" slack="0"/>
<pin id="250" dir="0" index="2" bw="4" slack="0"/>
<pin id="251" dir="1" index="3" bw="4" slack="0"/>
</pin_list>
<bind>
<opcode="getelementptr(29) " fcode="getelementptr"/>
<opset="buf_V_11_addr/1 "/>
</bind>
</comp>

<comp id="254" class="1004" name="grp_access_fu_254">
<pin_list>
<pin id="255" dir="0" index="0" bw="4" slack="0"/>
<pin id="256" dir="0" index="1" bw="8" slack="0"/>
<pin id="257" dir="0" index="2" bw="0" slack="2147483647"/>
<pin id="258" dir="1" index="3" bw="8" slack="0"/>
</pin_list>
<bind>
<opcode="load(27) store(28) " fcode="store"/>
<opset="buf_V_11_load/1 store_ln181/1 "/>
</bind>
</comp>

<comp id="261" class="1004" name="buf_V_12_addr_gep_fu_261">
<pin_list>
<pin id="262" dir="0" index="0" bw="8" slack="0"/>
<pin id="263" dir="0" index="1" bw="1" slack="0"/>
<pin id="264" dir="0" index="2" bw="4" slack="0"/>
<pin id="265" dir="1" index="3" bw="4" slack="0"/>
</pin_list>
<bind>
<opcode="getelementptr(29) " fcode="getelementptr"/>
<opset="buf_V_12_addr/1 "/>
</bind>
</comp>

<comp id="268" class="1004" name="grp_access_fu_268">
<pin_list>
<pin id="269" dir="0" index="0" bw="4" slack="0"/>
<pin id="270" dir="0" index="1" bw="8" slack="0"/>
<pin id="271" dir="0" index="2" bw="0" slack="2147483647"/>
<pin id="272" dir="1" index="3" bw="8" slack="0"/>
</pin_list>
<bind>
<opcode="load(27) store(28) " fcode="store"/>
<opset="buf_V_12_load/1 store_ln181/1 "/>
</bind>
</comp>

<comp id="275" class="1004" name="buf_V_13_addr_gep_fu_275">
<pin_list>
<pin id="276" dir="0" index="0" bw="8" slack="0"/>
<pin id="277" dir="0" index="1" bw="1" slack="0"/>
<pin id="278" dir="0" index="2" bw="4" slack="0"/>
<pin id="279" dir="1" index="3" bw="4" slack="0"/>
</pin_list>
<bind>
<opcode="getelementptr(29) " fcode="getelementptr"/>
<opset="buf_V_13_addr/1 "/>
</bind>
</comp>

<comp id="282" class="1004" name="grp_access_fu_282">
<pin_list>
<pin id="283" dir="0" index="0" bw="4" slack="0"/>
<pin id="284" dir="0" index="1" bw="8" slack="0"/>
<pin id="285" dir="0" index="2" bw="0" slack="2147483647"/>
<pin id="286" dir="1" index="3" bw="8" slack="0"/>
</pin_list>
<bind>
<opcode="load(27) store(28) " fcode="store"/>
<opset="buf_V_13_load/1 store_ln181/1 "/>
</bind>
</comp>

<comp id="289" class="1004" name="buf_V_14_addr_gep_fu_289">
<pin_list>
<pin id="290" dir="0" index="0" bw="8" slack="0"/>
<pin id="291" dir="0" index="1" bw="1" slack="0"/>
<pin id="292" dir="0" index="2" bw="4" slack="0"/>
<pin id="293" dir="1" index="3" bw="4" slack="0"/>
</pin_list>
<bind>
<opcode="getelementptr(29) " fcode="getelementptr"/>
<opset="buf_V_14_addr/1 "/>
</bind>
</comp>

<comp id="296" class="1004" name="grp_access_fu_296">
<pin_list>
<pin id="297" dir="0" index="0" bw="4" slack="0"/>
<pin id="298" dir="0" index="1" bw="8" slack="0"/>
<pin id="299" dir="0" index="2" bw="0" slack="2147483647"/>
<pin id="300" dir="1" index="3" bw="8" slack="0"/>
</pin_list>
<bind>
<opcode="load(27) store(28) " fcode="store"/>
<opset="buf_V_14_load/1 store_ln181/1 "/>
</bind>
</comp>

<comp id="303" class="1004" name="buf_V_15_addr_gep_fu_303">
<pin_list>
<pin id="304" dir="0" index="0" bw="8" slack="0"/>
<pin id="305" dir="0" index="1" bw="1" slack="0"/>
<pin id="306" dir="0" index="2" bw="4" slack="0"/>
<pin id="307" dir="1" index="3" bw="4" slack="0"/>
</pin_list>
<bind>
<opcode="getelementptr(29) " fcode="getelementptr"/>
<opset="buf_V_15_addr/1 "/>
</bind>
</comp>

<comp id="310" class="1004" name="grp_access_fu_310">
<pin_list>
<pin id="311" dir="0" index="0" bw="4" slack="0"/>
<pin id="312" dir="0" index="1" bw="8" slack="0"/>
<pin id="313" dir="0" index="2" bw="0" slack="2147483647"/>
<pin id="314" dir="1" index="3" bw="8" slack="0"/>
</pin_list>
<bind>
<opcode="load(27) store(28) " fcode="store"/>
<opset="buf_V_15_load/1 store_ln181/1 "/>
</bind>
</comp>

<comp id="317" class="1004" name="buf_V_16_addr_gep_fu_317">
<pin_list>
<pin id="318" dir="0" index="0" bw="8" slack="0"/>
<pin id="319" dir="0" index="1" bw="1" slack="0"/>
<pin id="320" dir="0" index="2" bw="4" slack="0"/>
<pin id="321" dir="1" index="3" bw="4" slack="0"/>
</pin_list>
<bind>
<opcode="getelementptr(29) " fcode="getelementptr"/>
<opset="buf_V_16_addr/1 "/>
</bind>
</comp>

<comp id="324" class="1004" name="grp_access_fu_324">
<pin_list>
<pin id="325" dir="0" index="0" bw="4" slack="0"/>
<pin id="326" dir="0" index="1" bw="8" slack="0"/>
<pin id="327" dir="0" index="2" bw="0" slack="2147483647"/>
<pin id="328" dir="1" index="3" bw="8" slack="0"/>
</pin_list>
<bind>
<opcode="load(27) store(28) " fcode="store"/>
<opset="buf_V_16_load/1 store_ln181/1 "/>
</bind>
</comp>

<comp id="331" class="1004" name="buf_V_17_addr_gep_fu_331">
<pin_list>
<pin id="332" dir="0" index="0" bw="8" slack="0"/>
<pin id="333" dir="0" index="1" bw="1" slack="0"/>
<pin id="334" dir="0" index="2" bw="4" slack="0"/>
<pin id="335" dir="1" index="3" bw="4" slack="0"/>
</pin_list>
<bind>
<opcode="getelementptr(29) " fcode="getelementptr"/>
<opset="buf_V_17_addr/1 "/>
</bind>
</comp>

<comp id="338" class="1004" name="grp_access_fu_338">
<pin_list>
<pin id="339" dir="0" index="0" bw="4" slack="0"/>
<pin id="340" dir="0" index="1" bw="8" slack="0"/>
<pin id="341" dir="0" index="2" bw="0" slack="2147483647"/>
<pin id="342" dir="1" index="3" bw="8" slack="0"/>
</pin_list>
<bind>
<opcode="load(27) store(28) " fcode="store"/>
<opset="buf_V_17_load/1 store_ln181/1 "/>
</bind>
</comp>

<comp id="345" class="1004" name="buf_V_18_addr_gep_fu_345">
<pin_list>
<pin id="346" dir="0" index="0" bw="8" slack="0"/>
<pin id="347" dir="0" index="1" bw="1" slack="0"/>
<pin id="348" dir="0" index="2" bw="4" slack="0"/>
<pin id="349" dir="1" index="3" bw="4" slack="0"/>
</pin_list>
<bind>
<opcode="getelementptr(29) " fcode="getelementptr"/>
<opset="buf_V_18_addr/1 "/>
</bind>
</comp>

<comp id="352" class="1004" name="grp_access_fu_352">
<pin_list>
<pin id="353" dir="0" index="0" bw="4" slack="0"/>
<pin id="354" dir="0" index="1" bw="8" slack="0"/>
<pin id="355" dir="0" index="2" bw="0" slack="2147483647"/>
<pin id="356" dir="1" index="3" bw="8" slack="0"/>
</pin_list>
<bind>
<opcode="load(27) store(28) " fcode="store"/>
<opset="buf_V_18_load/1 store_ln181/1 "/>
</bind>
</comp>

<comp id="359" class="1004" name="buf_V_19_addr_gep_fu_359">
<pin_list>
<pin id="360" dir="0" index="0" bw="8" slack="0"/>
<pin id="361" dir="0" index="1" bw="1" slack="0"/>
<pin id="362" dir="0" index="2" bw="4" slack="0"/>
<pin id="363" dir="1" index="3" bw="4" slack="0"/>
</pin_list>
<bind>
<opcode="getelementptr(29) " fcode="getelementptr"/>
<opset="buf_V_19_addr/1 "/>
</bind>
</comp>

<comp id="366" class="1004" name="grp_access_fu_366">
<pin_list>
<pin id="367" dir="0" index="0" bw="4" slack="0"/>
<pin id="368" dir="0" index="1" bw="8" slack="0"/>
<pin id="369" dir="0" index="2" bw="0" slack="2147483647"/>
<pin id="370" dir="1" index="3" bw="8" slack="0"/>
</pin_list>
<bind>
<opcode="load(27) store(28) " fcode="store"/>
<opset="buf_V_19_load/1 store_ln181/1 "/>
</bind>
</comp>

<comp id="373" class="1004" name="store_ln0_store_fu_373">
<pin_list>
<pin id="374" dir="0" index="0" bw="1" slack="0"/>
<pin id="375" dir="0" index="1" bw="4" slack="0"/>
<pin id="376" dir="1" index="2" bw="0" slack="2147483647"/>
</pin_list>
<bind>
<opcode="store(28) " fcode="store"/>
<opset="store_ln0/1 "/>
</bind>
</comp>

<comp id="378" class="1004" name="outpix_1_load_fu_378">
<pin_list>
<pin id="379" dir="0" index="0" bw="4" slack="0"/>
<pin id="380" dir="1" index="1" bw="4" slack="0"/>
</pin_list>
<bind>
<opcode="load(27) " fcode="load"/>
<opset="outpix_1/1 "/>
</bind>
</comp>

<comp id="381" class="1004" name="icmp_ln174_fu_381">
<pin_list>
<pin id="382" dir="0" index="0" bw="4" slack="0"/>
<pin id="383" dir="0" index="1" bw="2" slack="0"/>
<pin id="384" dir="1" index="2" bw="1" slack="1"/>
</pin_list>
<bind>
<opcode="icmp(45) " fcode="icmp"/>
<opset="icmp_ln174/1 "/>
</bind>
</comp>

<comp id="387" class="1004" name="add_ln174_fu_387">
<pin_list>
<pin id="388" dir="0" index="0" bw="4" slack="0"/>
<pin id="389" dir="0" index="1" bw="1" slack="0"/>
<pin id="390" dir="1" index="2" bw="4" slack="0"/>
</pin_list>
<bind>
<opcode="add(8) " fcode="add"/>
<opset="add_ln174/1 "/>
</bind>
</comp>

<comp id="393" class="1004" name="outpix_cast_fu_393">
<pin_list>
<pin id="394" dir="0" index="0" bw="4" slack="0"/>
<pin id="395" dir="1" index="1" bw="64" slack="0"/>
</pin_list>
<bind>
<opcode="zext(34) " fcode="zext"/>
<opset="outpix_cast/1 "/>
</bind>
</comp>

<comp id="417" class="1004" name="store_ln174_store_fu_417">
<pin_list>
<pin id="418" dir="0" index="0" bw="4" slack="0"/>
<pin id="419" dir="0" index="1" bw="4" slack="0"/>
<pin id="420" dir="1" index="2" bw="0" slack="2147483647"/>
</pin_list>
<bind>
<opcode="store(28) " fcode="store"/>
<opset="store_ln174/1 "/>
</bind>
</comp>

<comp id="422" class="1004" name="p_Result_s_fu_422">
<pin_list>
<pin id="423" dir="0" index="0" bw="160" slack="0"/>
<pin id="424" dir="0" index="1" bw="8" slack="0"/>
<pin id="425" dir="0" index="2" bw="8" slack="0"/>
<pin id="426" dir="0" index="3" bw="8" slack="0"/>
<pin id="427" dir="0" index="4" bw="8" slack="0"/>
<pin id="428" dir="0" index="5" bw="8" slack="0"/>
<pin id="429" dir="0" index="6" bw="8" slack="0"/>
<pin id="430" dir="0" index="7" bw="8" slack="0"/>
<pin id="431" dir="0" index="8" bw="8" slack="0"/>
<pin id="432" dir="0" index="9" bw="8" slack="0"/>
<pin id="433" dir="0" index="10" bw="8" slack="0"/>
<pin id="434" dir="0" index="11" bw="8" slack="0"/>
<pin id="435" dir="0" index="12" bw="8" slack="0"/>
<pin id="436" dir="0" index="13" bw="8" slack="0"/>
<pin id="437" dir="0" index="14" bw="8" slack="0"/>
<pin id="438" dir="0" index="15" bw="8" slack="0"/>
<pin id="439" dir="0" index="16" bw="8" slack="0"/>
<pin id="440" dir="0" index="17" bw="8" slack="0"/>
<pin id="441" dir="0" index="18" bw="8" slack="0"/>
<pin id="442" dir="0" index="19" bw="8" slack="0"/>
<pin id="443" dir="0" index="20" bw="8" slack="0"/>
<pin id="444" dir="1" index="21" bw="160" slack="0"/>
</pin_list>
<bind>
<opcode="bitconcatenate(1004) " fcode="bitconcatenate"/>
<opset="p_Result_s/2 "/>
</bind>
</comp>

<comp id="467" class="1005" name="outpix_reg_467">
<pin_list>
<pin id="468" dir="0" index="0" bw="4" slack="0"/>
<pin id="469" dir="1" index="1" bw="4" slack="0"/>
</pin_list>
<bind>
<opset="outpix "/>
</bind>
</comp>

<comp id="474" class="1005" name="icmp_ln174_reg_474">
<pin_list>
<pin id="475" dir="0" index="0" bw="1" slack="1"/>
<pin id="476" dir="1" index="1" bw="1" slack="2147483647"/>
</pin_list>
<bind>
<opset="icmp_ln174 "/>
</bind>
</comp>

<comp id="478" class="1005" name="buf_V_addr_reg_478">
<pin_list>
<pin id="479" dir="0" index="0" bw="4" slack="1"/>
<pin id="480" dir="1" index="1" bw="4" slack="1"/>
</pin_list>
<bind>
<opset="buf_V_addr "/>
</bind>
</comp>

<comp id="483" class="1005" name="buf_V_1_addr_reg_483">
<pin_list>
<pin id="484" dir="0" index="0" bw="4" slack="1"/>
<pin id="485" dir="1" index="1" bw="4" slack="1"/>
</pin_list>
<bind>
<opset="buf_V_1_addr "/>
</bind>
</comp>

<comp id="488" class="1005" name="buf_V_2_addr_reg_488">
<pin_list>
<pin id="489" dir="0" index="0" bw="4" slack="1"/>
<pin id="490" dir="1" index="1" bw="4" slack="1"/>
</pin_list>
<bind>
<opset="buf_V_2_addr "/>
</bind>
</comp>

<comp id="493" class="1005" name="buf_V_3_addr_reg_493">
<pin_list>
<pin id="494" dir="0" index="0" bw="4" slack="1"/>
<pin id="495" dir="1" index="1" bw="4" slack="1"/>
</pin_list>
<bind>
<opset="buf_V_3_addr "/>
</bind>
</comp>

<comp id="498" class="1005" name="buf_V_4_addr_reg_498">
<pin_list>
<pin id="499" dir="0" index="0" bw="4" slack="1"/>
<pin id="500" dir="1" index="1" bw="4" slack="1"/>
</pin_list>
<bind>
<opset="buf_V_4_addr "/>
</bind>
</comp>

<comp id="503" class="1005" name="buf_V_5_addr_reg_503">
<pin_list>
<pin id="504" dir="0" index="0" bw="4" slack="1"/>
<pin id="505" dir="1" index="1" bw="4" slack="1"/>
</pin_list>
<bind>
<opset="buf_V_5_addr "/>
</bind>
</comp>

<comp id="508" class="1005" name="buf_V_6_addr_reg_508">
<pin_list>
<pin id="509" dir="0" index="0" bw="4" slack="1"/>
<pin id="510" dir="1" index="1" bw="4" slack="1"/>
</pin_list>
<bind>
<opset="buf_V_6_addr "/>
</bind>
</comp>

<comp id="513" class="1005" name="buf_V_7_addr_reg_513">
<pin_list>
<pin id="514" dir="0" index="0" bw="4" slack="1"/>
<pin id="515" dir="1" index="1" bw="4" slack="1"/>
</pin_list>
<bind>
<opset="buf_V_7_addr "/>
</bind>
</comp>

<comp id="518" class="1005" name="buf_V_8_addr_reg_518">
<pin_list>
<pin id="519" dir="0" index="0" bw="4" slack="1"/>
<pin id="520" dir="1" index="1" bw="4" slack="1"/>
</pin_list>
<bind>
<opset="buf_V_8_addr "/>
</bind>
</comp>

<comp id="523" class="1005" name="buf_V_9_addr_reg_523">
<pin_list>
<pin id="524" dir="0" index="0" bw="4" slack="1"/>
<pin id="525" dir="1" index="1" bw="4" slack="1"/>
</pin_list>
<bind>
<opset="buf_V_9_addr "/>
</bind>
</comp>

<comp id="528" class="1005" name="buf_V_10_addr_reg_528">
<pin_list>
<pin id="529" dir="0" index="0" bw="4" slack="1"/>
<pin id="530" dir="1" index="1" bw="4" slack="1"/>
</pin_list>
<bind>
<opset="buf_V_10_addr "/>
</bind>
</comp>

<comp id="533" class="1005" name="buf_V_11_addr_reg_533">
<pin_list>
<pin id="534" dir="0" index="0" bw="4" slack="1"/>
<pin id="535" dir="1" index="1" bw="4" slack="1"/>
</pin_list>
<bind>
<opset="buf_V_11_addr "/>
</bind>
</comp>

<comp id="538" class="1005" name="buf_V_12_addr_reg_538">
<pin_list>
<pin id="539" dir="0" index="0" bw="4" slack="1"/>
<pin id="540" dir="1" index="1" bw="4" slack="1"/>
</pin_list>
<bind>
<opset="buf_V_12_addr "/>
</bind>
</comp>

<comp id="543" class="1005" name="buf_V_13_addr_reg_543">
<pin_list>
<pin id="544" dir="0" index="0" bw="4" slack="1"/>
<pin id="545" dir="1" index="1" bw="4" slack="1"/>
</pin_list>
<bind>
<opset="buf_V_13_addr "/>
</bind>
</comp>

<comp id="548" class="1005" name="buf_V_14_addr_reg_548">
<pin_list>
<pin id="549" dir="0" index="0" bw="4" slack="1"/>
<pin id="550" dir="1" index="1" bw="4" slack="1"/>
</pin_list>
<bind>
<opset="buf_V_14_addr "/>
</bind>
</comp>

<comp id="553" class="1005" name="buf_V_15_addr_reg_553">
<pin_list>
<pin id="554" dir="0" index="0" bw="4" slack="1"/>
<pin id="555" dir="1" index="1" bw="4" slack="1"/>
</pin_list>
<bind>
<opset="buf_V_15_addr "/>
</bind>
</comp>

<comp id="558" class="1005" name="buf_V_16_addr_reg_558">
<pin_list>
<pin id="559" dir="0" index="0" bw="4" slack="1"/>
<pin id="560" dir="1" index="1" bw="4" slack="1"/>
</pin_list>
<bind>
<opset="buf_V_16_addr "/>
</bind>
</comp>

<comp id="563" class="1005" name="buf_V_17_addr_reg_563">
<pin_list>
<pin id="564" dir="0" index="0" bw="4" slack="1"/>
<pin id="565" dir="1" index="1" bw="4" slack="1"/>
</pin_list>
<bind>
<opset="buf_V_17_addr "/>
</bind>
</comp>

<comp id="568" class="1005" name="buf_V_18_addr_reg_568">
<pin_list>
<pin id="569" dir="0" index="0" bw="4" slack="1"/>
<pin id="570" dir="1" index="1" bw="4" slack="1"/>
</pin_list>
<bind>
<opset="buf_V_18_addr "/>
</bind>
</comp>

<comp id="573" class="1005" name="buf_V_19_addr_reg_573">
<pin_list>
<pin id="574" dir="0" index="0" bw="4" slack="1"/>
<pin id="575" dir="1" index="1" bw="4" slack="1"/>
</pin_list>
<bind>
<opset="buf_V_19_addr "/>
</bind>
</comp>

</comp_list>

<net_list>
<net id="85"><net_src comp="42" pin="0"/><net_sink comp="82" pin=0"/></net>

<net id="91"><net_src comp="80" pin="0"/><net_sink comp="86" pin=0"/></net>

<net id="92"><net_src comp="40" pin="0"/><net_sink comp="86" pin=1"/></net>

<net id="98"><net_src comp="0" pin="0"/><net_sink comp="93" pin=0"/></net>

<net id="99"><net_src comp="70" pin="0"/><net_sink comp="93" pin=1"/></net>

<net id="105"><net_src comp="93" pin="3"/><net_sink comp="100" pin=0"/></net>

<net id="106"><net_src comp="72" pin="0"/><net_sink comp="100" pin=1"/></net>

<net id="112"><net_src comp="2" pin="0"/><net_sink comp="107" pin=0"/></net>

<net id="113"><net_src comp="70" pin="0"/><net_sink comp="107" pin=1"/></net>

<net id="119"><net_src comp="107" pin="3"/><net_sink comp="114" pin=0"/></net>

<net id="120"><net_src comp="72" pin="0"/><net_sink comp="114" pin=1"/></net>

<net id="126"><net_src comp="4" pin="0"/><net_sink comp="121" pin=0"/></net>

<net id="127"><net_src comp="70" pin="0"/><net_sink comp="121" pin=1"/></net>

<net id="133"><net_src comp="121" pin="3"/><net_sink comp="128" pin=0"/></net>

<net id="134"><net_src comp="72" pin="0"/><net_sink comp="128" pin=1"/></net>

<net id="140"><net_src comp="6" pin="0"/><net_sink comp="135" pin=0"/></net>

<net id="141"><net_src comp="70" pin="0"/><net_sink comp="135" pin=1"/></net>

<net id="147"><net_src comp="135" pin="3"/><net_sink comp="142" pin=0"/></net>

<net id="148"><net_src comp="72" pin="0"/><net_sink comp="142" pin=1"/></net>

<net id="154"><net_src comp="8" pin="0"/><net_sink comp="149" pin=0"/></net>

<net id="155"><net_src comp="70" pin="0"/><net_sink comp="149" pin=1"/></net>

<net id="161"><net_src comp="149" pin="3"/><net_sink comp="156" pin=0"/></net>

<net id="162"><net_src comp="72" pin="0"/><net_sink comp="156" pin=1"/></net>

<net id="168"><net_src comp="10" pin="0"/><net_sink comp="163" pin=0"/></net>

<net id="169"><net_src comp="70" pin="0"/><net_sink comp="163" pin=1"/></net>

<net id="175"><net_src comp="163" pin="3"/><net_sink comp="170" pin=0"/></net>

<net id="176"><net_src comp="72" pin="0"/><net_sink comp="170" pin=1"/></net>

<net id="182"><net_src comp="12" pin="0"/><net_sink comp="177" pin=0"/></net>

<net id="183"><net_src comp="70" pin="0"/><net_sink comp="177" pin=1"/></net>

<net id="189"><net_src comp="177" pin="3"/><net_sink comp="184" pin=0"/></net>

<net id="190"><net_src comp="72" pin="0"/><net_sink comp="184" pin=1"/></net>

<net id="196"><net_src comp="14" pin="0"/><net_sink comp="191" pin=0"/></net>

<net id="197"><net_src comp="70" pin="0"/><net_sink comp="191" pin=1"/></net>

<net id="203"><net_src comp="191" pin="3"/><net_sink comp="198" pin=0"/></net>

<net id="204"><net_src comp="72" pin="0"/><net_sink comp="198" pin=1"/></net>

<net id="210"><net_src comp="16" pin="0"/><net_sink comp="205" pin=0"/></net>

<net id="211"><net_src comp="70" pin="0"/><net_sink comp="205" pin=1"/></net>

<net id="217"><net_src comp="205" pin="3"/><net_sink comp="212" pin=0"/></net>

<net id="218"><net_src comp="72" pin="0"/><net_sink comp="212" pin=1"/></net>

<net id="224"><net_src comp="18" pin="0"/><net_sink comp="219" pin=0"/></net>

<net id="225"><net_src comp="70" pin="0"/><net_sink comp="219" pin=1"/></net>

<net id="231"><net_src comp="219" pin="3"/><net_sink comp="226" pin=0"/></net>

<net id="232"><net_src comp="72" pin="0"/><net_sink comp="226" pin=1"/></net>

<net id="238"><net_src comp="20" pin="0"/><net_sink comp="233" pin=0"/></net>

<net id="239"><net_src comp="70" pin="0"/><net_sink comp="233" pin=1"/></net>

<net id="245"><net_src comp="233" pin="3"/><net_sink comp="240" pin=0"/></net>

<net id="246"><net_src comp="72" pin="0"/><net_sink comp="240" pin=1"/></net>

<net id="252"><net_src comp="22" pin="0"/><net_sink comp="247" pin=0"/></net>

<net id="253"><net_src comp="70" pin="0"/><net_sink comp="247" pin=1"/></net>

<net id="259"><net_src comp="247" pin="3"/><net_sink comp="254" pin=0"/></net>

<net id="260"><net_src comp="72" pin="0"/><net_sink comp="254" pin=1"/></net>

<net id="266"><net_src comp="24" pin="0"/><net_sink comp="261" pin=0"/></net>

<net id="267"><net_src comp="70" pin="0"/><net_sink comp="261" pin=1"/></net>

<net id="273"><net_src comp="261" pin="3"/><net_sink comp="268" pin=0"/></net>

<net id="274"><net_src comp="72" pin="0"/><net_sink comp="268" pin=1"/></net>

<net id="280"><net_src comp="26" pin="0"/><net_sink comp="275" pin=0"/></net>

<net id="281"><net_src comp="70" pin="0"/><net_sink comp="275" pin=1"/></net>

<net id="287"><net_src comp="275" pin="3"/><net_sink comp="282" pin=0"/></net>

<net id="288"><net_src comp="72" pin="0"/><net_sink comp="282" pin=1"/></net>

<net id="294"><net_src comp="28" pin="0"/><net_sink comp="289" pin=0"/></net>

<net id="295"><net_src comp="70" pin="0"/><net_sink comp="289" pin=1"/></net>

<net id="301"><net_src comp="289" pin="3"/><net_sink comp="296" pin=0"/></net>

<net id="302"><net_src comp="72" pin="0"/><net_sink comp="296" pin=1"/></net>

<net id="308"><net_src comp="30" pin="0"/><net_sink comp="303" pin=0"/></net>

<net id="309"><net_src comp="70" pin="0"/><net_sink comp="303" pin=1"/></net>

<net id="315"><net_src comp="303" pin="3"/><net_sink comp="310" pin=0"/></net>

<net id="316"><net_src comp="72" pin="0"/><net_sink comp="310" pin=1"/></net>

<net id="322"><net_src comp="32" pin="0"/><net_sink comp="317" pin=0"/></net>

<net id="323"><net_src comp="70" pin="0"/><net_sink comp="317" pin=1"/></net>

<net id="329"><net_src comp="317" pin="3"/><net_sink comp="324" pin=0"/></net>

<net id="330"><net_src comp="72" pin="0"/><net_sink comp="324" pin=1"/></net>

<net id="336"><net_src comp="34" pin="0"/><net_sink comp="331" pin=0"/></net>

<net id="337"><net_src comp="70" pin="0"/><net_sink comp="331" pin=1"/></net>

<net id="343"><net_src comp="331" pin="3"/><net_sink comp="338" pin=0"/></net>

<net id="344"><net_src comp="72" pin="0"/><net_sink comp="338" pin=1"/></net>

<net id="350"><net_src comp="36" pin="0"/><net_sink comp="345" pin=0"/></net>

<net id="351"><net_src comp="70" pin="0"/><net_sink comp="345" pin=1"/></net>

<net id="357"><net_src comp="345" pin="3"/><net_sink comp="352" pin=0"/></net>

<net id="358"><net_src comp="72" pin="0"/><net_sink comp="352" pin=1"/></net>

<net id="364"><net_src comp="38" pin="0"/><net_sink comp="359" pin=0"/></net>

<net id="365"><net_src comp="70" pin="0"/><net_sink comp="359" pin=1"/></net>

<net id="371"><net_src comp="359" pin="3"/><net_sink comp="366" pin=0"/></net>

<net id="372"><net_src comp="72" pin="0"/><net_sink comp="366" pin=1"/></net>

<net id="377"><net_src comp="56" pin="0"/><net_sink comp="373" pin=0"/></net>

<net id="385"><net_src comp="378" pin="1"/><net_sink comp="381" pin=0"/></net>

<net id="386"><net_src comp="62" pin="0"/><net_sink comp="381" pin=1"/></net>

<net id="391"><net_src comp="378" pin="1"/><net_sink comp="387" pin=0"/></net>

<net id="392"><net_src comp="68" pin="0"/><net_sink comp="387" pin=1"/></net>

<net id="396"><net_src comp="378" pin="1"/><net_sink comp="393" pin=0"/></net>

<net id="397"><net_src comp="393" pin="1"/><net_sink comp="93" pin=2"/></net>

<net id="398"><net_src comp="393" pin="1"/><net_sink comp="107" pin=2"/></net>

<net id="399"><net_src comp="393" pin="1"/><net_sink comp="121" pin=2"/></net>

<net id="400"><net_src comp="393" pin="1"/><net_sink comp="135" pin=2"/></net>

<net id="401"><net_src comp="393" pin="1"/><net_sink comp="149" pin=2"/></net>

<net id="402"><net_src comp="393" pin="1"/><net_sink comp="163" pin=2"/></net>

<net id="403"><net_src comp="393" pin="1"/><net_sink comp="177" pin=2"/></net>

<net id="404"><net_src comp="393" pin="1"/><net_sink comp="191" pin=2"/></net>

<net id="405"><net_src comp="393" pin="1"/><net_sink comp="205" pin=2"/></net>

<net id="406"><net_src comp="393" pin="1"/><net_sink comp="219" pin=2"/></net>

<net id="407"><net_src comp="393" pin="1"/><net_sink comp="233" pin=2"/></net>

<net id="408"><net_src comp="393" pin="1"/><net_sink comp="247" pin=2"/></net>

<net id="409"><net_src comp="393" pin="1"/><net_sink comp="261" pin=2"/></net>

<net id="410"><net_src comp="393" pin="1"/><net_sink comp="275" pin=2"/></net>

<net id="411"><net_src comp="393" pin="1"/><net_sink comp="289" pin=2"/></net>

<net id="412"><net_src comp="393" pin="1"/><net_sink comp="303" pin=2"/></net>

<net id="413"><net_src comp="393" pin="1"/><net_sink comp="317" pin=2"/></net>

<net id="414"><net_src comp="393" pin="1"/><net_sink comp="331" pin=2"/></net>

<net id="415"><net_src comp="393" pin="1"/><net_sink comp="345" pin=2"/></net>

<net id="416"><net_src comp="393" pin="1"/><net_sink comp="359" pin=2"/></net>

<net id="421"><net_src comp="387" pin="2"/><net_sink comp="417" pin=0"/></net>

<net id="445"><net_src comp="78" pin="0"/><net_sink comp="422" pin=0"/></net>

<net id="446"><net_src comp="366" pin="3"/><net_sink comp="422" pin=1"/></net>

<net id="447"><net_src comp="352" pin="3"/><net_sink comp="422" pin=2"/></net>

<net id="448"><net_src comp="338" pin="3"/><net_sink comp="422" pin=3"/></net>

<net id="449"><net_src comp="324" pin="3"/><net_sink comp="422" pin=4"/></net>

<net id="450"><net_src comp="310" pin="3"/><net_sink comp="422" pin=5"/></net>

<net id="451"><net_src comp="296" pin="3"/><net_sink comp="422" pin=6"/></net>

<net id="452"><net_src comp="282" pin="3"/><net_sink comp="422" pin=7"/></net>

<net id="453"><net_src comp="268" pin="3"/><net_sink comp="422" pin=8"/></net>

<net id="454"><net_src comp="254" pin="3"/><net_sink comp="422" pin=9"/></net>

<net id="455"><net_src comp="240" pin="3"/><net_sink comp="422" pin=10"/></net>

<net id="456"><net_src comp="226" pin="3"/><net_sink comp="422" pin=11"/></net>

<net id="457"><net_src comp="212" pin="3"/><net_sink comp="422" pin=12"/></net>

<net id="458"><net_src comp="198" pin="3"/><net_sink comp="422" pin=13"/></net>

<net id="459"><net_src comp="184" pin="3"/><net_sink comp="422" pin=14"/></net>

<net id="460"><net_src comp="170" pin="3"/><net_sink comp="422" pin=15"/></net>

<net id="461"><net_src comp="156" pin="3"/><net_sink comp="422" pin=16"/></net>

<net id="462"><net_src comp="142" pin="3"/><net_sink comp="422" pin=17"/></net>

<net id="463"><net_src comp="128" pin="3"/><net_sink comp="422" pin=18"/></net>

<net id="464"><net_src comp="114" pin="3"/><net_sink comp="422" pin=19"/></net>

<net id="465"><net_src comp="100" pin="3"/><net_sink comp="422" pin=20"/></net>

<net id="466"><net_src comp="422" pin="21"/><net_sink comp="86" pin=2"/></net>

<net id="470"><net_src comp="82" pin="1"/><net_sink comp="467" pin=0"/></net>

<net id="471"><net_src comp="467" pin="1"/><net_sink comp="373" pin=1"/></net>

<net id="472"><net_src comp="467" pin="1"/><net_sink comp="378" pin=0"/></net>

<net id="473"><net_src comp="467" pin="1"/><net_sink comp="417" pin=1"/></net>

<net id="477"><net_src comp="381" pin="2"/><net_sink comp="474" pin=0"/></net>

<net id="481"><net_src comp="93" pin="3"/><net_sink comp="478" pin=0"/></net>

<net id="482"><net_src comp="478" pin="1"/><net_sink comp="100" pin=0"/></net>

<net id="486"><net_src comp="107" pin="3"/><net_sink comp="483" pin=0"/></net>

<net id="487"><net_src comp="483" pin="1"/><net_sink comp="114" pin=0"/></net>

<net id="491"><net_src comp="121" pin="3"/><net_sink comp="488" pin=0"/></net>

<net id="492"><net_src comp="488" pin="1"/><net_sink comp="128" pin=0"/></net>

<net id="496"><net_src comp="135" pin="3"/><net_sink comp="493" pin=0"/></net>

<net id="497"><net_src comp="493" pin="1"/><net_sink comp="142" pin=0"/></net>

<net id="501"><net_src comp="149" pin="3"/><net_sink comp="498" pin=0"/></net>

<net id="502"><net_src comp="498" pin="1"/><net_sink comp="156" pin=0"/></net>

<net id="506"><net_src comp="163" pin="3"/><net_sink comp="503" pin=0"/></net>

<net id="507"><net_src comp="503" pin="1"/><net_sink comp="170" pin=0"/></net>

<net id="511"><net_src comp="177" pin="3"/><net_sink comp="508" pin=0"/></net>

<net id="512"><net_src comp="508" pin="1"/><net_sink comp="184" pin=0"/></net>

<net id="516"><net_src comp="191" pin="3"/><net_sink comp="513" pin=0"/></net>

<net id="517"><net_src comp="513" pin="1"/><net_sink comp="198" pin=0"/></net>

<net id="521"><net_src comp="205" pin="3"/><net_sink comp="518" pin=0"/></net>

<net id="522"><net_src comp="518" pin="1"/><net_sink comp="212" pin=0"/></net>

<net id="526"><net_src comp="219" pin="3"/><net_sink comp="523" pin=0"/></net>

<net id="527"><net_src comp="523" pin="1"/><net_sink comp="226" pin=0"/></net>

<net id="531"><net_src comp="233" pin="3"/><net_sink comp="528" pin=0"/></net>

<net id="532"><net_src comp="528" pin="1"/><net_sink comp="240" pin=0"/></net>

<net id="536"><net_src comp="247" pin="3"/><net_sink comp="533" pin=0"/></net>

<net id="537"><net_src comp="533" pin="1"/><net_sink comp="254" pin=0"/></net>

<net id="541"><net_src comp="261" pin="3"/><net_sink comp="538" pin=0"/></net>

<net id="542"><net_src comp="538" pin="1"/><net_sink comp="268" pin=0"/></net>

<net id="546"><net_src comp="275" pin="3"/><net_sink comp="543" pin=0"/></net>

<net id="547"><net_src comp="543" pin="1"/><net_sink comp="282" pin=0"/></net>

<net id="551"><net_src comp="289" pin="3"/><net_sink comp="548" pin=0"/></net>

<net id="552"><net_src comp="548" pin="1"/><net_sink comp="296" pin=0"/></net>

<net id="556"><net_src comp="303" pin="3"/><net_sink comp="553" pin=0"/></net>

<net id="557"><net_src comp="553" pin="1"/><net_sink comp="310" pin=0"/></net>

<net id="561"><net_src comp="317" pin="3"/><net_sink comp="558" pin=0"/></net>

<net id="562"><net_src comp="558" pin="1"/><net_sink comp="324" pin=0"/></net>

<net id="566"><net_src comp="331" pin="3"/><net_sink comp="563" pin=0"/></net>

<net id="567"><net_src comp="563" pin="1"/><net_sink comp="338" pin=0"/></net>

<net id="571"><net_src comp="345" pin="3"/><net_sink comp="568" pin=0"/></net>

<net id="572"><net_src comp="568" pin="1"/><net_sink comp="352" pin=0"/></net>

<net id="576"><net_src comp="359" pin="3"/><net_sink comp="573" pin=0"/></net>

<net id="577"><net_src comp="573" pin="1"/><net_sink comp="366" pin=0"/></net>

</net_list>

</model> 
---------------- Datapath Model END ------------------

* FSMD analyzer results:
  - Output states:
	Port: buf_V | {1 }
	Port: buf_V_1 | {1 }
	Port: buf_V_2 | {1 }
	Port: buf_V_3 | {1 }
	Port: buf_V_4 | {1 }
	Port: buf_V_5 | {1 }
	Port: buf_V_6 | {1 }
	Port: buf_V_7 | {1 }
	Port: buf_V_8 | {1 }
	Port: buf_V_9 | {1 }
	Port: buf_V_10 | {1 }
	Port: buf_V_11 | {1 }
	Port: buf_V_12 | {1 }
	Port: buf_V_13 | {1 }
	Port: buf_V_14 | {1 }
	Port: buf_V_15 | {1 }
	Port: buf_V_16 | {1 }
	Port: buf_V_17 | {1 }
	Port: buf_V_18 | {1 }
	Port: buf_V_19 | {1 }
	Port: out_V | {2 }
 - Input state : 
	Port: StreamingMaxPool_Precision_Pipeline_VITIS_LOOP_174_8 : buf_V | {1 2 }
	Port: StreamingMaxPool_Precision_Pipeline_VITIS_LOOP_174_8 : buf_V_1 | {1 2 }
	Port: StreamingMaxPool_Precision_Pipeline_VITIS_LOOP_174_8 : buf_V_2 | {1 2 }
	Port: StreamingMaxPool_Precision_Pipeline_VITIS_LOOP_174_8 : buf_V_3 | {1 2 }
	Port: StreamingMaxPool_Precision_Pipeline_VITIS_LOOP_174_8 : buf_V_4 | {1 2 }
	Port: StreamingMaxPool_Precision_Pipeline_VITIS_LOOP_174_8 : buf_V_5 | {1 2 }
	Port: StreamingMaxPool_Precision_Pipeline_VITIS_LOOP_174_8 : buf_V_6 | {1 2 }
	Port: StreamingMaxPool_Precision_Pipeline_VITIS_LOOP_174_8 : buf_V_7 | {1 2 }
	Port: StreamingMaxPool_Precision_Pipeline_VITIS_LOOP_174_8 : buf_V_8 | {1 2 }
	Port: StreamingMaxPool_Precision_Pipeline_VITIS_LOOP_174_8 : buf_V_9 | {1 2 }
	Port: StreamingMaxPool_Precision_Pipeline_VITIS_LOOP_174_8 : buf_V_10 | {1 2 }
	Port: StreamingMaxPool_Precision_Pipeline_VITIS_LOOP_174_8 : buf_V_11 | {1 2 }
	Port: StreamingMaxPool_Precision_Pipeline_VITIS_LOOP_174_8 : buf_V_12 | {1 2 }
	Port: StreamingMaxPool_Precision_Pipeline_VITIS_LOOP_174_8 : buf_V_13 | {1 2 }
	Port: StreamingMaxPool_Precision_Pipeline_VITIS_LOOP_174_8 : buf_V_14 | {1 2 }
	Port: StreamingMaxPool_Precision_Pipeline_VITIS_LOOP_174_8 : buf_V_15 | {1 2 }
	Port: StreamingMaxPool_Precision_Pipeline_VITIS_LOOP_174_8 : buf_V_16 | {1 2 }
	Port: StreamingMaxPool_Precision_Pipeline_VITIS_LOOP_174_8 : buf_V_17 | {1 2 }
	Port: StreamingMaxPool_Precision_Pipeline_VITIS_LOOP_174_8 : buf_V_18 | {1 2 }
	Port: StreamingMaxPool_Precision_Pipeline_VITIS_LOOP_174_8 : buf_V_19 | {1 2 }
  - Chain level:
	State 1
		store_ln0 : 1
		outpix_1 : 1
		icmp_ln174 : 2
		add_ln174 : 2
		br_ln174 : 3
		outpix_cast : 2
		buf_V_addr : 3
		buf_V_load : 4
		store_ln181 : 4
		buf_V_1_addr : 3
		buf_V_1_load : 4
		store_ln181 : 4
		buf_V_2_addr : 3
		buf_V_2_load : 4
		store_ln181 : 4
		buf_V_3_addr : 3
		buf_V_3_load : 4
		store_ln181 : 4
		buf_V_4_addr : 3
		buf_V_4_load : 4
		store_ln181 : 4
		buf_V_5_addr : 3
		buf_V_5_load : 4
		store_ln181 : 4
		buf_V_6_addr : 3
		buf_V_6_load : 4
		store_ln181 : 4
		buf_V_7_addr : 3
		buf_V_7_load : 4
		store_ln181 : 4
		buf_V_8_addr : 3
		buf_V_8_load : 4
		store_ln181 : 4
		buf_V_9_addr : 3
		buf_V_9_load : 4
		store_ln181 : 4
		buf_V_10_addr : 3
		buf_V_10_load : 4
		store_ln181 : 4
		buf_V_11_addr : 3
		buf_V_11_load : 4
		store_ln181 : 4
		buf_V_12_addr : 3
		buf_V_12_load : 4
		store_ln181 : 4
		buf_V_13_addr : 3
		buf_V_13_load : 4
		store_ln181 : 4
		buf_V_14_addr : 3
		buf_V_14_load : 4
		store_ln181 : 4
		buf_V_15_addr : 3
		buf_V_15_load : 4
		store_ln181 : 4
		buf_V_16_addr : 3
		buf_V_16_load : 4
		store_ln181 : 4
		buf_V_17_addr : 3
		buf_V_17_load : 4
		store_ln181 : 4
		buf_V_18_addr : 3
		buf_V_18_load : 4
		store_ln181 : 4
		buf_V_19_addr : 3
		buf_V_19_load : 4
		store_ln181 : 4
		store_ln174 : 3
	State 2
		p_Result_s : 1
		write_ln183 : 2


============================================================
+ Verbose Summary: Datapath Resource usage 
============================================================

* Functional unit list:
|----------|-------------------------|---------|---------|
| Operation|     Functional Unit     |    FF   |   LUT   |
|----------|-------------------------|---------|---------|
|    add   |     add_ln174_fu_387    |    0    |    12   |
|----------|-------------------------|---------|---------|
|   icmp   |    icmp_ln174_fu_381    |    0    |    9    |
|----------|-------------------------|---------|---------|
|   write  | write_ln183_write_fu_86 |    0    |    0    |
|----------|-------------------------|---------|---------|
|   zext   |    outpix_cast_fu_393   |    0    |    0    |
|----------|-------------------------|---------|---------|
|bitconcatenate|    p_Result_s_fu_422    |    0    |    0    |
|----------|-------------------------|---------|---------|
|   Total  |                         |    0    |    21   |
|----------|-------------------------|---------|---------|

Memories:
N/A

* Register list:
+---------------------+--------+
|                     |   FF   |
+---------------------+--------+
|buf_V_10_addr_reg_528|    4   |
|buf_V_11_addr_reg_533|    4   |
|buf_V_12_addr_reg_538|    4   |
|buf_V_13_addr_reg_543|    4   |
|buf_V_14_addr_reg_548|    4   |
|buf_V_15_addr_reg_553|    4   |
|buf_V_16_addr_reg_558|    4   |
|buf_V_17_addr_reg_563|    4   |
|buf_V_18_addr_reg_568|    4   |
|buf_V_19_addr_reg_573|    4   |
| buf_V_1_addr_reg_483|    4   |
| buf_V_2_addr_reg_488|    4   |
| buf_V_3_addr_reg_493|    4   |
| buf_V_4_addr_reg_498|    4   |
| buf_V_5_addr_reg_503|    4   |
| buf_V_6_addr_reg_508|    4   |
| buf_V_7_addr_reg_513|    4   |
| buf_V_8_addr_reg_518|    4   |
| buf_V_9_addr_reg_523|    4   |
|  buf_V_addr_reg_478 |    4   |
|  icmp_ln174_reg_474 |    1   |
|    outpix_reg_467   |    4   |
+---------------------+--------+
|        Total        |   85   |
+---------------------+--------+

* Multiplexer (MUX) list: 
|-------------------|------|------|------|--------||---------||---------|
|        Comp       |  Pin | Size |  BW  | S x BW ||  Delay  ||   LUT   |
|-------------------|------|------|------|--------||---------||---------|
| grp_access_fu_100 |  p0  |   2  |   4  |    8   ||    9    |
| grp_access_fu_114 |  p0  |   2  |   4  |    8   ||    9    |
| grp_access_fu_128 |  p0  |   2  |   4  |    8   ||    9    |
| grp_access_fu_142 |  p0  |   2  |   4  |    8   ||    9    |
| grp_access_fu_156 |  p0  |   2  |   4  |    8   ||    9    |
| grp_access_fu_170 |  p0  |   2  |   4  |    8   ||    9    |
| grp_access_fu_184 |  p0  |   2  |   4  |    8   ||    9    |
| grp_access_fu_198 |  p0  |   2  |   4  |    8   ||    9    |
| grp_access_fu_212 |  p0  |   2  |   4  |    8   ||    9    |
| grp_access_fu_226 |  p0  |   2  |   4  |    8   ||    9    |
| grp_access_fu_240 |  p0  |   2  |   4  |    8   ||    9    |
| grp_access_fu_254 |  p0  |   2  |   4  |    8   ||    9    |
| grp_access_fu_268 |  p0  |   2  |   4  |    8   ||    9    |
| grp_access_fu_282 |  p0  |   2  |   4  |    8   ||    9    |
| grp_access_fu_296 |  p0  |   2  |   4  |    8   ||    9    |
| grp_access_fu_310 |  p0  |   2  |   4  |    8   ||    9    |
| grp_access_fu_324 |  p0  |   2  |   4  |    8   ||    9    |
| grp_access_fu_338 |  p0  |   2  |   4  |    8   ||    9    |
| grp_access_fu_352 |  p0  |   2  |   4  |    8   ||    9    |
| grp_access_fu_366 |  p0  |   2  |   4  |    8   ||    9    |
|-------------------|------|------|------|--------||---------||---------|
|       Total       |      |      |      |   160  ||   8.54  ||   180   |
|-------------------|------|------|------|--------||---------||---------|



* Summary:
+-----------+--------+--------+--------+
|           |  Delay |   FF   |   LUT  |
+-----------+--------+--------+--------+
|  Function |    -   |    0   |   21   |
|   Memory  |    -   |    -   |    -   |
|Multiplexer|    8   |    -   |   180  |
|  Register |    -   |   85   |    -   |
+-----------+--------+--------+--------+
|   Total   |    8   |   85   |   201  |
+-----------+--------+--------+--------+
