

================================================================
== Vitis HLS Report for 'StreamingMaxPool_Precision_Pipeline_VITIS_LOOP_158_6'
================================================================
* Date:           Thu Jun 19 12:41:37 2025

* Version:        2022.2 (Build 3670227 on Oct 13 2022)
* Project:        project_StreamingMaxPool_hls_0
* Solution:       sol1 (Vivado IP Flow Target)
* Product family: zynquplus
* Target device:  xczu7ev-ffvc1156-2-e


================================================================
== Performance Estimates
================================================================
+ Timing: 
    * Summary: 
    +--------+----------+----------+------------+
    |  Clock |  Target  | Estimated| Uncertainty|
    +--------+----------+----------+------------+
    |ap_clk  |  10.00 ns|  1.958 ns|     2.70 ns|
    +--------+----------+----------+------------+

+ Latency: 
    * Summary: 
    +---------+---------+-----------+-----------+-----+-----+---------+
    |  Latency (cycles) |   Latency (absolute)  |  Interval | Pipeline|
    |   min   |   max   |    min    |    max    | min | max |   Type  |
    +---------+---------+-----------+-----------+-----+-----+---------+
    |        4|        4|  40.000 ns|  40.000 ns|    4|    4|       no|
    +---------+---------+-----------+-----------+-----+-----+---------+

    + Detail: 
        * Instance: 
        N/A

        * Loop: 
        +--------------------+---------+---------+----------+-----------+-----------+------+----------+
        |                    |  Latency (cycles) | Iteration|  Initiation Interval  | Trip |          |
        |      Loop Name     |   min   |   max   |  Latency |  achieved |   target  | Count| Pipelined|
        +--------------------+---------+---------+----------+-----------+-----------+------+----------+
        |- VITIS_LOOP_158_6  |        2|        2|         1|          1|          1|     2|  yes(flp)|
        +--------------------+---------+---------+----------+-----------+-----------+------+----------+

============================================================
+ Verbose Summary: Synthesis Manager
============================================================
InlineROM: 1
ExposeGlobal: 0
============================================================
+ Verbose Summary: CDFG Model
============================================================
IsTopModel: 0
ResetActiveHigh: 1
IsCombinational: 0
IsDatapathOnly: 0
HasWiredReturn: 1
HasMFsm: 1
HasVarLatency: 1
IsPipeline: 0
IsRtlPipelined: 0
IsInstanceOverlapped: 0
IsDontTouch: 0
HasImplIP: 0
IsGatedGlobalClock: 0

+ Individual pipeline summary: 
  * Pipeline-0: initiation interval (II) = 1, depth = 1


============================================================
+ Verbose Summary: Schedule
============================================================
* Number of FSM states : 1
* Pipeline : 1
  Pipeline-0 : II = 1, D = 1, States = { 1 }
* Dataflow Pipeline: 0

* FSM state transitions: 
1 --> 

* FSM state operations: 

State 1 <SV = 0> <Delay = 1.95>
ST_1 : Operation 4 [1/1] (0.00ns)   --->   "%kx = alloca i32 1"   --->   Operation 4 'alloca' 'kx' <Predicate = true> <Delay = 0.00>
ST_1 : Operation 5 [1/1] (0.00ns)   --->   "%oldMax_V = alloca i32 1"   --->   Operation 5 'alloca' 'oldMax_V' <Predicate = true> <Delay = 0.00>
ST_1 : Operation 6 [1/1] (0.00ns)   --->   "%oldMax_V_1 = alloca i32 1"   --->   Operation 6 'alloca' 'oldMax_V_1' <Predicate = true> <Delay = 0.00>
ST_1 : Operation 7 [1/1] (0.00ns)   --->   "%oldMax_V_2 = alloca i32 1"   --->   Operation 7 'alloca' 'oldMax_V_2' <Predicate = true> <Delay = 0.00>
ST_1 : Operation 8 [1/1] (0.00ns)   --->   "%oldMax_V_3 = alloca i32 1"   --->   Operation 8 'alloca' 'oldMax_V_3' <Predicate = true> <Delay = 0.00>
ST_1 : Operation 9 [1/1] (0.00ns)   --->   "%oldMax_V_4 = alloca i32 1"   --->   Operation 9 'alloca' 'oldMax_V_4' <Predicate = true> <Delay = 0.00>
ST_1 : Operation 10 [1/1] (0.00ns)   --->   "%oldMax_V_5 = alloca i32 1"   --->   Operation 10 'alloca' 'oldMax_V_5' <Predicate = true> <Delay = 0.00>
ST_1 : Operation 11 [1/1] (0.00ns)   --->   "%oldMax_V_6 = alloca i32 1"   --->   Operation 11 'alloca' 'oldMax_V_6' <Predicate = true> <Delay = 0.00>
ST_1 : Operation 12 [1/1] (0.00ns)   --->   "%oldMax_V_7 = alloca i32 1"   --->   Operation 12 'alloca' 'oldMax_V_7' <Predicate = true> <Delay = 0.00>
ST_1 : Operation 13 [1/1] (0.00ns)   --->   "%oldMax_V_8 = alloca i32 1"   --->   Operation 13 'alloca' 'oldMax_V_8' <Predicate = true> <Delay = 0.00>
ST_1 : Operation 14 [1/1] (0.00ns)   --->   "%oldMax_V_9 = alloca i32 1"   --->   Operation 14 'alloca' 'oldMax_V_9' <Predicate = true> <Delay = 0.00>
ST_1 : Operation 15 [1/1] (0.00ns)   --->   "%oldMax_V_10 = alloca i32 1"   --->   Operation 15 'alloca' 'oldMax_V_10' <Predicate = true> <Delay = 0.00>
ST_1 : Operation 16 [1/1] (0.00ns)   --->   "%oldMax_V_11 = alloca i32 1"   --->   Operation 16 'alloca' 'oldMax_V_11' <Predicate = true> <Delay = 0.00>
ST_1 : Operation 17 [1/1] (0.00ns)   --->   "%oldMax_V_12 = alloca i32 1"   --->   Operation 17 'alloca' 'oldMax_V_12' <Predicate = true> <Delay = 0.00>
ST_1 : Operation 18 [1/1] (0.00ns)   --->   "%oldMax_V_13 = alloca i32 1"   --->   Operation 18 'alloca' 'oldMax_V_13' <Predicate = true> <Delay = 0.00>
ST_1 : Operation 19 [1/1] (0.00ns)   --->   "%oldMax_V_14 = alloca i32 1"   --->   Operation 19 'alloca' 'oldMax_V_14' <Predicate = true> <Delay = 0.00>
ST_1 : Operation 20 [1/1] (0.00ns)   --->   "%oldMax_V_15 = alloca i32 1"   --->   Operation 20 'alloca' 'oldMax_V_15' <Predicate = true> <Delay = 0.00>
ST_1 : Operation 21 [1/1] (0.00ns)   --->   "%oldMax_V_16 = alloca i32 1"   --->   Operation 21 'alloca' 'oldMax_V_16' <Predicate = true> <Delay = 0.00>
ST_1 : Operation 22 [1/1] (0.00ns)   --->   "%oldMax_V_17 = alloca i32 1"   --->   Operation 22 'alloca' 'oldMax_V_17' <Predicate = true> <Delay = 0.00>
ST_1 : Operation 23 [1/1] (0.00ns)   --->   "%oldMax_V_18 = alloca i32 1"   --->   Operation 23 'alloca' 'oldMax_V_18' <Predicate = true> <Delay = 0.00>
ST_1 : Operation 24 [1/1] (0.00ns)   --->   "%oldMax_V_19 = alloca i32 1"   --->   Operation 24 'alloca' 'oldMax_V_19' <Predicate = true> <Delay = 0.00>
ST_1 : Operation 25 [1/1] (0.00ns)   --->   "%zext_ln156_read = read i4 @_ssdm_op_Read.ap_auto.i4, i4 %zext_ln156"   --->   Operation 25 'read' 'zext_ln156_read' <Predicate = true> <Delay = 0.00>
ST_1 : Operation 26 [1/1] (0.00ns)   --->   "%buf_V_load_1_read = read i8 @_ssdm_op_Read.ap_auto.i8, i8 %buf_V_load_1"   --->   Operation 26 'read' 'buf_V_load_1_read' <Predicate = true> <Delay = 0.00>
ST_1 : Operation 27 [1/1] (0.00ns)   --->   "%buf_V_1_load_1_read = read i8 @_ssdm_op_Read.ap_auto.i8, i8 %buf_V_1_load_1"   --->   Operation 27 'read' 'buf_V_1_load_1_read' <Predicate = true> <Delay = 0.00>
ST_1 : Operation 28 [1/1] (0.00ns)   --->   "%buf_V_2_load_1_read = read i8 @_ssdm_op_Read.ap_auto.i8, i8 %buf_V_2_load_1"   --->   Operation 28 'read' 'buf_V_2_load_1_read' <Predicate = true> <Delay = 0.00>
ST_1 : Operation 29 [1/1] (0.00ns)   --->   "%buf_V_3_load_1_read = read i8 @_ssdm_op_Read.ap_auto.i8, i8 %buf_V_3_load_1"   --->   Operation 29 'read' 'buf_V_3_load_1_read' <Predicate = true> <Delay = 0.00>
ST_1 : Operation 30 [1/1] (0.00ns)   --->   "%buf_V_4_load_1_read = read i8 @_ssdm_op_Read.ap_auto.i8, i8 %buf_V_4_load_1"   --->   Operation 30 'read' 'buf_V_4_load_1_read' <Predicate = true> <Delay = 0.00>
ST_1 : Operation 31 [1/1] (0.00ns)   --->   "%buf_V_5_load_1_read = read i8 @_ssdm_op_Read.ap_auto.i8, i8 %buf_V_5_load_1"   --->   Operation 31 'read' 'buf_V_5_load_1_read' <Predicate = true> <Delay = 0.00>
ST_1 : Operation 32 [1/1] (0.00ns)   --->   "%buf_V_6_load_1_read = read i8 @_ssdm_op_Read.ap_auto.i8, i8 %buf_V_6_load_1"   --->   Operation 32 'read' 'buf_V_6_load_1_read' <Predicate = true> <Delay = 0.00>
ST_1 : Operation 33 [1/1] (0.00ns)   --->   "%buf_V_7_load_1_read = read i8 @_ssdm_op_Read.ap_auto.i8, i8 %buf_V_7_load_1"   --->   Operation 33 'read' 'buf_V_7_load_1_read' <Predicate = true> <Delay = 0.00>
ST_1 : Operation 34 [1/1] (0.00ns)   --->   "%buf_V_8_load_1_read = read i8 @_ssdm_op_Read.ap_auto.i8, i8 %buf_V_8_load_1"   --->   Operation 34 'read' 'buf_V_8_load_1_read' <Predicate = true> <Delay = 0.00>
ST_1 : Operation 35 [1/1] (0.00ns)   --->   "%buf_V_9_load_1_read = read i8 @_ssdm_op_Read.ap_auto.i8, i8 %buf_V_9_load_1"   --->   Operation 35 'read' 'buf_V_9_load_1_read' <Predicate = true> <Delay = 0.00>
ST_1 : Operation 36 [1/1] (0.00ns)   --->   "%buf_V_10_load_1_read = read i8 @_ssdm_op_Read.ap_auto.i8, i8 %buf_V_10_load_1"   --->   Operation 36 'read' 'buf_V_10_load_1_read' <Predicate = true> <Delay = 0.00>
ST_1 : Operation 37 [1/1] (0.00ns)   --->   "%buf_V_11_load_1_read = read i8 @_ssdm_op_Read.ap_auto.i8, i8 %buf_V_11_load_1"   --->   Operation 37 'read' 'buf_V_11_load_1_read' <Predicate = true> <Delay = 0.00>
ST_1 : Operation 38 [1/1] (0.00ns)   --->   "%buf_V_12_load_1_read = read i8 @_ssdm_op_Read.ap_auto.i8, i8 %buf_V_12_load_1"   --->   Operation 38 'read' 'buf_V_12_load_1_read' <Predicate = true> <Delay = 0.00>
ST_1 : Operation 39 [1/1] (0.00ns)   --->   "%buf_V_13_load_1_read = read i8 @_ssdm_op_Read.ap_auto.i8, i8 %buf_V_13_load_1"   --->   Operation 39 'read' 'buf_V_13_load_1_read' <Predicate = true> <Delay = 0.00>
ST_1 : Operation 40 [1/1] (0.00ns)   --->   "%buf_V_14_load_1_read = read i8 @_ssdm_op_Read.ap_auto.i8, i8 %buf_V_14_load_1"   --->   Operation 40 'read' 'buf_V_14_load_1_read' <Predicate = true> <Delay = 0.00>
ST_1 : Operation 41 [1/1] (0.00ns)   --->   "%buf_V_15_load_1_read = read i8 @_ssdm_op_Read.ap_auto.i8, i8 %buf_V_15_load_1"   --->   Operation 41 'read' 'buf_V_15_load_1_read' <Predicate = true> <Delay = 0.00>
ST_1 : Operation 42 [1/1] (0.00ns)   --->   "%buf_V_16_load_1_read = read i8 @_ssdm_op_Read.ap_auto.i8, i8 %buf_V_16_load_1"   --->   Operation 42 'read' 'buf_V_16_load_1_read' <Predicate = true> <Delay = 0.00>
ST_1 : Operation 43 [1/1] (0.00ns)   --->   "%buf_V_17_load_1_read = read i8 @_ssdm_op_Read.ap_auto.i8, i8 %buf_V_17_load_1"   --->   Operation 43 'read' 'buf_V_17_load_1_read' <Predicate = true> <Delay = 0.00>
ST_1 : Operation 44 [1/1] (0.00ns)   --->   "%buf_V_18_load_1_read = read i8 @_ssdm_op_Read.ap_auto.i8, i8 %buf_V_18_load_1"   --->   Operation 44 'read' 'buf_V_18_load_1_read' <Predicate = true> <Delay = 0.00>
ST_1 : Operation 45 [1/1] (0.00ns)   --->   "%buf_V_19_load_1_read = read i8 @_ssdm_op_Read.ap_auto.i8, i8 %buf_V_19_load_1"   --->   Operation 45 'read' 'buf_V_19_load_1_read' <Predicate = true> <Delay = 0.00>
ST_1 : Operation 46 [1/1] (0.00ns)   --->   "%zext_ln156_cast = zext i4 %zext_ln156_read"   --->   Operation 46 'zext' 'zext_ln156_cast' <Predicate = true> <Delay = 0.00>
ST_1 : Operation 47 [1/1] (0.00ns)   --->   "%specinterface_ln0 = specinterface void @_ssdm_op_SpecInterface, i160 %in0_V, void @empty, i32 0, i32 0, void @empty_0, i32 0, i32 0, void @empty_1, void @empty_1, void @empty_1, i32 0, i32 0, i32 0, i32 0, void @empty_1, void @empty_1, i32 4294967295, i32 0"   --->   Operation 47 'specinterface' 'specinterface_ln0' <Predicate = true> <Delay = 0.00>
ST_1 : Operation 48 [1/1] (0.42ns)   --->   "%store_ln0 = store i8 %buf_V_19_load_1_read, i8 %oldMax_V_19"   --->   Operation 48 'store' 'store_ln0' <Predicate = true> <Delay = 0.42>
ST_1 : Operation 49 [1/1] (0.42ns)   --->   "%store_ln0 = store i8 %buf_V_18_load_1_read, i8 %oldMax_V_18"   --->   Operation 49 'store' 'store_ln0' <Predicate = true> <Delay = 0.42>
ST_1 : Operation 50 [1/1] (0.42ns)   --->   "%store_ln0 = store i8 %buf_V_17_load_1_read, i8 %oldMax_V_17"   --->   Operation 50 'store' 'store_ln0' <Predicate = true> <Delay = 0.42>
ST_1 : Operation 51 [1/1] (0.42ns)   --->   "%store_ln0 = store i8 %buf_V_16_load_1_read, i8 %oldMax_V_16"   --->   Operation 51 'store' 'store_ln0' <Predicate = true> <Delay = 0.42>
ST_1 : Operation 52 [1/1] (0.42ns)   --->   "%store_ln0 = store i8 %buf_V_15_load_1_read, i8 %oldMax_V_15"   --->   Operation 52 'store' 'store_ln0' <Predicate = true> <Delay = 0.42>
ST_1 : Operation 53 [1/1] (0.42ns)   --->   "%store_ln0 = store i8 %buf_V_14_load_1_read, i8 %oldMax_V_14"   --->   Operation 53 'store' 'store_ln0' <Predicate = true> <Delay = 0.42>
ST_1 : Operation 54 [1/1] (0.42ns)   --->   "%store_ln0 = store i8 %buf_V_13_load_1_read, i8 %oldMax_V_13"   --->   Operation 54 'store' 'store_ln0' <Predicate = true> <Delay = 0.42>
ST_1 : Operation 55 [1/1] (0.42ns)   --->   "%store_ln0 = store i8 %buf_V_12_load_1_read, i8 %oldMax_V_12"   --->   Operation 55 'store' 'store_ln0' <Predicate = true> <Delay = 0.42>
ST_1 : Operation 56 [1/1] (0.42ns)   --->   "%store_ln0 = store i8 %buf_V_11_load_1_read, i8 %oldMax_V_11"   --->   Operation 56 'store' 'store_ln0' <Predicate = true> <Delay = 0.42>
ST_1 : Operation 57 [1/1] (0.42ns)   --->   "%store_ln0 = store i8 %buf_V_10_load_1_read, i8 %oldMax_V_10"   --->   Operation 57 'store' 'store_ln0' <Predicate = true> <Delay = 0.42>
ST_1 : Operation 58 [1/1] (0.42ns)   --->   "%store_ln0 = store i8 %buf_V_9_load_1_read, i8 %oldMax_V_9"   --->   Operation 58 'store' 'store_ln0' <Predicate = true> <Delay = 0.42>
ST_1 : Operation 59 [1/1] (0.42ns)   --->   "%store_ln0 = store i8 %buf_V_8_load_1_read, i8 %oldMax_V_8"   --->   Operation 59 'store' 'store_ln0' <Predicate = true> <Delay = 0.42>
ST_1 : Operation 60 [1/1] (0.42ns)   --->   "%store_ln0 = store i8 %buf_V_7_load_1_read, i8 %oldMax_V_7"   --->   Operation 60 'store' 'store_ln0' <Predicate = true> <Delay = 0.42>
ST_1 : Operation 61 [1/1] (0.42ns)   --->   "%store_ln0 = store i8 %buf_V_6_load_1_read, i8 %oldMax_V_6"   --->   Operation 61 'store' 'store_ln0' <Predicate = true> <Delay = 0.42>
ST_1 : Operation 62 [1/1] (0.42ns)   --->   "%store_ln0 = store i8 %buf_V_5_load_1_read, i8 %oldMax_V_5"   --->   Operation 62 'store' 'store_ln0' <Predicate = true> <Delay = 0.42>
ST_1 : Operation 63 [1/1] (0.42ns)   --->   "%store_ln0 = store i8 %buf_V_4_load_1_read, i8 %oldMax_V_4"   --->   Operation 63 'store' 'store_ln0' <Predicate = true> <Delay = 0.42>
ST_1 : Operation 64 [1/1] (0.42ns)   --->   "%store_ln0 = store i8 %buf_V_3_load_1_read, i8 %oldMax_V_3"   --->   Operation 64 'store' 'store_ln0' <Predicate = true> <Delay = 0.42>
ST_1 : Operation 65 [1/1] (0.42ns)   --->   "%store_ln0 = store i8 %buf_V_2_load_1_read, i8 %oldMax_V_2"   --->   Operation 65 'store' 'store_ln0' <Predicate = true> <Delay = 0.42>
ST_1 : Operation 66 [1/1] (0.42ns)   --->   "%store_ln0 = store i8 %buf_V_1_load_1_read, i8 %oldMax_V_1"   --->   Operation 66 'store' 'store_ln0' <Predicate = true> <Delay = 0.42>
ST_1 : Operation 67 [1/1] (0.42ns)   --->   "%store_ln0 = store i8 %buf_V_load_1_read, i8 %oldMax_V"   --->   Operation 67 'store' 'store_ln0' <Predicate = true> <Delay = 0.42>
ST_1 : Operation 68 [1/1] (0.42ns)   --->   "%store_ln0 = store i2 0, i2 %kx"   --->   Operation 68 'store' 'store_ln0' <Predicate = true> <Delay = 0.42>
ST_1 : Operation 69 [1/1] (0.00ns)   --->   "%br_ln0 = br void %for.body39"   --->   Operation 69 'br' 'br_ln0' <Predicate = true> <Delay = 0.00>
ST_1 : Operation 70 [1/1] (0.00ns)   --->   "%kx_1 = load i2 %kx" [/home/changhong/prj/finn/deps/finn-hlslib/maxpool.h:158]   --->   Operation 70 'load' 'kx_1' <Predicate = true> <Delay = 0.00>
ST_1 : Operation 71 [1/1] (0.00ns)   --->   "%buf_V_19_addr = getelementptr i8 %buf_V_19, i64 0, i64 %zext_ln156_cast"   --->   Operation 71 'getelementptr' 'buf_V_19_addr' <Predicate = true> <Delay = 0.00>
ST_1 : Operation 72 [1/1] (0.00ns)   --->   "%buf_V_18_addr = getelementptr i8 %buf_V_18, i64 0, i64 %zext_ln156_cast"   --->   Operation 72 'getelementptr' 'buf_V_18_addr' <Predicate = true> <Delay = 0.00>
ST_1 : Operation 73 [1/1] (0.00ns)   --->   "%buf_V_17_addr = getelementptr i8 %buf_V_17, i64 0, i64 %zext_ln156_cast"   --->   Operation 73 'getelementptr' 'buf_V_17_addr' <Predicate = true> <Delay = 0.00>
ST_1 : Operation 74 [1/1] (0.00ns)   --->   "%buf_V_16_addr = getelementptr i8 %buf_V_16, i64 0, i64 %zext_ln156_cast"   --->   Operation 74 'getelementptr' 'buf_V_16_addr' <Predicate = true> <Delay = 0.00>
ST_1 : Operation 75 [1/1] (0.00ns)   --->   "%buf_V_15_addr = getelementptr i8 %buf_V_15, i64 0, i64 %zext_ln156_cast"   --->   Operation 75 'getelementptr' 'buf_V_15_addr' <Predicate = true> <Delay = 0.00>
ST_1 : Operation 76 [1/1] (0.00ns)   --->   "%buf_V_14_addr = getelementptr i8 %buf_V_14, i64 0, i64 %zext_ln156_cast"   --->   Operation 76 'getelementptr' 'buf_V_14_addr' <Predicate = true> <Delay = 0.00>
ST_1 : Operation 77 [1/1] (0.00ns)   --->   "%buf_V_13_addr = getelementptr i8 %buf_V_13, i64 0, i64 %zext_ln156_cast"   --->   Operation 77 'getelementptr' 'buf_V_13_addr' <Predicate = true> <Delay = 0.00>
ST_1 : Operation 78 [1/1] (0.00ns)   --->   "%buf_V_12_addr = getelementptr i8 %buf_V_12, i64 0, i64 %zext_ln156_cast"   --->   Operation 78 'getelementptr' 'buf_V_12_addr' <Predicate = true> <Delay = 0.00>
ST_1 : Operation 79 [1/1] (0.00ns)   --->   "%buf_V_11_addr = getelementptr i8 %buf_V_11, i64 0, i64 %zext_ln156_cast"   --->   Operation 79 'getelementptr' 'buf_V_11_addr' <Predicate = true> <Delay = 0.00>
ST_1 : Operation 80 [1/1] (0.00ns)   --->   "%buf_V_10_addr = getelementptr i8 %buf_V_10, i64 0, i64 %zext_ln156_cast"   --->   Operation 80 'getelementptr' 'buf_V_10_addr' <Predicate = true> <Delay = 0.00>
ST_1 : Operation 81 [1/1] (0.00ns)   --->   "%buf_V_9_addr = getelementptr i8 %buf_V_9, i64 0, i64 %zext_ln156_cast"   --->   Operation 81 'getelementptr' 'buf_V_9_addr' <Predicate = true> <Delay = 0.00>
ST_1 : Operation 82 [1/1] (0.00ns)   --->   "%buf_V_8_addr = getelementptr i8 %buf_V_8, i64 0, i64 %zext_ln156_cast"   --->   Operation 82 'getelementptr' 'buf_V_8_addr' <Predicate = true> <Delay = 0.00>
ST_1 : Operation 83 [1/1] (0.00ns)   --->   "%buf_V_7_addr = getelementptr i8 %buf_V_7, i64 0, i64 %zext_ln156_cast"   --->   Operation 83 'getelementptr' 'buf_V_7_addr' <Predicate = true> <Delay = 0.00>
ST_1 : Operation 84 [1/1] (0.00ns)   --->   "%buf_V_6_addr = getelementptr i8 %buf_V_6, i64 0, i64 %zext_ln156_cast"   --->   Operation 84 'getelementptr' 'buf_V_6_addr' <Predicate = true> <Delay = 0.00>
ST_1 : Operation 85 [1/1] (0.00ns)   --->   "%buf_V_5_addr = getelementptr i8 %buf_V_5, i64 0, i64 %zext_ln156_cast"   --->   Operation 85 'getelementptr' 'buf_V_5_addr' <Predicate = true> <Delay = 0.00>
ST_1 : Operation 86 [1/1] (0.00ns)   --->   "%buf_V_4_addr = getelementptr i8 %buf_V_4, i64 0, i64 %zext_ln156_cast"   --->   Operation 86 'getelementptr' 'buf_V_4_addr' <Predicate = true> <Delay = 0.00>
ST_1 : Operation 87 [1/1] (0.00ns)   --->   "%buf_V_3_addr = getelementptr i8 %buf_V_3, i64 0, i64 %zext_ln156_cast"   --->   Operation 87 'getelementptr' 'buf_V_3_addr' <Predicate = true> <Delay = 0.00>
ST_1 : Operation 88 [1/1] (0.00ns)   --->   "%buf_V_2_addr = getelementptr i8 %buf_V_2, i64 0, i64 %zext_ln156_cast"   --->   Operation 88 'getelementptr' 'buf_V_2_addr' <Predicate = true> <Delay = 0.00>
ST_1 : Operation 89 [1/1] (0.00ns)   --->   "%buf_V_1_addr = getelementptr i8 %buf_V_1, i64 0, i64 %zext_ln156_cast"   --->   Operation 89 'getelementptr' 'buf_V_1_addr' <Predicate = true> <Delay = 0.00>
ST_1 : Operation 90 [1/1] (0.00ns)   --->   "%buf_V_addr = getelementptr i8 %buf_V, i64 0, i64 %zext_ln156_cast"   --->   Operation 90 'getelementptr' 'buf_V_addr' <Predicate = true> <Delay = 0.00>
ST_1 : Operation 91 [1/1] (0.44ns)   --->   "%icmp_ln158 = icmp_eq  i2 %kx_1, i2 2" [/home/changhong/prj/finn/deps/finn-hlslib/maxpool.h:158]   --->   Operation 91 'icmp' 'icmp_ln158' <Predicate = true> <Delay = 0.44> <CoreInst = "Cmp">   --->   Core 9 'Cmp' <Latency = 0> <II = 1> <Delay = 0.44> <FuncUnit> <Opcode : 'icmp'> <InPorts = 2> <OutPorts = 1>
ST_1 : Operation 92 [1/1] (0.00ns)   --->   "%empty = speclooptripcount i32 @_ssdm_op_SpecLoopTripCount, i64 2, i64 2, i64 2"   --->   Operation 92 'speclooptripcount' 'empty' <Predicate = true> <Delay = 0.00>
ST_1 : Operation 93 [1/1] (0.54ns)   --->   "%kx_2 = add i2 %kx_1, i2 1" [/home/changhong/prj/finn/deps/finn-hlslib/maxpool.h:158]   --->   Operation 93 'add' 'kx_2' <Predicate = true> <Delay = 0.54> <CoreInst = "Adder">   --->   Core 1 'Adder' <Latency = 0> <II = 1> <Delay = 0.54> <FuncUnit> <Opcode : 'add' 'sub'> <InPorts = 2> <OutPorts = 1>
ST_1 : Operation 94 [1/1] (0.00ns)   --->   "%br_ln158 = br i1 %icmp_ln158, void %for.body39.split, void %for.inc56.exitStub" [/home/changhong/prj/finn/deps/finn-hlslib/maxpool.h:158]   --->   Operation 94 'br' 'br_ln158' <Predicate = true> <Delay = 0.00>
ST_1 : Operation 95 [1/1] (0.00ns)   --->   "%oldMax_V_load = load i8 %oldMax_V" [/home/changhong/prj/finn/deps/finn-hlslib/maxpool.h:167]   --->   Operation 95 'load' 'oldMax_V_load' <Predicate = (!icmp_ln158)> <Delay = 0.00>
ST_1 : Operation 96 [1/1] (0.00ns)   --->   "%oldMax_V_1_load = load i8 %oldMax_V_1" [/home/changhong/prj/finn/deps/finn-hlslib/maxpool.h:167]   --->   Operation 96 'load' 'oldMax_V_1_load' <Predicate = (!icmp_ln158)> <Delay = 0.00>
ST_1 : Operation 97 [1/1] (0.00ns)   --->   "%oldMax_V_2_load = load i8 %oldMax_V_2" [/home/changhong/prj/finn/deps/finn-hlslib/maxpool.h:167]   --->   Operation 97 'load' 'oldMax_V_2_load' <Predicate = (!icmp_ln158)> <Delay = 0.00>
ST_1 : Operation 98 [1/1] (0.00ns)   --->   "%oldMax_V_3_load = load i8 %oldMax_V_3" [/home/changhong/prj/finn/deps/finn-hlslib/maxpool.h:167]   --->   Operation 98 'load' 'oldMax_V_3_load' <Predicate = (!icmp_ln158)> <Delay = 0.00>
ST_1 : Operation 99 [1/1] (0.00ns)   --->   "%oldMax_V_4_load = load i8 %oldMax_V_4" [/home/changhong/prj/finn/deps/finn-hlslib/maxpool.h:167]   --->   Operation 99 'load' 'oldMax_V_4_load' <Predicate = (!icmp_ln158)> <Delay = 0.00>
ST_1 : Operation 100 [1/1] (0.00ns)   --->   "%oldMax_V_5_load = load i8 %oldMax_V_5" [/home/changhong/prj/finn/deps/finn-hlslib/maxpool.h:167]   --->   Operation 100 'load' 'oldMax_V_5_load' <Predicate = (!icmp_ln158)> <Delay = 0.00>
ST_1 : Operation 101 [1/1] (0.00ns)   --->   "%oldMax_V_6_load = load i8 %oldMax_V_6" [/home/changhong/prj/finn/deps/finn-hlslib/maxpool.h:167]   --->   Operation 101 'load' 'oldMax_V_6_load' <Predicate = (!icmp_ln158)> <Delay = 0.00>
ST_1 : Operation 102 [1/1] (0.00ns)   --->   "%oldMax_V_7_load = load i8 %oldMax_V_7" [/home/changhong/prj/finn/deps/finn-hlslib/maxpool.h:167]   --->   Operation 102 'load' 'oldMax_V_7_load' <Predicate = (!icmp_ln158)> <Delay = 0.00>
ST_1 : Operation 103 [1/1] (0.00ns)   --->   "%oldMax_V_8_load = load i8 %oldMax_V_8" [/home/changhong/prj/finn/deps/finn-hlslib/maxpool.h:167]   --->   Operation 103 'load' 'oldMax_V_8_load' <Predicate = (!icmp_ln158)> <Delay = 0.00>
ST_1 : Operation 104 [1/1] (0.00ns)   --->   "%oldMax_V_9_load = load i8 %oldMax_V_9" [/home/changhong/prj/finn/deps/finn-hlslib/maxpool.h:167]   --->   Operation 104 'load' 'oldMax_V_9_load' <Predicate = (!icmp_ln158)> <Delay = 0.00>
ST_1 : Operation 105 [1/1] (0.00ns)   --->   "%oldMax_V_10_load = load i8 %oldMax_V_10" [/home/changhong/prj/finn/deps/finn-hlslib/maxpool.h:167]   --->   Operation 105 'load' 'oldMax_V_10_load' <Predicate = (!icmp_ln158)> <Delay = 0.00>
ST_1 : Operation 106 [1/1] (0.00ns)   --->   "%oldMax_V_11_load = load i8 %oldMax_V_11" [/home/changhong/prj/finn/deps/finn-hlslib/maxpool.h:167]   --->   Operation 106 'load' 'oldMax_V_11_load' <Predicate = (!icmp_ln158)> <Delay = 0.00>
ST_1 : Operation 107 [1/1] (0.00ns)   --->   "%oldMax_V_12_load = load i8 %oldMax_V_12" [/home/changhong/prj/finn/deps/finn-hlslib/maxpool.h:167]   --->   Operation 107 'load' 'oldMax_V_12_load' <Predicate = (!icmp_ln158)> <Delay = 0.00>
ST_1 : Operation 108 [1/1] (0.00ns)   --->   "%oldMax_V_13_load = load i8 %oldMax_V_13" [/home/changhong/prj/finn/deps/finn-hlslib/maxpool.h:167]   --->   Operation 108 'load' 'oldMax_V_13_load' <Predicate = (!icmp_ln158)> <Delay = 0.00>
ST_1 : Operation 109 [1/1] (0.00ns)   --->   "%oldMax_V_14_load = load i8 %oldMax_V_14" [/home/changhong/prj/finn/deps/finn-hlslib/maxpool.h:167]   --->   Operation 109 'load' 'oldMax_V_14_load' <Predicate = (!icmp_ln158)> <Delay = 0.00>
ST_1 : Operation 110 [1/1] (0.00ns)   --->   "%oldMax_V_15_load = load i8 %oldMax_V_15" [/home/changhong/prj/finn/deps/finn-hlslib/maxpool.h:167]   --->   Operation 110 'load' 'oldMax_V_15_load' <Predicate = (!icmp_ln158)> <Delay = 0.00>
ST_1 : Operation 111 [1/1] (0.00ns)   --->   "%oldMax_V_16_load = load i8 %oldMax_V_16" [/home/changhong/prj/finn/deps/finn-hlslib/maxpool.h:167]   --->   Operation 111 'load' 'oldMax_V_16_load' <Predicate = (!icmp_ln158)> <Delay = 0.00>
ST_1 : Operation 112 [1/1] (0.00ns)   --->   "%oldMax_V_17_load = load i8 %oldMax_V_17" [/home/changhong/prj/finn/deps/finn-hlslib/maxpool.h:167]   --->   Operation 112 'load' 'oldMax_V_17_load' <Predicate = (!icmp_ln158)> <Delay = 0.00>
ST_1 : Operation 113 [1/1] (0.00ns)   --->   "%oldMax_V_18_load = load i8 %oldMax_V_18" [/home/changhong/prj/finn/deps/finn-hlslib/maxpool.h:167]   --->   Operation 113 'load' 'oldMax_V_18_load' <Predicate = (!icmp_ln158)> <Delay = 0.00>
ST_1 : Operation 114 [1/1] (0.00ns)   --->   "%oldMax_V_19_load = load i8 %oldMax_V_19" [/home/changhong/prj/finn/deps/finn-hlslib/maxpool.h:167]   --->   Operation 114 'load' 'oldMax_V_19_load' <Predicate = (!icmp_ln158)> <Delay = 0.00>
ST_1 : Operation 115 [1/1] (0.00ns)   --->   "%specpipeline_ln159 = specpipeline void @_ssdm_op_SpecPipeline, i32 1, i32 2, i32 0, i32 0, void @empty_1" [/home/changhong/prj/finn/deps/finn-hlslib/maxpool.h:159]   --->   Operation 115 'specpipeline' 'specpipeline_ln159' <Predicate = (!icmp_ln158)> <Delay = 0.00>
ST_1 : Operation 116 [1/1] (0.00ns)   --->   "%specloopname_ln158 = specloopname void @_ssdm_op_SpecLoopName, void @empty_4" [/home/changhong/prj/finn/deps/finn-hlslib/maxpool.h:158]   --->   Operation 116 'specloopname' 'specloopname_ln158' <Predicate = (!icmp_ln158)> <Delay = 0.00>
ST_1 : Operation 117 [1/1] (0.00ns)   --->   "%inputData_V = read i160 @_ssdm_op_Read.axis.volatile.i160P128A, i160 %in0_V" [/home/changhong/prj/finn/deps/finn-hlslib/maxpool.h:160]   --->   Operation 117 'read' 'inputData_V' <Predicate = (!icmp_ln158)> <Delay = 0.00> <CoreInst = "axis">   --->   Core 123 'axis' <Latency = 0> <II = 1> <Delay = 1.00> <Adapter> <Opcode : >
ST_1 : Operation 118 [1/1] (0.00ns)   --->   "%channeldata_V = trunc i160 %inputData_V"   --->   Operation 118 'trunc' 'channeldata_V' <Predicate = (!icmp_ln158)> <Delay = 0.00>
ST_1 : Operation 119 [1/1] (0.84ns)   --->   "%icmp_ln1035 = icmp_ugt  i8 %channeldata_V, i8 %oldMax_V_load"   --->   Operation 119 'icmp' 'icmp_ln1035' <Predicate = (!icmp_ln158)> <Delay = 0.84> <CoreInst = "Cmp">   --->   Core 9 'Cmp' <Latency = 0> <II = 1> <Delay = 0.84> <FuncUnit> <Opcode : 'icmp'> <InPorts = 2> <OutPorts = 1>
ST_1 : Operation 120 [1/1] (0.39ns)   --->   "%select_ln167 = select i1 %icmp_ln1035, i8 %channeldata_V, i8 %oldMax_V_load" [/home/changhong/prj/finn/deps/finn-hlslib/maxpool.h:167]   --->   Operation 120 'select' 'select_ln167' <Predicate = (!icmp_ln158)> <Delay = 0.39> <CoreInst = "Sel">   --->   Core 73 'Sel' <Latency = 0> <II = 1> <Delay = 0.39> <FuncUnit> <Opcode : 'select'> <InPorts = 3> <OutPorts = 1>
ST_1 : Operation 121 [1/1] (0.00ns)   --->   "%channeldata_V_1 = partselect i8 @_ssdm_op_PartSelect.i8.i160.i32.i32, i160 %inputData_V, i32 8, i32 15"   --->   Operation 121 'partselect' 'channeldata_V_1' <Predicate = (!icmp_ln158)> <Delay = 0.00>
ST_1 : Operation 122 [1/1] (0.84ns)   --->   "%icmp_ln1035_1 = icmp_ugt  i8 %channeldata_V_1, i8 %oldMax_V_1_load"   --->   Operation 122 'icmp' 'icmp_ln1035_1' <Predicate = (!icmp_ln158)> <Delay = 0.84> <CoreInst = "Cmp">   --->   Core 9 'Cmp' <Latency = 0> <II = 1> <Delay = 0.84> <FuncUnit> <Opcode : 'icmp'> <InPorts = 2> <OutPorts = 1>
ST_1 : Operation 123 [1/1] (0.39ns)   --->   "%select_ln167_1 = select i1 %icmp_ln1035_1, i8 %channeldata_V_1, i8 %oldMax_V_1_load" [/home/changhong/prj/finn/deps/finn-hlslib/maxpool.h:167]   --->   Operation 123 'select' 'select_ln167_1' <Predicate = (!icmp_ln158)> <Delay = 0.39> <CoreInst = "Sel">   --->   Core 73 'Sel' <Latency = 0> <II = 1> <Delay = 0.39> <FuncUnit> <Opcode : 'select'> <InPorts = 3> <OutPorts = 1>
ST_1 : Operation 124 [1/1] (0.00ns)   --->   "%channeldata_V_2 = partselect i8 @_ssdm_op_PartSelect.i8.i160.i32.i32, i160 %inputData_V, i32 16, i32 23"   --->   Operation 124 'partselect' 'channeldata_V_2' <Predicate = (!icmp_ln158)> <Delay = 0.00>
ST_1 : Operation 125 [1/1] (0.84ns)   --->   "%icmp_ln1035_2 = icmp_ugt  i8 %channeldata_V_2, i8 %oldMax_V_2_load"   --->   Operation 125 'icmp' 'icmp_ln1035_2' <Predicate = (!icmp_ln158)> <Delay = 0.84> <CoreInst = "Cmp">   --->   Core 9 'Cmp' <Latency = 0> <II = 1> <Delay = 0.84> <FuncUnit> <Opcode : 'icmp'> <InPorts = 2> <OutPorts = 1>
ST_1 : Operation 126 [1/1] (0.39ns)   --->   "%select_ln167_2 = select i1 %icmp_ln1035_2, i8 %channeldata_V_2, i8 %oldMax_V_2_load" [/home/changhong/prj/finn/deps/finn-hlslib/maxpool.h:167]   --->   Operation 126 'select' 'select_ln167_2' <Predicate = (!icmp_ln158)> <Delay = 0.39> <CoreInst = "Sel">   --->   Core 73 'Sel' <Latency = 0> <II = 1> <Delay = 0.39> <FuncUnit> <Opcode : 'select'> <InPorts = 3> <OutPorts = 1>
ST_1 : Operation 127 [1/1] (0.00ns)   --->   "%channeldata_V_3 = partselect i8 @_ssdm_op_PartSelect.i8.i160.i32.i32, i160 %inputData_V, i32 24, i32 31"   --->   Operation 127 'partselect' 'channeldata_V_3' <Predicate = (!icmp_ln158)> <Delay = 0.00>
ST_1 : Operation 128 [1/1] (0.84ns)   --->   "%icmp_ln1035_3 = icmp_ugt  i8 %channeldata_V_3, i8 %oldMax_V_3_load"   --->   Operation 128 'icmp' 'icmp_ln1035_3' <Predicate = (!icmp_ln158)> <Delay = 0.84> <CoreInst = "Cmp">   --->   Core 9 'Cmp' <Latency = 0> <II = 1> <Delay = 0.84> <FuncUnit> <Opcode : 'icmp'> <InPorts = 2> <OutPorts = 1>
ST_1 : Operation 129 [1/1] (0.39ns)   --->   "%select_ln167_3 = select i1 %icmp_ln1035_3, i8 %channeldata_V_3, i8 %oldMax_V_3_load" [/home/changhong/prj/finn/deps/finn-hlslib/maxpool.h:167]   --->   Operation 129 'select' 'select_ln167_3' <Predicate = (!icmp_ln158)> <Delay = 0.39> <CoreInst = "Sel">   --->   Core 73 'Sel' <Latency = 0> <II = 1> <Delay = 0.39> <FuncUnit> <Opcode : 'select'> <InPorts = 3> <OutPorts = 1>
ST_1 : Operation 130 [1/1] (0.00ns)   --->   "%channeldata_V_4 = partselect i8 @_ssdm_op_PartSelect.i8.i160.i32.i32, i160 %inputData_V, i32 32, i32 39"   --->   Operation 130 'partselect' 'channeldata_V_4' <Predicate = (!icmp_ln158)> <Delay = 0.00>
ST_1 : Operation 131 [1/1] (0.84ns)   --->   "%icmp_ln1035_4 = icmp_ugt  i8 %channeldata_V_4, i8 %oldMax_V_4_load"   --->   Operation 131 'icmp' 'icmp_ln1035_4' <Predicate = (!icmp_ln158)> <Delay = 0.84> <CoreInst = "Cmp">   --->   Core 9 'Cmp' <Latency = 0> <II = 1> <Delay = 0.84> <FuncUnit> <Opcode : 'icmp'> <InPorts = 2> <OutPorts = 1>
ST_1 : Operation 132 [1/1] (0.39ns)   --->   "%select_ln167_4 = select i1 %icmp_ln1035_4, i8 %channeldata_V_4, i8 %oldMax_V_4_load" [/home/changhong/prj/finn/deps/finn-hlslib/maxpool.h:167]   --->   Operation 132 'select' 'select_ln167_4' <Predicate = (!icmp_ln158)> <Delay = 0.39> <CoreInst = "Sel">   --->   Core 73 'Sel' <Latency = 0> <II = 1> <Delay = 0.39> <FuncUnit> <Opcode : 'select'> <InPorts = 3> <OutPorts = 1>
ST_1 : Operation 133 [1/1] (0.00ns)   --->   "%channeldata_V_5 = partselect i8 @_ssdm_op_PartSelect.i8.i160.i32.i32, i160 %inputData_V, i32 40, i32 47"   --->   Operation 133 'partselect' 'channeldata_V_5' <Predicate = (!icmp_ln158)> <Delay = 0.00>
ST_1 : Operation 134 [1/1] (0.84ns)   --->   "%icmp_ln1035_5 = icmp_ugt  i8 %channeldata_V_5, i8 %oldMax_V_5_load"   --->   Operation 134 'icmp' 'icmp_ln1035_5' <Predicate = (!icmp_ln158)> <Delay = 0.84> <CoreInst = "Cmp">   --->   Core 9 'Cmp' <Latency = 0> <II = 1> <Delay = 0.84> <FuncUnit> <Opcode : 'icmp'> <InPorts = 2> <OutPorts = 1>
ST_1 : Operation 135 [1/1] (0.39ns)   --->   "%select_ln167_5 = select i1 %icmp_ln1035_5, i8 %channeldata_V_5, i8 %oldMax_V_5_load" [/home/changhong/prj/finn/deps/finn-hlslib/maxpool.h:167]   --->   Operation 135 'select' 'select_ln167_5' <Predicate = (!icmp_ln158)> <Delay = 0.39> <CoreInst = "Sel">   --->   Core 73 'Sel' <Latency = 0> <II = 1> <Delay = 0.39> <FuncUnit> <Opcode : 'select'> <InPorts = 3> <OutPorts = 1>
ST_1 : Operation 136 [1/1] (0.00ns)   --->   "%channeldata_V_6 = partselect i8 @_ssdm_op_PartSelect.i8.i160.i32.i32, i160 %inputData_V, i32 48, i32 55"   --->   Operation 136 'partselect' 'channeldata_V_6' <Predicate = (!icmp_ln158)> <Delay = 0.00>
ST_1 : Operation 137 [1/1] (0.84ns)   --->   "%icmp_ln1035_6 = icmp_ugt  i8 %channeldata_V_6, i8 %oldMax_V_6_load"   --->   Operation 137 'icmp' 'icmp_ln1035_6' <Predicate = (!icmp_ln158)> <Delay = 0.84> <CoreInst = "Cmp">   --->   Core 9 'Cmp' <Latency = 0> <II = 1> <Delay = 0.84> <FuncUnit> <Opcode : 'icmp'> <InPorts = 2> <OutPorts = 1>
ST_1 : Operation 138 [1/1] (0.39ns)   --->   "%select_ln167_6 = select i1 %icmp_ln1035_6, i8 %channeldata_V_6, i8 %oldMax_V_6_load" [/home/changhong/prj/finn/deps/finn-hlslib/maxpool.h:167]   --->   Operation 138 'select' 'select_ln167_6' <Predicate = (!icmp_ln158)> <Delay = 0.39> <CoreInst = "Sel">   --->   Core 73 'Sel' <Latency = 0> <II = 1> <Delay = 0.39> <FuncUnit> <Opcode : 'select'> <InPorts = 3> <OutPorts = 1>
ST_1 : Operation 139 [1/1] (0.00ns)   --->   "%channeldata_V_7 = partselect i8 @_ssdm_op_PartSelect.i8.i160.i32.i32, i160 %inputData_V, i32 56, i32 63"   --->   Operation 139 'partselect' 'channeldata_V_7' <Predicate = (!icmp_ln158)> <Delay = 0.00>
ST_1 : Operation 140 [1/1] (0.84ns)   --->   "%icmp_ln1035_7 = icmp_ugt  i8 %channeldata_V_7, i8 %oldMax_V_7_load"   --->   Operation 140 'icmp' 'icmp_ln1035_7' <Predicate = (!icmp_ln158)> <Delay = 0.84> <CoreInst = "Cmp">   --->   Core 9 'Cmp' <Latency = 0> <II = 1> <Delay = 0.84> <FuncUnit> <Opcode : 'icmp'> <InPorts = 2> <OutPorts = 1>
ST_1 : Operation 141 [1/1] (0.39ns)   --->   "%select_ln167_7 = select i1 %icmp_ln1035_7, i8 %channeldata_V_7, i8 %oldMax_V_7_load" [/home/changhong/prj/finn/deps/finn-hlslib/maxpool.h:167]   --->   Operation 141 'select' 'select_ln167_7' <Predicate = (!icmp_ln158)> <Delay = 0.39> <CoreInst = "Sel">   --->   Core 73 'Sel' <Latency = 0> <II = 1> <Delay = 0.39> <FuncUnit> <Opcode : 'select'> <InPorts = 3> <OutPorts = 1>
ST_1 : Operation 142 [1/1] (0.00ns)   --->   "%channeldata_V_8 = partselect i8 @_ssdm_op_PartSelect.i8.i160.i32.i32, i160 %inputData_V, i32 64, i32 71"   --->   Operation 142 'partselect' 'channeldata_V_8' <Predicate = (!icmp_ln158)> <Delay = 0.00>
ST_1 : Operation 143 [1/1] (0.84ns)   --->   "%icmp_ln1035_8 = icmp_ugt  i8 %channeldata_V_8, i8 %oldMax_V_8_load"   --->   Operation 143 'icmp' 'icmp_ln1035_8' <Predicate = (!icmp_ln158)> <Delay = 0.84> <CoreInst = "Cmp">   --->   Core 9 'Cmp' <Latency = 0> <II = 1> <Delay = 0.84> <FuncUnit> <Opcode : 'icmp'> <InPorts = 2> <OutPorts = 1>
ST_1 : Operation 144 [1/1] (0.39ns)   --->   "%select_ln167_8 = select i1 %icmp_ln1035_8, i8 %channeldata_V_8, i8 %oldMax_V_8_load" [/home/changhong/prj/finn/deps/finn-hlslib/maxpool.h:167]   --->   Operation 144 'select' 'select_ln167_8' <Predicate = (!icmp_ln158)> <Delay = 0.39> <CoreInst = "Sel">   --->   Core 73 'Sel' <Latency = 0> <II = 1> <Delay = 0.39> <FuncUnit> <Opcode : 'select'> <InPorts = 3> <OutPorts = 1>
ST_1 : Operation 145 [1/1] (0.00ns)   --->   "%channeldata_V_9 = partselect i8 @_ssdm_op_PartSelect.i8.i160.i32.i32, i160 %inputData_V, i32 72, i32 79"   --->   Operation 145 'partselect' 'channeldata_V_9' <Predicate = (!icmp_ln158)> <Delay = 0.00>
ST_1 : Operation 146 [1/1] (0.84ns)   --->   "%icmp_ln1035_9 = icmp_ugt  i8 %channeldata_V_9, i8 %oldMax_V_9_load"   --->   Operation 146 'icmp' 'icmp_ln1035_9' <Predicate = (!icmp_ln158)> <Delay = 0.84> <CoreInst = "Cmp">   --->   Core 9 'Cmp' <Latency = 0> <II = 1> <Delay = 0.84> <FuncUnit> <Opcode : 'icmp'> <InPorts = 2> <OutPorts = 1>
ST_1 : Operation 147 [1/1] (0.39ns)   --->   "%select_ln167_9 = select i1 %icmp_ln1035_9, i8 %channeldata_V_9, i8 %oldMax_V_9_load" [/home/changhong/prj/finn/deps/finn-hlslib/maxpool.h:167]   --->   Operation 147 'select' 'select_ln167_9' <Predicate = (!icmp_ln158)> <Delay = 0.39> <CoreInst = "Sel">   --->   Core 73 'Sel' <Latency = 0> <II = 1> <Delay = 0.39> <FuncUnit> <Opcode : 'select'> <InPorts = 3> <OutPorts = 1>
ST_1 : Operation 148 [1/1] (0.00ns)   --->   "%channeldata_V_10 = partselect i8 @_ssdm_op_PartSelect.i8.i160.i32.i32, i160 %inputData_V, i32 80, i32 87"   --->   Operation 148 'partselect' 'channeldata_V_10' <Predicate = (!icmp_ln158)> <Delay = 0.00>
ST_1 : Operation 149 [1/1] (0.84ns)   --->   "%icmp_ln1035_10 = icmp_ugt  i8 %channeldata_V_10, i8 %oldMax_V_10_load"   --->   Operation 149 'icmp' 'icmp_ln1035_10' <Predicate = (!icmp_ln158)> <Delay = 0.84> <CoreInst = "Cmp">   --->   Core 9 'Cmp' <Latency = 0> <II = 1> <Delay = 0.84> <FuncUnit> <Opcode : 'icmp'> <InPorts = 2> <OutPorts = 1>
ST_1 : Operation 150 [1/1] (0.39ns)   --->   "%select_ln167_10 = select i1 %icmp_ln1035_10, i8 %channeldata_V_10, i8 %oldMax_V_10_load" [/home/changhong/prj/finn/deps/finn-hlslib/maxpool.h:167]   --->   Operation 150 'select' 'select_ln167_10' <Predicate = (!icmp_ln158)> <Delay = 0.39> <CoreInst = "Sel">   --->   Core 73 'Sel' <Latency = 0> <II = 1> <Delay = 0.39> <FuncUnit> <Opcode : 'select'> <InPorts = 3> <OutPorts = 1>
ST_1 : Operation 151 [1/1] (0.00ns)   --->   "%channeldata_V_11 = partselect i8 @_ssdm_op_PartSelect.i8.i160.i32.i32, i160 %inputData_V, i32 88, i32 95"   --->   Operation 151 'partselect' 'channeldata_V_11' <Predicate = (!icmp_ln158)> <Delay = 0.00>
ST_1 : Operation 152 [1/1] (0.84ns)   --->   "%icmp_ln1035_11 = icmp_ugt  i8 %channeldata_V_11, i8 %oldMax_V_11_load"   --->   Operation 152 'icmp' 'icmp_ln1035_11' <Predicate = (!icmp_ln158)> <Delay = 0.84> <CoreInst = "Cmp">   --->   Core 9 'Cmp' <Latency = 0> <II = 1> <Delay = 0.84> <FuncUnit> <Opcode : 'icmp'> <InPorts = 2> <OutPorts = 1>
ST_1 : Operation 153 [1/1] (0.39ns)   --->   "%select_ln167_11 = select i1 %icmp_ln1035_11, i8 %channeldata_V_11, i8 %oldMax_V_11_load" [/home/changhong/prj/finn/deps/finn-hlslib/maxpool.h:167]   --->   Operation 153 'select' 'select_ln167_11' <Predicate = (!icmp_ln158)> <Delay = 0.39> <CoreInst = "Sel">   --->   Core 73 'Sel' <Latency = 0> <II = 1> <Delay = 0.39> <FuncUnit> <Opcode : 'select'> <InPorts = 3> <OutPorts = 1>
ST_1 : Operation 154 [1/1] (0.00ns)   --->   "%channeldata_V_12 = partselect i8 @_ssdm_op_PartSelect.i8.i160.i32.i32, i160 %inputData_V, i32 96, i32 103"   --->   Operation 154 'partselect' 'channeldata_V_12' <Predicate = (!icmp_ln158)> <Delay = 0.00>
ST_1 : Operation 155 [1/1] (0.84ns)   --->   "%icmp_ln1035_12 = icmp_ugt  i8 %channeldata_V_12, i8 %oldMax_V_12_load"   --->   Operation 155 'icmp' 'icmp_ln1035_12' <Predicate = (!icmp_ln158)> <Delay = 0.84> <CoreInst = "Cmp">   --->   Core 9 'Cmp' <Latency = 0> <II = 1> <Delay = 0.84> <FuncUnit> <Opcode : 'icmp'> <InPorts = 2> <OutPorts = 1>
ST_1 : Operation 156 [1/1] (0.39ns)   --->   "%select_ln167_12 = select i1 %icmp_ln1035_12, i8 %channeldata_V_12, i8 %oldMax_V_12_load" [/home/changhong/prj/finn/deps/finn-hlslib/maxpool.h:167]   --->   Operation 156 'select' 'select_ln167_12' <Predicate = (!icmp_ln158)> <Delay = 0.39> <CoreInst = "Sel">   --->   Core 73 'Sel' <Latency = 0> <II = 1> <Delay = 0.39> <FuncUnit> <Opcode : 'select'> <InPorts = 3> <OutPorts = 1>
ST_1 : Operation 157 [1/1] (0.00ns)   --->   "%channeldata_V_13 = partselect i8 @_ssdm_op_PartSelect.i8.i160.i32.i32, i160 %inputData_V, i32 104, i32 111"   --->   Operation 157 'partselect' 'channeldata_V_13' <Predicate = (!icmp_ln158)> <Delay = 0.00>
ST_1 : Operation 158 [1/1] (0.84ns)   --->   "%icmp_ln1035_13 = icmp_ugt  i8 %channeldata_V_13, i8 %oldMax_V_13_load"   --->   Operation 158 'icmp' 'icmp_ln1035_13' <Predicate = (!icmp_ln158)> <Delay = 0.84> <CoreInst = "Cmp">   --->   Core 9 'Cmp' <Latency = 0> <II = 1> <Delay = 0.84> <FuncUnit> <Opcode : 'icmp'> <InPorts = 2> <OutPorts = 1>
ST_1 : Operation 159 [1/1] (0.39ns)   --->   "%select_ln167_13 = select i1 %icmp_ln1035_13, i8 %channeldata_V_13, i8 %oldMax_V_13_load" [/home/changhong/prj/finn/deps/finn-hlslib/maxpool.h:167]   --->   Operation 159 'select' 'select_ln167_13' <Predicate = (!icmp_ln158)> <Delay = 0.39> <CoreInst = "Sel">   --->   Core 73 'Sel' <Latency = 0> <II = 1> <Delay = 0.39> <FuncUnit> <Opcode : 'select'> <InPorts = 3> <OutPorts = 1>
ST_1 : Operation 160 [1/1] (0.00ns)   --->   "%channeldata_V_14 = partselect i8 @_ssdm_op_PartSelect.i8.i160.i32.i32, i160 %inputData_V, i32 112, i32 119"   --->   Operation 160 'partselect' 'channeldata_V_14' <Predicate = (!icmp_ln158)> <Delay = 0.00>
ST_1 : Operation 161 [1/1] (0.84ns)   --->   "%icmp_ln1035_14 = icmp_ugt  i8 %channeldata_V_14, i8 %oldMax_V_14_load"   --->   Operation 161 'icmp' 'icmp_ln1035_14' <Predicate = (!icmp_ln158)> <Delay = 0.84> <CoreInst = "Cmp">   --->   Core 9 'Cmp' <Latency = 0> <II = 1> <Delay = 0.84> <FuncUnit> <Opcode : 'icmp'> <InPorts = 2> <OutPorts = 1>
ST_1 : Operation 162 [1/1] (0.39ns)   --->   "%select_ln167_14 = select i1 %icmp_ln1035_14, i8 %channeldata_V_14, i8 %oldMax_V_14_load" [/home/changhong/prj/finn/deps/finn-hlslib/maxpool.h:167]   --->   Operation 162 'select' 'select_ln167_14' <Predicate = (!icmp_ln158)> <Delay = 0.39> <CoreInst = "Sel">   --->   Core 73 'Sel' <Latency = 0> <II = 1> <Delay = 0.39> <FuncUnit> <Opcode : 'select'> <InPorts = 3> <OutPorts = 1>
ST_1 : Operation 163 [1/1] (0.00ns)   --->   "%channeldata_V_15 = partselect i8 @_ssdm_op_PartSelect.i8.i160.i32.i32, i160 %inputData_V, i32 120, i32 127"   --->   Operation 163 'partselect' 'channeldata_V_15' <Predicate = (!icmp_ln158)> <Delay = 0.00>
ST_1 : Operation 164 [1/1] (0.84ns)   --->   "%icmp_ln1035_15 = icmp_ugt  i8 %channeldata_V_15, i8 %oldMax_V_15_load"   --->   Operation 164 'icmp' 'icmp_ln1035_15' <Predicate = (!icmp_ln158)> <Delay = 0.84> <CoreInst = "Cmp">   --->   Core 9 'Cmp' <Latency = 0> <II = 1> <Delay = 0.84> <FuncUnit> <Opcode : 'icmp'> <InPorts = 2> <OutPorts = 1>
ST_1 : Operation 165 [1/1] (0.39ns)   --->   "%select_ln167_15 = select i1 %icmp_ln1035_15, i8 %channeldata_V_15, i8 %oldMax_V_15_load" [/home/changhong/prj/finn/deps/finn-hlslib/maxpool.h:167]   --->   Operation 165 'select' 'select_ln167_15' <Predicate = (!icmp_ln158)> <Delay = 0.39> <CoreInst = "Sel">   --->   Core 73 'Sel' <Latency = 0> <II = 1> <Delay = 0.39> <FuncUnit> <Opcode : 'select'> <InPorts = 3> <OutPorts = 1>
ST_1 : Operation 166 [1/1] (0.00ns)   --->   "%channeldata_V_16 = partselect i8 @_ssdm_op_PartSelect.i8.i160.i32.i32, i160 %inputData_V, i32 128, i32 135"   --->   Operation 166 'partselect' 'channeldata_V_16' <Predicate = (!icmp_ln158)> <Delay = 0.00>
ST_1 : Operation 167 [1/1] (0.84ns)   --->   "%icmp_ln1035_16 = icmp_ugt  i8 %channeldata_V_16, i8 %oldMax_V_16_load"   --->   Operation 167 'icmp' 'icmp_ln1035_16' <Predicate = (!icmp_ln158)> <Delay = 0.84> <CoreInst = "Cmp">   --->   Core 9 'Cmp' <Latency = 0> <II = 1> <Delay = 0.84> <FuncUnit> <Opcode : 'icmp'> <InPorts = 2> <OutPorts = 1>
ST_1 : Operation 168 [1/1] (0.39ns)   --->   "%select_ln167_16 = select i1 %icmp_ln1035_16, i8 %channeldata_V_16, i8 %oldMax_V_16_load" [/home/changhong/prj/finn/deps/finn-hlslib/maxpool.h:167]   --->   Operation 168 'select' 'select_ln167_16' <Predicate = (!icmp_ln158)> <Delay = 0.39> <CoreInst = "Sel">   --->   Core 73 'Sel' <Latency = 0> <II = 1> <Delay = 0.39> <FuncUnit> <Opcode : 'select'> <InPorts = 3> <OutPorts = 1>
ST_1 : Operation 169 [1/1] (0.00ns)   --->   "%channeldata_V_17 = partselect i8 @_ssdm_op_PartSelect.i8.i160.i32.i32, i160 %inputData_V, i32 136, i32 143"   --->   Operation 169 'partselect' 'channeldata_V_17' <Predicate = (!icmp_ln158)> <Delay = 0.00>
ST_1 : Operation 170 [1/1] (0.84ns)   --->   "%icmp_ln1035_17 = icmp_ugt  i8 %channeldata_V_17, i8 %oldMax_V_17_load"   --->   Operation 170 'icmp' 'icmp_ln1035_17' <Predicate = (!icmp_ln158)> <Delay = 0.84> <CoreInst = "Cmp">   --->   Core 9 'Cmp' <Latency = 0> <II = 1> <Delay = 0.84> <FuncUnit> <Opcode : 'icmp'> <InPorts = 2> <OutPorts = 1>
ST_1 : Operation 171 [1/1] (0.39ns)   --->   "%select_ln167_17 = select i1 %icmp_ln1035_17, i8 %channeldata_V_17, i8 %oldMax_V_17_load" [/home/changhong/prj/finn/deps/finn-hlslib/maxpool.h:167]   --->   Operation 171 'select' 'select_ln167_17' <Predicate = (!icmp_ln158)> <Delay = 0.39> <CoreInst = "Sel">   --->   Core 73 'Sel' <Latency = 0> <II = 1> <Delay = 0.39> <FuncUnit> <Opcode : 'select'> <InPorts = 3> <OutPorts = 1>
ST_1 : Operation 172 [1/1] (0.00ns)   --->   "%channeldata_V_18 = partselect i8 @_ssdm_op_PartSelect.i8.i160.i32.i32, i160 %inputData_V, i32 144, i32 151"   --->   Operation 172 'partselect' 'channeldata_V_18' <Predicate = (!icmp_ln158)> <Delay = 0.00>
ST_1 : Operation 173 [1/1] (0.84ns)   --->   "%icmp_ln1035_18 = icmp_ugt  i8 %channeldata_V_18, i8 %oldMax_V_18_load"   --->   Operation 173 'icmp' 'icmp_ln1035_18' <Predicate = (!icmp_ln158)> <Delay = 0.84> <CoreInst = "Cmp">   --->   Core 9 'Cmp' <Latency = 0> <II = 1> <Delay = 0.84> <FuncUnit> <Opcode : 'icmp'> <InPorts = 2> <OutPorts = 1>
ST_1 : Operation 174 [1/1] (0.39ns)   --->   "%select_ln167_18 = select i1 %icmp_ln1035_18, i8 %channeldata_V_18, i8 %oldMax_V_18_load" [/home/changhong/prj/finn/deps/finn-hlslib/maxpool.h:167]   --->   Operation 174 'select' 'select_ln167_18' <Predicate = (!icmp_ln158)> <Delay = 0.39> <CoreInst = "Sel">   --->   Core 73 'Sel' <Latency = 0> <II = 1> <Delay = 0.39> <FuncUnit> <Opcode : 'select'> <InPorts = 3> <OutPorts = 1>
ST_1 : Operation 175 [1/1] (0.00ns)   --->   "%channeldata_V_19 = partselect i8 @_ssdm_op_PartSelect.i8.i160.i32.i32, i160 %inputData_V, i32 152, i32 159"   --->   Operation 175 'partselect' 'channeldata_V_19' <Predicate = (!icmp_ln158)> <Delay = 0.00>
ST_1 : Operation 176 [1/1] (0.84ns)   --->   "%icmp_ln1035_19 = icmp_ugt  i8 %channeldata_V_19, i8 %oldMax_V_19_load"   --->   Operation 176 'icmp' 'icmp_ln1035_19' <Predicate = (!icmp_ln158)> <Delay = 0.84> <CoreInst = "Cmp">   --->   Core 9 'Cmp' <Latency = 0> <II = 1> <Delay = 0.84> <FuncUnit> <Opcode : 'icmp'> <InPorts = 2> <OutPorts = 1>
ST_1 : Operation 177 [1/1] (0.39ns)   --->   "%select_ln167_19 = select i1 %icmp_ln1035_19, i8 %channeldata_V_19, i8 %oldMax_V_19_load" [/home/changhong/prj/finn/deps/finn-hlslib/maxpool.h:167]   --->   Operation 177 'select' 'select_ln167_19' <Predicate = (!icmp_ln158)> <Delay = 0.39> <CoreInst = "Sel">   --->   Core 73 'Sel' <Latency = 0> <II = 1> <Delay = 0.39> <FuncUnit> <Opcode : 'select'> <InPorts = 3> <OutPorts = 1>
ST_1 : Operation 178 [1/1] (0.44ns)   --->   "%icmp_ln158_1 = icmp_eq  i2 %kx_2, i2 2" [/home/changhong/prj/finn/deps/finn-hlslib/maxpool.h:158]   --->   Operation 178 'icmp' 'icmp_ln158_1' <Predicate = (!icmp_ln158)> <Delay = 0.44> <CoreInst = "Cmp">   --->   Core 9 'Cmp' <Latency = 0> <II = 1> <Delay = 0.44> <FuncUnit> <Opcode : 'icmp'> <InPorts = 2> <OutPorts = 1>
ST_1 : Operation 179 [1/1] (0.00ns)   --->   "%br_ln158 = br i1 %icmp_ln158_1, void %ifFalse, void %ifTrue" [/home/changhong/prj/finn/deps/finn-hlslib/maxpool.h:158]   --->   Operation 179 'br' 'br_ln158' <Predicate = (!icmp_ln158)> <Delay = 0.00>
ST_1 : Operation 180 [1/1] (0.67ns)   --->   "%store_ln168 = store i8 %select_ln167, i4 %buf_V_addr" [/home/changhong/prj/finn/deps/finn-hlslib/maxpool.h:168]   --->   Operation 180 'store' 'store_ln168' <Predicate = (!icmp_ln158 & icmp_ln158_1)> <Delay = 0.67> <CoreInst = "RAM">   --->   Core 83 'RAM' <Latency = 1> <II = 1> <Delay = 0.67> <Storage> <Opcode : 'load' 'store'> <Ports = 2> <Width = 8> <Depth = 14> <RAM>
ST_1 : Operation 181 [1/1] (0.67ns)   --->   "%store_ln168 = store i8 %select_ln167_1, i4 %buf_V_1_addr" [/home/changhong/prj/finn/deps/finn-hlslib/maxpool.h:168]   --->   Operation 181 'store' 'store_ln168' <Predicate = (!icmp_ln158 & icmp_ln158_1)> <Delay = 0.67> <CoreInst = "RAM">   --->   Core 83 'RAM' <Latency = 1> <II = 1> <Delay = 0.67> <Storage> <Opcode : 'load' 'store'> <Ports = 2> <Width = 8> <Depth = 14> <RAM>
ST_1 : Operation 182 [1/1] (0.67ns)   --->   "%store_ln168 = store i8 %select_ln167_2, i4 %buf_V_2_addr" [/home/changhong/prj/finn/deps/finn-hlslib/maxpool.h:168]   --->   Operation 182 'store' 'store_ln168' <Predicate = (!icmp_ln158 & icmp_ln158_1)> <Delay = 0.67> <CoreInst = "RAM">   --->   Core 83 'RAM' <Latency = 1> <II = 1> <Delay = 0.67> <Storage> <Opcode : 'load' 'store'> <Ports = 2> <Width = 8> <Depth = 14> <RAM>
ST_1 : Operation 183 [1/1] (0.67ns)   --->   "%store_ln168 = store i8 %select_ln167_3, i4 %buf_V_3_addr" [/home/changhong/prj/finn/deps/finn-hlslib/maxpool.h:168]   --->   Operation 183 'store' 'store_ln168' <Predicate = (!icmp_ln158 & icmp_ln158_1)> <Delay = 0.67> <CoreInst = "RAM">   --->   Core 83 'RAM' <Latency = 1> <II = 1> <Delay = 0.67> <Storage> <Opcode : 'load' 'store'> <Ports = 2> <Width = 8> <Depth = 14> <RAM>
ST_1 : Operation 184 [1/1] (0.67ns)   --->   "%store_ln168 = store i8 %select_ln167_4, i4 %buf_V_4_addr" [/home/changhong/prj/finn/deps/finn-hlslib/maxpool.h:168]   --->   Operation 184 'store' 'store_ln168' <Predicate = (!icmp_ln158 & icmp_ln158_1)> <Delay = 0.67> <CoreInst = "RAM">   --->   Core 83 'RAM' <Latency = 1> <II = 1> <Delay = 0.67> <Storage> <Opcode : 'load' 'store'> <Ports = 2> <Width = 8> <Depth = 14> <RAM>
ST_1 : Operation 185 [1/1] (0.67ns)   --->   "%store_ln168 = store i8 %select_ln167_5, i4 %buf_V_5_addr" [/home/changhong/prj/finn/deps/finn-hlslib/maxpool.h:168]   --->   Operation 185 'store' 'store_ln168' <Predicate = (!icmp_ln158 & icmp_ln158_1)> <Delay = 0.67> <CoreInst = "RAM">   --->   Core 83 'RAM' <Latency = 1> <II = 1> <Delay = 0.67> <Storage> <Opcode : 'load' 'store'> <Ports = 2> <Width = 8> <Depth = 14> <RAM>
ST_1 : Operation 186 [1/1] (0.67ns)   --->   "%store_ln168 = store i8 %select_ln167_6, i4 %buf_V_6_addr" [/home/changhong/prj/finn/deps/finn-hlslib/maxpool.h:168]   --->   Operation 186 'store' 'store_ln168' <Predicate = (!icmp_ln158 & icmp_ln158_1)> <Delay = 0.67> <CoreInst = "RAM">   --->   Core 83 'RAM' <Latency = 1> <II = 1> <Delay = 0.67> <Storage> <Opcode : 'load' 'store'> <Ports = 2> <Width = 8> <Depth = 14> <RAM>
ST_1 : Operation 187 [1/1] (0.67ns)   --->   "%store_ln168 = store i8 %select_ln167_7, i4 %buf_V_7_addr" [/home/changhong/prj/finn/deps/finn-hlslib/maxpool.h:168]   --->   Operation 187 'store' 'store_ln168' <Predicate = (!icmp_ln158 & icmp_ln158_1)> <Delay = 0.67> <CoreInst = "RAM">   --->   Core 83 'RAM' <Latency = 1> <II = 1> <Delay = 0.67> <Storage> <Opcode : 'load' 'store'> <Ports = 2> <Width = 8> <Depth = 14> <RAM>
ST_1 : Operation 188 [1/1] (0.67ns)   --->   "%store_ln168 = store i8 %select_ln167_8, i4 %buf_V_8_addr" [/home/changhong/prj/finn/deps/finn-hlslib/maxpool.h:168]   --->   Operation 188 'store' 'store_ln168' <Predicate = (!icmp_ln158 & icmp_ln158_1)> <Delay = 0.67> <CoreInst = "RAM">   --->   Core 83 'RAM' <Latency = 1> <II = 1> <Delay = 0.67> <Storage> <Opcode : 'load' 'store'> <Ports = 2> <Width = 8> <Depth = 14> <RAM>
ST_1 : Operation 189 [1/1] (0.67ns)   --->   "%store_ln168 = store i8 %select_ln167_9, i4 %buf_V_9_addr" [/home/changhong/prj/finn/deps/finn-hlslib/maxpool.h:168]   --->   Operation 189 'store' 'store_ln168' <Predicate = (!icmp_ln158 & icmp_ln158_1)> <Delay = 0.67> <CoreInst = "RAM">   --->   Core 83 'RAM' <Latency = 1> <II = 1> <Delay = 0.67> <Storage> <Opcode : 'load' 'store'> <Ports = 2> <Width = 8> <Depth = 14> <RAM>
ST_1 : Operation 190 [1/1] (0.67ns)   --->   "%store_ln168 = store i8 %select_ln167_10, i4 %buf_V_10_addr" [/home/changhong/prj/finn/deps/finn-hlslib/maxpool.h:168]   --->   Operation 190 'store' 'store_ln168' <Predicate = (!icmp_ln158 & icmp_ln158_1)> <Delay = 0.67> <CoreInst = "RAM">   --->   Core 83 'RAM' <Latency = 1> <II = 1> <Delay = 0.67> <Storage> <Opcode : 'load' 'store'> <Ports = 2> <Width = 8> <Depth = 14> <RAM>
ST_1 : Operation 191 [1/1] (0.67ns)   --->   "%store_ln168 = store i8 %select_ln167_11, i4 %buf_V_11_addr" [/home/changhong/prj/finn/deps/finn-hlslib/maxpool.h:168]   --->   Operation 191 'store' 'store_ln168' <Predicate = (!icmp_ln158 & icmp_ln158_1)> <Delay = 0.67> <CoreInst = "RAM">   --->   Core 83 'RAM' <Latency = 1> <II = 1> <Delay = 0.67> <Storage> <Opcode : 'load' 'store'> <Ports = 2> <Width = 8> <Depth = 14> <RAM>
ST_1 : Operation 192 [1/1] (0.67ns)   --->   "%store_ln168 = store i8 %select_ln167_12, i4 %buf_V_12_addr" [/home/changhong/prj/finn/deps/finn-hlslib/maxpool.h:168]   --->   Operation 192 'store' 'store_ln168' <Predicate = (!icmp_ln158 & icmp_ln158_1)> <Delay = 0.67> <CoreInst = "RAM">   --->   Core 83 'RAM' <Latency = 1> <II = 1> <Delay = 0.67> <Storage> <Opcode : 'load' 'store'> <Ports = 2> <Width = 8> <Depth = 14> <RAM>
ST_1 : Operation 193 [1/1] (0.67ns)   --->   "%store_ln168 = store i8 %select_ln167_13, i4 %buf_V_13_addr" [/home/changhong/prj/finn/deps/finn-hlslib/maxpool.h:168]   --->   Operation 193 'store' 'store_ln168' <Predicate = (!icmp_ln158 & icmp_ln158_1)> <Delay = 0.67> <CoreInst = "RAM">   --->   Core 83 'RAM' <Latency = 1> <II = 1> <Delay = 0.67> <Storage> <Opcode : 'load' 'store'> <Ports = 2> <Width = 8> <Depth = 14> <RAM>
ST_1 : Operation 194 [1/1] (0.67ns)   --->   "%store_ln168 = store i8 %select_ln167_14, i4 %buf_V_14_addr" [/home/changhong/prj/finn/deps/finn-hlslib/maxpool.h:168]   --->   Operation 194 'store' 'store_ln168' <Predicate = (!icmp_ln158 & icmp_ln158_1)> <Delay = 0.67> <CoreInst = "RAM">   --->   Core 83 'RAM' <Latency = 1> <II = 1> <Delay = 0.67> <Storage> <Opcode : 'load' 'store'> <Ports = 2> <Width = 8> <Depth = 14> <RAM>
ST_1 : Operation 195 [1/1] (0.67ns)   --->   "%store_ln168 = store i8 %select_ln167_15, i4 %buf_V_15_addr" [/home/changhong/prj/finn/deps/finn-hlslib/maxpool.h:168]   --->   Operation 195 'store' 'store_ln168' <Predicate = (!icmp_ln158 & icmp_ln158_1)> <Delay = 0.67> <CoreInst = "RAM">   --->   Core 83 'RAM' <Latency = 1> <II = 1> <Delay = 0.67> <Storage> <Opcode : 'load' 'store'> <Ports = 2> <Width = 8> <Depth = 14> <RAM>
ST_1 : Operation 196 [1/1] (0.67ns)   --->   "%store_ln168 = store i8 %select_ln167_16, i4 %buf_V_16_addr" [/home/changhong/prj/finn/deps/finn-hlslib/maxpool.h:168]   --->   Operation 196 'store' 'store_ln168' <Predicate = (!icmp_ln158 & icmp_ln158_1)> <Delay = 0.67> <CoreInst = "RAM">   --->   Core 83 'RAM' <Latency = 1> <II = 1> <Delay = 0.67> <Storage> <Opcode : 'load' 'store'> <Ports = 2> <Width = 8> <Depth = 14> <RAM>
ST_1 : Operation 197 [1/1] (0.67ns)   --->   "%store_ln168 = store i8 %select_ln167_17, i4 %buf_V_17_addr" [/home/changhong/prj/finn/deps/finn-hlslib/maxpool.h:168]   --->   Operation 197 'store' 'store_ln168' <Predicate = (!icmp_ln158 & icmp_ln158_1)> <Delay = 0.67> <CoreInst = "RAM">   --->   Core 83 'RAM' <Latency = 1> <II = 1> <Delay = 0.67> <Storage> <Opcode : 'load' 'store'> <Ports = 2> <Width = 8> <Depth = 14> <RAM>
ST_1 : Operation 198 [1/1] (0.67ns)   --->   "%store_ln168 = store i8 %select_ln167_18, i4 %buf_V_18_addr" [/home/changhong/prj/finn/deps/finn-hlslib/maxpool.h:168]   --->   Operation 198 'store' 'store_ln168' <Predicate = (!icmp_ln158 & icmp_ln158_1)> <Delay = 0.67> <CoreInst = "RAM">   --->   Core 83 'RAM' <Latency = 1> <II = 1> <Delay = 0.67> <Storage> <Opcode : 'load' 'store'> <Ports = 2> <Width = 8> <Depth = 14> <RAM>
ST_1 : Operation 199 [1/1] (0.67ns)   --->   "%store_ln168 = store i8 %select_ln167_19, i4 %buf_V_19_addr" [/home/changhong/prj/finn/deps/finn-hlslib/maxpool.h:168]   --->   Operation 199 'store' 'store_ln168' <Predicate = (!icmp_ln158 & icmp_ln158_1)> <Delay = 0.67> <CoreInst = "RAM">   --->   Core 83 'RAM' <Latency = 1> <II = 1> <Delay = 0.67> <Storage> <Opcode : 'load' 'store'> <Ports = 2> <Width = 8> <Depth = 14> <RAM>
ST_1 : Operation 200 [1/1] (0.00ns)   --->   "%br_ln0 = br void %ifFalse"   --->   Operation 200 'br' 'br_ln0' <Predicate = (!icmp_ln158 & icmp_ln158_1)> <Delay = 0.00>
ST_1 : Operation 201 [1/1] (0.42ns)   --->   "%store_ln167 = store i8 %select_ln167_19, i8 %oldMax_V_19" [/home/changhong/prj/finn/deps/finn-hlslib/maxpool.h:167]   --->   Operation 201 'store' 'store_ln167' <Predicate = (!icmp_ln158)> <Delay = 0.42>
ST_1 : Operation 202 [1/1] (0.42ns)   --->   "%store_ln167 = store i8 %select_ln167_18, i8 %oldMax_V_18" [/home/changhong/prj/finn/deps/finn-hlslib/maxpool.h:167]   --->   Operation 202 'store' 'store_ln167' <Predicate = (!icmp_ln158)> <Delay = 0.42>
ST_1 : Operation 203 [1/1] (0.42ns)   --->   "%store_ln167 = store i8 %select_ln167_17, i8 %oldMax_V_17" [/home/changhong/prj/finn/deps/finn-hlslib/maxpool.h:167]   --->   Operation 203 'store' 'store_ln167' <Predicate = (!icmp_ln158)> <Delay = 0.42>
ST_1 : Operation 204 [1/1] (0.42ns)   --->   "%store_ln167 = store i8 %select_ln167_16, i8 %oldMax_V_16" [/home/changhong/prj/finn/deps/finn-hlslib/maxpool.h:167]   --->   Operation 204 'store' 'store_ln167' <Predicate = (!icmp_ln158)> <Delay = 0.42>
ST_1 : Operation 205 [1/1] (0.42ns)   --->   "%store_ln167 = store i8 %select_ln167_15, i8 %oldMax_V_15" [/home/changhong/prj/finn/deps/finn-hlslib/maxpool.h:167]   --->   Operation 205 'store' 'store_ln167' <Predicate = (!icmp_ln158)> <Delay = 0.42>
ST_1 : Operation 206 [1/1] (0.42ns)   --->   "%store_ln167 = store i8 %select_ln167_14, i8 %oldMax_V_14" [/home/changhong/prj/finn/deps/finn-hlslib/maxpool.h:167]   --->   Operation 206 'store' 'store_ln167' <Predicate = (!icmp_ln158)> <Delay = 0.42>
ST_1 : Operation 207 [1/1] (0.42ns)   --->   "%store_ln167 = store i8 %select_ln167_13, i8 %oldMax_V_13" [/home/changhong/prj/finn/deps/finn-hlslib/maxpool.h:167]   --->   Operation 207 'store' 'store_ln167' <Predicate = (!icmp_ln158)> <Delay = 0.42>
ST_1 : Operation 208 [1/1] (0.42ns)   --->   "%store_ln167 = store i8 %select_ln167_12, i8 %oldMax_V_12" [/home/changhong/prj/finn/deps/finn-hlslib/maxpool.h:167]   --->   Operation 208 'store' 'store_ln167' <Predicate = (!icmp_ln158)> <Delay = 0.42>
ST_1 : Operation 209 [1/1] (0.42ns)   --->   "%store_ln167 = store i8 %select_ln167_11, i8 %oldMax_V_11" [/home/changhong/prj/finn/deps/finn-hlslib/maxpool.h:167]   --->   Operation 209 'store' 'store_ln167' <Predicate = (!icmp_ln158)> <Delay = 0.42>
ST_1 : Operation 210 [1/1] (0.42ns)   --->   "%store_ln167 = store i8 %select_ln167_10, i8 %oldMax_V_10" [/home/changhong/prj/finn/deps/finn-hlslib/maxpool.h:167]   --->   Operation 210 'store' 'store_ln167' <Predicate = (!icmp_ln158)> <Delay = 0.42>
ST_1 : Operation 211 [1/1] (0.42ns)   --->   "%store_ln167 = store i8 %select_ln167_9, i8 %oldMax_V_9" [/home/changhong/prj/finn/deps/finn-hlslib/maxpool.h:167]   --->   Operation 211 'store' 'store_ln167' <Predicate = (!icmp_ln158)> <Delay = 0.42>
ST_1 : Operation 212 [1/1] (0.42ns)   --->   "%store_ln167 = store i8 %select_ln167_8, i8 %oldMax_V_8" [/home/changhong/prj/finn/deps/finn-hlslib/maxpool.h:167]   --->   Operation 212 'store' 'store_ln167' <Predicate = (!icmp_ln158)> <Delay = 0.42>
ST_1 : Operation 213 [1/1] (0.42ns)   --->   "%store_ln167 = store i8 %select_ln167_7, i8 %oldMax_V_7" [/home/changhong/prj/finn/deps/finn-hlslib/maxpool.h:167]   --->   Operation 213 'store' 'store_ln167' <Predicate = (!icmp_ln158)> <Delay = 0.42>
ST_1 : Operation 214 [1/1] (0.42ns)   --->   "%store_ln167 = store i8 %select_ln167_6, i8 %oldMax_V_6" [/home/changhong/prj/finn/deps/finn-hlslib/maxpool.h:167]   --->   Operation 214 'store' 'store_ln167' <Predicate = (!icmp_ln158)> <Delay = 0.42>
ST_1 : Operation 215 [1/1] (0.42ns)   --->   "%store_ln167 = store i8 %select_ln167_5, i8 %oldMax_V_5" [/home/changhong/prj/finn/deps/finn-hlslib/maxpool.h:167]   --->   Operation 215 'store' 'store_ln167' <Predicate = (!icmp_ln158)> <Delay = 0.42>
ST_1 : Operation 216 [1/1] (0.42ns)   --->   "%store_ln167 = store i8 %select_ln167_4, i8 %oldMax_V_4" [/home/changhong/prj/finn/deps/finn-hlslib/maxpool.h:167]   --->   Operation 216 'store' 'store_ln167' <Predicate = (!icmp_ln158)> <Delay = 0.42>
ST_1 : Operation 217 [1/1] (0.42ns)   --->   "%store_ln167 = store i8 %select_ln167_3, i8 %oldMax_V_3" [/home/changhong/prj/finn/deps/finn-hlslib/maxpool.h:167]   --->   Operation 217 'store' 'store_ln167' <Predicate = (!icmp_ln158)> <Delay = 0.42>
ST_1 : Operation 218 [1/1] (0.42ns)   --->   "%store_ln167 = store i8 %select_ln167_2, i8 %oldMax_V_2" [/home/changhong/prj/finn/deps/finn-hlslib/maxpool.h:167]   --->   Operation 218 'store' 'store_ln167' <Predicate = (!icmp_ln158)> <Delay = 0.42>
ST_1 : Operation 219 [1/1] (0.42ns)   --->   "%store_ln167 = store i8 %select_ln167_1, i8 %oldMax_V_1" [/home/changhong/prj/finn/deps/finn-hlslib/maxpool.h:167]   --->   Operation 219 'store' 'store_ln167' <Predicate = (!icmp_ln158)> <Delay = 0.42>
ST_1 : Operation 220 [1/1] (0.42ns)   --->   "%store_ln167 = store i8 %select_ln167, i8 %oldMax_V" [/home/changhong/prj/finn/deps/finn-hlslib/maxpool.h:167]   --->   Operation 220 'store' 'store_ln167' <Predicate = (!icmp_ln158)> <Delay = 0.42>
ST_1 : Operation 221 [1/1] (0.42ns)   --->   "%store_ln158 = store i2 %kx_2, i2 %kx" [/home/changhong/prj/finn/deps/finn-hlslib/maxpool.h:158]   --->   Operation 221 'store' 'store_ln158' <Predicate = (!icmp_ln158)> <Delay = 0.42>
ST_1 : Operation 222 [1/1] (0.00ns)   --->   "%br_ln0 = br void %for.body39"   --->   Operation 222 'br' 'br_ln0' <Predicate = (!icmp_ln158)> <Delay = 0.00>
ST_1 : Operation 223 [1/1] (0.00ns)   --->   "%ret_ln0 = ret"   --->   Operation 223 'ret' 'ret_ln0' <Predicate = (icmp_ln158)> <Delay = 0.00>


============================================================
+ Verbose Summary: Timing violations
============================================================
Target clock period: 10ns, clock uncertainty: 2.7ns.

 <State 1>: 1.96ns
The critical path consists of the following:
	'alloca' operation ('oldMax.V') [44]  (0 ns)
	'load' operation ('oldMax_V_load', /home/changhong/prj/finn/deps/finn-hlslib/maxpool.h:167) on local variable 'oldMax.V' [136]  (0 ns)
	'icmp' operation ('icmp_ln1035') [160]  (0.849 ns)
	'select' operation ('select_ln167', /home/changhong/prj/finn/deps/finn-hlslib/maxpool.h:167) [161]  (0.393 ns)
	'store' operation ('store_ln168', /home/changhong/prj/finn/deps/finn-hlslib/maxpool.h:168) of variable 'select_ln167', /home/changhong/prj/finn/deps/finn-hlslib/maxpool.h:167 on array 'buf_V' [222]  (0.677 ns)
	blocking operation 0.039 ns on control path)


============================================================
+ Verbose Summary: Binding
============================================================
N/A
* FSMD analyzer results:
  - Output states:
 - Input state : 
  - Chain level:
	State 1


============================================================
+ Verbose Summary: Datapath Resource usage 
============================================================
N/A
