

================================================================
== Vitis HLS Report for 'StreamingMaxPool_Precision_28u_2u_20u_ap_uint_8_0_160_s'
================================================================
* Date:           Thu Jun 19 12:41:37 2025

* Version:        2022.2 (Build 3670227 on Oct 13 2022)
* Project:        project_StreamingMaxPool_hls_0
* Solution:       sol1 (Vivado IP Flow Target)
* Product family: zynquplus
* Target device:  xczu7ev-ffvc1156-2-e


================================================================
== Performance Estimates
================================================================
+ Timing: 
    * Summary: 
    +--------+----------+----------+------------+
    |  Clock |  Target  | Estimated| Uncertainty|
    +--------+----------+----------+------------+
    |ap_clk  |  10.00 ns|  2.346 ns|     2.70 ns|
    +--------+----------+----------+------------+

+ Latency: 
    * Summary: 
    +---------+---------+-----------+-----------+------+------+---------+
    |  Latency (cycles) |   Latency (absolute)  |   Interval  | Pipeline|
    |   min   |   max   |    min    |    max    |  min |  max |   Type  |
    +---------+---------+-----------+-----------+------+------+---------+
    |     3420|     3420|  34.200 us|  34.200 us|  3420|  3420|       no|
    +---------+---------+-----------+-----------+------+------+---------+

    + Detail: 
        * Instance: 
        N/A

        * Loop: 
        +--------------------------------------+---------+---------+----------+-----------+-----------+------+----------+
        |                                      |  Latency (cycles) | Iteration|  Initiation Interval  | Trip |          |
        |               Loop Name              |   min   |   max   |  Latency |  achieved |   target  | Count| Pipelined|
        +--------------------------------------+---------+---------+----------+-----------+-----------+------+----------+
        |- VITIS_LOOP_154_3                    |     3402|     3402|       243|          -|          -|    14|        no|
        | + VITIS_LOOP_155_4_VITIS_LOOP_156_5  |      224|      224|         8|          -|          -|    28|        no|
        +--------------------------------------+---------+---------+----------+-----------+-----------+------+----------+

============================================================
+ Verbose Summary: Synthesis Manager
============================================================
InlineROM: 1
ExposeGlobal: 0
============================================================
+ Verbose Summary: CDFG Model
============================================================
IsTopModel: 0
ResetActiveHigh: 1
IsCombinational: 0
IsDatapathOnly: 0
HasWiredReturn: 1
HasMFsm: 0
HasVarLatency: 1
IsPipeline: 0
IsRtlPipelined: 0
IsInstanceOverlapped: 0
IsDontTouch: 0
HasImplIP: 0
IsGatedGlobalClock: 0


============================================================
+ Verbose Summary: Schedule
============================================================
* Number of FSM states : 8
* Pipeline : 0
* Dataflow Pipeline: 0

* FSM state transitions: 
1 --> 2 
2 --> 3 
3 --> 4 
4 --> 5 8 
5 --> 6 
6 --> 7 
7 --> 4 
8 --> 3 

* FSM state operations: 

State 1 <SV = 0> <Delay = 0.42>
ST_1 : Operation 9 [1/1] (0.00ns)   --->   "%yp = alloca i32 1"   --->   Operation 9 'alloca' 'yp' <Predicate = true> <Delay = 0.00>
ST_1 : Operation 10 [1/1] (0.00ns)   --->   "%buf_V = alloca i64 1" [/home/changhong/prj/finn/deps/finn-hlslib/maxpool.h:145]   --->   Operation 10 'alloca' 'buf_V' <Predicate = true> <Delay = 0.00> <CoreInst = "RAM">   --->   Core 83 'RAM' <Latency = 1> <II = 1> <Delay = 0.67> <Storage> <Opcode : 'load' 'store'> <Ports = 2> <Width = 8> <Depth = 14> <RAM>
ST_1 : Operation 11 [1/1] (0.00ns)   --->   "%buf_V_1 = alloca i64 1" [/home/changhong/prj/finn/deps/finn-hlslib/maxpool.h:145]   --->   Operation 11 'alloca' 'buf_V_1' <Predicate = true> <Delay = 0.00> <CoreInst = "RAM">   --->   Core 83 'RAM' <Latency = 1> <II = 1> <Delay = 0.67> <Storage> <Opcode : 'load' 'store'> <Ports = 2> <Width = 8> <Depth = 14> <RAM>
ST_1 : Operation 12 [1/1] (0.00ns)   --->   "%buf_V_2 = alloca i64 1" [/home/changhong/prj/finn/deps/finn-hlslib/maxpool.h:145]   --->   Operation 12 'alloca' 'buf_V_2' <Predicate = true> <Delay = 0.00> <CoreInst = "RAM">   --->   Core 83 'RAM' <Latency = 1> <II = 1> <Delay = 0.67> <Storage> <Opcode : 'load' 'store'> <Ports = 2> <Width = 8> <Depth = 14> <RAM>
ST_1 : Operation 13 [1/1] (0.00ns)   --->   "%buf_V_3 = alloca i64 1" [/home/changhong/prj/finn/deps/finn-hlslib/maxpool.h:145]   --->   Operation 13 'alloca' 'buf_V_3' <Predicate = true> <Delay = 0.00> <CoreInst = "RAM">   --->   Core 83 'RAM' <Latency = 1> <II = 1> <Delay = 0.67> <Storage> <Opcode : 'load' 'store'> <Ports = 2> <Width = 8> <Depth = 14> <RAM>
ST_1 : Operation 14 [1/1] (0.00ns)   --->   "%buf_V_4 = alloca i64 1" [/home/changhong/prj/finn/deps/finn-hlslib/maxpool.h:145]   --->   Operation 14 'alloca' 'buf_V_4' <Predicate = true> <Delay = 0.00> <CoreInst = "RAM">   --->   Core 83 'RAM' <Latency = 1> <II = 1> <Delay = 0.67> <Storage> <Opcode : 'load' 'store'> <Ports = 2> <Width = 8> <Depth = 14> <RAM>
ST_1 : Operation 15 [1/1] (0.00ns)   --->   "%buf_V_5 = alloca i64 1" [/home/changhong/prj/finn/deps/finn-hlslib/maxpool.h:145]   --->   Operation 15 'alloca' 'buf_V_5' <Predicate = true> <Delay = 0.00> <CoreInst = "RAM">   --->   Core 83 'RAM' <Latency = 1> <II = 1> <Delay = 0.67> <Storage> <Opcode : 'load' 'store'> <Ports = 2> <Width = 8> <Depth = 14> <RAM>
ST_1 : Operation 16 [1/1] (0.00ns)   --->   "%buf_V_6 = alloca i64 1" [/home/changhong/prj/finn/deps/finn-hlslib/maxpool.h:145]   --->   Operation 16 'alloca' 'buf_V_6' <Predicate = true> <Delay = 0.00> <CoreInst = "RAM">   --->   Core 83 'RAM' <Latency = 1> <II = 1> <Delay = 0.67> <Storage> <Opcode : 'load' 'store'> <Ports = 2> <Width = 8> <Depth = 14> <RAM>
ST_1 : Operation 17 [1/1] (0.00ns)   --->   "%buf_V_7 = alloca i64 1" [/home/changhong/prj/finn/deps/finn-hlslib/maxpool.h:145]   --->   Operation 17 'alloca' 'buf_V_7' <Predicate = true> <Delay = 0.00> <CoreInst = "RAM">   --->   Core 83 'RAM' <Latency = 1> <II = 1> <Delay = 0.67> <Storage> <Opcode : 'load' 'store'> <Ports = 2> <Width = 8> <Depth = 14> <RAM>
ST_1 : Operation 18 [1/1] (0.00ns)   --->   "%buf_V_8 = alloca i64 1" [/home/changhong/prj/finn/deps/finn-hlslib/maxpool.h:145]   --->   Operation 18 'alloca' 'buf_V_8' <Predicate = true> <Delay = 0.00> <CoreInst = "RAM">   --->   Core 83 'RAM' <Latency = 1> <II = 1> <Delay = 0.67> <Storage> <Opcode : 'load' 'store'> <Ports = 2> <Width = 8> <Depth = 14> <RAM>
ST_1 : Operation 19 [1/1] (0.00ns)   --->   "%buf_V_9 = alloca i64 1" [/home/changhong/prj/finn/deps/finn-hlslib/maxpool.h:145]   --->   Operation 19 'alloca' 'buf_V_9' <Predicate = true> <Delay = 0.00> <CoreInst = "RAM">   --->   Core 83 'RAM' <Latency = 1> <II = 1> <Delay = 0.67> <Storage> <Opcode : 'load' 'store'> <Ports = 2> <Width = 8> <Depth = 14> <RAM>
ST_1 : Operation 20 [1/1] (0.00ns)   --->   "%buf_V_10 = alloca i64 1" [/home/changhong/prj/finn/deps/finn-hlslib/maxpool.h:145]   --->   Operation 20 'alloca' 'buf_V_10' <Predicate = true> <Delay = 0.00> <CoreInst = "RAM">   --->   Core 83 'RAM' <Latency = 1> <II = 1> <Delay = 0.67> <Storage> <Opcode : 'load' 'store'> <Ports = 2> <Width = 8> <Depth = 14> <RAM>
ST_1 : Operation 21 [1/1] (0.00ns)   --->   "%buf_V_11 = alloca i64 1" [/home/changhong/prj/finn/deps/finn-hlslib/maxpool.h:145]   --->   Operation 21 'alloca' 'buf_V_11' <Predicate = true> <Delay = 0.00> <CoreInst = "RAM">   --->   Core 83 'RAM' <Latency = 1> <II = 1> <Delay = 0.67> <Storage> <Opcode : 'load' 'store'> <Ports = 2> <Width = 8> <Depth = 14> <RAM>
ST_1 : Operation 22 [1/1] (0.00ns)   --->   "%buf_V_12 = alloca i64 1" [/home/changhong/prj/finn/deps/finn-hlslib/maxpool.h:145]   --->   Operation 22 'alloca' 'buf_V_12' <Predicate = true> <Delay = 0.00> <CoreInst = "RAM">   --->   Core 83 'RAM' <Latency = 1> <II = 1> <Delay = 0.67> <Storage> <Opcode : 'load' 'store'> <Ports = 2> <Width = 8> <Depth = 14> <RAM>
ST_1 : Operation 23 [1/1] (0.00ns)   --->   "%buf_V_13 = alloca i64 1" [/home/changhong/prj/finn/deps/finn-hlslib/maxpool.h:145]   --->   Operation 23 'alloca' 'buf_V_13' <Predicate = true> <Delay = 0.00> <CoreInst = "RAM">   --->   Core 83 'RAM' <Latency = 1> <II = 1> <Delay = 0.67> <Storage> <Opcode : 'load' 'store'> <Ports = 2> <Width = 8> <Depth = 14> <RAM>
ST_1 : Operation 24 [1/1] (0.00ns)   --->   "%buf_V_14 = alloca i64 1" [/home/changhong/prj/finn/deps/finn-hlslib/maxpool.h:145]   --->   Operation 24 'alloca' 'buf_V_14' <Predicate = true> <Delay = 0.00> <CoreInst = "RAM">   --->   Core 83 'RAM' <Latency = 1> <II = 1> <Delay = 0.67> <Storage> <Opcode : 'load' 'store'> <Ports = 2> <Width = 8> <Depth = 14> <RAM>
ST_1 : Operation 25 [1/1] (0.00ns)   --->   "%buf_V_15 = alloca i64 1" [/home/changhong/prj/finn/deps/finn-hlslib/maxpool.h:145]   --->   Operation 25 'alloca' 'buf_V_15' <Predicate = true> <Delay = 0.00> <CoreInst = "RAM">   --->   Core 83 'RAM' <Latency = 1> <II = 1> <Delay = 0.67> <Storage> <Opcode : 'load' 'store'> <Ports = 2> <Width = 8> <Depth = 14> <RAM>
ST_1 : Operation 26 [1/1] (0.00ns)   --->   "%buf_V_16 = alloca i64 1" [/home/changhong/prj/finn/deps/finn-hlslib/maxpool.h:145]   --->   Operation 26 'alloca' 'buf_V_16' <Predicate = true> <Delay = 0.00> <CoreInst = "RAM">   --->   Core 83 'RAM' <Latency = 1> <II = 1> <Delay = 0.67> <Storage> <Opcode : 'load' 'store'> <Ports = 2> <Width = 8> <Depth = 14> <RAM>
ST_1 : Operation 27 [1/1] (0.00ns)   --->   "%buf_V_17 = alloca i64 1" [/home/changhong/prj/finn/deps/finn-hlslib/maxpool.h:145]   --->   Operation 27 'alloca' 'buf_V_17' <Predicate = true> <Delay = 0.00> <CoreInst = "RAM">   --->   Core 83 'RAM' <Latency = 1> <II = 1> <Delay = 0.67> <Storage> <Opcode : 'load' 'store'> <Ports = 2> <Width = 8> <Depth = 14> <RAM>
ST_1 : Operation 28 [1/1] (0.00ns)   --->   "%buf_V_18 = alloca i64 1" [/home/changhong/prj/finn/deps/finn-hlslib/maxpool.h:145]   --->   Operation 28 'alloca' 'buf_V_18' <Predicate = true> <Delay = 0.00> <CoreInst = "RAM">   --->   Core 83 'RAM' <Latency = 1> <II = 1> <Delay = 0.67> <Storage> <Opcode : 'load' 'store'> <Ports = 2> <Width = 8> <Depth = 14> <RAM>
ST_1 : Operation 29 [1/1] (0.00ns)   --->   "%buf_V_19 = alloca i64 1" [/home/changhong/prj/finn/deps/finn-hlslib/maxpool.h:145]   --->   Operation 29 'alloca' 'buf_V_19' <Predicate = true> <Delay = 0.00> <CoreInst = "RAM">   --->   Core 83 'RAM' <Latency = 1> <II = 1> <Delay = 0.67> <Storage> <Opcode : 'load' 'store'> <Ports = 2> <Width = 8> <Depth = 14> <RAM>
ST_1 : Operation 30 [2/2] (0.00ns)   --->   "%call_ln0 = call void @StreamingMaxPool_Precision_Pipeline_VITIS_LOOP_147_1, i8 %buf_V, i8 %buf_V_1, i8 %buf_V_2, i8 %buf_V_3, i8 %buf_V_4, i8 %buf_V_5, i8 %buf_V_6, i8 %buf_V_7, i8 %buf_V_8, i8 %buf_V_9, i8 %buf_V_10, i8 %buf_V_11, i8 %buf_V_12, i8 %buf_V_13, i8 %buf_V_14, i8 %buf_V_15, i8 %buf_V_16, i8 %buf_V_17, i8 %buf_V_18, i8 %buf_V_19"   --->   Operation 30 'call' 'call_ln0' <Predicate = true> <Delay = 0.00> <CoreType = "Generic">   --->   Core 0 '' <Latency = 0> <II = 1> <Delay = 1.00> <Generic> <Opcode : >
ST_1 : Operation 31 [1/1] (0.42ns)   --->   "%store_ln154 = store i4 0, i4 %yp" [/home/changhong/prj/finn/deps/finn-hlslib/maxpool.h:154]   --->   Operation 31 'store' 'store_ln154' <Predicate = true> <Delay = 0.42>

State 2 <SV = 1> <Delay = 0.00>
ST_2 : Operation 32 [1/1] (0.00ns)   --->   "%specinterface_ln0 = specinterface void @_ssdm_op_SpecInterface, i160 %out_V, void @empty, i32 0, i32 0, void @empty_0, i32 0, i32 0, void @empty_1, void @empty_1, void @empty_1, i32 0, i32 0, i32 0, i32 0, void @empty_1, void @empty_1, i32 4294967295, i32 0"   --->   Operation 32 'specinterface' 'specinterface_ln0' <Predicate = true> <Delay = 0.00>
ST_2 : Operation 33 [1/1] (0.00ns)   --->   "%specinterface_ln0 = specinterface void @_ssdm_op_SpecInterface, i160 %in0_V, void @empty, i32 0, i32 0, void @empty_0, i32 0, i32 0, void @empty_1, void @empty_1, void @empty_1, i32 0, i32 0, i32 0, i32 0, void @empty_1, void @empty_1, i32 4294967295, i32 0"   --->   Operation 33 'specinterface' 'specinterface_ln0' <Predicate = true> <Delay = 0.00>
ST_2 : Operation 34 [1/2] (0.00ns)   --->   "%call_ln0 = call void @StreamingMaxPool_Precision_Pipeline_VITIS_LOOP_147_1, i8 %buf_V, i8 %buf_V_1, i8 %buf_V_2, i8 %buf_V_3, i8 %buf_V_4, i8 %buf_V_5, i8 %buf_V_6, i8 %buf_V_7, i8 %buf_V_8, i8 %buf_V_9, i8 %buf_V_10, i8 %buf_V_11, i8 %buf_V_12, i8 %buf_V_13, i8 %buf_V_14, i8 %buf_V_15, i8 %buf_V_16, i8 %buf_V_17, i8 %buf_V_18, i8 %buf_V_19"   --->   Operation 34 'call' 'call_ln0' <Predicate = true> <Delay = 0.00> <CoreType = "Generic">   --->   Core 0 '' <Latency = 0> <II = 1> <Delay = 1.00> <Generic> <Opcode : >
ST_2 : Operation 35 [1/1] (0.00ns)   --->   "%br_ln154 = br void %VITIS_LOOP_155_4" [/home/changhong/prj/finn/deps/finn-hlslib/maxpool.h:154]   --->   Operation 35 'br' 'br_ln154' <Predicate = true> <Delay = 0.00>

State 3 <SV = 2> <Delay = 0.79>
ST_3 : Operation 36 [1/1] (0.00ns)   --->   "%yp_1 = load i4 %yp" [/home/changhong/prj/finn/deps/finn-hlslib/maxpool.h:154]   --->   Operation 36 'load' 'yp_1' <Predicate = true> <Delay = 0.00>
ST_3 : Operation 37 [1/1] (0.72ns)   --->   "%icmp_ln154 = icmp_eq  i4 %yp_1, i4 14" [/home/changhong/prj/finn/deps/finn-hlslib/maxpool.h:154]   --->   Operation 37 'icmp' 'icmp_ln154' <Predicate = true> <Delay = 0.72> <CoreInst = "Cmp">   --->   Core 9 'Cmp' <Latency = 0> <II = 1> <Delay = 0.72> <FuncUnit> <Opcode : 'icmp'> <InPorts = 2> <OutPorts = 1>
ST_3 : Operation 38 [1/1] (0.00ns)   --->   "%empty = speclooptripcount i32 @_ssdm_op_SpecLoopTripCount, i64 14, i64 14, i64 14"   --->   Operation 38 'speclooptripcount' 'empty' <Predicate = true> <Delay = 0.00>
ST_3 : Operation 39 [1/1] (0.79ns)   --->   "%yp_2 = add i4 %yp_1, i4 1" [/home/changhong/prj/finn/deps/finn-hlslib/maxpool.h:154]   --->   Operation 39 'add' 'yp_2' <Predicate = true> <Delay = 0.79> <CoreInst = "Adder">   --->   Core 1 'Adder' <Latency = 0> <II = 1> <Delay = 0.79> <FuncUnit> <Opcode : 'add' 'sub'> <InPorts = 2> <OutPorts = 1>
ST_3 : Operation 40 [1/1] (0.00ns)   --->   "%br_ln154 = br i1 %icmp_ln154, void %VITIS_LOOP_155_4.split, void %for.end95" [/home/changhong/prj/finn/deps/finn-hlslib/maxpool.h:154]   --->   Operation 40 'br' 'br_ln154' <Predicate = true> <Delay = 0.00>
ST_3 : Operation 41 [1/1] (0.00ns)   --->   "%specloopname_ln154 = specloopname void @_ssdm_op_SpecLoopName, void @empty_7" [/home/changhong/prj/finn/deps/finn-hlslib/maxpool.h:154]   --->   Operation 41 'specloopname' 'specloopname_ln154' <Predicate = (!icmp_ln154)> <Delay = 0.00>
ST_3 : Operation 42 [1/1] (0.42ns)   --->   "%br_ln155 = br void %VITIS_LOOP_158_6" [/home/changhong/prj/finn/deps/finn-hlslib/maxpool.h:155]   --->   Operation 42 'br' 'br_ln155' <Predicate = (!icmp_ln154)> <Delay = 0.42>
ST_3 : Operation 43 [1/1] (0.00ns)   --->   "%ret_ln186 = ret" [/home/changhong/prj/finn/deps/finn-hlslib/maxpool.h:186]   --->   Operation 43 'ret' 'ret_ln186' <Predicate = (icmp_ln154)> <Delay = 0.00>

State 4 <SV = 3> <Delay = 1.90>
ST_4 : Operation 44 [1/1] (0.00ns)   --->   "%indvar_flatten = phi i5 0, void %VITIS_LOOP_155_4.split, i5 %add_ln155, void %for.inc59" [/home/changhong/prj/finn/deps/finn-hlslib/maxpool.h:155]   --->   Operation 44 'phi' 'indvar_flatten' <Predicate = true> <Delay = 0.00>
ST_4 : Operation 45 [1/1] (0.00ns)   --->   "%xp = phi i4 0, void %VITIS_LOOP_155_4.split, i4 %add_ln156, void %for.inc59" [/home/changhong/prj/finn/deps/finn-hlslib/maxpool.h:156]   --->   Operation 45 'phi' 'xp' <Predicate = true> <Delay = 0.00>
ST_4 : Operation 46 [1/1] (0.75ns)   --->   "%icmp_ln155 = icmp_eq  i5 %indvar_flatten, i5 28" [/home/changhong/prj/finn/deps/finn-hlslib/maxpool.h:155]   --->   Operation 46 'icmp' 'icmp_ln155' <Predicate = true> <Delay = 0.75> <CoreInst = "Cmp">   --->   Core 9 'Cmp' <Latency = 0> <II = 1> <Delay = 0.75> <FuncUnit> <Opcode : 'icmp'> <InPorts = 2> <OutPorts = 1>
ST_4 : Operation 47 [1/1] (0.78ns)   --->   "%add_ln155 = add i5 %indvar_flatten, i5 1" [/home/changhong/prj/finn/deps/finn-hlslib/maxpool.h:155]   --->   Operation 47 'add' 'add_ln155' <Predicate = true> <Delay = 0.78> <CoreInst = "Adder">   --->   Core 1 'Adder' <Latency = 0> <II = 1> <Delay = 0.78> <FuncUnit> <Opcode : 'add' 'sub'> <InPorts = 2> <OutPorts = 1>
ST_4 : Operation 48 [1/1] (0.00ns)   --->   "%br_ln155 = br i1 %icmp_ln155, void %for.inc59, void %for.inc87.preheader" [/home/changhong/prj/finn/deps/finn-hlslib/maxpool.h:155]   --->   Operation 48 'br' 'br_ln155' <Predicate = true> <Delay = 0.00>
ST_4 : Operation 49 [1/1] (0.72ns)   --->   "%icmp_ln156 = icmp_eq  i4 %xp, i4 14" [/home/changhong/prj/finn/deps/finn-hlslib/maxpool.h:156]   --->   Operation 49 'icmp' 'icmp_ln156' <Predicate = (!icmp_ln155)> <Delay = 0.72> <CoreInst = "Cmp">   --->   Core 9 'Cmp' <Latency = 0> <II = 1> <Delay = 0.72> <FuncUnit> <Opcode : 'icmp'> <InPorts = 2> <OutPorts = 1>
ST_4 : Operation 50 [1/1] (0.39ns)   --->   "%select_ln155 = select i1 %icmp_ln156, i4 0, i4 %xp" [/home/changhong/prj/finn/deps/finn-hlslib/maxpool.h:155]   --->   Operation 50 'select' 'select_ln155' <Predicate = (!icmp_ln155)> <Delay = 0.39> <CoreInst = "Sel">   --->   Core 73 'Sel' <Latency = 0> <II = 1> <Delay = 0.39> <FuncUnit> <Opcode : 'select'> <InPorts = 3> <OutPorts = 1>
ST_4 : Operation 51 [1/1] (0.00ns)   --->   "%zext_ln156 = zext i4 %select_ln155" [/home/changhong/prj/finn/deps/finn-hlslib/maxpool.h:156]   --->   Operation 51 'zext' 'zext_ln156' <Predicate = (!icmp_ln155)> <Delay = 0.00>
ST_4 : Operation 52 [1/1] (0.00ns)   --->   "%buf_V_addr = getelementptr i8 %buf_V, i64 0, i64 %zext_ln156" [/home/changhong/prj/finn/deps/finn-hlslib/maxpool.h:156]   --->   Operation 52 'getelementptr' 'buf_V_addr' <Predicate = (!icmp_ln155)> <Delay = 0.00>
ST_4 : Operation 53 [1/1] (0.00ns)   --->   "%buf_V_1_addr = getelementptr i8 %buf_V_1, i64 0, i64 %zext_ln156" [/home/changhong/prj/finn/deps/finn-hlslib/maxpool.h:156]   --->   Operation 53 'getelementptr' 'buf_V_1_addr' <Predicate = (!icmp_ln155)> <Delay = 0.00>
ST_4 : Operation 54 [1/1] (0.00ns)   --->   "%buf_V_2_addr = getelementptr i8 %buf_V_2, i64 0, i64 %zext_ln156" [/home/changhong/prj/finn/deps/finn-hlslib/maxpool.h:156]   --->   Operation 54 'getelementptr' 'buf_V_2_addr' <Predicate = (!icmp_ln155)> <Delay = 0.00>
ST_4 : Operation 55 [1/1] (0.00ns)   --->   "%buf_V_3_addr = getelementptr i8 %buf_V_3, i64 0, i64 %zext_ln156" [/home/changhong/prj/finn/deps/finn-hlslib/maxpool.h:156]   --->   Operation 55 'getelementptr' 'buf_V_3_addr' <Predicate = (!icmp_ln155)> <Delay = 0.00>
ST_4 : Operation 56 [1/1] (0.00ns)   --->   "%buf_V_4_addr = getelementptr i8 %buf_V_4, i64 0, i64 %zext_ln156" [/home/changhong/prj/finn/deps/finn-hlslib/maxpool.h:156]   --->   Operation 56 'getelementptr' 'buf_V_4_addr' <Predicate = (!icmp_ln155)> <Delay = 0.00>
ST_4 : Operation 57 [1/1] (0.00ns)   --->   "%buf_V_5_addr = getelementptr i8 %buf_V_5, i64 0, i64 %zext_ln156" [/home/changhong/prj/finn/deps/finn-hlslib/maxpool.h:156]   --->   Operation 57 'getelementptr' 'buf_V_5_addr' <Predicate = (!icmp_ln155)> <Delay = 0.00>
ST_4 : Operation 58 [1/1] (0.00ns)   --->   "%buf_V_6_addr = getelementptr i8 %buf_V_6, i64 0, i64 %zext_ln156" [/home/changhong/prj/finn/deps/finn-hlslib/maxpool.h:156]   --->   Operation 58 'getelementptr' 'buf_V_6_addr' <Predicate = (!icmp_ln155)> <Delay = 0.00>
ST_4 : Operation 59 [1/1] (0.00ns)   --->   "%buf_V_7_addr = getelementptr i8 %buf_V_7, i64 0, i64 %zext_ln156" [/home/changhong/prj/finn/deps/finn-hlslib/maxpool.h:156]   --->   Operation 59 'getelementptr' 'buf_V_7_addr' <Predicate = (!icmp_ln155)> <Delay = 0.00>
ST_4 : Operation 60 [1/1] (0.00ns)   --->   "%buf_V_8_addr = getelementptr i8 %buf_V_8, i64 0, i64 %zext_ln156" [/home/changhong/prj/finn/deps/finn-hlslib/maxpool.h:156]   --->   Operation 60 'getelementptr' 'buf_V_8_addr' <Predicate = (!icmp_ln155)> <Delay = 0.00>
ST_4 : Operation 61 [1/1] (0.00ns)   --->   "%buf_V_9_addr = getelementptr i8 %buf_V_9, i64 0, i64 %zext_ln156" [/home/changhong/prj/finn/deps/finn-hlslib/maxpool.h:156]   --->   Operation 61 'getelementptr' 'buf_V_9_addr' <Predicate = (!icmp_ln155)> <Delay = 0.00>
ST_4 : Operation 62 [1/1] (0.00ns)   --->   "%buf_V_10_addr = getelementptr i8 %buf_V_10, i64 0, i64 %zext_ln156" [/home/changhong/prj/finn/deps/finn-hlslib/maxpool.h:156]   --->   Operation 62 'getelementptr' 'buf_V_10_addr' <Predicate = (!icmp_ln155)> <Delay = 0.00>
ST_4 : Operation 63 [1/1] (0.00ns)   --->   "%buf_V_11_addr = getelementptr i8 %buf_V_11, i64 0, i64 %zext_ln156" [/home/changhong/prj/finn/deps/finn-hlslib/maxpool.h:156]   --->   Operation 63 'getelementptr' 'buf_V_11_addr' <Predicate = (!icmp_ln155)> <Delay = 0.00>
ST_4 : Operation 64 [1/1] (0.00ns)   --->   "%buf_V_12_addr = getelementptr i8 %buf_V_12, i64 0, i64 %zext_ln156" [/home/changhong/prj/finn/deps/finn-hlslib/maxpool.h:156]   --->   Operation 64 'getelementptr' 'buf_V_12_addr' <Predicate = (!icmp_ln155)> <Delay = 0.00>
ST_4 : Operation 65 [1/1] (0.00ns)   --->   "%buf_V_13_addr = getelementptr i8 %buf_V_13, i64 0, i64 %zext_ln156" [/home/changhong/prj/finn/deps/finn-hlslib/maxpool.h:156]   --->   Operation 65 'getelementptr' 'buf_V_13_addr' <Predicate = (!icmp_ln155)> <Delay = 0.00>
ST_4 : Operation 66 [1/1] (0.00ns)   --->   "%buf_V_14_addr = getelementptr i8 %buf_V_14, i64 0, i64 %zext_ln156" [/home/changhong/prj/finn/deps/finn-hlslib/maxpool.h:156]   --->   Operation 66 'getelementptr' 'buf_V_14_addr' <Predicate = (!icmp_ln155)> <Delay = 0.00>
ST_4 : Operation 67 [1/1] (0.00ns)   --->   "%buf_V_15_addr = getelementptr i8 %buf_V_15, i64 0, i64 %zext_ln156" [/home/changhong/prj/finn/deps/finn-hlslib/maxpool.h:156]   --->   Operation 67 'getelementptr' 'buf_V_15_addr' <Predicate = (!icmp_ln155)> <Delay = 0.00>
ST_4 : Operation 68 [1/1] (0.00ns)   --->   "%buf_V_16_addr = getelementptr i8 %buf_V_16, i64 0, i64 %zext_ln156" [/home/changhong/prj/finn/deps/finn-hlslib/maxpool.h:156]   --->   Operation 68 'getelementptr' 'buf_V_16_addr' <Predicate = (!icmp_ln155)> <Delay = 0.00>
ST_4 : Operation 69 [1/1] (0.00ns)   --->   "%buf_V_17_addr = getelementptr i8 %buf_V_17, i64 0, i64 %zext_ln156" [/home/changhong/prj/finn/deps/finn-hlslib/maxpool.h:156]   --->   Operation 69 'getelementptr' 'buf_V_17_addr' <Predicate = (!icmp_ln155)> <Delay = 0.00>
ST_4 : Operation 70 [1/1] (0.00ns)   --->   "%buf_V_18_addr = getelementptr i8 %buf_V_18, i64 0, i64 %zext_ln156" [/home/changhong/prj/finn/deps/finn-hlslib/maxpool.h:156]   --->   Operation 70 'getelementptr' 'buf_V_18_addr' <Predicate = (!icmp_ln155)> <Delay = 0.00>
ST_4 : Operation 71 [1/1] (0.00ns)   --->   "%buf_V_19_addr = getelementptr i8 %buf_V_19, i64 0, i64 %zext_ln156" [/home/changhong/prj/finn/deps/finn-hlslib/maxpool.h:156]   --->   Operation 71 'getelementptr' 'buf_V_19_addr' <Predicate = (!icmp_ln155)> <Delay = 0.00>
ST_4 : Operation 72 [2/2] (0.67ns)   --->   "%buf_V_load = load i4 %buf_V_addr" [/home/changhong/prj/finn/deps/finn-hlslib/maxpool.h:168]   --->   Operation 72 'load' 'buf_V_load' <Predicate = (!icmp_ln155)> <Delay = 0.67> <CoreInst = "RAM">   --->   Core 83 'RAM' <Latency = 1> <II = 1> <Delay = 0.67> <Storage> <Opcode : 'load' 'store'> <Ports = 2> <Width = 8> <Depth = 14> <RAM>
ST_4 : Operation 73 [2/2] (0.67ns)   --->   "%buf_V_1_load = load i4 %buf_V_1_addr" [/home/changhong/prj/finn/deps/finn-hlslib/maxpool.h:168]   --->   Operation 73 'load' 'buf_V_1_load' <Predicate = (!icmp_ln155)> <Delay = 0.67> <CoreInst = "RAM">   --->   Core 83 'RAM' <Latency = 1> <II = 1> <Delay = 0.67> <Storage> <Opcode : 'load' 'store'> <Ports = 2> <Width = 8> <Depth = 14> <RAM>
ST_4 : Operation 74 [2/2] (0.67ns)   --->   "%buf_V_2_load = load i4 %buf_V_2_addr" [/home/changhong/prj/finn/deps/finn-hlslib/maxpool.h:168]   --->   Operation 74 'load' 'buf_V_2_load' <Predicate = (!icmp_ln155)> <Delay = 0.67> <CoreInst = "RAM">   --->   Core 83 'RAM' <Latency = 1> <II = 1> <Delay = 0.67> <Storage> <Opcode : 'load' 'store'> <Ports = 2> <Width = 8> <Depth = 14> <RAM>
ST_4 : Operation 75 [2/2] (0.67ns)   --->   "%buf_V_3_load = load i4 %buf_V_3_addr" [/home/changhong/prj/finn/deps/finn-hlslib/maxpool.h:168]   --->   Operation 75 'load' 'buf_V_3_load' <Predicate = (!icmp_ln155)> <Delay = 0.67> <CoreInst = "RAM">   --->   Core 83 'RAM' <Latency = 1> <II = 1> <Delay = 0.67> <Storage> <Opcode : 'load' 'store'> <Ports = 2> <Width = 8> <Depth = 14> <RAM>
ST_4 : Operation 76 [2/2] (0.67ns)   --->   "%buf_V_4_load = load i4 %buf_V_4_addr" [/home/changhong/prj/finn/deps/finn-hlslib/maxpool.h:168]   --->   Operation 76 'load' 'buf_V_4_load' <Predicate = (!icmp_ln155)> <Delay = 0.67> <CoreInst = "RAM">   --->   Core 83 'RAM' <Latency = 1> <II = 1> <Delay = 0.67> <Storage> <Opcode : 'load' 'store'> <Ports = 2> <Width = 8> <Depth = 14> <RAM>
ST_4 : Operation 77 [2/2] (0.67ns)   --->   "%buf_V_5_load = load i4 %buf_V_5_addr" [/home/changhong/prj/finn/deps/finn-hlslib/maxpool.h:168]   --->   Operation 77 'load' 'buf_V_5_load' <Predicate = (!icmp_ln155)> <Delay = 0.67> <CoreInst = "RAM">   --->   Core 83 'RAM' <Latency = 1> <II = 1> <Delay = 0.67> <Storage> <Opcode : 'load' 'store'> <Ports = 2> <Width = 8> <Depth = 14> <RAM>
ST_4 : Operation 78 [2/2] (0.67ns)   --->   "%buf_V_6_load = load i4 %buf_V_6_addr" [/home/changhong/prj/finn/deps/finn-hlslib/maxpool.h:168]   --->   Operation 78 'load' 'buf_V_6_load' <Predicate = (!icmp_ln155)> <Delay = 0.67> <CoreInst = "RAM">   --->   Core 83 'RAM' <Latency = 1> <II = 1> <Delay = 0.67> <Storage> <Opcode : 'load' 'store'> <Ports = 2> <Width = 8> <Depth = 14> <RAM>
ST_4 : Operation 79 [2/2] (0.67ns)   --->   "%buf_V_7_load = load i4 %buf_V_7_addr" [/home/changhong/prj/finn/deps/finn-hlslib/maxpool.h:168]   --->   Operation 79 'load' 'buf_V_7_load' <Predicate = (!icmp_ln155)> <Delay = 0.67> <CoreInst = "RAM">   --->   Core 83 'RAM' <Latency = 1> <II = 1> <Delay = 0.67> <Storage> <Opcode : 'load' 'store'> <Ports = 2> <Width = 8> <Depth = 14> <RAM>
ST_4 : Operation 80 [2/2] (0.67ns)   --->   "%buf_V_8_load = load i4 %buf_V_8_addr" [/home/changhong/prj/finn/deps/finn-hlslib/maxpool.h:168]   --->   Operation 80 'load' 'buf_V_8_load' <Predicate = (!icmp_ln155)> <Delay = 0.67> <CoreInst = "RAM">   --->   Core 83 'RAM' <Latency = 1> <II = 1> <Delay = 0.67> <Storage> <Opcode : 'load' 'store'> <Ports = 2> <Width = 8> <Depth = 14> <RAM>
ST_4 : Operation 81 [2/2] (0.67ns)   --->   "%buf_V_9_load = load i4 %buf_V_9_addr" [/home/changhong/prj/finn/deps/finn-hlslib/maxpool.h:168]   --->   Operation 81 'load' 'buf_V_9_load' <Predicate = (!icmp_ln155)> <Delay = 0.67> <CoreInst = "RAM">   --->   Core 83 'RAM' <Latency = 1> <II = 1> <Delay = 0.67> <Storage> <Opcode : 'load' 'store'> <Ports = 2> <Width = 8> <Depth = 14> <RAM>
ST_4 : Operation 82 [2/2] (0.67ns)   --->   "%buf_V_10_load = load i4 %buf_V_10_addr" [/home/changhong/prj/finn/deps/finn-hlslib/maxpool.h:168]   --->   Operation 82 'load' 'buf_V_10_load' <Predicate = (!icmp_ln155)> <Delay = 0.67> <CoreInst = "RAM">   --->   Core 83 'RAM' <Latency = 1> <II = 1> <Delay = 0.67> <Storage> <Opcode : 'load' 'store'> <Ports = 2> <Width = 8> <Depth = 14> <RAM>
ST_4 : Operation 83 [2/2] (0.67ns)   --->   "%buf_V_11_load = load i4 %buf_V_11_addr" [/home/changhong/prj/finn/deps/finn-hlslib/maxpool.h:168]   --->   Operation 83 'load' 'buf_V_11_load' <Predicate = (!icmp_ln155)> <Delay = 0.67> <CoreInst = "RAM">   --->   Core 83 'RAM' <Latency = 1> <II = 1> <Delay = 0.67> <Storage> <Opcode : 'load' 'store'> <Ports = 2> <Width = 8> <Depth = 14> <RAM>
ST_4 : Operation 84 [2/2] (0.67ns)   --->   "%buf_V_12_load = load i4 %buf_V_12_addr" [/home/changhong/prj/finn/deps/finn-hlslib/maxpool.h:168]   --->   Operation 84 'load' 'buf_V_12_load' <Predicate = (!icmp_ln155)> <Delay = 0.67> <CoreInst = "RAM">   --->   Core 83 'RAM' <Latency = 1> <II = 1> <Delay = 0.67> <Storage> <Opcode : 'load' 'store'> <Ports = 2> <Width = 8> <Depth = 14> <RAM>
ST_4 : Operation 85 [2/2] (0.67ns)   --->   "%buf_V_13_load = load i4 %buf_V_13_addr" [/home/changhong/prj/finn/deps/finn-hlslib/maxpool.h:168]   --->   Operation 85 'load' 'buf_V_13_load' <Predicate = (!icmp_ln155)> <Delay = 0.67> <CoreInst = "RAM">   --->   Core 83 'RAM' <Latency = 1> <II = 1> <Delay = 0.67> <Storage> <Opcode : 'load' 'store'> <Ports = 2> <Width = 8> <Depth = 14> <RAM>
ST_4 : Operation 86 [2/2] (0.67ns)   --->   "%buf_V_14_load = load i4 %buf_V_14_addr" [/home/changhong/prj/finn/deps/finn-hlslib/maxpool.h:168]   --->   Operation 86 'load' 'buf_V_14_load' <Predicate = (!icmp_ln155)> <Delay = 0.67> <CoreInst = "RAM">   --->   Core 83 'RAM' <Latency = 1> <II = 1> <Delay = 0.67> <Storage> <Opcode : 'load' 'store'> <Ports = 2> <Width = 8> <Depth = 14> <RAM>
ST_4 : Operation 87 [2/2] (0.67ns)   --->   "%buf_V_15_load = load i4 %buf_V_15_addr" [/home/changhong/prj/finn/deps/finn-hlslib/maxpool.h:168]   --->   Operation 87 'load' 'buf_V_15_load' <Predicate = (!icmp_ln155)> <Delay = 0.67> <CoreInst = "RAM">   --->   Core 83 'RAM' <Latency = 1> <II = 1> <Delay = 0.67> <Storage> <Opcode : 'load' 'store'> <Ports = 2> <Width = 8> <Depth = 14> <RAM>
ST_4 : Operation 88 [2/2] (0.67ns)   --->   "%buf_V_16_load = load i4 %buf_V_16_addr" [/home/changhong/prj/finn/deps/finn-hlslib/maxpool.h:168]   --->   Operation 88 'load' 'buf_V_16_load' <Predicate = (!icmp_ln155)> <Delay = 0.67> <CoreInst = "RAM">   --->   Core 83 'RAM' <Latency = 1> <II = 1> <Delay = 0.67> <Storage> <Opcode : 'load' 'store'> <Ports = 2> <Width = 8> <Depth = 14> <RAM>
ST_4 : Operation 89 [2/2] (0.67ns)   --->   "%buf_V_17_load = load i4 %buf_V_17_addr" [/home/changhong/prj/finn/deps/finn-hlslib/maxpool.h:168]   --->   Operation 89 'load' 'buf_V_17_load' <Predicate = (!icmp_ln155)> <Delay = 0.67> <CoreInst = "RAM">   --->   Core 83 'RAM' <Latency = 1> <II = 1> <Delay = 0.67> <Storage> <Opcode : 'load' 'store'> <Ports = 2> <Width = 8> <Depth = 14> <RAM>
ST_4 : Operation 90 [2/2] (0.67ns)   --->   "%buf_V_18_load = load i4 %buf_V_18_addr" [/home/changhong/prj/finn/deps/finn-hlslib/maxpool.h:168]   --->   Operation 90 'load' 'buf_V_18_load' <Predicate = (!icmp_ln155)> <Delay = 0.67> <CoreInst = "RAM">   --->   Core 83 'RAM' <Latency = 1> <II = 1> <Delay = 0.67> <Storage> <Opcode : 'load' 'store'> <Ports = 2> <Width = 8> <Depth = 14> <RAM>
ST_4 : Operation 91 [2/2] (0.67ns)   --->   "%buf_V_19_load = load i4 %buf_V_19_addr" [/home/changhong/prj/finn/deps/finn-hlslib/maxpool.h:168]   --->   Operation 91 'load' 'buf_V_19_load' <Predicate = (!icmp_ln155)> <Delay = 0.67> <CoreInst = "RAM">   --->   Core 83 'RAM' <Latency = 1> <II = 1> <Delay = 0.67> <Storage> <Opcode : 'load' 'store'> <Ports = 2> <Width = 8> <Depth = 14> <RAM>
ST_4 : Operation 92 [1/1] (0.00ns)   --->   "%empty_92 = wait i32 @_ssdm_op_Wait"   --->   Operation 92 'wait' 'empty_92' <Predicate = (!icmp_ln155)> <Delay = 0.00>
ST_4 : Operation 93 [1/1] (0.79ns)   --->   "%add_ln156 = add i4 %select_ln155, i4 1" [/home/changhong/prj/finn/deps/finn-hlslib/maxpool.h:156]   --->   Operation 93 'add' 'add_ln156' <Predicate = (!icmp_ln155)> <Delay = 0.79> <CoreInst = "Adder">   --->   Core 1 'Adder' <Latency = 0> <II = 1> <Delay = 0.79> <FuncUnit> <Opcode : 'add' 'sub'> <InPorts = 2> <OutPorts = 1>
ST_4 : Operation 94 [1/1] (0.00ns)   --->   "%empty_90 = wait i32 @_ssdm_op_Wait"   --->   Operation 94 'wait' 'empty_90' <Predicate = (icmp_ln155)> <Delay = 0.00>
ST_4 : Operation 95 [2/2] (0.00ns)   --->   "%call_ln0 = call void @StreamingMaxPool_Precision_Pipeline_VITIS_LOOP_174_8, i8 %buf_V, i8 %buf_V_1, i8 %buf_V_2, i8 %buf_V_3, i8 %buf_V_4, i8 %buf_V_5, i8 %buf_V_6, i8 %buf_V_7, i8 %buf_V_8, i8 %buf_V_9, i8 %buf_V_10, i8 %buf_V_11, i8 %buf_V_12, i8 %buf_V_13, i8 %buf_V_14, i8 %buf_V_15, i8 %buf_V_16, i8 %buf_V_17, i8 %buf_V_18, i8 %buf_V_19, i160 %out_V"   --->   Operation 95 'call' 'call_ln0' <Predicate = (icmp_ln155)> <Delay = 0.00> <CoreType = "Generic">   --->   Core 0 '' <Latency = 0> <II = 1> <Delay = 1.00> <Generic> <Opcode : >
ST_4 : Operation 96 [1/1] (0.42ns)   --->   "%store_ln154 = store i4 %yp_2, i4 %yp" [/home/changhong/prj/finn/deps/finn-hlslib/maxpool.h:154]   --->   Operation 96 'store' 'store_ln154' <Predicate = (icmp_ln155)> <Delay = 0.42>

State 5 <SV = 4> <Delay = 0.67>
ST_5 : Operation 97 [1/2] (0.67ns)   --->   "%buf_V_load = load i4 %buf_V_addr" [/home/changhong/prj/finn/deps/finn-hlslib/maxpool.h:168]   --->   Operation 97 'load' 'buf_V_load' <Predicate = true> <Delay = 0.67> <CoreInst = "RAM">   --->   Core 83 'RAM' <Latency = 1> <II = 1> <Delay = 0.67> <Storage> <Opcode : 'load' 'store'> <Ports = 2> <Width = 8> <Depth = 14> <RAM>
ST_5 : Operation 98 [1/2] (0.67ns)   --->   "%buf_V_1_load = load i4 %buf_V_1_addr" [/home/changhong/prj/finn/deps/finn-hlslib/maxpool.h:168]   --->   Operation 98 'load' 'buf_V_1_load' <Predicate = true> <Delay = 0.67> <CoreInst = "RAM">   --->   Core 83 'RAM' <Latency = 1> <II = 1> <Delay = 0.67> <Storage> <Opcode : 'load' 'store'> <Ports = 2> <Width = 8> <Depth = 14> <RAM>
ST_5 : Operation 99 [1/2] (0.67ns)   --->   "%buf_V_2_load = load i4 %buf_V_2_addr" [/home/changhong/prj/finn/deps/finn-hlslib/maxpool.h:168]   --->   Operation 99 'load' 'buf_V_2_load' <Predicate = true> <Delay = 0.67> <CoreInst = "RAM">   --->   Core 83 'RAM' <Latency = 1> <II = 1> <Delay = 0.67> <Storage> <Opcode : 'load' 'store'> <Ports = 2> <Width = 8> <Depth = 14> <RAM>
ST_5 : Operation 100 [1/2] (0.67ns)   --->   "%buf_V_3_load = load i4 %buf_V_3_addr" [/home/changhong/prj/finn/deps/finn-hlslib/maxpool.h:168]   --->   Operation 100 'load' 'buf_V_3_load' <Predicate = true> <Delay = 0.67> <CoreInst = "RAM">   --->   Core 83 'RAM' <Latency = 1> <II = 1> <Delay = 0.67> <Storage> <Opcode : 'load' 'store'> <Ports = 2> <Width = 8> <Depth = 14> <RAM>
ST_5 : Operation 101 [1/2] (0.67ns)   --->   "%buf_V_4_load = load i4 %buf_V_4_addr" [/home/changhong/prj/finn/deps/finn-hlslib/maxpool.h:168]   --->   Operation 101 'load' 'buf_V_4_load' <Predicate = true> <Delay = 0.67> <CoreInst = "RAM">   --->   Core 83 'RAM' <Latency = 1> <II = 1> <Delay = 0.67> <Storage> <Opcode : 'load' 'store'> <Ports = 2> <Width = 8> <Depth = 14> <RAM>
ST_5 : Operation 102 [1/2] (0.67ns)   --->   "%buf_V_5_load = load i4 %buf_V_5_addr" [/home/changhong/prj/finn/deps/finn-hlslib/maxpool.h:168]   --->   Operation 102 'load' 'buf_V_5_load' <Predicate = true> <Delay = 0.67> <CoreInst = "RAM">   --->   Core 83 'RAM' <Latency = 1> <II = 1> <Delay = 0.67> <Storage> <Opcode : 'load' 'store'> <Ports = 2> <Width = 8> <Depth = 14> <RAM>
ST_5 : Operation 103 [1/2] (0.67ns)   --->   "%buf_V_6_load = load i4 %buf_V_6_addr" [/home/changhong/prj/finn/deps/finn-hlslib/maxpool.h:168]   --->   Operation 103 'load' 'buf_V_6_load' <Predicate = true> <Delay = 0.67> <CoreInst = "RAM">   --->   Core 83 'RAM' <Latency = 1> <II = 1> <Delay = 0.67> <Storage> <Opcode : 'load' 'store'> <Ports = 2> <Width = 8> <Depth = 14> <RAM>
ST_5 : Operation 104 [1/2] (0.67ns)   --->   "%buf_V_7_load = load i4 %buf_V_7_addr" [/home/changhong/prj/finn/deps/finn-hlslib/maxpool.h:168]   --->   Operation 104 'load' 'buf_V_7_load' <Predicate = true> <Delay = 0.67> <CoreInst = "RAM">   --->   Core 83 'RAM' <Latency = 1> <II = 1> <Delay = 0.67> <Storage> <Opcode : 'load' 'store'> <Ports = 2> <Width = 8> <Depth = 14> <RAM>
ST_5 : Operation 105 [1/2] (0.67ns)   --->   "%buf_V_8_load = load i4 %buf_V_8_addr" [/home/changhong/prj/finn/deps/finn-hlslib/maxpool.h:168]   --->   Operation 105 'load' 'buf_V_8_load' <Predicate = true> <Delay = 0.67> <CoreInst = "RAM">   --->   Core 83 'RAM' <Latency = 1> <II = 1> <Delay = 0.67> <Storage> <Opcode : 'load' 'store'> <Ports = 2> <Width = 8> <Depth = 14> <RAM>
ST_5 : Operation 106 [1/2] (0.67ns)   --->   "%buf_V_9_load = load i4 %buf_V_9_addr" [/home/changhong/prj/finn/deps/finn-hlslib/maxpool.h:168]   --->   Operation 106 'load' 'buf_V_9_load' <Predicate = true> <Delay = 0.67> <CoreInst = "RAM">   --->   Core 83 'RAM' <Latency = 1> <II = 1> <Delay = 0.67> <Storage> <Opcode : 'load' 'store'> <Ports = 2> <Width = 8> <Depth = 14> <RAM>
ST_5 : Operation 107 [1/2] (0.67ns)   --->   "%buf_V_10_load = load i4 %buf_V_10_addr" [/home/changhong/prj/finn/deps/finn-hlslib/maxpool.h:168]   --->   Operation 107 'load' 'buf_V_10_load' <Predicate = true> <Delay = 0.67> <CoreInst = "RAM">   --->   Core 83 'RAM' <Latency = 1> <II = 1> <Delay = 0.67> <Storage> <Opcode : 'load' 'store'> <Ports = 2> <Width = 8> <Depth = 14> <RAM>
ST_5 : Operation 108 [1/2] (0.67ns)   --->   "%buf_V_11_load = load i4 %buf_V_11_addr" [/home/changhong/prj/finn/deps/finn-hlslib/maxpool.h:168]   --->   Operation 108 'load' 'buf_V_11_load' <Predicate = true> <Delay = 0.67> <CoreInst = "RAM">   --->   Core 83 'RAM' <Latency = 1> <II = 1> <Delay = 0.67> <Storage> <Opcode : 'load' 'store'> <Ports = 2> <Width = 8> <Depth = 14> <RAM>
ST_5 : Operation 109 [1/2] (0.67ns)   --->   "%buf_V_12_load = load i4 %buf_V_12_addr" [/home/changhong/prj/finn/deps/finn-hlslib/maxpool.h:168]   --->   Operation 109 'load' 'buf_V_12_load' <Predicate = true> <Delay = 0.67> <CoreInst = "RAM">   --->   Core 83 'RAM' <Latency = 1> <II = 1> <Delay = 0.67> <Storage> <Opcode : 'load' 'store'> <Ports = 2> <Width = 8> <Depth = 14> <RAM>
ST_5 : Operation 110 [1/2] (0.67ns)   --->   "%buf_V_13_load = load i4 %buf_V_13_addr" [/home/changhong/prj/finn/deps/finn-hlslib/maxpool.h:168]   --->   Operation 110 'load' 'buf_V_13_load' <Predicate = true> <Delay = 0.67> <CoreInst = "RAM">   --->   Core 83 'RAM' <Latency = 1> <II = 1> <Delay = 0.67> <Storage> <Opcode : 'load' 'store'> <Ports = 2> <Width = 8> <Depth = 14> <RAM>
ST_5 : Operation 111 [1/2] (0.67ns)   --->   "%buf_V_14_load = load i4 %buf_V_14_addr" [/home/changhong/prj/finn/deps/finn-hlslib/maxpool.h:168]   --->   Operation 111 'load' 'buf_V_14_load' <Predicate = true> <Delay = 0.67> <CoreInst = "RAM">   --->   Core 83 'RAM' <Latency = 1> <II = 1> <Delay = 0.67> <Storage> <Opcode : 'load' 'store'> <Ports = 2> <Width = 8> <Depth = 14> <RAM>
ST_5 : Operation 112 [1/2] (0.67ns)   --->   "%buf_V_15_load = load i4 %buf_V_15_addr" [/home/changhong/prj/finn/deps/finn-hlslib/maxpool.h:168]   --->   Operation 112 'load' 'buf_V_15_load' <Predicate = true> <Delay = 0.67> <CoreInst = "RAM">   --->   Core 83 'RAM' <Latency = 1> <II = 1> <Delay = 0.67> <Storage> <Opcode : 'load' 'store'> <Ports = 2> <Width = 8> <Depth = 14> <RAM>
ST_5 : Operation 113 [1/2] (0.67ns)   --->   "%buf_V_16_load = load i4 %buf_V_16_addr" [/home/changhong/prj/finn/deps/finn-hlslib/maxpool.h:168]   --->   Operation 113 'load' 'buf_V_16_load' <Predicate = true> <Delay = 0.67> <CoreInst = "RAM">   --->   Core 83 'RAM' <Latency = 1> <II = 1> <Delay = 0.67> <Storage> <Opcode : 'load' 'store'> <Ports = 2> <Width = 8> <Depth = 14> <RAM>
ST_5 : Operation 114 [1/2] (0.67ns)   --->   "%buf_V_17_load = load i4 %buf_V_17_addr" [/home/changhong/prj/finn/deps/finn-hlslib/maxpool.h:168]   --->   Operation 114 'load' 'buf_V_17_load' <Predicate = true> <Delay = 0.67> <CoreInst = "RAM">   --->   Core 83 'RAM' <Latency = 1> <II = 1> <Delay = 0.67> <Storage> <Opcode : 'load' 'store'> <Ports = 2> <Width = 8> <Depth = 14> <RAM>
ST_5 : Operation 115 [1/2] (0.67ns)   --->   "%buf_V_18_load = load i4 %buf_V_18_addr" [/home/changhong/prj/finn/deps/finn-hlslib/maxpool.h:168]   --->   Operation 115 'load' 'buf_V_18_load' <Predicate = true> <Delay = 0.67> <CoreInst = "RAM">   --->   Core 83 'RAM' <Latency = 1> <II = 1> <Delay = 0.67> <Storage> <Opcode : 'load' 'store'> <Ports = 2> <Width = 8> <Depth = 14> <RAM>
ST_5 : Operation 116 [1/2] (0.67ns)   --->   "%buf_V_19_load = load i4 %buf_V_19_addr" [/home/changhong/prj/finn/deps/finn-hlslib/maxpool.h:168]   --->   Operation 116 'load' 'buf_V_19_load' <Predicate = true> <Delay = 0.67> <CoreInst = "RAM">   --->   Core 83 'RAM' <Latency = 1> <II = 1> <Delay = 0.67> <Storage> <Opcode : 'load' 'store'> <Ports = 2> <Width = 8> <Depth = 14> <RAM>

State 6 <SV = 5> <Delay = 2.34>
ST_6 : Operation 117 [2/2] (2.34ns)   --->   "%call_ln168 = call void @StreamingMaxPool_Precision_Pipeline_VITIS_LOOP_158_6, i8 %buf_V_19_load, i8 %buf_V_18_load, i8 %buf_V_17_load, i8 %buf_V_16_load, i8 %buf_V_15_load, i8 %buf_V_14_load, i8 %buf_V_13_load, i8 %buf_V_12_load, i8 %buf_V_11_load, i8 %buf_V_10_load, i8 %buf_V_9_load, i8 %buf_V_8_load, i8 %buf_V_7_load, i8 %buf_V_6_load, i8 %buf_V_5_load, i8 %buf_V_4_load, i8 %buf_V_3_load, i8 %buf_V_2_load, i8 %buf_V_1_load, i8 %buf_V_load, i8 %buf_V_19, i4 %select_ln155, i8 %buf_V_18, i8 %buf_V_17, i8 %buf_V_16, i8 %buf_V_15, i8 %buf_V_14, i8 %buf_V_13, i8 %buf_V_12, i8 %buf_V_11, i8 %buf_V_10, i8 %buf_V_9, i8 %buf_V_8, i8 %buf_V_7, i8 %buf_V_6, i8 %buf_V_5, i8 %buf_V_4, i8 %buf_V_3, i8 %buf_V_2, i8 %buf_V_1, i8 %buf_V, i160 %in0_V" [/home/changhong/prj/finn/deps/finn-hlslib/maxpool.h:168]   --->   Operation 117 'call' 'call_ln168' <Predicate = true> <Delay = 2.34> <CoreType = "Generic">   --->   Core 0 '' <Latency = 0> <II = 1> <Delay = 1.00> <Generic> <Opcode : >

State 7 <SV = 6> <Delay = 0.00>
ST_7 : Operation 118 [1/1] (0.00ns)   --->   "%specloopname_ln0 = specloopname void @_ssdm_op_SpecLoopName, void @VITIS_LOOP_155_4_VITIS_LOOP_156_5_str"   --->   Operation 118 'specloopname' 'specloopname_ln0' <Predicate = true> <Delay = 0.00>
ST_7 : Operation 119 [1/1] (0.00ns)   --->   "%empty_91 = speclooptripcount i32 @_ssdm_op_SpecLoopTripCount, i64 28, i64 28, i64 28"   --->   Operation 119 'speclooptripcount' 'empty_91' <Predicate = true> <Delay = 0.00>
ST_7 : Operation 120 [1/1] (0.00ns)   --->   "%specloopname_ln156 = specloopname void @_ssdm_op_SpecLoopName, void @empty_5" [/home/changhong/prj/finn/deps/finn-hlslib/maxpool.h:156]   --->   Operation 120 'specloopname' 'specloopname_ln156' <Predicate = true> <Delay = 0.00>
ST_7 : Operation 121 [1/2] (0.00ns)   --->   "%call_ln168 = call void @StreamingMaxPool_Precision_Pipeline_VITIS_LOOP_158_6, i8 %buf_V_19_load, i8 %buf_V_18_load, i8 %buf_V_17_load, i8 %buf_V_16_load, i8 %buf_V_15_load, i8 %buf_V_14_load, i8 %buf_V_13_load, i8 %buf_V_12_load, i8 %buf_V_11_load, i8 %buf_V_10_load, i8 %buf_V_9_load, i8 %buf_V_8_load, i8 %buf_V_7_load, i8 %buf_V_6_load, i8 %buf_V_5_load, i8 %buf_V_4_load, i8 %buf_V_3_load, i8 %buf_V_2_load, i8 %buf_V_1_load, i8 %buf_V_load, i8 %buf_V_19, i4 %select_ln155, i8 %buf_V_18, i8 %buf_V_17, i8 %buf_V_16, i8 %buf_V_15, i8 %buf_V_14, i8 %buf_V_13, i8 %buf_V_12, i8 %buf_V_11, i8 %buf_V_10, i8 %buf_V_9, i8 %buf_V_8, i8 %buf_V_7, i8 %buf_V_6, i8 %buf_V_5, i8 %buf_V_4, i8 %buf_V_3, i8 %buf_V_2, i8 %buf_V_1, i8 %buf_V, i160 %in0_V" [/home/changhong/prj/finn/deps/finn-hlslib/maxpool.h:168]   --->   Operation 121 'call' 'call_ln168' <Predicate = true> <Delay = 0.00> <CoreType = "Generic">   --->   Core 0 '' <Latency = 0> <II = 1> <Delay = 1.00> <Generic> <Opcode : >
ST_7 : Operation 122 [1/1] (0.00ns)   --->   "%br_ln156 = br void %VITIS_LOOP_158_6" [/home/changhong/prj/finn/deps/finn-hlslib/maxpool.h:156]   --->   Operation 122 'br' 'br_ln156' <Predicate = true> <Delay = 0.00>

State 8 <SV = 4> <Delay = 0.67>
ST_8 : Operation 123 [1/2] (0.67ns)   --->   "%call_ln0 = call void @StreamingMaxPool_Precision_Pipeline_VITIS_LOOP_174_8, i8 %buf_V, i8 %buf_V_1, i8 %buf_V_2, i8 %buf_V_3, i8 %buf_V_4, i8 %buf_V_5, i8 %buf_V_6, i8 %buf_V_7, i8 %buf_V_8, i8 %buf_V_9, i8 %buf_V_10, i8 %buf_V_11, i8 %buf_V_12, i8 %buf_V_13, i8 %buf_V_14, i8 %buf_V_15, i8 %buf_V_16, i8 %buf_V_17, i8 %buf_V_18, i8 %buf_V_19, i160 %out_V"   --->   Operation 123 'call' 'call_ln0' <Predicate = true> <Delay = 0.67> <CoreType = "Generic">   --->   Core 0 '' <Latency = 0> <II = 1> <Delay = 1.00> <Generic> <Opcode : >
ST_8 : Operation 124 [1/1] (0.00ns)   --->   "%br_ln154 = br void %VITIS_LOOP_155_4" [/home/changhong/prj/finn/deps/finn-hlslib/maxpool.h:154]   --->   Operation 124 'br' 'br_ln154' <Predicate = true> <Delay = 0.00>


============================================================
+ Verbose Summary: Timing violations
============================================================
Target clock period: 10ns, clock uncertainty: 2.7ns.

 <State 1>: 0.427ns
The critical path consists of the following:
	'alloca' operation ('yp') [3]  (0 ns)
	'store' operation ('store_ln154', /home/changhong/prj/finn/deps/finn-hlslib/maxpool.h:154) of constant 0 on local variable 'yp' [27]  (0.427 ns)

 <State 2>: 0ns
The critical path consists of the following:

 <State 3>: 0.797ns
The critical path consists of the following:
	'load' operation ('yp', /home/changhong/prj/finn/deps/finn-hlslib/maxpool.h:154) on local variable 'yp' [30]  (0 ns)
	'add' operation ('yp', /home/changhong/prj/finn/deps/finn-hlslib/maxpool.h:154) [33]  (0.797 ns)

 <State 4>: 1.91ns
The critical path consists of the following:
	'phi' operation ('xp', /home/changhong/prj/finn/deps/finn-hlslib/maxpool.h:156) with incoming values : ('add_ln156', /home/changhong/prj/finn/deps/finn-hlslib/maxpool.h:156) [40]  (0 ns)
	'icmp' operation ('icmp_ln156', /home/changhong/prj/finn/deps/finn-hlslib/maxpool.h:156) [47]  (0.721 ns)
	'select' operation ('select_ln155', /home/changhong/prj/finn/deps/finn-hlslib/maxpool.h:155) [48]  (0.391 ns)
	'add' operation ('add_ln156', /home/changhong/prj/finn/deps/finn-hlslib/maxpool.h:156) [93]  (0.797 ns)

 <State 5>: 0.677ns
The critical path consists of the following:
	'load' operation ('buf_V_load', /home/changhong/prj/finn/deps/finn-hlslib/maxpool.h:168) on array 'buf.V', /home/changhong/prj/finn/deps/finn-hlslib/maxpool.h:145 [71]  (0.677 ns)

 <State 6>: 2.35ns
The critical path consists of the following:
	'call' operation ('call_ln168', /home/changhong/prj/finn/deps/finn-hlslib/maxpool.h:168) to 'StreamingMaxPool_Precision_Pipeline_VITIS_LOOP_158_6' [92]  (2.35 ns)

 <State 7>: 0ns
The critical path consists of the following:

 <State 8>: 0.677ns
The critical path consists of the following:
	'call' operation ('call_ln0') to 'StreamingMaxPool_Precision_Pipeline_VITIS_LOOP_174_8' [97]  (0.677 ns)


============================================================
+ Verbose Summary: Binding
============================================================
N/A
* FSMD analyzer results:
  - Output states:
 - Input state : 
  - Chain level:
	State 1
	State 2
	State 3
	State 4
	State 5
	State 6
	State 7
	State 8


============================================================
+ Verbose Summary: Datapath Resource usage 
============================================================
N/A
