

================================================================
== Vitis HLS Report for 'StreamingMaxPool_Precision_Pipeline_VITIS_LOOP_147_1'
================================================================
* Date:           Thu Jun 19 12:41:37 2025

* Version:        2022.2 (Build 3670227 on Oct 13 2022)
* Project:        project_StreamingMaxPool_hls_0
* Solution:       sol1 (Vivado IP Flow Target)
* Product family: zynquplus
* Target device:  xczu7ev-ffvc1156-2-e


================================================================
== Performance Estimates
================================================================
+ Timing: 
    * Summary: 
    +--------+----------+----------+------------+
    |  Clock |  Target  | Estimated| Uncertainty|
    +--------+----------+----------+------------+
    |ap_clk  |  10.00 ns|  1.398 ns|     2.70 ns|
    +--------+----------+----------+------------+

+ Latency: 
    * Summary: 
    +---------+---------+----------+----------+-----+-----+---------+
    |  Latency (cycles) |  Latency (absolute) |  Interval | Pipeline|
    |   min   |   max   |    min   |    max   | min | max |   Type  |
    +---------+---------+----------+----------+-----+-----+---------+
    |       16|       16|  0.160 us|  0.160 us|   16|   16|       no|
    +---------+---------+----------+----------+-----+-----+---------+

    + Detail: 
        * Instance: 
        N/A

        * Loop: 
        +--------------------+---------+---------+----------+-----------+-----------+------+----------+
        |                    |  Latency (cycles) | Iteration|  Initiation Interval  | Trip |          |
        |      Loop Name     |   min   |   max   |  Latency |  achieved |   target  | Count| Pipelined|
        +--------------------+---------+---------+----------+-----------+-----------+------+----------+
        |- VITIS_LOOP_147_1  |       14|       14|         1|          1|          1|    14|  yes(flp)|
        +--------------------+---------+---------+----------+-----------+-----------+------+----------+

============================================================
+ Verbose Summary: Synthesis Manager
============================================================
InlineROM: 1
ExposeGlobal: 0
============================================================
+ Verbose Summary: CDFG Model
============================================================
IsTopModel: 0
ResetActiveHigh: 1
IsCombinational: 0
IsDatapathOnly: 0
HasWiredReturn: 1
HasMFsm: 1
HasVarLatency: 1
IsPipeline: 0
IsRtlPipelined: 0
IsInstanceOverlapped: 0
IsDontTouch: 0
HasImplIP: 0
IsGatedGlobalClock: 0

+ Individual pipeline summary: 
  * Pipeline-0: initiation interval (II) = 1, depth = 1


============================================================
+ Verbose Summary: Schedule
============================================================
* Number of FSM states : 1
* Pipeline : 1
  Pipeline-0 : II = 1, D = 1, States = { 1 }
* Dataflow Pipeline: 0

* FSM state transitions: 
1 --> 

* FSM state operations: 

State 1 <SV = 0> <Delay = 1.39>
ST_1 : Operation 4 [1/1] (0.00ns)   --->   "%i = alloca i32 1"   --->   Operation 4 'alloca' 'i' <Predicate = true> <Delay = 0.00>
ST_1 : Operation 5 [1/1] (0.42ns)   --->   "%store_ln0 = store i4 0, i4 %i"   --->   Operation 5 'store' 'store_ln0' <Predicate = true> <Delay = 0.42>
ST_1 : Operation 6 [1/1] (0.00ns)   --->   "%br_ln0 = br void %for.inc"   --->   Operation 6 'br' 'br_ln0' <Predicate = true> <Delay = 0.00>
ST_1 : Operation 7 [1/1] (0.00ns)   --->   "%i_1 = load i4 %i" [/home/changhong/prj/finn/deps/finn-hlslib/maxpool.h:147]   --->   Operation 7 'load' 'i_1' <Predicate = true> <Delay = 0.00>
ST_1 : Operation 8 [1/1] (0.00ns)   --->   "%specpipeline_ln0 = specpipeline void @_ssdm_op_SpecPipeline, i32 4294967295, i32 0, i32 1, i32 0, void @p_str"   --->   Operation 8 'specpipeline' 'specpipeline_ln0' <Predicate = true> <Delay = 0.00>
ST_1 : Operation 9 [1/1] (0.72ns)   --->   "%icmp_ln147 = icmp_eq  i4 %i_1, i4 14" [/home/changhong/prj/finn/deps/finn-hlslib/maxpool.h:147]   --->   Operation 9 'icmp' 'icmp_ln147' <Predicate = true> <Delay = 0.72> <CoreInst = "Cmp">   --->   Core 9 'Cmp' <Latency = 0> <II = 1> <Delay = 0.72> <FuncUnit> <Opcode : 'icmp'> <InPorts = 2> <OutPorts = 1>
ST_1 : Operation 10 [1/1] (0.00ns)   --->   "%empty = speclooptripcount i32 @_ssdm_op_SpecLoopTripCount, i64 14, i64 14, i64 14"   --->   Operation 10 'speclooptripcount' 'empty' <Predicate = true> <Delay = 0.00>
ST_1 : Operation 11 [1/1] (0.79ns)   --->   "%add_ln147 = add i4 %i_1, i4 1" [/home/changhong/prj/finn/deps/finn-hlslib/maxpool.h:147]   --->   Operation 11 'add' 'add_ln147' <Predicate = true> <Delay = 0.79> <CoreInst = "Adder">   --->   Core 1 'Adder' <Latency = 0> <II = 1> <Delay = 0.79> <FuncUnit> <Opcode : 'add' 'sub'> <InPorts = 2> <OutPorts = 1>
ST_1 : Operation 12 [1/1] (0.00ns)   --->   "%br_ln147 = br i1 %icmp_ln147, void %for.inc.split, void %VITIS_LOOP_155_4.preheader.exitStub" [/home/changhong/prj/finn/deps/finn-hlslib/maxpool.h:147]   --->   Operation 12 'br' 'br_ln147' <Predicate = true> <Delay = 0.00>
ST_1 : Operation 13 [1/1] (0.00ns)   --->   "%i_cast = zext i4 %i_1" [/home/changhong/prj/finn/deps/finn-hlslib/maxpool.h:147]   --->   Operation 13 'zext' 'i_cast' <Predicate = (!icmp_ln147)> <Delay = 0.00>
ST_1 : Operation 14 [1/1] (0.00ns)   --->   "%specloopname_ln147 = specloopname void @_ssdm_op_SpecLoopName, void @empty_8" [/home/changhong/prj/finn/deps/finn-hlslib/maxpool.h:147]   --->   Operation 14 'specloopname' 'specloopname_ln147' <Predicate = (!icmp_ln147)> <Delay = 0.00>
ST_1 : Operation 15 [1/1] (0.00ns)   --->   "%buf_V_addr = getelementptr i8 %buf_V, i64 0, i64 %i_cast" [/home/changhong/prj/finn/deps/finn-hlslib/maxpool.h:150]   --->   Operation 15 'getelementptr' 'buf_V_addr' <Predicate = (!icmp_ln147)> <Delay = 0.00>
ST_1 : Operation 16 [1/1] (0.67ns)   --->   "%store_ln150 = store i8 0, i4 %buf_V_addr" [/home/changhong/prj/finn/deps/finn-hlslib/maxpool.h:150]   --->   Operation 16 'store' 'store_ln150' <Predicate = (!icmp_ln147)> <Delay = 0.67> <CoreInst = "RAM">   --->   Core 83 'RAM' <Latency = 1> <II = 1> <Delay = 0.67> <Storage> <Opcode : 'load' 'store'> <Ports = 2> <Width = 8> <Depth = 14> <RAM>
ST_1 : Operation 17 [1/1] (0.00ns)   --->   "%buf_V_1_addr = getelementptr i8 %buf_V_1, i64 0, i64 %i_cast" [/home/changhong/prj/finn/deps/finn-hlslib/maxpool.h:150]   --->   Operation 17 'getelementptr' 'buf_V_1_addr' <Predicate = (!icmp_ln147)> <Delay = 0.00>
ST_1 : Operation 18 [1/1] (0.67ns)   --->   "%store_ln150 = store i8 0, i4 %buf_V_1_addr" [/home/changhong/prj/finn/deps/finn-hlslib/maxpool.h:150]   --->   Operation 18 'store' 'store_ln150' <Predicate = (!icmp_ln147)> <Delay = 0.67> <CoreInst = "RAM">   --->   Core 83 'RAM' <Latency = 1> <II = 1> <Delay = 0.67> <Storage> <Opcode : 'load' 'store'> <Ports = 2> <Width = 8> <Depth = 14> <RAM>
ST_1 : Operation 19 [1/1] (0.00ns)   --->   "%buf_V_2_addr = getelementptr i8 %buf_V_2, i64 0, i64 %i_cast" [/home/changhong/prj/finn/deps/finn-hlslib/maxpool.h:150]   --->   Operation 19 'getelementptr' 'buf_V_2_addr' <Predicate = (!icmp_ln147)> <Delay = 0.00>
ST_1 : Operation 20 [1/1] (0.67ns)   --->   "%store_ln150 = store i8 0, i4 %buf_V_2_addr" [/home/changhong/prj/finn/deps/finn-hlslib/maxpool.h:150]   --->   Operation 20 'store' 'store_ln150' <Predicate = (!icmp_ln147)> <Delay = 0.67> <CoreInst = "RAM">   --->   Core 83 'RAM' <Latency = 1> <II = 1> <Delay = 0.67> <Storage> <Opcode : 'load' 'store'> <Ports = 2> <Width = 8> <Depth = 14> <RAM>
ST_1 : Operation 21 [1/1] (0.00ns)   --->   "%buf_V_3_addr = getelementptr i8 %buf_V_3, i64 0, i64 %i_cast" [/home/changhong/prj/finn/deps/finn-hlslib/maxpool.h:150]   --->   Operation 21 'getelementptr' 'buf_V_3_addr' <Predicate = (!icmp_ln147)> <Delay = 0.00>
ST_1 : Operation 22 [1/1] (0.67ns)   --->   "%store_ln150 = store i8 0, i4 %buf_V_3_addr" [/home/changhong/prj/finn/deps/finn-hlslib/maxpool.h:150]   --->   Operation 22 'store' 'store_ln150' <Predicate = (!icmp_ln147)> <Delay = 0.67> <CoreInst = "RAM">   --->   Core 83 'RAM' <Latency = 1> <II = 1> <Delay = 0.67> <Storage> <Opcode : 'load' 'store'> <Ports = 2> <Width = 8> <Depth = 14> <RAM>
ST_1 : Operation 23 [1/1] (0.00ns)   --->   "%buf_V_4_addr = getelementptr i8 %buf_V_4, i64 0, i64 %i_cast" [/home/changhong/prj/finn/deps/finn-hlslib/maxpool.h:150]   --->   Operation 23 'getelementptr' 'buf_V_4_addr' <Predicate = (!icmp_ln147)> <Delay = 0.00>
ST_1 : Operation 24 [1/1] (0.67ns)   --->   "%store_ln150 = store i8 0, i4 %buf_V_4_addr" [/home/changhong/prj/finn/deps/finn-hlslib/maxpool.h:150]   --->   Operation 24 'store' 'store_ln150' <Predicate = (!icmp_ln147)> <Delay = 0.67> <CoreInst = "RAM">   --->   Core 83 'RAM' <Latency = 1> <II = 1> <Delay = 0.67> <Storage> <Opcode : 'load' 'store'> <Ports = 2> <Width = 8> <Depth = 14> <RAM>
ST_1 : Operation 25 [1/1] (0.00ns)   --->   "%buf_V_5_addr = getelementptr i8 %buf_V_5, i64 0, i64 %i_cast" [/home/changhong/prj/finn/deps/finn-hlslib/maxpool.h:150]   --->   Operation 25 'getelementptr' 'buf_V_5_addr' <Predicate = (!icmp_ln147)> <Delay = 0.00>
ST_1 : Operation 26 [1/1] (0.67ns)   --->   "%store_ln150 = store i8 0, i4 %buf_V_5_addr" [/home/changhong/prj/finn/deps/finn-hlslib/maxpool.h:150]   --->   Operation 26 'store' 'store_ln150' <Predicate = (!icmp_ln147)> <Delay = 0.67> <CoreInst = "RAM">   --->   Core 83 'RAM' <Latency = 1> <II = 1> <Delay = 0.67> <Storage> <Opcode : 'load' 'store'> <Ports = 2> <Width = 8> <Depth = 14> <RAM>
ST_1 : Operation 27 [1/1] (0.00ns)   --->   "%buf_V_6_addr = getelementptr i8 %buf_V_6, i64 0, i64 %i_cast" [/home/changhong/prj/finn/deps/finn-hlslib/maxpool.h:150]   --->   Operation 27 'getelementptr' 'buf_V_6_addr' <Predicate = (!icmp_ln147)> <Delay = 0.00>
ST_1 : Operation 28 [1/1] (0.67ns)   --->   "%store_ln150 = store i8 0, i4 %buf_V_6_addr" [/home/changhong/prj/finn/deps/finn-hlslib/maxpool.h:150]   --->   Operation 28 'store' 'store_ln150' <Predicate = (!icmp_ln147)> <Delay = 0.67> <CoreInst = "RAM">   --->   Core 83 'RAM' <Latency = 1> <II = 1> <Delay = 0.67> <Storage> <Opcode : 'load' 'store'> <Ports = 2> <Width = 8> <Depth = 14> <RAM>
ST_1 : Operation 29 [1/1] (0.00ns)   --->   "%buf_V_7_addr = getelementptr i8 %buf_V_7, i64 0, i64 %i_cast" [/home/changhong/prj/finn/deps/finn-hlslib/maxpool.h:150]   --->   Operation 29 'getelementptr' 'buf_V_7_addr' <Predicate = (!icmp_ln147)> <Delay = 0.00>
ST_1 : Operation 30 [1/1] (0.67ns)   --->   "%store_ln150 = store i8 0, i4 %buf_V_7_addr" [/home/changhong/prj/finn/deps/finn-hlslib/maxpool.h:150]   --->   Operation 30 'store' 'store_ln150' <Predicate = (!icmp_ln147)> <Delay = 0.67> <CoreInst = "RAM">   --->   Core 83 'RAM' <Latency = 1> <II = 1> <Delay = 0.67> <Storage> <Opcode : 'load' 'store'> <Ports = 2> <Width = 8> <Depth = 14> <RAM>
ST_1 : Operation 31 [1/1] (0.00ns)   --->   "%buf_V_8_addr = getelementptr i8 %buf_V_8, i64 0, i64 %i_cast" [/home/changhong/prj/finn/deps/finn-hlslib/maxpool.h:150]   --->   Operation 31 'getelementptr' 'buf_V_8_addr' <Predicate = (!icmp_ln147)> <Delay = 0.00>
ST_1 : Operation 32 [1/1] (0.67ns)   --->   "%store_ln150 = store i8 0, i4 %buf_V_8_addr" [/home/changhong/prj/finn/deps/finn-hlslib/maxpool.h:150]   --->   Operation 32 'store' 'store_ln150' <Predicate = (!icmp_ln147)> <Delay = 0.67> <CoreInst = "RAM">   --->   Core 83 'RAM' <Latency = 1> <II = 1> <Delay = 0.67> <Storage> <Opcode : 'load' 'store'> <Ports = 2> <Width = 8> <Depth = 14> <RAM>
ST_1 : Operation 33 [1/1] (0.00ns)   --->   "%buf_V_9_addr = getelementptr i8 %buf_V_9, i64 0, i64 %i_cast" [/home/changhong/prj/finn/deps/finn-hlslib/maxpool.h:150]   --->   Operation 33 'getelementptr' 'buf_V_9_addr' <Predicate = (!icmp_ln147)> <Delay = 0.00>
ST_1 : Operation 34 [1/1] (0.67ns)   --->   "%store_ln150 = store i8 0, i4 %buf_V_9_addr" [/home/changhong/prj/finn/deps/finn-hlslib/maxpool.h:150]   --->   Operation 34 'store' 'store_ln150' <Predicate = (!icmp_ln147)> <Delay = 0.67> <CoreInst = "RAM">   --->   Core 83 'RAM' <Latency = 1> <II = 1> <Delay = 0.67> <Storage> <Opcode : 'load' 'store'> <Ports = 2> <Width = 8> <Depth = 14> <RAM>
ST_1 : Operation 35 [1/1] (0.00ns)   --->   "%buf_V_10_addr = getelementptr i8 %buf_V_10, i64 0, i64 %i_cast" [/home/changhong/prj/finn/deps/finn-hlslib/maxpool.h:150]   --->   Operation 35 'getelementptr' 'buf_V_10_addr' <Predicate = (!icmp_ln147)> <Delay = 0.00>
ST_1 : Operation 36 [1/1] (0.67ns)   --->   "%store_ln150 = store i8 0, i4 %buf_V_10_addr" [/home/changhong/prj/finn/deps/finn-hlslib/maxpool.h:150]   --->   Operation 36 'store' 'store_ln150' <Predicate = (!icmp_ln147)> <Delay = 0.67> <CoreInst = "RAM">   --->   Core 83 'RAM' <Latency = 1> <II = 1> <Delay = 0.67> <Storage> <Opcode : 'load' 'store'> <Ports = 2> <Width = 8> <Depth = 14> <RAM>
ST_1 : Operation 37 [1/1] (0.00ns)   --->   "%buf_V_11_addr = getelementptr i8 %buf_V_11, i64 0, i64 %i_cast" [/home/changhong/prj/finn/deps/finn-hlslib/maxpool.h:150]   --->   Operation 37 'getelementptr' 'buf_V_11_addr' <Predicate = (!icmp_ln147)> <Delay = 0.00>
ST_1 : Operation 38 [1/1] (0.67ns)   --->   "%store_ln150 = store i8 0, i4 %buf_V_11_addr" [/home/changhong/prj/finn/deps/finn-hlslib/maxpool.h:150]   --->   Operation 38 'store' 'store_ln150' <Predicate = (!icmp_ln147)> <Delay = 0.67> <CoreInst = "RAM">   --->   Core 83 'RAM' <Latency = 1> <II = 1> <Delay = 0.67> <Storage> <Opcode : 'load' 'store'> <Ports = 2> <Width = 8> <Depth = 14> <RAM>
ST_1 : Operation 39 [1/1] (0.00ns)   --->   "%buf_V_12_addr = getelementptr i8 %buf_V_12, i64 0, i64 %i_cast" [/home/changhong/prj/finn/deps/finn-hlslib/maxpool.h:150]   --->   Operation 39 'getelementptr' 'buf_V_12_addr' <Predicate = (!icmp_ln147)> <Delay = 0.00>
ST_1 : Operation 40 [1/1] (0.67ns)   --->   "%store_ln150 = store i8 0, i4 %buf_V_12_addr" [/home/changhong/prj/finn/deps/finn-hlslib/maxpool.h:150]   --->   Operation 40 'store' 'store_ln150' <Predicate = (!icmp_ln147)> <Delay = 0.67> <CoreInst = "RAM">   --->   Core 83 'RAM' <Latency = 1> <II = 1> <Delay = 0.67> <Storage> <Opcode : 'load' 'store'> <Ports = 2> <Width = 8> <Depth = 14> <RAM>
ST_1 : Operation 41 [1/1] (0.00ns)   --->   "%buf_V_13_addr = getelementptr i8 %buf_V_13, i64 0, i64 %i_cast" [/home/changhong/prj/finn/deps/finn-hlslib/maxpool.h:150]   --->   Operation 41 'getelementptr' 'buf_V_13_addr' <Predicate = (!icmp_ln147)> <Delay = 0.00>
ST_1 : Operation 42 [1/1] (0.67ns)   --->   "%store_ln150 = store i8 0, i4 %buf_V_13_addr" [/home/changhong/prj/finn/deps/finn-hlslib/maxpool.h:150]   --->   Operation 42 'store' 'store_ln150' <Predicate = (!icmp_ln147)> <Delay = 0.67> <CoreInst = "RAM">   --->   Core 83 'RAM' <Latency = 1> <II = 1> <Delay = 0.67> <Storage> <Opcode : 'load' 'store'> <Ports = 2> <Width = 8> <Depth = 14> <RAM>
ST_1 : Operation 43 [1/1] (0.00ns)   --->   "%buf_V_14_addr = getelementptr i8 %buf_V_14, i64 0, i64 %i_cast" [/home/changhong/prj/finn/deps/finn-hlslib/maxpool.h:150]   --->   Operation 43 'getelementptr' 'buf_V_14_addr' <Predicate = (!icmp_ln147)> <Delay = 0.00>
ST_1 : Operation 44 [1/1] (0.67ns)   --->   "%store_ln150 = store i8 0, i4 %buf_V_14_addr" [/home/changhong/prj/finn/deps/finn-hlslib/maxpool.h:150]   --->   Operation 44 'store' 'store_ln150' <Predicate = (!icmp_ln147)> <Delay = 0.67> <CoreInst = "RAM">   --->   Core 83 'RAM' <Latency = 1> <II = 1> <Delay = 0.67> <Storage> <Opcode : 'load' 'store'> <Ports = 2> <Width = 8> <Depth = 14> <RAM>
ST_1 : Operation 45 [1/1] (0.00ns)   --->   "%buf_V_15_addr = getelementptr i8 %buf_V_15, i64 0, i64 %i_cast" [/home/changhong/prj/finn/deps/finn-hlslib/maxpool.h:150]   --->   Operation 45 'getelementptr' 'buf_V_15_addr' <Predicate = (!icmp_ln147)> <Delay = 0.00>
ST_1 : Operation 46 [1/1] (0.67ns)   --->   "%store_ln150 = store i8 0, i4 %buf_V_15_addr" [/home/changhong/prj/finn/deps/finn-hlslib/maxpool.h:150]   --->   Operation 46 'store' 'store_ln150' <Predicate = (!icmp_ln147)> <Delay = 0.67> <CoreInst = "RAM">   --->   Core 83 'RAM' <Latency = 1> <II = 1> <Delay = 0.67> <Storage> <Opcode : 'load' 'store'> <Ports = 2> <Width = 8> <Depth = 14> <RAM>
ST_1 : Operation 47 [1/1] (0.00ns)   --->   "%buf_V_16_addr = getelementptr i8 %buf_V_16, i64 0, i64 %i_cast" [/home/changhong/prj/finn/deps/finn-hlslib/maxpool.h:150]   --->   Operation 47 'getelementptr' 'buf_V_16_addr' <Predicate = (!icmp_ln147)> <Delay = 0.00>
ST_1 : Operation 48 [1/1] (0.67ns)   --->   "%store_ln150 = store i8 0, i4 %buf_V_16_addr" [/home/changhong/prj/finn/deps/finn-hlslib/maxpool.h:150]   --->   Operation 48 'store' 'store_ln150' <Predicate = (!icmp_ln147)> <Delay = 0.67> <CoreInst = "RAM">   --->   Core 83 'RAM' <Latency = 1> <II = 1> <Delay = 0.67> <Storage> <Opcode : 'load' 'store'> <Ports = 2> <Width = 8> <Depth = 14> <RAM>
ST_1 : Operation 49 [1/1] (0.00ns)   --->   "%buf_V_17_addr = getelementptr i8 %buf_V_17, i64 0, i64 %i_cast" [/home/changhong/prj/finn/deps/finn-hlslib/maxpool.h:150]   --->   Operation 49 'getelementptr' 'buf_V_17_addr' <Predicate = (!icmp_ln147)> <Delay = 0.00>
ST_1 : Operation 50 [1/1] (0.67ns)   --->   "%store_ln150 = store i8 0, i4 %buf_V_17_addr" [/home/changhong/prj/finn/deps/finn-hlslib/maxpool.h:150]   --->   Operation 50 'store' 'store_ln150' <Predicate = (!icmp_ln147)> <Delay = 0.67> <CoreInst = "RAM">   --->   Core 83 'RAM' <Latency = 1> <II = 1> <Delay = 0.67> <Storage> <Opcode : 'load' 'store'> <Ports = 2> <Width = 8> <Depth = 14> <RAM>
ST_1 : Operation 51 [1/1] (0.00ns)   --->   "%buf_V_18_addr = getelementptr i8 %buf_V_18, i64 0, i64 %i_cast" [/home/changhong/prj/finn/deps/finn-hlslib/maxpool.h:150]   --->   Operation 51 'getelementptr' 'buf_V_18_addr' <Predicate = (!icmp_ln147)> <Delay = 0.00>
ST_1 : Operation 52 [1/1] (0.67ns)   --->   "%store_ln150 = store i8 0, i4 %buf_V_18_addr" [/home/changhong/prj/finn/deps/finn-hlslib/maxpool.h:150]   --->   Operation 52 'store' 'store_ln150' <Predicate = (!icmp_ln147)> <Delay = 0.67> <CoreInst = "RAM">   --->   Core 83 'RAM' <Latency = 1> <II = 1> <Delay = 0.67> <Storage> <Opcode : 'load' 'store'> <Ports = 2> <Width = 8> <Depth = 14> <RAM>
ST_1 : Operation 53 [1/1] (0.00ns)   --->   "%buf_V_19_addr = getelementptr i8 %buf_V_19, i64 0, i64 %i_cast" [/home/changhong/prj/finn/deps/finn-hlslib/maxpool.h:150]   --->   Operation 53 'getelementptr' 'buf_V_19_addr' <Predicate = (!icmp_ln147)> <Delay = 0.00>
ST_1 : Operation 54 [1/1] (0.67ns)   --->   "%store_ln150 = store i8 0, i4 %buf_V_19_addr" [/home/changhong/prj/finn/deps/finn-hlslib/maxpool.h:150]   --->   Operation 54 'store' 'store_ln150' <Predicate = (!icmp_ln147)> <Delay = 0.67> <CoreInst = "RAM">   --->   Core 83 'RAM' <Latency = 1> <II = 1> <Delay = 0.67> <Storage> <Opcode : 'load' 'store'> <Ports = 2> <Width = 8> <Depth = 14> <RAM>
ST_1 : Operation 55 [1/1] (0.42ns)   --->   "%store_ln147 = store i4 %add_ln147, i4 %i" [/home/changhong/prj/finn/deps/finn-hlslib/maxpool.h:147]   --->   Operation 55 'store' 'store_ln147' <Predicate = (!icmp_ln147)> <Delay = 0.42>
ST_1 : Operation 56 [1/1] (0.00ns)   --->   "%br_ln147 = br void %for.inc" [/home/changhong/prj/finn/deps/finn-hlslib/maxpool.h:147]   --->   Operation 56 'br' 'br_ln147' <Predicate = (!icmp_ln147)> <Delay = 0.00>
ST_1 : Operation 57 [1/1] (0.00ns)   --->   "%ret_ln0 = ret"   --->   Operation 57 'ret' 'ret_ln0' <Predicate = (icmp_ln147)> <Delay = 0.00>


============================================================
+ Verbose Summary: Binding
============================================================
STG Binding: 
---------------- STG Properties BEGIN ----------------
- Is combinational: 0
- Is one-state seq: 0
- Is datapath-only: 0
- Is pipelined: 0
- Is top level: 0
Port [ Return ] is wired: 1; IO mode=ap_ctrl_hs:ce=0
Port [ buf_V]:  wired=1; compound=1; hidden=0; nouse=0; global=0; static=0; extern=0; dir=1; type=1; pingpong=0; private_global=0; MemPort=[03]; IO mode=ap_memory:ce=0
Port [ buf_V_1]:  wired=1; compound=1; hidden=0; nouse=0; global=0; static=0; extern=0; dir=1; type=1; pingpong=0; private_global=0; MemPort=[03]; IO mode=ap_memory:ce=0
Port [ buf_V_2]:  wired=1; compound=1; hidden=0; nouse=0; global=0; static=0; extern=0; dir=1; type=1; pingpong=0; private_global=0; MemPort=[03]; IO mode=ap_memory:ce=0
Port [ buf_V_3]:  wired=1; compound=1; hidden=0; nouse=0; global=0; static=0; extern=0; dir=1; type=1; pingpong=0; private_global=0; MemPort=[03]; IO mode=ap_memory:ce=0
Port [ buf_V_4]:  wired=1; compound=1; hidden=0; nouse=0; global=0; static=0; extern=0; dir=1; type=1; pingpong=0; private_global=0; MemPort=[03]; IO mode=ap_memory:ce=0
Port [ buf_V_5]:  wired=1; compound=1; hidden=0; nouse=0; global=0; static=0; extern=0; dir=1; type=1; pingpong=0; private_global=0; MemPort=[03]; IO mode=ap_memory:ce=0
Port [ buf_V_6]:  wired=1; compound=1; hidden=0; nouse=0; global=0; static=0; extern=0; dir=1; type=1; pingpong=0; private_global=0; MemPort=[03]; IO mode=ap_memory:ce=0
Port [ buf_V_7]:  wired=1; compound=1; hidden=0; nouse=0; global=0; static=0; extern=0; dir=1; type=1; pingpong=0; private_global=0; MemPort=[03]; IO mode=ap_memory:ce=0
Port [ buf_V_8]:  wired=1; compound=1; hidden=0; nouse=0; global=0; static=0; extern=0; dir=1; type=1; pingpong=0; private_global=0; MemPort=[03]; IO mode=ap_memory:ce=0
Port [ buf_V_9]:  wired=1; compound=1; hidden=0; nouse=0; global=0; static=0; extern=0; dir=1; type=1; pingpong=0; private_global=0; MemPort=[03]; IO mode=ap_memory:ce=0
Port [ buf_V_10]:  wired=1; compound=1; hidden=0; nouse=0; global=0; static=0; extern=0; dir=1; type=1; pingpong=0; private_global=0; MemPort=[03]; IO mode=ap_memory:ce=0
Port [ buf_V_11]:  wired=1; compound=1; hidden=0; nouse=0; global=0; static=0; extern=0; dir=1; type=1; pingpong=0; private_global=0; MemPort=[03]; IO mode=ap_memory:ce=0
Port [ buf_V_12]:  wired=1; compound=1; hidden=0; nouse=0; global=0; static=0; extern=0; dir=1; type=1; pingpong=0; private_global=0; MemPort=[03]; IO mode=ap_memory:ce=0
Port [ buf_V_13]:  wired=1; compound=1; hidden=0; nouse=0; global=0; static=0; extern=0; dir=1; type=1; pingpong=0; private_global=0; MemPort=[03]; IO mode=ap_memory:ce=0
Port [ buf_V_14]:  wired=1; compound=1; hidden=0; nouse=0; global=0; static=0; extern=0; dir=1; type=1; pingpong=0; private_global=0; MemPort=[03]; IO mode=ap_memory:ce=0
Port [ buf_V_15]:  wired=1; compound=1; hidden=0; nouse=0; global=0; static=0; extern=0; dir=1; type=1; pingpong=0; private_global=0; MemPort=[03]; IO mode=ap_memory:ce=0
Port [ buf_V_16]:  wired=1; compound=1; hidden=0; nouse=0; global=0; static=0; extern=0; dir=1; type=1; pingpong=0; private_global=0; MemPort=[03]; IO mode=ap_memory:ce=0
Port [ buf_V_17]:  wired=1; compound=1; hidden=0; nouse=0; global=0; static=0; extern=0; dir=1; type=1; pingpong=0; private_global=0; MemPort=[03]; IO mode=ap_memory:ce=0
Port [ buf_V_18]:  wired=1; compound=1; hidden=0; nouse=0; global=0; static=0; extern=0; dir=1; type=1; pingpong=0; private_global=0; MemPort=[03]; IO mode=ap_memory:ce=0
Port [ buf_V_19]:  wired=1; compound=1; hidden=0; nouse=0; global=0; static=0; extern=0; dir=1; type=1; pingpong=0; private_global=0; MemPort=[03]; IO mode=ap_memory:ce=0
---------------- STG Properties END ------------------

---------------- Datapath Model BEGIN ----------------

<LifeTime>
<method=bitvector/>
i                  (alloca           ) [ 01]
store_ln0          (store            ) [ 00]
br_ln0             (br               ) [ 00]
i_1                (load             ) [ 00]
specpipeline_ln0   (specpipeline     ) [ 00]
icmp_ln147         (icmp             ) [ 01]
empty              (speclooptripcount) [ 00]
add_ln147          (add              ) [ 00]
br_ln147           (br               ) [ 00]
i_cast             (zext             ) [ 00]
specloopname_ln147 (specloopname     ) [ 00]
buf_V_addr         (getelementptr    ) [ 00]
store_ln150        (store            ) [ 00]
buf_V_1_addr       (getelementptr    ) [ 00]
store_ln150        (store            ) [ 00]
buf_V_2_addr       (getelementptr    ) [ 00]
store_ln150        (store            ) [ 00]
buf_V_3_addr       (getelementptr    ) [ 00]
store_ln150        (store            ) [ 00]
buf_V_4_addr       (getelementptr    ) [ 00]
store_ln150        (store            ) [ 00]
buf_V_5_addr       (getelementptr    ) [ 00]
store_ln150        (store            ) [ 00]
buf_V_6_addr       (getelementptr    ) [ 00]
store_ln150        (store            ) [ 00]
buf_V_7_addr       (getelementptr    ) [ 00]
store_ln150        (store            ) [ 00]
buf_V_8_addr       (getelementptr    ) [ 00]
store_ln150        (store            ) [ 00]
buf_V_9_addr       (getelementptr    ) [ 00]
store_ln150        (store            ) [ 00]
buf_V_10_addr      (getelementptr    ) [ 00]
store_ln150        (store            ) [ 00]
buf_V_11_addr      (getelementptr    ) [ 00]
store_ln150        (store            ) [ 00]
buf_V_12_addr      (getelementptr    ) [ 00]
store_ln150        (store            ) [ 00]
buf_V_13_addr      (getelementptr    ) [ 00]
store_ln150        (store            ) [ 00]
buf_V_14_addr      (getelementptr    ) [ 00]
store_ln150        (store            ) [ 00]
buf_V_15_addr      (getelementptr    ) [ 00]
store_ln150        (store            ) [ 00]
buf_V_16_addr      (getelementptr    ) [ 00]
store_ln150        (store            ) [ 00]
buf_V_17_addr      (getelementptr    ) [ 00]
store_ln150        (store            ) [ 00]
buf_V_18_addr      (getelementptr    ) [ 00]
store_ln150        (store            ) [ 00]
buf_V_19_addr      (getelementptr    ) [ 00]
store_ln150        (store            ) [ 00]
store_ln147        (store            ) [ 00]
br_ln147           (br               ) [ 00]
ret_ln0            (ret              ) [ 00]
</LifeTime>

<model>

<comp_list>
<comp id="0" class="1000" name="buf_V">
<pin_list>
<pin id="1" dir="1" index="0" bw="1" slack="0"/>
</pin_list>
<bind>
<StgValue><ssdm name="buf_V"/><MemPortTyVec>0 3 </MemPortTyVec>
</StgValue>
</bind>
</comp>

<comp id="2" class="1000" name="buf_V_1">
<pin_list>
<pin id="3" dir="1" index="0" bw="1" slack="0"/>
</pin_list>
<bind>
<StgValue><ssdm name="buf_V_1"/><MemPortTyVec>0 3 </MemPortTyVec>
</StgValue>
</bind>
</comp>

<comp id="4" class="1000" name="buf_V_2">
<pin_list>
<pin id="5" dir="1" index="0" bw="1" slack="0"/>
</pin_list>
<bind>
<StgValue><ssdm name="buf_V_2"/><MemPortTyVec>0 3 </MemPortTyVec>
</StgValue>
</bind>
</comp>

<comp id="6" class="1000" name="buf_V_3">
<pin_list>
<pin id="7" dir="1" index="0" bw="1" slack="0"/>
</pin_list>
<bind>
<StgValue><ssdm name="buf_V_3"/><MemPortTyVec>0 3 </MemPortTyVec>
</StgValue>
</bind>
</comp>

<comp id="8" class="1000" name="buf_V_4">
<pin_list>
<pin id="9" dir="1" index="0" bw="1" slack="0"/>
</pin_list>
<bind>
<StgValue><ssdm name="buf_V_4"/><MemPortTyVec>0 3 </MemPortTyVec>
</StgValue>
</bind>
</comp>

<comp id="10" class="1000" name="buf_V_5">
<pin_list>
<pin id="11" dir="1" index="0" bw="1" slack="0"/>
</pin_list>
<bind>
<StgValue><ssdm name="buf_V_5"/><MemPortTyVec>0 3 </MemPortTyVec>
</StgValue>
</bind>
</comp>

<comp id="12" class="1000" name="buf_V_6">
<pin_list>
<pin id="13" dir="1" index="0" bw="1" slack="0"/>
</pin_list>
<bind>
<StgValue><ssdm name="buf_V_6"/><MemPortTyVec>0 3 </MemPortTyVec>
</StgValue>
</bind>
</comp>

<comp id="14" class="1000" name="buf_V_7">
<pin_list>
<pin id="15" dir="1" index="0" bw="1" slack="0"/>
</pin_list>
<bind>
<StgValue><ssdm name="buf_V_7"/><MemPortTyVec>0 3 </MemPortTyVec>
</StgValue>
</bind>
</comp>

<comp id="16" class="1000" name="buf_V_8">
<pin_list>
<pin id="17" dir="1" index="0" bw="1" slack="0"/>
</pin_list>
<bind>
<StgValue><ssdm name="buf_V_8"/><MemPortTyVec>0 3 </MemPortTyVec>
</StgValue>
</bind>
</comp>

<comp id="18" class="1000" name="buf_V_9">
<pin_list>
<pin id="19" dir="1" index="0" bw="1" slack="0"/>
</pin_list>
<bind>
<StgValue><ssdm name="buf_V_9"/><MemPortTyVec>0 3 </MemPortTyVec>
</StgValue>
</bind>
</comp>

<comp id="20" class="1000" name="buf_V_10">
<pin_list>
<pin id="21" dir="1" index="0" bw="1" slack="0"/>
</pin_list>
<bind>
<StgValue><ssdm name="buf_V_10"/><MemPortTyVec>0 3 </MemPortTyVec>
</StgValue>
</bind>
</comp>

<comp id="22" class="1000" name="buf_V_11">
<pin_list>
<pin id="23" dir="1" index="0" bw="1" slack="0"/>
</pin_list>
<bind>
<StgValue><ssdm name="buf_V_11"/><MemPortTyVec>0 3 </MemPortTyVec>
</StgValue>
</bind>
</comp>

<comp id="24" class="1000" name="buf_V_12">
<pin_list>
<pin id="25" dir="1" index="0" bw="1" slack="0"/>
</pin_list>
<bind>
<StgValue><ssdm name="buf_V_12"/><MemPortTyVec>0 3 </MemPortTyVec>
</StgValue>
</bind>
</comp>

<comp id="26" class="1000" name="buf_V_13">
<pin_list>
<pin id="27" dir="1" index="0" bw="1" slack="0"/>
</pin_list>
<bind>
<StgValue><ssdm name="buf_V_13"/><MemPortTyVec>0 3 </MemPortTyVec>
</StgValue>
</bind>
</comp>

<comp id="28" class="1000" name="buf_V_14">
<pin_list>
<pin id="29" dir="1" index="0" bw="1" slack="0"/>
</pin_list>
<bind>
<StgValue><ssdm name="buf_V_14"/><MemPortTyVec>0 3 </MemPortTyVec>
</StgValue>
</bind>
</comp>

<comp id="30" class="1000" name="buf_V_15">
<pin_list>
<pin id="31" dir="1" index="0" bw="1" slack="0"/>
</pin_list>
<bind>
<StgValue><ssdm name="buf_V_15"/><MemPortTyVec>0 3 </MemPortTyVec>
</StgValue>
</bind>
</comp>

<comp id="32" class="1000" name="buf_V_16">
<pin_list>
<pin id="33" dir="1" index="0" bw="1" slack="0"/>
</pin_list>
<bind>
<StgValue><ssdm name="buf_V_16"/><MemPortTyVec>0 3 </MemPortTyVec>
</StgValue>
</bind>
</comp>

<comp id="34" class="1000" name="buf_V_17">
<pin_list>
<pin id="35" dir="1" index="0" bw="1" slack="0"/>
</pin_list>
<bind>
<StgValue><ssdm name="buf_V_17"/><MemPortTyVec>0 3 </MemPortTyVec>
</StgValue>
</bind>
</comp>

<comp id="36" class="1000" name="buf_V_18">
<pin_list>
<pin id="37" dir="1" index="0" bw="1" slack="0"/>
</pin_list>
<bind>
<StgValue><ssdm name="buf_V_18"/><MemPortTyVec>0 3 </MemPortTyVec>
</StgValue>
</bind>
</comp>

<comp id="38" class="1000" name="buf_V_19">
<pin_list>
<pin id="39" dir="1" index="0" bw="1" slack="0"/>
</pin_list>
<bind>
<StgValue><ssdm name="buf_V_19"/><MemPortTyVec>0 3 </MemPortTyVec>
</StgValue>
</bind>
</comp>

<comp id="40" class="1001" name="const_40">
<pin_list>
<pin id="41" dir="1" index="0" bw="1" slack="0"/>
</pin_list>
<bind>
<StgValue><ssdm name=""/></StgValue>
</bind>
</comp>

<comp id="42" class="1001" name="const_42">
<pin_list>
<pin id="43" dir="1" index="0" bw="1" slack="0"/>
</pin_list>
<bind>
<StgValue><ssdm name=""/></StgValue>
</bind>
</comp>

<comp id="44" class="1001" name="const_44">
<pin_list>
<pin id="45" dir="1" index="0" bw="1" slack="2147483647"/>
</pin_list>
<bind>
<StgValue><ssdm name="_ssdm_op_SpecPipeline"/></StgValue>
</bind>
</comp>

<comp id="46" class="1001" name="const_46">
<pin_list>
<pin id="47" dir="1" index="0" bw="1" slack="2147483647"/>
</pin_list>
<bind>
<StgValue><ssdm name=""/></StgValue>
</bind>
</comp>

<comp id="48" class="1001" name="const_48">
<pin_list>
<pin id="49" dir="1" index="0" bw="1" slack="2147483647"/>
</pin_list>
<bind>
<StgValue><ssdm name=""/></StgValue>
</bind>
</comp>

<comp id="50" class="1001" name="const_50">
<pin_list>
<pin id="51" dir="1" index="0" bw="1" slack="2147483647"/>
</pin_list>
<bind>
<StgValue><ssdm name="p_str"/></StgValue>
</bind>
</comp>

<comp id="52" class="1001" name="const_52">
<pin_list>
<pin id="53" dir="1" index="0" bw="1" slack="0"/>
</pin_list>
<bind>
<StgValue><ssdm name=""/></StgValue>
</bind>
</comp>

<comp id="54" class="1001" name="const_54">
<pin_list>
<pin id="55" dir="1" index="0" bw="1" slack="2147483647"/>
</pin_list>
<bind>
<StgValue><ssdm name="_ssdm_op_SpecLoopTripCount"/></StgValue>
</bind>
</comp>

<comp id="56" class="1001" name="const_56">
<pin_list>
<pin id="57" dir="1" index="0" bw="1" slack="2147483647"/>
</pin_list>
<bind>
<StgValue><ssdm name=""/></StgValue>
</bind>
</comp>

<comp id="58" class="1001" name="const_58">
<pin_list>
<pin id="59" dir="1" index="0" bw="1" slack="0"/>
</pin_list>
<bind>
<StgValue><ssdm name=""/></StgValue>
</bind>
</comp>

<comp id="60" class="1001" name="const_60">
<pin_list>
<pin id="61" dir="1" index="0" bw="1" slack="2147483647"/>
</pin_list>
<bind>
<StgValue><ssdm name="_ssdm_op_SpecLoopName"/></StgValue>
</bind>
</comp>

<comp id="62" class="1001" name="const_62">
<pin_list>
<pin id="63" dir="1" index="0" bw="1" slack="2147483647"/>
</pin_list>
<bind>
<StgValue><ssdm name="empty_8"/></StgValue>
</bind>
</comp>

<comp id="64" class="1001" name="const_64">
<pin_list>
<pin id="65" dir="1" index="0" bw="1" slack="0"/>
</pin_list>
<bind>
<StgValue><ssdm name=""/></StgValue>
</bind>
</comp>

<comp id="66" class="1001" name="const_66">
<pin_list>
<pin id="67" dir="1" index="0" bw="1" slack="0"/>
</pin_list>
<bind>
<StgValue><ssdm name=""/></StgValue>
</bind>
</comp>

<comp id="68" class="1004" name="i_fu_68">
<pin_list>
<pin id="69" dir="0" index="0" bw="1" slack="0"/>
<pin id="70" dir="1" index="1" bw="4" slack="0"/>
</pin_list>
<bind>
<opcode="alloca(26) " fcode="alloca"/>
<opset="i/1 "/>
</bind>
</comp>

<comp id="72" class="1004" name="buf_V_addr_gep_fu_72">
<pin_list>
<pin id="73" dir="0" index="0" bw="8" slack="0"/>
<pin id="74" dir="0" index="1" bw="1" slack="0"/>
<pin id="75" dir="0" index="2" bw="4" slack="0"/>
<pin id="76" dir="1" index="3" bw="4" slack="0"/>
</pin_list>
<bind>
<opcode="getelementptr(29) " fcode="getelementptr"/>
<opset="buf_V_addr/1 "/>
</bind>
</comp>

<comp id="79" class="1004" name="store_ln150_access_fu_79">
<pin_list>
<pin id="80" dir="0" index="0" bw="4" slack="0"/>
<pin id="81" dir="0" index="1" bw="8" slack="0"/>
<pin id="82" dir="0" index="2" bw="0" slack="2147483647"/>
<pin id="83" dir="1" index="3" bw="8" slack="2147483647"/>
</pin_list>
<bind>
<opcode="store(28) " fcode="store"/>
<opset="store_ln150/1 "/>
</bind>
</comp>

<comp id="86" class="1004" name="buf_V_1_addr_gep_fu_86">
<pin_list>
<pin id="87" dir="0" index="0" bw="8" slack="0"/>
<pin id="88" dir="0" index="1" bw="1" slack="0"/>
<pin id="89" dir="0" index="2" bw="4" slack="0"/>
<pin id="90" dir="1" index="3" bw="4" slack="0"/>
</pin_list>
<bind>
<opcode="getelementptr(29) " fcode="getelementptr"/>
<opset="buf_V_1_addr/1 "/>
</bind>
</comp>

<comp id="93" class="1004" name="store_ln150_access_fu_93">
<pin_list>
<pin id="94" dir="0" index="0" bw="4" slack="0"/>
<pin id="95" dir="0" index="1" bw="8" slack="0"/>
<pin id="96" dir="0" index="2" bw="0" slack="2147483647"/>
<pin id="97" dir="1" index="3" bw="8" slack="2147483647"/>
</pin_list>
<bind>
<opcode="store(28) " fcode="store"/>
<opset="store_ln150/1 "/>
</bind>
</comp>

<comp id="100" class="1004" name="buf_V_2_addr_gep_fu_100">
<pin_list>
<pin id="101" dir="0" index="0" bw="8" slack="0"/>
<pin id="102" dir="0" index="1" bw="1" slack="0"/>
<pin id="103" dir="0" index="2" bw="4" slack="0"/>
<pin id="104" dir="1" index="3" bw="4" slack="0"/>
</pin_list>
<bind>
<opcode="getelementptr(29) " fcode="getelementptr"/>
<opset="buf_V_2_addr/1 "/>
</bind>
</comp>

<comp id="107" class="1004" name="store_ln150_access_fu_107">
<pin_list>
<pin id="108" dir="0" index="0" bw="4" slack="0"/>
<pin id="109" dir="0" index="1" bw="8" slack="0"/>
<pin id="110" dir="0" index="2" bw="0" slack="2147483647"/>
<pin id="111" dir="1" index="3" bw="8" slack="2147483647"/>
</pin_list>
<bind>
<opcode="store(28) " fcode="store"/>
<opset="store_ln150/1 "/>
</bind>
</comp>

<comp id="114" class="1004" name="buf_V_3_addr_gep_fu_114">
<pin_list>
<pin id="115" dir="0" index="0" bw="8" slack="0"/>
<pin id="116" dir="0" index="1" bw="1" slack="0"/>
<pin id="117" dir="0" index="2" bw="4" slack="0"/>
<pin id="118" dir="1" index="3" bw="4" slack="0"/>
</pin_list>
<bind>
<opcode="getelementptr(29) " fcode="getelementptr"/>
<opset="buf_V_3_addr/1 "/>
</bind>
</comp>

<comp id="121" class="1004" name="store_ln150_access_fu_121">
<pin_list>
<pin id="122" dir="0" index="0" bw="4" slack="0"/>
<pin id="123" dir="0" index="1" bw="8" slack="0"/>
<pin id="124" dir="0" index="2" bw="0" slack="2147483647"/>
<pin id="125" dir="1" index="3" bw="8" slack="2147483647"/>
</pin_list>
<bind>
<opcode="store(28) " fcode="store"/>
<opset="store_ln150/1 "/>
</bind>
</comp>

<comp id="128" class="1004" name="buf_V_4_addr_gep_fu_128">
<pin_list>
<pin id="129" dir="0" index="0" bw="8" slack="0"/>
<pin id="130" dir="0" index="1" bw="1" slack="0"/>
<pin id="131" dir="0" index="2" bw="4" slack="0"/>
<pin id="132" dir="1" index="3" bw="4" slack="0"/>
</pin_list>
<bind>
<opcode="getelementptr(29) " fcode="getelementptr"/>
<opset="buf_V_4_addr/1 "/>
</bind>
</comp>

<comp id="135" class="1004" name="store_ln150_access_fu_135">
<pin_list>
<pin id="136" dir="0" index="0" bw="4" slack="0"/>
<pin id="137" dir="0" index="1" bw="8" slack="0"/>
<pin id="138" dir="0" index="2" bw="0" slack="2147483647"/>
<pin id="139" dir="1" index="3" bw="8" slack="2147483647"/>
</pin_list>
<bind>
<opcode="store(28) " fcode="store"/>
<opset="store_ln150/1 "/>
</bind>
</comp>

<comp id="142" class="1004" name="buf_V_5_addr_gep_fu_142">
<pin_list>
<pin id="143" dir="0" index="0" bw="8" slack="0"/>
<pin id="144" dir="0" index="1" bw="1" slack="0"/>
<pin id="145" dir="0" index="2" bw="4" slack="0"/>
<pin id="146" dir="1" index="3" bw="4" slack="0"/>
</pin_list>
<bind>
<opcode="getelementptr(29) " fcode="getelementptr"/>
<opset="buf_V_5_addr/1 "/>
</bind>
</comp>

<comp id="149" class="1004" name="store_ln150_access_fu_149">
<pin_list>
<pin id="150" dir="0" index="0" bw="4" slack="0"/>
<pin id="151" dir="0" index="1" bw="8" slack="0"/>
<pin id="152" dir="0" index="2" bw="0" slack="2147483647"/>
<pin id="153" dir="1" index="3" bw="8" slack="2147483647"/>
</pin_list>
<bind>
<opcode="store(28) " fcode="store"/>
<opset="store_ln150/1 "/>
</bind>
</comp>

<comp id="156" class="1004" name="buf_V_6_addr_gep_fu_156">
<pin_list>
<pin id="157" dir="0" index="0" bw="8" slack="0"/>
<pin id="158" dir="0" index="1" bw="1" slack="0"/>
<pin id="159" dir="0" index="2" bw="4" slack="0"/>
<pin id="160" dir="1" index="3" bw="4" slack="0"/>
</pin_list>
<bind>
<opcode="getelementptr(29) " fcode="getelementptr"/>
<opset="buf_V_6_addr/1 "/>
</bind>
</comp>

<comp id="163" class="1004" name="store_ln150_access_fu_163">
<pin_list>
<pin id="164" dir="0" index="0" bw="4" slack="0"/>
<pin id="165" dir="0" index="1" bw="8" slack="0"/>
<pin id="166" dir="0" index="2" bw="0" slack="2147483647"/>
<pin id="167" dir="1" index="3" bw="8" slack="2147483647"/>
</pin_list>
<bind>
<opcode="store(28) " fcode="store"/>
<opset="store_ln150/1 "/>
</bind>
</comp>

<comp id="170" class="1004" name="buf_V_7_addr_gep_fu_170">
<pin_list>
<pin id="171" dir="0" index="0" bw="8" slack="0"/>
<pin id="172" dir="0" index="1" bw="1" slack="0"/>
<pin id="173" dir="0" index="2" bw="4" slack="0"/>
<pin id="174" dir="1" index="3" bw="4" slack="0"/>
</pin_list>
<bind>
<opcode="getelementptr(29) " fcode="getelementptr"/>
<opset="buf_V_7_addr/1 "/>
</bind>
</comp>

<comp id="177" class="1004" name="store_ln150_access_fu_177">
<pin_list>
<pin id="178" dir="0" index="0" bw="4" slack="0"/>
<pin id="179" dir="0" index="1" bw="8" slack="0"/>
<pin id="180" dir="0" index="2" bw="0" slack="2147483647"/>
<pin id="181" dir="1" index="3" bw="8" slack="2147483647"/>
</pin_list>
<bind>
<opcode="store(28) " fcode="store"/>
<opset="store_ln150/1 "/>
</bind>
</comp>

<comp id="184" class="1004" name="buf_V_8_addr_gep_fu_184">
<pin_list>
<pin id="185" dir="0" index="0" bw="8" slack="0"/>
<pin id="186" dir="0" index="1" bw="1" slack="0"/>
<pin id="187" dir="0" index="2" bw="4" slack="0"/>
<pin id="188" dir="1" index="3" bw="4" slack="0"/>
</pin_list>
<bind>
<opcode="getelementptr(29) " fcode="getelementptr"/>
<opset="buf_V_8_addr/1 "/>
</bind>
</comp>

<comp id="191" class="1004" name="store_ln150_access_fu_191">
<pin_list>
<pin id="192" dir="0" index="0" bw="4" slack="0"/>
<pin id="193" dir="0" index="1" bw="8" slack="0"/>
<pin id="194" dir="0" index="2" bw="0" slack="2147483647"/>
<pin id="195" dir="1" index="3" bw="8" slack="2147483647"/>
</pin_list>
<bind>
<opcode="store(28) " fcode="store"/>
<opset="store_ln150/1 "/>
</bind>
</comp>

<comp id="198" class="1004" name="buf_V_9_addr_gep_fu_198">
<pin_list>
<pin id="199" dir="0" index="0" bw="8" slack="0"/>
<pin id="200" dir="0" index="1" bw="1" slack="0"/>
<pin id="201" dir="0" index="2" bw="4" slack="0"/>
<pin id="202" dir="1" index="3" bw="4" slack="0"/>
</pin_list>
<bind>
<opcode="getelementptr(29) " fcode="getelementptr"/>
<opset="buf_V_9_addr/1 "/>
</bind>
</comp>

<comp id="205" class="1004" name="store_ln150_access_fu_205">
<pin_list>
<pin id="206" dir="0" index="0" bw="4" slack="0"/>
<pin id="207" dir="0" index="1" bw="8" slack="0"/>
<pin id="208" dir="0" index="2" bw="0" slack="2147483647"/>
<pin id="209" dir="1" index="3" bw="8" slack="2147483647"/>
</pin_list>
<bind>
<opcode="store(28) " fcode="store"/>
<opset="store_ln150/1 "/>
</bind>
</comp>

<comp id="212" class="1004" name="buf_V_10_addr_gep_fu_212">
<pin_list>
<pin id="213" dir="0" index="0" bw="8" slack="0"/>
<pin id="214" dir="0" index="1" bw="1" slack="0"/>
<pin id="215" dir="0" index="2" bw="4" slack="0"/>
<pin id="216" dir="1" index="3" bw="4" slack="0"/>
</pin_list>
<bind>
<opcode="getelementptr(29) " fcode="getelementptr"/>
<opset="buf_V_10_addr/1 "/>
</bind>
</comp>

<comp id="219" class="1004" name="store_ln150_access_fu_219">
<pin_list>
<pin id="220" dir="0" index="0" bw="4" slack="0"/>
<pin id="221" dir="0" index="1" bw="8" slack="0"/>
<pin id="222" dir="0" index="2" bw="0" slack="2147483647"/>
<pin id="223" dir="1" index="3" bw="8" slack="2147483647"/>
</pin_list>
<bind>
<opcode="store(28) " fcode="store"/>
<opset="store_ln150/1 "/>
</bind>
</comp>

<comp id="226" class="1004" name="buf_V_11_addr_gep_fu_226">
<pin_list>
<pin id="227" dir="0" index="0" bw="8" slack="0"/>
<pin id="228" dir="0" index="1" bw="1" slack="0"/>
<pin id="229" dir="0" index="2" bw="4" slack="0"/>
<pin id="230" dir="1" index="3" bw="4" slack="0"/>
</pin_list>
<bind>
<opcode="getelementptr(29) " fcode="getelementptr"/>
<opset="buf_V_11_addr/1 "/>
</bind>
</comp>

<comp id="233" class="1004" name="store_ln150_access_fu_233">
<pin_list>
<pin id="234" dir="0" index="0" bw="4" slack="0"/>
<pin id="235" dir="0" index="1" bw="8" slack="0"/>
<pin id="236" dir="0" index="2" bw="0" slack="2147483647"/>
<pin id="237" dir="1" index="3" bw="8" slack="2147483647"/>
</pin_list>
<bind>
<opcode="store(28) " fcode="store"/>
<opset="store_ln150/1 "/>
</bind>
</comp>

<comp id="240" class="1004" name="buf_V_12_addr_gep_fu_240">
<pin_list>
<pin id="241" dir="0" index="0" bw="8" slack="0"/>
<pin id="242" dir="0" index="1" bw="1" slack="0"/>
<pin id="243" dir="0" index="2" bw="4" slack="0"/>
<pin id="244" dir="1" index="3" bw="4" slack="0"/>
</pin_list>
<bind>
<opcode="getelementptr(29) " fcode="getelementptr"/>
<opset="buf_V_12_addr/1 "/>
</bind>
</comp>

<comp id="247" class="1004" name="store_ln150_access_fu_247">
<pin_list>
<pin id="248" dir="0" index="0" bw="4" slack="0"/>
<pin id="249" dir="0" index="1" bw="8" slack="0"/>
<pin id="250" dir="0" index="2" bw="0" slack="2147483647"/>
<pin id="251" dir="1" index="3" bw="8" slack="2147483647"/>
</pin_list>
<bind>
<opcode="store(28) " fcode="store"/>
<opset="store_ln150/1 "/>
</bind>
</comp>

<comp id="254" class="1004" name="buf_V_13_addr_gep_fu_254">
<pin_list>
<pin id="255" dir="0" index="0" bw="8" slack="0"/>
<pin id="256" dir="0" index="1" bw="1" slack="0"/>
<pin id="257" dir="0" index="2" bw="4" slack="0"/>
<pin id="258" dir="1" index="3" bw="4" slack="0"/>
</pin_list>
<bind>
<opcode="getelementptr(29) " fcode="getelementptr"/>
<opset="buf_V_13_addr/1 "/>
</bind>
</comp>

<comp id="261" class="1004" name="store_ln150_access_fu_261">
<pin_list>
<pin id="262" dir="0" index="0" bw="4" slack="0"/>
<pin id="263" dir="0" index="1" bw="8" slack="0"/>
<pin id="264" dir="0" index="2" bw="0" slack="2147483647"/>
<pin id="265" dir="1" index="3" bw="8" slack="2147483647"/>
</pin_list>
<bind>
<opcode="store(28) " fcode="store"/>
<opset="store_ln150/1 "/>
</bind>
</comp>

<comp id="268" class="1004" name="buf_V_14_addr_gep_fu_268">
<pin_list>
<pin id="269" dir="0" index="0" bw="8" slack="0"/>
<pin id="270" dir="0" index="1" bw="1" slack="0"/>
<pin id="271" dir="0" index="2" bw="4" slack="0"/>
<pin id="272" dir="1" index="3" bw="4" slack="0"/>
</pin_list>
<bind>
<opcode="getelementptr(29) " fcode="getelementptr"/>
<opset="buf_V_14_addr/1 "/>
</bind>
</comp>

<comp id="275" class="1004" name="store_ln150_access_fu_275">
<pin_list>
<pin id="276" dir="0" index="0" bw="4" slack="0"/>
<pin id="277" dir="0" index="1" bw="8" slack="0"/>
<pin id="278" dir="0" index="2" bw="0" slack="2147483647"/>
<pin id="279" dir="1" index="3" bw="8" slack="2147483647"/>
</pin_list>
<bind>
<opcode="store(28) " fcode="store"/>
<opset="store_ln150/1 "/>
</bind>
</comp>

<comp id="282" class="1004" name="buf_V_15_addr_gep_fu_282">
<pin_list>
<pin id="283" dir="0" index="0" bw="8" slack="0"/>
<pin id="284" dir="0" index="1" bw="1" slack="0"/>
<pin id="285" dir="0" index="2" bw="4" slack="0"/>
<pin id="286" dir="1" index="3" bw="4" slack="0"/>
</pin_list>
<bind>
<opcode="getelementptr(29) " fcode="getelementptr"/>
<opset="buf_V_15_addr/1 "/>
</bind>
</comp>

<comp id="289" class="1004" name="store_ln150_access_fu_289">
<pin_list>
<pin id="290" dir="0" index="0" bw="4" slack="0"/>
<pin id="291" dir="0" index="1" bw="8" slack="0"/>
<pin id="292" dir="0" index="2" bw="0" slack="2147483647"/>
<pin id="293" dir="1" index="3" bw="8" slack="2147483647"/>
</pin_list>
<bind>
<opcode="store(28) " fcode="store"/>
<opset="store_ln150/1 "/>
</bind>
</comp>

<comp id="296" class="1004" name="buf_V_16_addr_gep_fu_296">
<pin_list>
<pin id="297" dir="0" index="0" bw="8" slack="0"/>
<pin id="298" dir="0" index="1" bw="1" slack="0"/>
<pin id="299" dir="0" index="2" bw="4" slack="0"/>
<pin id="300" dir="1" index="3" bw="4" slack="0"/>
</pin_list>
<bind>
<opcode="getelementptr(29) " fcode="getelementptr"/>
<opset="buf_V_16_addr/1 "/>
</bind>
</comp>

<comp id="303" class="1004" name="store_ln150_access_fu_303">
<pin_list>
<pin id="304" dir="0" index="0" bw="4" slack="0"/>
<pin id="305" dir="0" index="1" bw="8" slack="0"/>
<pin id="306" dir="0" index="2" bw="0" slack="2147483647"/>
<pin id="307" dir="1" index="3" bw="8" slack="2147483647"/>
</pin_list>
<bind>
<opcode="store(28) " fcode="store"/>
<opset="store_ln150/1 "/>
</bind>
</comp>

<comp id="310" class="1004" name="buf_V_17_addr_gep_fu_310">
<pin_list>
<pin id="311" dir="0" index="0" bw="8" slack="0"/>
<pin id="312" dir="0" index="1" bw="1" slack="0"/>
<pin id="313" dir="0" index="2" bw="4" slack="0"/>
<pin id="314" dir="1" index="3" bw="4" slack="0"/>
</pin_list>
<bind>
<opcode="getelementptr(29) " fcode="getelementptr"/>
<opset="buf_V_17_addr/1 "/>
</bind>
</comp>

<comp id="317" class="1004" name="store_ln150_access_fu_317">
<pin_list>
<pin id="318" dir="0" index="0" bw="4" slack="0"/>
<pin id="319" dir="0" index="1" bw="8" slack="0"/>
<pin id="320" dir="0" index="2" bw="0" slack="2147483647"/>
<pin id="321" dir="1" index="3" bw="8" slack="2147483647"/>
</pin_list>
<bind>
<opcode="store(28) " fcode="store"/>
<opset="store_ln150/1 "/>
</bind>
</comp>

<comp id="324" class="1004" name="buf_V_18_addr_gep_fu_324">
<pin_list>
<pin id="325" dir="0" index="0" bw="8" slack="0"/>
<pin id="326" dir="0" index="1" bw="1" slack="0"/>
<pin id="327" dir="0" index="2" bw="4" slack="0"/>
<pin id="328" dir="1" index="3" bw="4" slack="0"/>
</pin_list>
<bind>
<opcode="getelementptr(29) " fcode="getelementptr"/>
<opset="buf_V_18_addr/1 "/>
</bind>
</comp>

<comp id="331" class="1004" name="store_ln150_access_fu_331">
<pin_list>
<pin id="332" dir="0" index="0" bw="4" slack="0"/>
<pin id="333" dir="0" index="1" bw="8" slack="0"/>
<pin id="334" dir="0" index="2" bw="0" slack="2147483647"/>
<pin id="335" dir="1" index="3" bw="8" slack="2147483647"/>
</pin_list>
<bind>
<opcode="store(28) " fcode="store"/>
<opset="store_ln150/1 "/>
</bind>
</comp>

<comp id="338" class="1004" name="buf_V_19_addr_gep_fu_338">
<pin_list>
<pin id="339" dir="0" index="0" bw="8" slack="0"/>
<pin id="340" dir="0" index="1" bw="1" slack="0"/>
<pin id="341" dir="0" index="2" bw="4" slack="0"/>
<pin id="342" dir="1" index="3" bw="4" slack="0"/>
</pin_list>
<bind>
<opcode="getelementptr(29) " fcode="getelementptr"/>
<opset="buf_V_19_addr/1 "/>
</bind>
</comp>

<comp id="345" class="1004" name="store_ln150_access_fu_345">
<pin_list>
<pin id="346" dir="0" index="0" bw="4" slack="0"/>
<pin id="347" dir="0" index="1" bw="8" slack="0"/>
<pin id="348" dir="0" index="2" bw="0" slack="2147483647"/>
<pin id="349" dir="1" index="3" bw="8" slack="2147483647"/>
</pin_list>
<bind>
<opcode="store(28) " fcode="store"/>
<opset="store_ln150/1 "/>
</bind>
</comp>

<comp id="352" class="1004" name="store_ln0_store_fu_352">
<pin_list>
<pin id="353" dir="0" index="0" bw="1" slack="0"/>
<pin id="354" dir="0" index="1" bw="4" slack="0"/>
<pin id="355" dir="1" index="2" bw="0" slack="2147483647"/>
</pin_list>
<bind>
<opcode="store(28) " fcode="store"/>
<opset="store_ln0/1 "/>
</bind>
</comp>

<comp id="357" class="1004" name="i_1_load_fu_357">
<pin_list>
<pin id="358" dir="0" index="0" bw="4" slack="0"/>
<pin id="359" dir="1" index="1" bw="4" slack="0"/>
</pin_list>
<bind>
<opcode="load(27) " fcode="load"/>
<opset="i_1/1 "/>
</bind>
</comp>

<comp id="360" class="1004" name="icmp_ln147_fu_360">
<pin_list>
<pin id="361" dir="0" index="0" bw="4" slack="0"/>
<pin id="362" dir="0" index="1" bw="2" slack="0"/>
<pin id="363" dir="1" index="2" bw="1" slack="2147483647"/>
</pin_list>
<bind>
<opcode="icmp(45) " fcode="icmp"/>
<opset="icmp_ln147/1 "/>
</bind>
</comp>

<comp id="366" class="1004" name="add_ln147_fu_366">
<pin_list>
<pin id="367" dir="0" index="0" bw="4" slack="0"/>
<pin id="368" dir="0" index="1" bw="1" slack="0"/>
<pin id="369" dir="1" index="2" bw="4" slack="0"/>
</pin_list>
<bind>
<opcode="add(8) " fcode="add"/>
<opset="add_ln147/1 "/>
</bind>
</comp>

<comp id="372" class="1004" name="i_cast_fu_372">
<pin_list>
<pin id="373" dir="0" index="0" bw="4" slack="0"/>
<pin id="374" dir="1" index="1" bw="64" slack="0"/>
</pin_list>
<bind>
<opcode="zext(34) " fcode="zext"/>
<opset="i_cast/1 "/>
</bind>
</comp>

<comp id="396" class="1004" name="store_ln147_store_fu_396">
<pin_list>
<pin id="397" dir="0" index="0" bw="4" slack="0"/>
<pin id="398" dir="0" index="1" bw="4" slack="0"/>
<pin id="399" dir="1" index="2" bw="0" slack="2147483647"/>
</pin_list>
<bind>
<opcode="store(28) " fcode="store"/>
<opset="store_ln147/1 "/>
</bind>
</comp>

<comp id="401" class="1005" name="i_reg_401">
<pin_list>
<pin id="402" dir="0" index="0" bw="4" slack="0"/>
<pin id="403" dir="1" index="1" bw="4" slack="0"/>
</pin_list>
<bind>
<opset="i "/>
</bind>
</comp>

</comp_list>

<net_list>
<net id="71"><net_src comp="40" pin="0"/><net_sink comp="68" pin=0"/></net>

<net id="77"><net_src comp="0" pin="0"/><net_sink comp="72" pin=0"/></net>

<net id="78"><net_src comp="64" pin="0"/><net_sink comp="72" pin=1"/></net>

<net id="84"><net_src comp="66" pin="0"/><net_sink comp="79" pin=1"/></net>

<net id="85"><net_src comp="72" pin="3"/><net_sink comp="79" pin=0"/></net>

<net id="91"><net_src comp="2" pin="0"/><net_sink comp="86" pin=0"/></net>

<net id="92"><net_src comp="64" pin="0"/><net_sink comp="86" pin=1"/></net>

<net id="98"><net_src comp="66" pin="0"/><net_sink comp="93" pin=1"/></net>

<net id="99"><net_src comp="86" pin="3"/><net_sink comp="93" pin=0"/></net>

<net id="105"><net_src comp="4" pin="0"/><net_sink comp="100" pin=0"/></net>

<net id="106"><net_src comp="64" pin="0"/><net_sink comp="100" pin=1"/></net>

<net id="112"><net_src comp="66" pin="0"/><net_sink comp="107" pin=1"/></net>

<net id="113"><net_src comp="100" pin="3"/><net_sink comp="107" pin=0"/></net>

<net id="119"><net_src comp="6" pin="0"/><net_sink comp="114" pin=0"/></net>

<net id="120"><net_src comp="64" pin="0"/><net_sink comp="114" pin=1"/></net>

<net id="126"><net_src comp="66" pin="0"/><net_sink comp="121" pin=1"/></net>

<net id="127"><net_src comp="114" pin="3"/><net_sink comp="121" pin=0"/></net>

<net id="133"><net_src comp="8" pin="0"/><net_sink comp="128" pin=0"/></net>

<net id="134"><net_src comp="64" pin="0"/><net_sink comp="128" pin=1"/></net>

<net id="140"><net_src comp="66" pin="0"/><net_sink comp="135" pin=1"/></net>

<net id="141"><net_src comp="128" pin="3"/><net_sink comp="135" pin=0"/></net>

<net id="147"><net_src comp="10" pin="0"/><net_sink comp="142" pin=0"/></net>

<net id="148"><net_src comp="64" pin="0"/><net_sink comp="142" pin=1"/></net>

<net id="154"><net_src comp="66" pin="0"/><net_sink comp="149" pin=1"/></net>

<net id="155"><net_src comp="142" pin="3"/><net_sink comp="149" pin=0"/></net>

<net id="161"><net_src comp="12" pin="0"/><net_sink comp="156" pin=0"/></net>

<net id="162"><net_src comp="64" pin="0"/><net_sink comp="156" pin=1"/></net>

<net id="168"><net_src comp="66" pin="0"/><net_sink comp="163" pin=1"/></net>

<net id="169"><net_src comp="156" pin="3"/><net_sink comp="163" pin=0"/></net>

<net id="175"><net_src comp="14" pin="0"/><net_sink comp="170" pin=0"/></net>

<net id="176"><net_src comp="64" pin="0"/><net_sink comp="170" pin=1"/></net>

<net id="182"><net_src comp="66" pin="0"/><net_sink comp="177" pin=1"/></net>

<net id="183"><net_src comp="170" pin="3"/><net_sink comp="177" pin=0"/></net>

<net id="189"><net_src comp="16" pin="0"/><net_sink comp="184" pin=0"/></net>

<net id="190"><net_src comp="64" pin="0"/><net_sink comp="184" pin=1"/></net>

<net id="196"><net_src comp="66" pin="0"/><net_sink comp="191" pin=1"/></net>

<net id="197"><net_src comp="184" pin="3"/><net_sink comp="191" pin=0"/></net>

<net id="203"><net_src comp="18" pin="0"/><net_sink comp="198" pin=0"/></net>

<net id="204"><net_src comp="64" pin="0"/><net_sink comp="198" pin=1"/></net>

<net id="210"><net_src comp="66" pin="0"/><net_sink comp="205" pin=1"/></net>

<net id="211"><net_src comp="198" pin="3"/><net_sink comp="205" pin=0"/></net>

<net id="217"><net_src comp="20" pin="0"/><net_sink comp="212" pin=0"/></net>

<net id="218"><net_src comp="64" pin="0"/><net_sink comp="212" pin=1"/></net>

<net id="224"><net_src comp="66" pin="0"/><net_sink comp="219" pin=1"/></net>

<net id="225"><net_src comp="212" pin="3"/><net_sink comp="219" pin=0"/></net>

<net id="231"><net_src comp="22" pin="0"/><net_sink comp="226" pin=0"/></net>

<net id="232"><net_src comp="64" pin="0"/><net_sink comp="226" pin=1"/></net>

<net id="238"><net_src comp="66" pin="0"/><net_sink comp="233" pin=1"/></net>

<net id="239"><net_src comp="226" pin="3"/><net_sink comp="233" pin=0"/></net>

<net id="245"><net_src comp="24" pin="0"/><net_sink comp="240" pin=0"/></net>

<net id="246"><net_src comp="64" pin="0"/><net_sink comp="240" pin=1"/></net>

<net id="252"><net_src comp="66" pin="0"/><net_sink comp="247" pin=1"/></net>

<net id="253"><net_src comp="240" pin="3"/><net_sink comp="247" pin=0"/></net>

<net id="259"><net_src comp="26" pin="0"/><net_sink comp="254" pin=0"/></net>

<net id="260"><net_src comp="64" pin="0"/><net_sink comp="254" pin=1"/></net>

<net id="266"><net_src comp="66" pin="0"/><net_sink comp="261" pin=1"/></net>

<net id="267"><net_src comp="254" pin="3"/><net_sink comp="261" pin=0"/></net>

<net id="273"><net_src comp="28" pin="0"/><net_sink comp="268" pin=0"/></net>

<net id="274"><net_src comp="64" pin="0"/><net_sink comp="268" pin=1"/></net>

<net id="280"><net_src comp="66" pin="0"/><net_sink comp="275" pin=1"/></net>

<net id="281"><net_src comp="268" pin="3"/><net_sink comp="275" pin=0"/></net>

<net id="287"><net_src comp="30" pin="0"/><net_sink comp="282" pin=0"/></net>

<net id="288"><net_src comp="64" pin="0"/><net_sink comp="282" pin=1"/></net>

<net id="294"><net_src comp="66" pin="0"/><net_sink comp="289" pin=1"/></net>

<net id="295"><net_src comp="282" pin="3"/><net_sink comp="289" pin=0"/></net>

<net id="301"><net_src comp="32" pin="0"/><net_sink comp="296" pin=0"/></net>

<net id="302"><net_src comp="64" pin="0"/><net_sink comp="296" pin=1"/></net>

<net id="308"><net_src comp="66" pin="0"/><net_sink comp="303" pin=1"/></net>

<net id="309"><net_src comp="296" pin="3"/><net_sink comp="303" pin=0"/></net>

<net id="315"><net_src comp="34" pin="0"/><net_sink comp="310" pin=0"/></net>

<net id="316"><net_src comp="64" pin="0"/><net_sink comp="310" pin=1"/></net>

<net id="322"><net_src comp="66" pin="0"/><net_sink comp="317" pin=1"/></net>

<net id="323"><net_src comp="310" pin="3"/><net_sink comp="317" pin=0"/></net>

<net id="329"><net_src comp="36" pin="0"/><net_sink comp="324" pin=0"/></net>

<net id="330"><net_src comp="64" pin="0"/><net_sink comp="324" pin=1"/></net>

<net id="336"><net_src comp="66" pin="0"/><net_sink comp="331" pin=1"/></net>

<net id="337"><net_src comp="324" pin="3"/><net_sink comp="331" pin=0"/></net>

<net id="343"><net_src comp="38" pin="0"/><net_sink comp="338" pin=0"/></net>

<net id="344"><net_src comp="64" pin="0"/><net_sink comp="338" pin=1"/></net>

<net id="350"><net_src comp="66" pin="0"/><net_sink comp="345" pin=1"/></net>

<net id="351"><net_src comp="338" pin="3"/><net_sink comp="345" pin=0"/></net>

<net id="356"><net_src comp="42" pin="0"/><net_sink comp="352" pin=0"/></net>

<net id="364"><net_src comp="357" pin="1"/><net_sink comp="360" pin=0"/></net>

<net id="365"><net_src comp="52" pin="0"/><net_sink comp="360" pin=1"/></net>

<net id="370"><net_src comp="357" pin="1"/><net_sink comp="366" pin=0"/></net>

<net id="371"><net_src comp="58" pin="0"/><net_sink comp="366" pin=1"/></net>

<net id="375"><net_src comp="357" pin="1"/><net_sink comp="372" pin=0"/></net>

<net id="376"><net_src comp="372" pin="1"/><net_sink comp="72" pin=2"/></net>

<net id="377"><net_src comp="372" pin="1"/><net_sink comp="86" pin=2"/></net>

<net id="378"><net_src comp="372" pin="1"/><net_sink comp="100" pin=2"/></net>

<net id="379"><net_src comp="372" pin="1"/><net_sink comp="114" pin=2"/></net>

<net id="380"><net_src comp="372" pin="1"/><net_sink comp="128" pin=2"/></net>

<net id="381"><net_src comp="372" pin="1"/><net_sink comp="142" pin=2"/></net>

<net id="382"><net_src comp="372" pin="1"/><net_sink comp="156" pin=2"/></net>

<net id="383"><net_src comp="372" pin="1"/><net_sink comp="170" pin=2"/></net>

<net id="384"><net_src comp="372" pin="1"/><net_sink comp="184" pin=2"/></net>

<net id="385"><net_src comp="372" pin="1"/><net_sink comp="198" pin=2"/></net>

<net id="386"><net_src comp="372" pin="1"/><net_sink comp="212" pin=2"/></net>

<net id="387"><net_src comp="372" pin="1"/><net_sink comp="226" pin=2"/></net>

<net id="388"><net_src comp="372" pin="1"/><net_sink comp="240" pin=2"/></net>

<net id="389"><net_src comp="372" pin="1"/><net_sink comp="254" pin=2"/></net>

<net id="390"><net_src comp="372" pin="1"/><net_sink comp="268" pin=2"/></net>

<net id="391"><net_src comp="372" pin="1"/><net_sink comp="282" pin=2"/></net>

<net id="392"><net_src comp="372" pin="1"/><net_sink comp="296" pin=2"/></net>

<net id="393"><net_src comp="372" pin="1"/><net_sink comp="310" pin=2"/></net>

<net id="394"><net_src comp="372" pin="1"/><net_sink comp="324" pin=2"/></net>

<net id="395"><net_src comp="372" pin="1"/><net_sink comp="338" pin=2"/></net>

<net id="400"><net_src comp="366" pin="2"/><net_sink comp="396" pin=0"/></net>

<net id="404"><net_src comp="68" pin="1"/><net_sink comp="401" pin=0"/></net>

<net id="405"><net_src comp="401" pin="1"/><net_sink comp="352" pin=1"/></net>

<net id="406"><net_src comp="401" pin="1"/><net_sink comp="357" pin=0"/></net>

<net id="407"><net_src comp="401" pin="1"/><net_sink comp="396" pin=1"/></net>

</net_list>

</model> 
---------------- Datapath Model END ------------------

* FSMD analyzer results:
  - Output states:
	Port: buf_V | {1 }
	Port: buf_V_1 | {1 }
	Port: buf_V_2 | {1 }
	Port: buf_V_3 | {1 }
	Port: buf_V_4 | {1 }
	Port: buf_V_5 | {1 }
	Port: buf_V_6 | {1 }
	Port: buf_V_7 | {1 }
	Port: buf_V_8 | {1 }
	Port: buf_V_9 | {1 }
	Port: buf_V_10 | {1 }
	Port: buf_V_11 | {1 }
	Port: buf_V_12 | {1 }
	Port: buf_V_13 | {1 }
	Port: buf_V_14 | {1 }
	Port: buf_V_15 | {1 }
	Port: buf_V_16 | {1 }
	Port: buf_V_17 | {1 }
	Port: buf_V_18 | {1 }
	Port: buf_V_19 | {1 }
 - Input state : 
  - Chain level:
	State 1
		store_ln0 : 1
		i_1 : 1
		icmp_ln147 : 2
		add_ln147 : 2
		br_ln147 : 3
		i_cast : 2
		buf_V_addr : 3
		store_ln150 : 4
		buf_V_1_addr : 3
		store_ln150 : 4
		buf_V_2_addr : 3
		store_ln150 : 4
		buf_V_3_addr : 3
		store_ln150 : 4
		buf_V_4_addr : 3
		store_ln150 : 4
		buf_V_5_addr : 3
		store_ln150 : 4
		buf_V_6_addr : 3
		store_ln150 : 4
		buf_V_7_addr : 3
		store_ln150 : 4
		buf_V_8_addr : 3
		store_ln150 : 4
		buf_V_9_addr : 3
		store_ln150 : 4
		buf_V_10_addr : 3
		store_ln150 : 4
		buf_V_11_addr : 3
		store_ln150 : 4
		buf_V_12_addr : 3
		store_ln150 : 4
		buf_V_13_addr : 3
		store_ln150 : 4
		buf_V_14_addr : 3
		store_ln150 : 4
		buf_V_15_addr : 3
		store_ln150 : 4
		buf_V_16_addr : 3
		store_ln150 : 4
		buf_V_17_addr : 3
		store_ln150 : 4
		buf_V_18_addr : 3
		store_ln150 : 4
		buf_V_19_addr : 3
		store_ln150 : 4
		store_ln147 : 3


============================================================
+ Verbose Summary: Datapath Resource usage 
============================================================

* Functional unit list:
|----------|-------------------|---------|---------|
| Operation|  Functional Unit  |    FF   |   LUT   |
|----------|-------------------|---------|---------|
|    add   |  add_ln147_fu_366 |    0    |    12   |
|----------|-------------------|---------|---------|
|   icmp   | icmp_ln147_fu_360 |    0    |    9    |
|----------|-------------------|---------|---------|
|   zext   |   i_cast_fu_372   |    0    |    0    |
|----------|-------------------|---------|---------|
|   Total  |                   |    0    |    21   |
|----------|-------------------|---------|---------|

Memories:
N/A

* Register list:
+---------+--------+
|         |   FF   |
+---------+--------+
|i_reg_401|    4   |
+---------+--------+
|  Total  |    4   |
+---------+--------+

* Multiplexer (MUX) list: 
|--------|------|------|------|--------|
|  Comp  |  Pin | Size |  BW  | S x BW |
|--------|------|------|------|--------|
|  Total |      |      |      |    0   |
|--------|------|------|------|--------|



* Summary:
+-----------+--------+--------+
|           |   FF   |   LUT  |
+-----------+--------+--------+
|  Function |    0   |   21   |
|   Memory  |    -   |    -   |
|Multiplexer|    -   |    -   |
|  Register |    4   |    -   |
+-----------+--------+--------+
|   Total   |    4   |   21   |
+-----------+--------+--------+
