

================================================================
== Vitis HLS Report for 'StreamingMaxPool_Precision_Pipeline_VITIS_LOOP_174_8'
================================================================
* Date:           Thu Jun 19 12:41:38 2025

* Version:        2022.2 (Build 3670227 on Oct 13 2022)
* Project:        project_StreamingMaxPool_hls_1
* Solution:       sol1 (Vivado IP Flow Target)
* Product family: zynquplus
* Target device:  xczu7ev-ffvc1156-2-e


================================================================
== Performance Estimates
================================================================
+ Timing: 
    * Summary: 
    +--------+----------+----------+------------+
    |  Clock |  Target  | Estimated| Uncertainty|
    +--------+----------+----------+------------+
    |ap_clk  |  10.00 ns|  1.260 ns|     2.70 ns|
    +--------+----------+----------+------------+

+ Latency: 
    * Summary: 
    +---------+---------+-----------+-----------+-----+-----+---------+
    |  Latency (cycles) |   Latency (absolute)  |  Interval | Pipeline|
    |   min   |   max   |    min    |    max    | min | max |   Type  |
    +---------+---------+-----------+-----------+-----+-----+---------+
    |        9|        9|  90.000 ns|  90.000 ns|    9|    9|       no|
    +---------+---------+-----------+-----------+-----+-----+---------+

    + Detail: 
        * Instance: 
        N/A

        * Loop: 
        +--------------------+---------+---------+----------+-----------+-----------+------+----------+
        |                    |  Latency (cycles) | Iteration|  Initiation Interval  | Trip |          |
        |      Loop Name     |   min   |   max   |  Latency |  achieved |   target  | Count| Pipelined|
        +--------------------+---------+---------+----------+-----------+-----------+------+----------+
        |- VITIS_LOOP_174_8  |        7|        7|         2|          1|          1|     7|  yes(flp)|
        +--------------------+---------+---------+----------+-----------+-----------+------+----------+



================================================================
== Utilization Estimates
================================================================
* Summary: 
+-----------------+---------+------+--------+--------+-----+
|       Name      | BRAM_18K|  DSP |   FF   |   LUT  | URAM|
+-----------------+---------+------+--------+--------+-----+
|DSP              |        -|     -|       -|       -|    -|
|Expression       |        -|     -|       0|      22|    -|
|FIFO             |        -|     -|       -|       -|    -|
|Instance         |        -|     -|       -|       -|    -|
|Memory           |        -|     -|       -|       -|    -|
|Multiplexer      |        -|     -|       -|      59|    -|
|Register         |        -|     -|       9|       -|    -|
+-----------------+---------+------+--------+--------+-----+
|Total            |        0|     0|       9|      81|    0|
+-----------------+---------+------+--------+--------+-----+
|Available        |      624|  1728|  460800|  230400|   96|
+-----------------+---------+------+--------+--------+-----+
|Utilization (%)  |        0|     0|      ~0|      ~0|    0|
+-----------------+---------+------+--------+--------+-----+

+ Detail: 
    * Instance: 
    N/A

    * DSP: 
    N/A

    * Memory: 
    N/A

    * FIFO: 
    N/A

    * Expression: 
    +----------------------+----------+----+---+----+------------+------------+
    |     Variable Name    | Operation| DSP| FF| LUT| Bitwidth P0| Bitwidth P1|
    +----------------------+----------+----+---+----+------------+------------+
    |add_ln174_fu_867_p2   |         +|   0|  0|  10|           3|           1|
    |ap_block_state2_io    |       and|   0|  0|   2|           1|           1|
    |ap_condition_835      |       and|   0|  0|   2|           1|           1|
    |icmp_ln174_fu_861_p2  |      icmp|   0|  0|   8|           3|           2|
    +----------------------+----------+----+---+----+------------+------------+
    |Total                 |          |   0|  0|  22|           8|           5|
    +----------------------+----------+----+---+----+------------+------------+

    * Multiplexer: 
    +----------------------------------+----+-----------+-----+-----------+
    |               Name               | LUT| Input Size| Bits| Total Bits|
    +----------------------------------+----+-----------+-----+-----------+
    |ap_NS_iter1_fsm                   |  14|          3|    2|          6|
    |ap_done_int                       |   9|          2|    1|          2|
    |ap_loop_exit_ready_pp0_iter1_reg  |   9|          2|    1|          2|
    |ap_sig_allocacmp_outpix_1         |   9|          2|    3|          6|
    |out_V_TDATA_blk_n                 |   9|          2|    1|          2|
    |outpix_fu_142                     |   9|          2|    3|          6|
    +----------------------------------+----+-----------+-----+-----------+
    |Total                             |  59|         13|   11|         24|
    +----------------------------------+----+-----------+-----+-----------+

    * Register: 
    +----------------------------------+---+----+-----+-----------+
    |               Name               | FF| LUT| Bits| Const Bits|
    +----------------------------------+---+----+-----+-----------+
    |ap_CS_iter0_fsm                   |  1|   0|    1|          0|
    |ap_CS_iter1_fsm                   |  2|   0|    2|          0|
    |ap_done_reg                       |  1|   0|    1|          0|
    |ap_loop_exit_ready_pp0_iter1_reg  |  1|   0|    1|          0|
    |icmp_ln174_reg_1044               |  1|   0|    1|          0|
    |outpix_fu_142                     |  3|   0|    3|          0|
    +----------------------------------+---+----+-----+-----------+
    |Total                             |  9|   0|    9|          0|
    +----------------------------------+---+----+-----+-----------+



================================================================
== Interface
================================================================
* Summary: 
+-------------------+-----+-----+------------+------------------------------------------------------+--------------+
|     RTL Ports     | Dir | Bits|  Protocol  |                     Source Object                    |    C Type    |
+-------------------+-----+-----+------------+------------------------------------------------------+--------------+
|ap_clk             |   in|    1|  ap_ctrl_hs|  StreamingMaxPool_Precision_Pipeline_VITIS_LOOP_174_8|  return value|
|ap_rst             |   in|    1|  ap_ctrl_hs|  StreamingMaxPool_Precision_Pipeline_VITIS_LOOP_174_8|  return value|
|ap_start           |   in|    1|  ap_ctrl_hs|  StreamingMaxPool_Precision_Pipeline_VITIS_LOOP_174_8|  return value|
|ap_done            |  out|    1|  ap_ctrl_hs|  StreamingMaxPool_Precision_Pipeline_VITIS_LOOP_174_8|  return value|
|ap_idle            |  out|    1|  ap_ctrl_hs|  StreamingMaxPool_Precision_Pipeline_VITIS_LOOP_174_8|  return value|
|ap_ready           |  out|    1|  ap_ctrl_hs|  StreamingMaxPool_Precision_Pipeline_VITIS_LOOP_174_8|  return value|
|out_V_TREADY       |   in|    1|        axis|                                                 out_V|       pointer|
|out_V_TDATA        |  out|  400|        axis|                                                 out_V|       pointer|
|out_V_TVALID       |  out|    1|        axis|                                                 out_V|       pointer|
|buf_V_address0     |  out|    3|   ap_memory|                                                 buf_V|         array|
|buf_V_ce0          |  out|    1|   ap_memory|                                                 buf_V|         array|
|buf_V_we0          |  out|    1|   ap_memory|                                                 buf_V|         array|
|buf_V_d0           |  out|    8|   ap_memory|                                                 buf_V|         array|
|buf_V_q0           |   in|    8|   ap_memory|                                                 buf_V|         array|
|buf_V_1_address0   |  out|    3|   ap_memory|                                               buf_V_1|         array|
|buf_V_1_ce0        |  out|    1|   ap_memory|                                               buf_V_1|         array|
|buf_V_1_we0        |  out|    1|   ap_memory|                                               buf_V_1|         array|
|buf_V_1_d0         |  out|    8|   ap_memory|                                               buf_V_1|         array|
|buf_V_1_q0         |   in|    8|   ap_memory|                                               buf_V_1|         array|
|buf_V_2_address0   |  out|    3|   ap_memory|                                               buf_V_2|         array|
|buf_V_2_ce0        |  out|    1|   ap_memory|                                               buf_V_2|         array|
|buf_V_2_we0        |  out|    1|   ap_memory|                                               buf_V_2|         array|
|buf_V_2_d0         |  out|    8|   ap_memory|                                               buf_V_2|         array|
|buf_V_2_q0         |   in|    8|   ap_memory|                                               buf_V_2|         array|
|buf_V_3_address0   |  out|    3|   ap_memory|                                               buf_V_3|         array|
|buf_V_3_ce0        |  out|    1|   ap_memory|                                               buf_V_3|         array|
|buf_V_3_we0        |  out|    1|   ap_memory|                                               buf_V_3|         array|
|buf_V_3_d0         |  out|    8|   ap_memory|                                               buf_V_3|         array|
|buf_V_3_q0         |   in|    8|   ap_memory|                                               buf_V_3|         array|
|buf_V_4_address0   |  out|    3|   ap_memory|                                               buf_V_4|         array|
|buf_V_4_ce0        |  out|    1|   ap_memory|                                               buf_V_4|         array|
|buf_V_4_we0        |  out|    1|   ap_memory|                                               buf_V_4|         array|
|buf_V_4_d0         |  out|    8|   ap_memory|                                               buf_V_4|         array|
|buf_V_4_q0         |   in|    8|   ap_memory|                                               buf_V_4|         array|
|buf_V_5_address0   |  out|    3|   ap_memory|                                               buf_V_5|         array|
|buf_V_5_ce0        |  out|    1|   ap_memory|                                               buf_V_5|         array|
|buf_V_5_we0        |  out|    1|   ap_memory|                                               buf_V_5|         array|
|buf_V_5_d0         |  out|    8|   ap_memory|                                               buf_V_5|         array|
|buf_V_5_q0         |   in|    8|   ap_memory|                                               buf_V_5|         array|
|buf_V_6_address0   |  out|    3|   ap_memory|                                               buf_V_6|         array|
|buf_V_6_ce0        |  out|    1|   ap_memory|                                               buf_V_6|         array|
|buf_V_6_we0        |  out|    1|   ap_memory|                                               buf_V_6|         array|
|buf_V_6_d0         |  out|    8|   ap_memory|                                               buf_V_6|         array|
|buf_V_6_q0         |   in|    8|   ap_memory|                                               buf_V_6|         array|
|buf_V_7_address0   |  out|    3|   ap_memory|                                               buf_V_7|         array|
|buf_V_7_ce0        |  out|    1|   ap_memory|                                               buf_V_7|         array|
|buf_V_7_we0        |  out|    1|   ap_memory|                                               buf_V_7|         array|
|buf_V_7_d0         |  out|    8|   ap_memory|                                               buf_V_7|         array|
|buf_V_7_q0         |   in|    8|   ap_memory|                                               buf_V_7|         array|
|buf_V_8_address0   |  out|    3|   ap_memory|                                               buf_V_8|         array|
|buf_V_8_ce0        |  out|    1|   ap_memory|                                               buf_V_8|         array|
|buf_V_8_we0        |  out|    1|   ap_memory|                                               buf_V_8|         array|
|buf_V_8_d0         |  out|    8|   ap_memory|                                               buf_V_8|         array|
|buf_V_8_q0         |   in|    8|   ap_memory|                                               buf_V_8|         array|
|buf_V_9_address0   |  out|    3|   ap_memory|                                               buf_V_9|         array|
|buf_V_9_ce0        |  out|    1|   ap_memory|                                               buf_V_9|         array|
|buf_V_9_we0        |  out|    1|   ap_memory|                                               buf_V_9|         array|
|buf_V_9_d0         |  out|    8|   ap_memory|                                               buf_V_9|         array|
|buf_V_9_q0         |   in|    8|   ap_memory|                                               buf_V_9|         array|
|buf_V_10_address0  |  out|    3|   ap_memory|                                              buf_V_10|         array|
|buf_V_10_ce0       |  out|    1|   ap_memory|                                              buf_V_10|         array|
|buf_V_10_we0       |  out|    1|   ap_memory|                                              buf_V_10|         array|
|buf_V_10_d0        |  out|    8|   ap_memory|                                              buf_V_10|         array|
|buf_V_10_q0        |   in|    8|   ap_memory|                                              buf_V_10|         array|
|buf_V_11_address0  |  out|    3|   ap_memory|                                              buf_V_11|         array|
|buf_V_11_ce0       |  out|    1|   ap_memory|                                              buf_V_11|         array|
|buf_V_11_we0       |  out|    1|   ap_memory|                                              buf_V_11|         array|
|buf_V_11_d0        |  out|    8|   ap_memory|                                              buf_V_11|         array|
|buf_V_11_q0        |   in|    8|   ap_memory|                                              buf_V_11|         array|
|buf_V_12_address0  |  out|    3|   ap_memory|                                              buf_V_12|         array|
|buf_V_12_ce0       |  out|    1|   ap_memory|                                              buf_V_12|         array|
|buf_V_12_we0       |  out|    1|   ap_memory|                                              buf_V_12|         array|
|buf_V_12_d0        |  out|    8|   ap_memory|                                              buf_V_12|         array|
|buf_V_12_q0        |   in|    8|   ap_memory|                                              buf_V_12|         array|
|buf_V_13_address0  |  out|    3|   ap_memory|                                              buf_V_13|         array|
|buf_V_13_ce0       |  out|    1|   ap_memory|                                              buf_V_13|         array|
|buf_V_13_we0       |  out|    1|   ap_memory|                                              buf_V_13|         array|
|buf_V_13_d0        |  out|    8|   ap_memory|                                              buf_V_13|         array|
|buf_V_13_q0        |   in|    8|   ap_memory|                                              buf_V_13|         array|
|buf_V_14_address0  |  out|    3|   ap_memory|                                              buf_V_14|         array|
|buf_V_14_ce0       |  out|    1|   ap_memory|                                              buf_V_14|         array|
|buf_V_14_we0       |  out|    1|   ap_memory|                                              buf_V_14|         array|
|buf_V_14_d0        |  out|    8|   ap_memory|                                              buf_V_14|         array|
|buf_V_14_q0        |   in|    8|   ap_memory|                                              buf_V_14|         array|
|buf_V_15_address0  |  out|    3|   ap_memory|                                              buf_V_15|         array|
|buf_V_15_ce0       |  out|    1|   ap_memory|                                              buf_V_15|         array|
|buf_V_15_we0       |  out|    1|   ap_memory|                                              buf_V_15|         array|
|buf_V_15_d0        |  out|    8|   ap_memory|                                              buf_V_15|         array|
|buf_V_15_q0        |   in|    8|   ap_memory|                                              buf_V_15|         array|
|buf_V_16_address0  |  out|    3|   ap_memory|                                              buf_V_16|         array|
|buf_V_16_ce0       |  out|    1|   ap_memory|                                              buf_V_16|         array|
|buf_V_16_we0       |  out|    1|   ap_memory|                                              buf_V_16|         array|
|buf_V_16_d0        |  out|    8|   ap_memory|                                              buf_V_16|         array|
|buf_V_16_q0        |   in|    8|   ap_memory|                                              buf_V_16|         array|
|buf_V_17_address0  |  out|    3|   ap_memory|                                              buf_V_17|         array|
|buf_V_17_ce0       |  out|    1|   ap_memory|                                              buf_V_17|         array|
|buf_V_17_we0       |  out|    1|   ap_memory|                                              buf_V_17|         array|
|buf_V_17_d0        |  out|    8|   ap_memory|                                              buf_V_17|         array|
|buf_V_17_q0        |   in|    8|   ap_memory|                                              buf_V_17|         array|
|buf_V_18_address0  |  out|    3|   ap_memory|                                              buf_V_18|         array|
|buf_V_18_ce0       |  out|    1|   ap_memory|                                              buf_V_18|         array|
|buf_V_18_we0       |  out|    1|   ap_memory|                                              buf_V_18|         array|
|buf_V_18_d0        |  out|    8|   ap_memory|                                              buf_V_18|         array|
|buf_V_18_q0        |   in|    8|   ap_memory|                                              buf_V_18|         array|
|buf_V_19_address0  |  out|    3|   ap_memory|                                              buf_V_19|         array|
|buf_V_19_ce0       |  out|    1|   ap_memory|                                              buf_V_19|         array|
|buf_V_19_we0       |  out|    1|   ap_memory|                                              buf_V_19|         array|
|buf_V_19_d0        |  out|    8|   ap_memory|                                              buf_V_19|         array|
|buf_V_19_q0        |   in|    8|   ap_memory|                                              buf_V_19|         array|
|buf_V_20_address0  |  out|    3|   ap_memory|                                              buf_V_20|         array|
|buf_V_20_ce0       |  out|    1|   ap_memory|                                              buf_V_20|         array|
|buf_V_20_we0       |  out|    1|   ap_memory|                                              buf_V_20|         array|
|buf_V_20_d0        |  out|    8|   ap_memory|                                              buf_V_20|         array|
|buf_V_20_q0        |   in|    8|   ap_memory|                                              buf_V_20|         array|
|buf_V_21_address0  |  out|    3|   ap_memory|                                              buf_V_21|         array|
|buf_V_21_ce0       |  out|    1|   ap_memory|                                              buf_V_21|         array|
|buf_V_21_we0       |  out|    1|   ap_memory|                                              buf_V_21|         array|
|buf_V_21_d0        |  out|    8|   ap_memory|                                              buf_V_21|         array|
|buf_V_21_q0        |   in|    8|   ap_memory|                                              buf_V_21|         array|
|buf_V_22_address0  |  out|    3|   ap_memory|                                              buf_V_22|         array|
|buf_V_22_ce0       |  out|    1|   ap_memory|                                              buf_V_22|         array|
|buf_V_22_we0       |  out|    1|   ap_memory|                                              buf_V_22|         array|
|buf_V_22_d0        |  out|    8|   ap_memory|                                              buf_V_22|         array|
|buf_V_22_q0        |   in|    8|   ap_memory|                                              buf_V_22|         array|
|buf_V_23_address0  |  out|    3|   ap_memory|                                              buf_V_23|         array|
|buf_V_23_ce0       |  out|    1|   ap_memory|                                              buf_V_23|         array|
|buf_V_23_we0       |  out|    1|   ap_memory|                                              buf_V_23|         array|
|buf_V_23_d0        |  out|    8|   ap_memory|                                              buf_V_23|         array|
|buf_V_23_q0        |   in|    8|   ap_memory|                                              buf_V_23|         array|
|buf_V_24_address0  |  out|    3|   ap_memory|                                              buf_V_24|         array|
|buf_V_24_ce0       |  out|    1|   ap_memory|                                              buf_V_24|         array|
|buf_V_24_we0       |  out|    1|   ap_memory|                                              buf_V_24|         array|
|buf_V_24_d0        |  out|    8|   ap_memory|                                              buf_V_24|         array|
|buf_V_24_q0        |   in|    8|   ap_memory|                                              buf_V_24|         array|
|buf_V_25_address0  |  out|    3|   ap_memory|                                              buf_V_25|         array|
|buf_V_25_ce0       |  out|    1|   ap_memory|                                              buf_V_25|         array|
|buf_V_25_we0       |  out|    1|   ap_memory|                                              buf_V_25|         array|
|buf_V_25_d0        |  out|    8|   ap_memory|                                              buf_V_25|         array|
|buf_V_25_q0        |   in|    8|   ap_memory|                                              buf_V_25|         array|
|buf_V_26_address0  |  out|    3|   ap_memory|                                              buf_V_26|         array|
|buf_V_26_ce0       |  out|    1|   ap_memory|                                              buf_V_26|         array|
|buf_V_26_we0       |  out|    1|   ap_memory|                                              buf_V_26|         array|
|buf_V_26_d0        |  out|    8|   ap_memory|                                              buf_V_26|         array|
|buf_V_26_q0        |   in|    8|   ap_memory|                                              buf_V_26|         array|
|buf_V_27_address0  |  out|    3|   ap_memory|                                              buf_V_27|         array|
|buf_V_27_ce0       |  out|    1|   ap_memory|                                              buf_V_27|         array|
|buf_V_27_we0       |  out|    1|   ap_memory|                                              buf_V_27|         array|
|buf_V_27_d0        |  out|    8|   ap_memory|                                              buf_V_27|         array|
|buf_V_27_q0        |   in|    8|   ap_memory|                                              buf_V_27|         array|
|buf_V_28_address0  |  out|    3|   ap_memory|                                              buf_V_28|         array|
|buf_V_28_ce0       |  out|    1|   ap_memory|                                              buf_V_28|         array|
|buf_V_28_we0       |  out|    1|   ap_memory|                                              buf_V_28|         array|
|buf_V_28_d0        |  out|    8|   ap_memory|                                              buf_V_28|         array|
|buf_V_28_q0        |   in|    8|   ap_memory|                                              buf_V_28|         array|
|buf_V_29_address0  |  out|    3|   ap_memory|                                              buf_V_29|         array|
|buf_V_29_ce0       |  out|    1|   ap_memory|                                              buf_V_29|         array|
|buf_V_29_we0       |  out|    1|   ap_memory|                                              buf_V_29|         array|
|buf_V_29_d0        |  out|    8|   ap_memory|                                              buf_V_29|         array|
|buf_V_29_q0        |   in|    8|   ap_memory|                                              buf_V_29|         array|
|buf_V_30_address0  |  out|    3|   ap_memory|                                              buf_V_30|         array|
|buf_V_30_ce0       |  out|    1|   ap_memory|                                              buf_V_30|         array|
|buf_V_30_we0       |  out|    1|   ap_memory|                                              buf_V_30|         array|
|buf_V_30_d0        |  out|    8|   ap_memory|                                              buf_V_30|         array|
|buf_V_30_q0        |   in|    8|   ap_memory|                                              buf_V_30|         array|
|buf_V_31_address0  |  out|    3|   ap_memory|                                              buf_V_31|         array|
|buf_V_31_ce0       |  out|    1|   ap_memory|                                              buf_V_31|         array|
|buf_V_31_we0       |  out|    1|   ap_memory|                                              buf_V_31|         array|
|buf_V_31_d0        |  out|    8|   ap_memory|                                              buf_V_31|         array|
|buf_V_31_q0        |   in|    8|   ap_memory|                                              buf_V_31|         array|
|buf_V_32_address0  |  out|    3|   ap_memory|                                              buf_V_32|         array|
|buf_V_32_ce0       |  out|    1|   ap_memory|                                              buf_V_32|         array|
|buf_V_32_we0       |  out|    1|   ap_memory|                                              buf_V_32|         array|
|buf_V_32_d0        |  out|    8|   ap_memory|                                              buf_V_32|         array|
|buf_V_32_q0        |   in|    8|   ap_memory|                                              buf_V_32|         array|
|buf_V_33_address0  |  out|    3|   ap_memory|                                              buf_V_33|         array|
|buf_V_33_ce0       |  out|    1|   ap_memory|                                              buf_V_33|         array|
|buf_V_33_we0       |  out|    1|   ap_memory|                                              buf_V_33|         array|
|buf_V_33_d0        |  out|    8|   ap_memory|                                              buf_V_33|         array|
|buf_V_33_q0        |   in|    8|   ap_memory|                                              buf_V_33|         array|
|buf_V_34_address0  |  out|    3|   ap_memory|                                              buf_V_34|         array|
|buf_V_34_ce0       |  out|    1|   ap_memory|                                              buf_V_34|         array|
|buf_V_34_we0       |  out|    1|   ap_memory|                                              buf_V_34|         array|
|buf_V_34_d0        |  out|    8|   ap_memory|                                              buf_V_34|         array|
|buf_V_34_q0        |   in|    8|   ap_memory|                                              buf_V_34|         array|
|buf_V_35_address0  |  out|    3|   ap_memory|                                              buf_V_35|         array|
|buf_V_35_ce0       |  out|    1|   ap_memory|                                              buf_V_35|         array|
|buf_V_35_we0       |  out|    1|   ap_memory|                                              buf_V_35|         array|
|buf_V_35_d0        |  out|    8|   ap_memory|                                              buf_V_35|         array|
|buf_V_35_q0        |   in|    8|   ap_memory|                                              buf_V_35|         array|
|buf_V_36_address0  |  out|    3|   ap_memory|                                              buf_V_36|         array|
|buf_V_36_ce0       |  out|    1|   ap_memory|                                              buf_V_36|         array|
|buf_V_36_we0       |  out|    1|   ap_memory|                                              buf_V_36|         array|
|buf_V_36_d0        |  out|    8|   ap_memory|                                              buf_V_36|         array|
|buf_V_36_q0        |   in|    8|   ap_memory|                                              buf_V_36|         array|
|buf_V_37_address0  |  out|    3|   ap_memory|                                              buf_V_37|         array|
|buf_V_37_ce0       |  out|    1|   ap_memory|                                              buf_V_37|         array|
|buf_V_37_we0       |  out|    1|   ap_memory|                                              buf_V_37|         array|
|buf_V_37_d0        |  out|    8|   ap_memory|                                              buf_V_37|         array|
|buf_V_37_q0        |   in|    8|   ap_memory|                                              buf_V_37|         array|
|buf_V_38_address0  |  out|    3|   ap_memory|                                              buf_V_38|         array|
|buf_V_38_ce0       |  out|    1|   ap_memory|                                              buf_V_38|         array|
|buf_V_38_we0       |  out|    1|   ap_memory|                                              buf_V_38|         array|
|buf_V_38_d0        |  out|    8|   ap_memory|                                              buf_V_38|         array|
|buf_V_38_q0        |   in|    8|   ap_memory|                                              buf_V_38|         array|
|buf_V_39_address0  |  out|    3|   ap_memory|                                              buf_V_39|         array|
|buf_V_39_ce0       |  out|    1|   ap_memory|                                              buf_V_39|         array|
|buf_V_39_we0       |  out|    1|   ap_memory|                                              buf_V_39|         array|
|buf_V_39_d0        |  out|    8|   ap_memory|                                              buf_V_39|         array|
|buf_V_39_q0        |   in|    8|   ap_memory|                                              buf_V_39|         array|
|buf_V_40_address0  |  out|    3|   ap_memory|                                              buf_V_40|         array|
|buf_V_40_ce0       |  out|    1|   ap_memory|                                              buf_V_40|         array|
|buf_V_40_we0       |  out|    1|   ap_memory|                                              buf_V_40|         array|
|buf_V_40_d0        |  out|    8|   ap_memory|                                              buf_V_40|         array|
|buf_V_40_q0        |   in|    8|   ap_memory|                                              buf_V_40|         array|
|buf_V_41_address0  |  out|    3|   ap_memory|                                              buf_V_41|         array|
|buf_V_41_ce0       |  out|    1|   ap_memory|                                              buf_V_41|         array|
|buf_V_41_we0       |  out|    1|   ap_memory|                                              buf_V_41|         array|
|buf_V_41_d0        |  out|    8|   ap_memory|                                              buf_V_41|         array|
|buf_V_41_q0        |   in|    8|   ap_memory|                                              buf_V_41|         array|
|buf_V_42_address0  |  out|    3|   ap_memory|                                              buf_V_42|         array|
|buf_V_42_ce0       |  out|    1|   ap_memory|                                              buf_V_42|         array|
|buf_V_42_we0       |  out|    1|   ap_memory|                                              buf_V_42|         array|
|buf_V_42_d0        |  out|    8|   ap_memory|                                              buf_V_42|         array|
|buf_V_42_q0        |   in|    8|   ap_memory|                                              buf_V_42|         array|
|buf_V_43_address0  |  out|    3|   ap_memory|                                              buf_V_43|         array|
|buf_V_43_ce0       |  out|    1|   ap_memory|                                              buf_V_43|         array|
|buf_V_43_we0       |  out|    1|   ap_memory|                                              buf_V_43|         array|
|buf_V_43_d0        |  out|    8|   ap_memory|                                              buf_V_43|         array|
|buf_V_43_q0        |   in|    8|   ap_memory|                                              buf_V_43|         array|
|buf_V_44_address0  |  out|    3|   ap_memory|                                              buf_V_44|         array|
|buf_V_44_ce0       |  out|    1|   ap_memory|                                              buf_V_44|         array|
|buf_V_44_we0       |  out|    1|   ap_memory|                                              buf_V_44|         array|
|buf_V_44_d0        |  out|    8|   ap_memory|                                              buf_V_44|         array|
|buf_V_44_q0        |   in|    8|   ap_memory|                                              buf_V_44|         array|
|buf_V_45_address0  |  out|    3|   ap_memory|                                              buf_V_45|         array|
|buf_V_45_ce0       |  out|    1|   ap_memory|                                              buf_V_45|         array|
|buf_V_45_we0       |  out|    1|   ap_memory|                                              buf_V_45|         array|
|buf_V_45_d0        |  out|    8|   ap_memory|                                              buf_V_45|         array|
|buf_V_45_q0        |   in|    8|   ap_memory|                                              buf_V_45|         array|
|buf_V_46_address0  |  out|    3|   ap_memory|                                              buf_V_46|         array|
|buf_V_46_ce0       |  out|    1|   ap_memory|                                              buf_V_46|         array|
|buf_V_46_we0       |  out|    1|   ap_memory|                                              buf_V_46|         array|
|buf_V_46_d0        |  out|    8|   ap_memory|                                              buf_V_46|         array|
|buf_V_46_q0        |   in|    8|   ap_memory|                                              buf_V_46|         array|
|buf_V_47_address0  |  out|    3|   ap_memory|                                              buf_V_47|         array|
|buf_V_47_ce0       |  out|    1|   ap_memory|                                              buf_V_47|         array|
|buf_V_47_we0       |  out|    1|   ap_memory|                                              buf_V_47|         array|
|buf_V_47_d0        |  out|    8|   ap_memory|                                              buf_V_47|         array|
|buf_V_47_q0        |   in|    8|   ap_memory|                                              buf_V_47|         array|
|buf_V_48_address0  |  out|    3|   ap_memory|                                              buf_V_48|         array|
|buf_V_48_ce0       |  out|    1|   ap_memory|                                              buf_V_48|         array|
|buf_V_48_we0       |  out|    1|   ap_memory|                                              buf_V_48|         array|
|buf_V_48_d0        |  out|    8|   ap_memory|                                              buf_V_48|         array|
|buf_V_48_q0        |   in|    8|   ap_memory|                                              buf_V_48|         array|
|buf_V_49_address0  |  out|    3|   ap_memory|                                              buf_V_49|         array|
|buf_V_49_ce0       |  out|    1|   ap_memory|                                              buf_V_49|         array|
|buf_V_49_we0       |  out|    1|   ap_memory|                                              buf_V_49|         array|
|buf_V_49_d0        |  out|    8|   ap_memory|                                              buf_V_49|         array|
|buf_V_49_q0        |   in|    8|   ap_memory|                                              buf_V_49|         array|
+-------------------+-----+-----+------------+------------------------------------------------------+--------------+

