Thu Jun 19 12:15:03 2025: Running xcd server. This server was built by gradle.
Thu Jun 19 12:15:03 2025: Server was asked to start on port: '42305'
Thu Jun 19 12:15:03 2025: Server is using token UUID: 'ba191296-5829-41ad-a0d7-a02e44b80a22'
Thu Jun 19 12:15:03 2025: SESSION_MGR: creating session with session uuid: '6d04a3e9-ade5-4ab9-8d63-1f78fcd2ec76' and name 'default'
Thu Jun 19 12:15:03 2025: Attempting to start server on port '42305'
Thu Jun 19 12:15:03 2025: XCD main fifo: created main fifo '/tmp/xcdmainba191296-5829-41ad-a0d7-a02e44b80a22', fd read = 12
Thu Jun 19 12:15:03 2025: Running Dispatch Server
Thu Jun 19 12:15:03 2025: Version 2.2.0
Thu Jun 19 12:15:12 2025: Dispatch Server: Accepted socket connection from client
Thu Jun 19 12:15:12 2025: Starting Socket connection
Thu Jun 19 12:15:12 2025: EXCHANGE_TOKEN received, server token: ba191296-5829-41ad-a0d7-a02e44b80a22, passed token: ba191296-5829-41ad-a0d7-a02e44b80a22
Thu Jun 19 12:15:12 2025: SESSION_MGR: creating session with session uuid: '72f9aa25-08b5-49e8-92a2-08952bbad7c7' and name 'vitis_hls'
Thu Jun 19 12:15:12 2025: KERNEL_SVC: creating session with uuid: '72f9aa25-08b5-49e8-92a2-08952bbad7c7' and name 'vitis_hls'
Thu Jun 19 12:15:12 2025: GUIDANCE_SMGR: creating guidance session with uuid: '72f9aa25-08b5-49e8-92a2-08952bbad7c7' and name 'vitis_hls'
Thu Jun 19 12:15:34 2025: STOP_SERVER received, server token: ba191296-5829-41ad-a0d7-a02e44b80a22, passed token: ba191296-5829-41ad-a0d7-a02e44b80a22
Thu Jun 19 12:15:34 2025: Socket received request to stop server.
Thu Jun 19 12:15:34 2025: Dispatch Server: do_await_stop
Thu Jun 19 12:15:34 2025: Dispatch Server: stopping mainFifo_
Thu Jun 19 12:15:34 2025: XCD main fifo: Stopping
Thu Jun 19 12:15:34 2025: XCD main fifo: do_read error code: Operation canceled
Thu Jun 19 12:15:34 2025: XCD main fifo: bytes_transferred: 0
Thu Jun 19 12:15:34 2025: SERVER: destructor for server bound to port 42305
Thu Jun 19 12:15:34 2025: XCD main fifo: Good unlink of /tmp/xcdmainba191296-5829-41ad-a0d7-a02e44b80a22
Thu Jun 19 12:15:34 2025: Server exiting with status 0.
Thu Jun 19 12:15:34 2025: Closing log file.
