==============================================================
Vitis HLS - High-Level Synthesis from C, C++ and OpenCL v2022.2 (64-bit)
Tool Version Limit: 2019.12
Copyright 1986-2022 Xilinx, Inc. All Rights Reserved.
==============================================================
INFO: [HLS 200-1505] Using default flow_target 'vivado'
INFO: [HLS 200-435] Setting 'open_solution -flow_target vivado' configuration: config_interface -m_axi_latency=0
INFO: [HLS 200-1510] Running: set_part xczu7ev-ffvc1156-2-e 
INFO: [HLS 200-1611] Setting target device to 'xczu7ev-ffvc1156-2-e'
INFO: [HLS 200-1510] Running: config_compile -disable_unroll_code_size_check -pipeline_style flp 
WARNING: [XFORM 203-506] Disable code size check when do loop unroll.
WARNING: [HLS 200-643] The 'config_compile -disable_unroll_code_size_check' hidden command is deprecated and will be removed in a future release.
INFO: [HLS 200-1510] Running: config_interface -m_axi_addr64 
INFO: [HLS 200-1510] Running: config_rtl -module_auto_prefix 
INFO: [HLS 200-1510] Running: config_rtl -deadlock_detection none 
INFO: [HLS 200-1510] Running: create_clock -period 10.0 -name default 
INFO: [SYN 201-201] Setting up clock 'default' with a period of 10ns.
INFO: [HLS 200-1510] Running: csynth_design 
INFO: [HLS 200-111] Finished File checks and directory preparation: CPU user time: 0.01 seconds. CPU system time: 0.01 seconds. Elapsed time: 10.01 seconds; current allocated memory: 1.072 GB.
INFO: [HLS 200-10] Analyzing design file '/home/changhong/prj/finn/notebooks/EF-US-Engine-Free-Unstructured-Sparsity-Design-Alleviates-Accelerator-Bottlenecks/casestudy1/LeNet_MNIST/build/auto/home/changhong/prj/finn/notebooks/EF-US-Engine-Free-Unstructured-Sparsity-Design-Alleviates-Accelerator-Bottlenecks/casestudy1/LeNet_MNIST/tmp/auto/code_gen_ipgen_StreamingMaxPool_hls_1_w5g4hak6/top_StreamingMaxPool_hls_1.cpp' ... 
INFO: [HLS 200-111] Finished Source Code Analysis and Preprocessing: CPU user time: 2.76 seconds. CPU system time: 0.45 seconds. Elapsed time: 3.39 seconds; current allocated memory: 1.080 GB.
INFO: [HLS 200-777] Using interface defaults for 'Vivado' flow target.
INFO: [HLS 214-291] Loop 'VITIS_LOOP_161_7' is marked as complete unroll implied by the pipeline pragma (/home/changhong/prj/finn/deps/finn-hlslib/maxpool.h:161:29)
INFO: [HLS 214-186] Unrolling loop 'VITIS_LOOP_161_7' (/home/changhong/prj/finn/deps/finn-hlslib/maxpool.h:161:29) in function 'StreamingMaxPool_Precision<14u, 2u, 50u, ap_uint<8>, 0, 400>' completely with a factor of 50 (/home/changhong/prj/finn/deps/finn-hlslib/maxpool.h:142:0)
INFO: [HLS 214-186] Unrolling loop 'VITIS_LOOP_175_9' (/home/changhong/prj/finn/deps/finn-hlslib/maxpool.h:175:25) in function 'StreamingMaxPool_Precision<14u, 2u, 50u, ap_uint<8>, 0, 400>' completely with a factor of 50 (/home/changhong/prj/finn/deps/finn-hlslib/maxpool.h:142:0)
INFO: [HLS 214-186] Unrolling loop 'VITIS_LOOP_148_2' (/home/changhong/prj/finn/deps/finn-hlslib/maxpool.h:148:23) in function 'StreamingMaxPool_Precision<14u, 2u, 50u, ap_uint<8>, 0, 400>' completely with a factor of 50 (/home/changhong/prj/finn/deps/finn-hlslib/maxpool.h:142:0)
INFO: [HLS 214-248] Applying array_partition to 'buf': Complete partitioning on dimension 2. (/home/changhong/prj/finn/deps/finn-hlslib/maxpool.h:145:11)
INFO: [HLS 200-111] Finished Compiling Optimization and Transform: CPU user time: 1.94 seconds. CPU system time: 0.35 seconds. Elapsed time: 2.37 seconds; current allocated memory: 1.080 GB.
INFO: [HLS 200-111] Finished Checking Pragmas: CPU user time: 0 seconds. CPU system time: 0 seconds. Elapsed time: 0 seconds; current allocated memory: 1.080 GB.
INFO: [HLS 200-10] Starting code transformations ...
INFO: [HLS 200-111] Finished Standard Transforms: CPU user time: 0.02 seconds. CPU system time: 0.01 seconds. Elapsed time: 0.02 seconds; current allocated memory: 1.086 GB.
INFO: [HLS 200-10] Checking synthesizability ...
INFO: [HLS 200-111] Finished Checking Synthesizability: CPU user time: 0.03 seconds. CPU system time: 0 seconds. Elapsed time: 0.03 seconds; current allocated memory: 1.091 GB.
INFO: [XFORM 203-510] Pipelining loop 'VITIS_LOOP_147_1' (/home/changhong/prj/finn/deps/finn-hlslib/maxpool.h:147) in function 'StreamingMaxPool_Precision<14u, 2u, 50u, ap_uint<8>, 0, 400>' automatically.
INFO: [XFORM 203-510] Pipelining loop 'VITIS_LOOP_174_8' (/home/changhong/prj/finn/deps/finn-hlslib/maxpool.h:174) in function 'StreamingMaxPool_Precision<14u, 2u, 50u, ap_uint<8>, 0, 400>' automatically.
INFO: [HLS 200-111] Finished Loop, function and other optimizations: CPU user time: 0.08 seconds. CPU system time: 0.01 seconds. Elapsed time: 0.09 seconds; current allocated memory: 1.120 GB.
WARNING: [HLS 200-960] Cannot flatten loop 'VITIS_LOOP_156_5' (/home/changhong/prj/finn/deps/finn-hlslib/maxpool.h:156:43) in function 'StreamingMaxPool_Precision<14u, 2u, 50u, ap_uint<8>, 0, 400>' the outer loop is not a perfect loop.
INFO: [XFORM 203-541] Flattening a loop nest 'VITIS_LOOP_155_4' (/home/changhong/prj/finn/deps/finn-hlslib/maxpool.h:155:41) in function 'StreamingMaxPool_Precision<14u, 2u, 50u, ap_uint<8>, 0, 400>'.
WARNING: [HLS 200-960] Cannot flatten loop 'VITIS_LOOP_154_3' (/home/changhong/prj/finn/deps/finn-hlslib/maxpool.h:154:39) in function 'StreamingMaxPool_Precision<14u, 2u, 50u, ap_uint<8>, 0, 400>' more than one sub loop.
INFO: [HLS 200-472] Inferring partial write operation for 'buf.V' (/home/changhong/prj/finn/deps/finn-hlslib/maxpool.h:150:13)
INFO: [HLS 200-472] Inferring partial write operation for 'buf.V' (/home/changhong/prj/finn/deps/finn-hlslib/maxpool.h:168:27)
INFO: [HLS 200-472] Inferring partial write operation for 'buf.V' (/home/changhong/prj/finn/deps/finn-hlslib/maxpool.h:181:25)
INFO: [HLS 200-111] Finished Architecture Synthesis: CPU user time: 0.06 seconds. CPU system time: 0.01 seconds. Elapsed time: 0.08 seconds; current allocated memory: 1.150 GB.
INFO: [HLS 200-10] Starting hardware synthesis ...
INFO: [HLS 200-10] Synthesizing 'StreamingMaxPool_hls_1' ...
WARNING: [SYN 201-103] Legalizing function name 'StreamingMaxPool_Precision<14u, 2u, 50u, ap_uint<8>, 0, 400>' to 'StreamingMaxPool_Precision_14u_2u_50u_ap_uint_8_0_400_s'.
INFO: [HLS 200-10] ----------------------------------------------------------------
INFO: [HLS 200-42] -- Implementing module 'StreamingMaxPool_Precision_Pipeline_VITIS_LOOP_147_1' 
INFO: [HLS 200-10] ----------------------------------------------------------------
INFO: [SCHED 204-11] Starting scheduling ...
INFO: [SCHED 204-61] Pipelining loop 'VITIS_LOOP_147_1'.
WARNING: [HLS 200-1843] Loop 'VITIS_LOOP_147_1' will not be implemented as Flushable(/Unaligned) Pipeline as it has been scheduled as a sequential circuit (II == depth). Changing pipeline style specification to 'style=stp'.
INFO: [HLS 200-1470] Pipelining result : Target II = NA, Final II = 1, Depth = 1, loop 'VITIS_LOOP_147_1'
INFO: [SCHED 204-11] Finished scheduling.
INFO: [HLS 200-111] Finished Scheduling: CPU user time: 0.04 seconds. CPU system time: 0.02 seconds. Elapsed time: 0.07 seconds; current allocated memory: 1.152 GB.
INFO: [BIND 205-100] Starting micro-architecture generation ...
INFO: [BIND 205-101] Performing variable lifetime analysis.
INFO: [BIND 205-101] Exploring resource sharing.
INFO: [BIND 205-101] Binding ...
INFO: [BIND 205-100] Finished micro-architecture generation.
INFO: [HLS 200-111] Finished Binding: CPU user time: 0.01 seconds. CPU system time: 0 seconds. Elapsed time: 0.01 seconds; current allocated memory: 1.152 GB.
INFO: [HLS 200-10] ----------------------------------------------------------------
INFO: [HLS 200-42] -- Implementing module 'StreamingMaxPool_Precision_Pipeline_VITIS_LOOP_158_6' 
INFO: [HLS 200-10] ----------------------------------------------------------------
INFO: [SCHED 204-11] Starting scheduling ...
INFO: [SCHED 204-61] Pipelining loop 'VITIS_LOOP_158_6'.
WARNING: [HLS 200-1843] Loop 'VITIS_LOOP_158_6' will not be implemented as Flushable(/Unaligned) Pipeline as it has been scheduled as a sequential circuit (II == depth). Changing pipeline style specification to 'style=stp'.
INFO: [HLS 200-1470] Pipelining result : Target II = 1, Final II = 1, Depth = 1, loop 'VITIS_LOOP_158_6'
INFO: [SCHED 204-11] Finished scheduling.
INFO: [HLS 200-111] Finished Scheduling: CPU user time: 0.12 seconds. CPU system time: 0 seconds. Elapsed time: 0.13 seconds; current allocated memory: 1.157 GB.
INFO: [BIND 205-100]