[2025-06-19 12:41:05,386] Running step: step_qonnx_to_finn [1/19]
[2025-06-19 12:41:05,435] /home/changhong/prj/finn/deps/qonnx/src/qonnx/transformation/gemm_to_matmul.py:57: UserWarning: The GemmToMatMul transformation only offers explicit support for version 9 of the Gemm node, but the ONNX version of the supplied model is 14. Thus the transformation may fail or return incomplete results.
[2025-06-19 12:41:05,435]   warnings.warn(
[2025-06-19 12:41:05,551] Running step: step_tidy_up [2/19]
[2025-06-19 12:41:05,567] Running step: step_streamline [3/19]
[2025-06-19 12:41:06,031] /home/changhong/prj/finn/deps/qonnx/src/qonnx/transformation/infer_data_layouts.py:127: UserWarning: Assuming 4D input is NCHW
[2025-06-19 12:41:06,032]   warnings.warn("Assuming 4D input is NCHW")
[2025-06-19 12:41:06,036] Running step: step_convert_to_hw [4/19]
[2025-06-19 12:41:06,058] Running step: step_create_dataflow_partition [5/19]
[2025-06-19 12:41:06,066] Running step: step_specialize_layers [6/19]
[2025-06-19 12:41:06,072] Running step: step_target_fps_parallelization [7/19]
[2025-06-19 12:41:06,074] /home/changhong/prj/finn/src/finn/transformation/fpgadataflow/set_folding.py:221: UserWarning: SetFolding doesn't know how to handle op_type FMPadding_rtl
[2025-06-19 12:41:06,074]   warnings.warn("SetFolding doesn't know how to handle op_type " + op_type)
[2025-06-19 12:41:06,083] /home/changhong/prj/finn/src/finn/transformation/fpgadataflow/set_folding.py:221: UserWarning: SetFolding doesn't know how to handle op_type StreamingMaxPool_hls
[2025-06-19 12:41:06,083]   warnings.warn("SetFolding doesn't know how to handle op_type " + op_type)
[2025-06-19 12:41:06,088] /home/changhong/prj/finn/src/finn/custom_op/fpgadataflow/streamingmaxpool.py:139: UserWarning: Estimated latency for layer StreamingMaxPool_hls_0 can be lower than
[2025-06-19 12:41:06,088]              actual latency!
[2025-06-19 12:41:06,088]   warnings.warn(
[2025-06-19 12:41:06,088] /home/changhong/prj/finn/src/finn/custom_op/fpgadataflow/streamingmaxpool.py:139: UserWarning: Estimated latency for layer StreamingMaxPool_hls_1 can be lower than
[2025-06-19 12:41:06,088]              actual latency!
[2025-06-19 12:41:06,088]   warnings.warn(
[2025-06-19 12:41:06,089] /home/changhong/prj/finn/src/finn/transformation/fpgadataflow/set_folding.py:233: UserWarning: Node StreamingMaxPool_hls_0 is bottleneck with 980 cycles, running second pass
[2025-06-19 12:41:06,089]   warnings.warn(
[2025-06-19 12:41:06,096] Running step: step_apply_folding_config [8/19]
[2025-06-19 12:41:06,099] Running step: step_minimize_bit_width [9/19]
[2025-06-19 12:41:06,205] Running step: step_generate_estimate_reports [10/19]
[2025-06-19 12:41:06,207] Running step: step_hw_codegen [11/19]
[2025-06-19 12:41:18,862] Running step: step_hw_ipgen [12/19]
